<?xml version="1.0" encoding="UTF-8"?>
<testsuites name="Verify_Appointment_Form" time="88.566" tests="8" failures="0" errors="0">
   <testsuite name="Verify_Appointment_Form" tests="8" failures="0" errors="0" time="88.566" skipped="0" timestamp="26-05-2024T21:51:29" hostname="ToanLa - DESKTOP-QSIPVT9" id="Test Suites/CURA Healthcare/Verify_Appointment_Form">
      <properties>
         <property name="deviceName" value=""/>
         <property name="devicePlatform" value=""/>
         <property name="logFolder" value="C:\\Users\\ToanLa\\git\\katalon\\Reports\\20240526_215059\\CURA Healthcare\\Verify_Appointment_Form\\20240526_215102"/>
         <property name="logFiles" value="C:\\Users\\ToanLa\\git\\katalon\\Reports\\20240526_215059\\CURA Healthcare\\Verify_Appointment_Form\\20240526_215102\\execution0.log"/>
         <property name="attachments" value=""/>
         <property name="hostName" value="ToanLa - DESKTOP-QSIPVT9"/>
         <property name="os" value="Windows 11 64bit"/>
         <property name="katalonVersion" value="9.4.0.212"/>
         <property name="browser" value="Chrome 125.0.0.0"/>
         <property name="hostAddress" value="192.168.1.10"/>
         <property name="sessionId" value="566afd3de368bfea6f13eba8ce6cc6a5"/>
         <property name="seleniumVersion" value="3.141.59"/>
         <property name="proxyInformation" value="ProxyInformation { proxyOption=NO_PROXY, proxyServerType=HTTP, username=, password=********, proxyServerAddress=, proxyServerPort=0, executionList=&quot;&quot;, isApplyToDesiredCapabilities=true }"/>
         <property name="platform" value="Windows 11"/>
      </properties>
      <testcase name="Test Cases/CURA Healthcare/Verify_Appointment_Form" time="20.541" classname="Test Cases/CURA Healthcare/Verify_Appointment_Form" status="PASSED">
         <system-out><![CDATA[26-05-2024T21:51:30 - [TEST_CASE][PASSED] - Test Cases/CURA Healthcare/Verify_Appointment_Form: Test Cases/CURA Healthcare/Verify_Appointment_Form

26-05-2024T21:51:31 - [TEST_STEP][PASSED] - openBrowser(""): Browser is opened with url: ''

26-05-2024T21:51:31 - [MESSAGE][INFO] - Starting 'Chrome' driver

26-05-2024T21:51:31 - [MESSAGE][INFO] - Action delay is set to 0 milliseconds

26-05-2024T21:51:34 - [MESSAGE][PASSED] - Browser is opened with url: ''

26-05-2024T21:51:34 - [TEST_STEP][PASSED] - navigateToUrl("https://katalon-demo-cura.herokuapp.com/profile.php#login"): Navigate to 'https://katalon-demo-cura.herokuapp.com/profile.php#login' successfully

26-05-2024T21:51:37 - [MESSAGE][PASSED] - Navigate to 'https://katalon-demo-cura.herokuapp.com/profile.php#login' successfully

26-05-2024T21:51:37 - [TEST_STEP][PASSED] - setText(findTestObject("Object Repository/Page_CURA Healthcare Service/input_Username_username"), "John Doe"): Text 'John Doe' is set on object 'Object Repository/Page_CURA Healthcare Service/input_Username_username'

26-05-2024T21:51:40 - [MESSAGE][PASSED] - Text 'John Doe' is set on object 'Object Repository/Page_CURA Healthcare Service/input_Username_username'

26-05-2024T21:51:40 - [TEST_STEP][PASSED] - setEncryptedText(findTestObject("Object Repository/Page_CURA Healthcare Service/input_Password_password"), "g3/DOGG74jC3Flrr3yH+3D/yKbOqqUNM"): Text ****** has been set on object 'Object Repository/Page_CURA Healthcare Service/input_Password_password'

26-05-2024T21:51:41 - [MESSAGE][PASSED] - Text ****** has been set on object 'Object Repository/Page_CURA Healthcare Service/input_Password_password'

26-05-2024T21:51:41 - [TEST_STEP][PASSED] - click(findTestObject("Object Repository/Page_CURA Healthcare Service/button_Login")): Object: 'Object Repository/Page_CURA Healthcare Service/button_Login' is clicked on

26-05-2024T21:51:43 - [MESSAGE][PASSED] - Object: 'Object Repository/Page_CURA Healthcare Service/button_Login' is clicked on

26-05-2024T21:51:43 - [TEST_STEP][PASSED] - verifyElementVisible(findTestObject("Object Repository/Page_CURA Healthcare Service/div_Make Appointment                       _4e05d4")): Object 'Object Repository/Page_CURA Healthcare Service/div_Make Appointment                       _4e05d4' is visible

26-05-2024T21:51:44 - [MESSAGE][PASSED] - Object 'Object Repository/Page_CURA Healthcare Service/div_Make Appointment                       _4e05d4' is visible

26-05-2024T21:51:44 - [TEST_STEP][PASSED] - verifyElementText(findTestObject("Object Repository/Page_CURA Healthcare Service/h2_Make Appointment"), "Make Appointment"): Actual text and expected text of test object 'Object Repository/Page_CURA Healthcare Service/h2_Make Appointment' are matched.

26-05-2024T21:51:45 - [MESSAGE][PASSED] - Actual text and expected text of test object 'Object Repository/Page_CURA Healthcare Service/h2_Make Appointment' are matched.

26-05-2024T21:51:45 - [TEST_STEP][PASSED] - verifyElementVisible(findTestObject("Object Repository/Page_CURA Healthcare Service/select_Tokyo CURA Healthcare Center        _5b4107")): Object 'Object Repository/Page_CURA Healthcare Service/select_Tokyo CURA Healthcare Center        _5b4107' is visible

26-05-2024T21:51:46 - [MESSAGE][PASSED] - Object 'Object Repository/Page_CURA Healthcare Service/select_Tokyo CURA Healthcare Center        _5b4107' is visible

26-05-2024T21:51:46 - [TEST_STEP][PASSED] - verifyElementVisible(findTestObject("Object Repository/Page_CURA Healthcare Service/div_Medicare                               _cb3988")): Object 'Object Repository/Page_CURA Healthcare Service/div_Medicare                               _cb3988' is visible

26-05-2024T21:51:47 - [MESSAGE][PASSED] - Object 'Object Repository/Page_CURA Healthcare Service/div_Medicare                               _cb3988' is visible

26-05-2024T21:51:47 - [TEST_STEP][PASSED] - verifyElementVisible(findTestObject("Object Repository/Page_CURA Healthcare Service/input_Visit Date (Required)_visit_date")): Object 'Object Repository/Page_CURA Healthcare Service/input_Visit Date (Required)_visit_date' is visible

26-05-2024T21:51:48 - [MESSAGE][PASSED] - Object 'Object Repository/Page_CURA Healthcare Service/input_Visit Date (Required)_visit_date' is visible

26-05-2024T21:51:48 - [TEST_STEP][PASSED] - verifyElementVisible(findTestObject("Object Repository/Page_CURA Healthcare Service/textarea_Comment_comment")): Object 'Object Repository/Page_CURA Healthcare Service/textarea_Comment_comment' is visible

26-05-2024T21:51:49 - [MESSAGE][PASSED] - Object 'Object Repository/Page_CURA Healthcare Service/textarea_Comment_comment' is visible

26-05-2024T21:51:49 - [TEST_STEP][PASSED] - verifyElementVisible(findTestObject("Object Repository/Page_CURA Healthcare Service/button_Book Appointment")): Object 'Object Repository/Page_CURA Healthcare Service/button_Book Appointment' is visible

26-05-2024T21:51:50 - [MESSAGE][PASSED] - Object 'Object Repository/Page_CURA Healthcare Service/button_Book Appointment' is visible

26-05-2024T21:51:50 - [TEST_STEP][PASSED] - closeBrowser(): Browser is closed

26-05-2024T21:51:50 - [MESSAGE][PASSED] - Browser is closed]]></system-out>
         <system-err><![CDATA[]]></system-err>
      </testcase>
      <testcase name="Test Cases/CURA Healthcare/Verify_Appointment_Form_Dropdownlist" time="15.746" classname="Test Cases/CURA Healthcare/Verify_Appointment_Form_Dropdownlist" status="PASSED">
         <system-out><![CDATA[26-05-2024T21:51:50 - [TEST_CASE][PASSED] - Test Cases/CURA Healthcare/Verify_Appointment_Form_Dropdownlist: Test Cases/CURA Healthcare/Verify_Appointment_Form_Dropdownlist

26-05-2024T21:51:51 - [TEST_STEP][PASSED] - openBrowser(""): Browser is opened with url: ''

26-05-2024T21:51:51 - [MESSAGE][INFO] - Starting 'Chrome' driver

26-05-2024T21:51:51 - [MESSAGE][INFO] - Action delay is set to 0 milliseconds

26-05-2024T21:51:52 - [MESSAGE][PASSED] - Browser is opened with url: ''

26-05-2024T21:51:52 - [TEST_STEP][PASSED] - navigateToUrl("https://katalon-demo-cura.herokuapp.com/profile.php#login"): Navigate to 'https://katalon-demo-cura.herokuapp.com/profile.php#login' successfully

26-05-2024T21:51:54 - [MESSAGE][PASSED] - Navigate to 'https://katalon-demo-cura.herokuapp.com/profile.php#login' successfully

26-05-2024T21:51:54 - [TEST_STEP][PASSED] - setText(findTestObject("Object Repository/Page_CURA Healthcare Service/input_Username_username"), "John Doe"): Text 'John Doe' is set on object 'Object Repository/Page_CURA Healthcare Service/input_Username_username'

26-05-2024T21:51:58 - [MESSAGE][PASSED] - Text 'John Doe' is set on object 'Object Repository/Page_CURA Healthcare Service/input_Username_username'

26-05-2024T21:51:58 - [TEST_STEP][PASSED] - setEncryptedText(findTestObject("Object Repository/Page_CURA Healthcare Service/input_Password_password"), "g3/DOGG74jC3Flrr3yH+3D/yKbOqqUNM"): Text ****** has been set on object 'Object Repository/Page_CURA Healthcare Service/input_Password_password'

26-05-2024T21:51:59 - [MESSAGE][PASSED] - Text ****** has been set on object 'Object Repository/Page_CURA Healthcare Service/input_Password_password'

26-05-2024T21:51:59 - [TEST_STEP][PASSED] - sendKeys(findTestObject("Object Repository/Page_CURA Healthcare Service/input_Password_password"), Keys.chord(ENTER)): Keys 'ENTER + ' sent to object: 'Object Repository/Page_CURA Healthcare Service/input_Password_password'

26-05-2024T21:52:01 - [MESSAGE][PASSED] - Keys 'ENTER + ' sent to object: 'Object Repository/Page_CURA Healthcare Service/input_Password_password'

26-05-2024T21:52:01 - [TEST_STEP][PASSED] - selectOptionByValue(findTestObject("Object Repository/Page_CURA Healthcare Service/select_Tokyo CURA Healthcare Center        _5b4107"), "Seoul CURA Healthcare Center", true): All options with value 'Seoul CURA Healthcare Center' are selected in object 'Object Repository/Page_CURA Healthcare Service/select_Tokyo CURA Healthcare Center        _5b4107'  using regular expression

26-05-2024T21:52:03 - [MESSAGE][PASSED] - All options with value 'Seoul CURA Healthcare Center' are selected in object 'Object Repository/Page_CURA Healthcare Service/select_Tokyo CURA Healthcare Center        _5b4107'  using regular expression

26-05-2024T21:52:03 - [TEST_STEP][PASSED] - verifyOptionPresentByValue(findTestObject("Page_CURA Healthcare Service/select_Tokyo CURA Healthcare Center        _5b4107"), "Seoul CURA Healthcare Center", false, 0): 1 option(s) with value 'Seoul CURA Healthcare Center' is/are present on object 'Object Repository/Page_CURA Healthcare Service/select_Tokyo CURA Healthcare Center        _5b4107' 

26-05-2024T21:52:03 - [MESSAGE][WARNING] - Timeout '0' is invalid. Using default page load timeout: '30'

26-05-2024T21:52:05 - [MESSAGE][PASSED] - 1 option(s) with value 'Seoul CURA Healthcare Center' is/are present on object 'Object Repository/Page_CURA Healthcare Service/select_Tokyo CURA Healthcare Center        _5b4107' 

26-05-2024T21:52:05 - [TEST_STEP][PASSED] - closeBrowser(): Browser is closed

26-05-2024T21:52:06 - [MESSAGE][PASSED] - Browser is closed]]></system-out>
         <system-err><![CDATA[]]></system-err>
      </testcase>
      <testcase name="Test Cases/CURA Healthcare/Verify_Appointment_Form_Medical_Program_DateInput" time="10.056" classname="Test Cases/CURA Healthcare/Verify_Appointment_Form_Medical_Program_DateInput" status="PASSED">
         <system-out><![CDATA[26-05-2024T21:52:06 - [TEST_CASE][PASSED] - Test Cases/CURA Healthcare/Verify_Appointment_Form_Medical_Program_DateInput: Test Cases/CURA Healthcare/Verify_Appointment_Form_Medical_Program_DateInput

26-05-2024T21:52:06 - [TEST_STEP][PASSED] - openBrowser(""): Browser is opened with url: ''

26-05-2024T21:52:06 - [MESSAGE][INFO] - Starting 'Chrome' driver

26-05-2024T21:52:06 - [MESSAGE][INFO] - Action delay is set to 0 milliseconds

26-05-2024T21:52:08 - [MESSAGE][PASSED] - Browser is opened with url: ''

26-05-2024T21:52:08 - [TEST_STEP][PASSED] - navigateToUrl("https://katalon-demo-cura.herokuapp.com/profile.php#login"): Navigate to 'https://katalon-demo-cura.herokuapp.com/profile.php#login' successfully

26-05-2024T21:52:11 - [MESSAGE][PASSED] - Navigate to 'https://katalon-demo-cura.herokuapp.com/profile.php#login' successfully

26-05-2024T21:52:11 - [TEST_STEP][PASSED] - setText(findTestObject("Object Repository/Page_CURA Healthcare Service/input_Username_username"), "John Doe"): Text 'John Doe' is set on object 'Object Repository/Page_CURA Healthcare Service/input_Username_username'

26-05-2024T21:52:12 - [MESSAGE][PASSED] - Text 'John Doe' is set on object 'Object Repository/Page_CURA Healthcare Service/input_Username_username'

26-05-2024T21:52:12 - [TEST_STEP][PASSED] - setEncryptedText(findTestObject("Object Repository/Page_CURA Healthcare Service/input_Password_password"), "g3/DOGG74jC3Flrr3yH+3D/yKbOqqUNM"): Text ****** has been set on object 'Object Repository/Page_CURA Healthcare Service/input_Password_password'

26-05-2024T21:52:13 - [MESSAGE][PASSED] - Text ****** has been set on object 'Object Repository/Page_CURA Healthcare Service/input_Password_password'

26-05-2024T21:52:13 - [TEST_STEP][PASSED] - sendKeys(findTestObject("Object Repository/Page_CURA Healthcare Service/input_Password_password"), Keys.chord(ENTER)): Keys 'ENTER + ' sent to object: 'Object Repository/Page_CURA Healthcare Service/input_Password_password'

26-05-2024T21:52:15 - [MESSAGE][PASSED] - Keys 'ENTER + ' sent to object: 'Object Repository/Page_CURA Healthcare Service/input_Password_password'

26-05-2024T21:52:15 - [TEST_STEP][PASSED] - click(findTestObject("Object Repository/Page_CURA Healthcare Service/span_Visit Date (Required)_glyphicon glyphi_cada34")): Object: 'Object Repository/Page_CURA Healthcare Service/span_Visit Date (Required)_glyphicon glyphi_cada34' is clicked on

26-05-2024T21:52:15 - [MESSAGE][PASSED] - Object: 'Object Repository/Page_CURA Healthcare Service/span_Visit Date (Required)_glyphicon glyphi_cada34' is clicked on

26-05-2024T21:52:15 - [TEST_STEP][PASSED] - verifyElementVisible(findTestObject("Object Repository/Page_CURA Healthcare Service/div_May 2024SuMoTuWeThFrSa28293012345678910_5bf531")): Object 'Object Repository/Page_CURA Healthcare Service/div_May 2024SuMoTuWeThFrSa28293012345678910_5bf531' is visible

26-05-2024T21:52:16 - [MESSAGE][PASSED] - Object 'Object Repository/Page_CURA Healthcare Service/div_May 2024SuMoTuWeThFrSa28293012345678910_5bf531' is visible

26-05-2024T21:52:16 - [TEST_STEP][PASSED] - closeBrowser(): Browser is closed

26-05-2024T21:52:16 - [MESSAGE][PASSED] - Browser is closed]]></system-out>
         <system-err><![CDATA[]]></system-err>
      </testcase>
      <testcase name="Test Cases/CURA Healthcare/Verify_Appointment_Form_Medical_Program_Medicaid_Check" time="8.278" classname="Test Cases/CURA Healthcare/Verify_Appointment_Form_Medical_Program_Medicaid_Check" status="PASSED">
         <system-out><![CDATA[26-05-2024T21:52:16 - [TEST_CASE][PASSED] - Test Cases/CURA Healthcare/Verify_Appointment_Form_Medical_Program_Medicaid_Check: Test Cases/CURA Healthcare/Verify_Appointment_Form_Medical_Program_Medicaid_Check

26-05-2024T21:52:16 - [TEST_STEP][PASSED] - openBrowser(""): Browser is opened with url: ''

26-05-2024T21:52:16 - [MESSAGE][INFO] - Starting 'Chrome' driver

26-05-2024T21:52:16 - [MESSAGE][INFO] - Action delay is set to 0 milliseconds

26-05-2024T21:52:18 - [MESSAGE][PASSED] - Browser is opened with url: ''

26-05-2024T21:52:18 - [TEST_STEP][PASSED] - navigateToUrl("https://katalon-demo-cura.herokuapp.com/profile.php#login"): Navigate to 'https://katalon-demo-cura.herokuapp.com/profile.php#login' successfully

26-05-2024T21:52:21 - [MESSAGE][PASSED] - Navigate to 'https://katalon-demo-cura.herokuapp.com/profile.php#login' successfully

26-05-2024T21:52:21 - [TEST_STEP][PASSED] - setText(findTestObject("Object Repository/Page_CURA Healthcare Service/input_Username_username"), "John Doe"): Text 'John Doe' is set on object 'Object Repository/Page_CURA Healthcare Service/input_Username_username'

26-05-2024T21:52:22 - [MESSAGE][PASSED] - Text 'John Doe' is set on object 'Object Repository/Page_CURA Healthcare Service/input_Username_username'

26-05-2024T21:52:22 - [TEST_STEP][PASSED] - setEncryptedText(findTestObject("Object Repository/Page_CURA Healthcare Service/input_Password_password"), "g3/DOGG74jC3Flrr3yH+3D/yKbOqqUNM"): Text ****** has been set on object 'Object Repository/Page_CURA Healthcare Service/input_Password_password'

26-05-2024T21:52:22 - [MESSAGE][PASSED] - Text ****** has been set on object 'Object Repository/Page_CURA Healthcare Service/input_Password_password'

26-05-2024T21:52:22 - [TEST_STEP][PASSED] - sendKeys(findTestObject("Object Repository/Page_CURA Healthcare Service/input_Password_password"), Keys.chord(ENTER)): Keys 'ENTER + ' sent to object: 'Object Repository/Page_CURA Healthcare Service/input_Password_password'

26-05-2024T21:52:23 - [MESSAGE][PASSED] - Keys 'ENTER + ' sent to object: 'Object Repository/Page_CURA Healthcare Service/input_Password_password'

26-05-2024T21:52:23 - [TEST_STEP][PASSED] - click(findTestObject("Object Repository/Page_CURA Healthcare Service/input_Medicaid_programs")): Object: 'Object Repository/Page_CURA Healthcare Service/input_Medicaid_programs' is clicked on

26-05-2024T21:52:24 - [MESSAGE][PASSED] - Object: 'Object Repository/Page_CURA Healthcare Service/input_Medicaid_programs' is clicked on

26-05-2024T21:52:24 - [TEST_STEP][PASSED] - verifyElementPresent(findTestObject("Object Repository/Page_CURA Healthcare Service/input_Medicaid_programs"), 0): Object 'Object Repository/Page_CURA Healthcare Service/input_Medicaid_programs' is present

26-05-2024T21:52:24 - [MESSAGE][WARNING] - Timeout '0' is invalid. Using default page load timeout: '30'

26-05-2024T21:52:24 - [MESSAGE][PASSED] - Object 'Object Repository/Page_CURA Healthcare Service/input_Medicaid_programs' is present

26-05-2024T21:52:24 - [TEST_STEP][PASSED] - closeBrowser(): Browser is closed

26-05-2024T21:52:24 - [MESSAGE][PASSED] - Browser is closed]]></system-out>
         <system-err><![CDATA[]]></system-err>
      </testcase>
      <testcase name="Test Cases/CURA Healthcare/Verify_Appointment_Form_Medical_Program_Medicare_Default_Check" time="6.683" classname="Test Cases/CURA Healthcare/Verify_Appointment_Form_Medical_Program_Medicare_Default_Check" status="PASSED">
         <system-out><![CDATA[26-05-2024T21:52:24 - [TEST_CASE][PASSED] - Test Cases/CURA Healthcare/Verify_Appointment_Form_Medical_Program_Medicare_Default_Check: Test Cases/CURA Healthcare/Verify_Appointment_Form_Medical_Program_Medicare_Default_Check

26-05-2024T21:52:25 - [TEST_STEP][PASSED] - openBrowser(""): Browser is opened with url: ''

26-05-2024T21:52:25 - [MESSAGE][INFO] - Starting 'Chrome' driver

26-05-2024T21:52:25 - [MESSAGE][INFO] - Action delay is set to 0 milliseconds

26-05-2024T21:52:25 - [MESSAGE][PASSED] - Browser is opened with url: ''

26-05-2024T21:52:25 - [TEST_STEP][PASSED] - navigateToUrl("https://katalon-demo-cura.herokuapp.com/profile.php#login"): Navigate to 'https://katalon-demo-cura.herokuapp.com/profile.php#login' successfully

26-05-2024T21:52:28 - [MESSAGE][PASSED] - Navigate to 'https://katalon-demo-cura.herokuapp.com/profile.php#login' successfully

26-05-2024T21:52:28 - [TEST_STEP][PASSED] - setText(findTestObject("Object Repository/Page_CURA Healthcare Service/input_Username_username"), "John Doe"): Text 'John Doe' is set on object 'Object Repository/Page_CURA Healthcare Service/input_Username_username'

26-05-2024T21:52:29 - [MESSAGE][PASSED] - Text 'John Doe' is set on object 'Object Repository/Page_CURA Healthcare Service/input_Username_username'

26-05-2024T21:52:29 - [TEST_STEP][PASSED] - setEncryptedText(findTestObject("Object Repository/Page_CURA Healthcare Service/input_Password_password"), "g3/DOGG74jC3Flrr3yH+3D/yKbOqqUNM"): Text ****** has been set on object 'Object Repository/Page_CURA Healthcare Service/input_Password_password'

26-05-2024T21:52:29 - [MESSAGE][PASSED] - Text ****** has been set on object 'Object Repository/Page_CURA Healthcare Service/input_Password_password'

26-05-2024T21:52:29 - [TEST_STEP][PASSED] - sendKeys(findTestObject("Object Repository/Page_CURA Healthcare Service/input_Password_password"), Keys.chord(ENTER)): Keys 'ENTER + ' sent to object: 'Object Repository/Page_CURA Healthcare Service/input_Password_password'

26-05-2024T21:52:30 - [MESSAGE][PASSED] - Keys 'ENTER + ' sent to object: 'Object Repository/Page_CURA Healthcare Service/input_Password_password'

26-05-2024T21:52:30 - [TEST_STEP][PASSED] - verifyElementPresent(findTestObject("Object Repository/Page_CURA Healthcare Service/input_Medicare_programs"), 0): Object 'Object Repository/Page_CURA Healthcare Service/input_Medicare_programs' is present

26-05-2024T21:52:30 - [MESSAGE][WARNING] - Timeout '0' is invalid. Using default page load timeout: '30'

26-05-2024T21:52:31 - [MESSAGE][PASSED] - Object 'Object Repository/Page_CURA Healthcare Service/input_Medicare_programs' is present

26-05-2024T21:52:31 - [TEST_STEP][PASSED] - closeBrowser(): Browser is closed

26-05-2024T21:52:31 - [MESSAGE][PASSED] - Browser is closed]]></system-out>
         <system-err><![CDATA[]]></system-err>
      </testcase>
      <testcase name="Test Cases/CURA Healthcare/Verify_Appointment_Form_Medical_Program_None_Check" time="10.84" classname="Test Cases/CURA Healthcare/Verify_Appointment_Form_Medical_Program_None_Check" status="PASSED">
         <system-out><![CDATA[26-05-2024T21:52:31 - [TEST_CASE][PASSED] - Test Cases/CURA Healthcare/Verify_Appointment_Form_Medical_Program_None_Check: Test Cases/CURA Healthcare/Verify_Appointment_Form_Medical_Program_None_Check

26-05-2024T21:52:31 - [TEST_STEP][PASSED] - openBrowser(""): Browser is opened with url: ''

26-05-2024T21:52:31 - [MESSAGE][INFO] - Starting 'Chrome' driver

26-05-2024T21:52:31 - [MESSAGE][INFO] - Action delay is set to 0 milliseconds

26-05-2024T21:52:32 - [MESSAGE][PASSED] - Browser is opened with url: ''

26-05-2024T21:52:32 - [TEST_STEP][PASSED] - navigateToUrl("https://katalon-demo-cura.herokuapp.com/profile.php#login"): Navigate to 'https://katalon-demo-cura.herokuapp.com/profile.php#login' successfully

26-05-2024T21:52:39 - [MESSAGE][PASSED] - Navigate to 'https://katalon-demo-cura.herokuapp.com/profile.php#login' successfully

26-05-2024T21:52:39 - [TEST_STEP][PASSED] - setText(findTestObject("Object Repository/Page_CURA Healthcare Service/input_Username_username"), "John Doe"): Text 'John Doe' is set on object 'Object Repository/Page_CURA Healthcare Service/input_Username_username'

26-05-2024T21:52:39 - [MESSAGE][PASSED] - Text 'John Doe' is set on object 'Object Repository/Page_CURA Healthcare Service/input_Username_username'

26-05-2024T21:52:39 - [TEST_STEP][PASSED] - setEncryptedText(findTestObject("Object Repository/Page_CURA Healthcare Service/input_Password_password"), "g3/DOGG74jC3Flrr3yH+3D/yKbOqqUNM"): Text ****** has been set on object 'Object Repository/Page_CURA Healthcare Service/input_Password_password'

26-05-2024T21:52:40 - [MESSAGE][PASSED] - Text ****** has been set on object 'Object Repository/Page_CURA Healthcare Service/input_Password_password'

26-05-2024T21:52:40 - [TEST_STEP][PASSED] - sendKeys(findTestObject("Object Repository/Page_CURA Healthcare Service/input_Password_password"), Keys.chord(ENTER)): Keys 'ENTER + ' sent to object: 'Object Repository/Page_CURA Healthcare Service/input_Password_password'

26-05-2024T21:52:41 - [MESSAGE][PASSED] - Keys 'ENTER + ' sent to object: 'Object Repository/Page_CURA Healthcare Service/input_Password_password'

26-05-2024T21:52:41 - [TEST_STEP][PASSED] - click(findTestObject("Object Repository/Page_CURA Healthcare Service/input_None_programs")): Object: 'Object Repository/Page_CURA Healthcare Service/input_None_programs' is clicked on

26-05-2024T21:52:41 - [MESSAGE][PASSED] - Object: 'Object Repository/Page_CURA Healthcare Service/input_None_programs' is clicked on

26-05-2024T21:52:41 - [TEST_STEP][PASSED] - verifyElementPresent(findTestObject("Object Repository/Page_CURA Healthcare Service/input_None_programs"), 0): Object 'Object Repository/Page_CURA Healthcare Service/input_None_programs' is present

26-05-2024T21:52:41 - [MESSAGE][WARNING] - Timeout '0' is invalid. Using default page load timeout: '30'

26-05-2024T21:52:42 - [MESSAGE][PASSED] - Object 'Object Repository/Page_CURA Healthcare Service/input_None_programs' is present

26-05-2024T21:52:42 - [TEST_STEP][PASSED] - closeBrowser(): Browser is closed

26-05-2024T21:52:42 - [MESSAGE][PASSED] - Browser is closed]]></system-out>
         <system-err><![CDATA[]]></system-err>
      </testcase>
      <testcase name="Test Cases/CURA Healthcare/Verify_Appointment_Form_Readmission_Checkbox" time="6.595" classname="Test Cases/CURA Healthcare/Verify_Appointment_Form_Readmission_Checkbox" status="PASSED">
         <system-out><![CDATA[26-05-2024T21:52:42 - [TEST_CASE][PASSED] - Test Cases/CURA Healthcare/Verify_Appointment_Form_Readmission_Checkbox: Test Cases/CURA Healthcare/Verify_Appointment_Form_Readmission_Checkbox

26-05-2024T21:52:42 - [TEST_STEP][PASSED] - openBrowser(""): Browser is opened with url: ''

26-05-2024T21:52:42 - [MESSAGE][INFO] - Starting 'Chrome' driver

26-05-2024T21:52:42 - [MESSAGE][INFO] - Action delay is set to 0 milliseconds

26-05-2024T21:52:43 - [MESSAGE][PASSED] - Browser is opened with url: ''

26-05-2024T21:52:43 - [TEST_STEP][PASSED] - navigateToUrl("https://katalon-demo-cura.herokuapp.com/profile.php#login"): Navigate to 'https://katalon-demo-cura.herokuapp.com/profile.php#login' successfully

26-05-2024T21:52:46 - [MESSAGE][PASSED] - Navigate to 'https://katalon-demo-cura.herokuapp.com/profile.php#login' successfully

26-05-2024T21:52:46 - [TEST_STEP][PASSED] - setText(findTestObject("Object Repository/Page_CURA Healthcare Service/input_Username_username"), "John Doe"): Text 'John Doe' is set on object 'Object Repository/Page_CURA Healthcare Service/input_Username_username'

26-05-2024T21:52:46 - [MESSAGE][PASSED] - Text 'John Doe' is set on object 'Object Repository/Page_CURA Healthcare Service/input_Username_username'

26-05-2024T21:52:46 - [TEST_STEP][PASSED] - setEncryptedText(findTestObject("Object Repository/Page_CURA Healthcare Service/input_Password_password"), "g3/DOGG74jC3Flrr3yH+3D/yKbOqqUNM"): Text ****** has been set on object 'Object Repository/Page_CURA Healthcare Service/input_Password_password'

26-05-2024T21:52:47 - [MESSAGE][PASSED] - Text ****** has been set on object 'Object Repository/Page_CURA Healthcare Service/input_Password_password'

26-05-2024T21:52:47 - [TEST_STEP][PASSED] - sendKeys(findTestObject("Object Repository/Page_CURA Healthcare Service/input_Password_password"), Keys.chord(ENTER)): Keys 'ENTER + ' sent to object: 'Object Repository/Page_CURA Healthcare Service/input_Password_password'

26-05-2024T21:52:48 - [MESSAGE][PASSED] - Keys 'ENTER + ' sent to object: 'Object Repository/Page_CURA Healthcare Service/input_Password_password'

26-05-2024T21:52:48 - [TEST_STEP][PASSED] - click(findTestObject("Object Repository/Page_CURA Healthcare Service/input_Apply for hospital readmission_hospit_63901f")): Object: 'Object Repository/Page_CURA Healthcare Service/input_Apply for hospital readmission_hospit_63901f' is clicked on

26-05-2024T21:52:48 - [MESSAGE][PASSED] - Object: 'Object Repository/Page_CURA Healthcare Service/input_Apply for hospital readmission_hospit_63901f' is clicked on

26-05-2024T21:52:48 - [TEST_STEP][PASSED] - verifyElementPresent(findTestObject("Object Repository/Page_CURA Healthcare Service/input_Apply for hospital readmission_hospit_63901f"), 0): Object 'Object Repository/Page_CURA Healthcare Service/input_Apply for hospital readmission_hospit_63901f' is present

26-05-2024T21:52:48 - [MESSAGE][WARNING] - Timeout '0' is invalid. Using default page load timeout: '30'

26-05-2024T21:52:48 - [MESSAGE][PASSED] - Object 'Object Repository/Page_CURA Healthcare Service/input_Apply for hospital readmission_hospit_63901f' is present

26-05-2024T21:52:48 - [TEST_STEP][PASSED] - closeBrowser(): Browser is closed

26-05-2024T21:52:49 - [MESSAGE][PASSED] - Browser is closed]]></system-out>
         <system-err><![CDATA[]]></system-err>
      </testcase>
      <testcase name="Test Cases/CURA Healthcare/Verify_Appointment_Form_Created_Successful" time="9.492" classname="Test Cases/CURA Healthcare/Verify_Appointment_Form_Created_Successful" status="PASSED">
         <system-out><![CDATA[26-05-2024T21:52:49 - [TEST_CASE][PASSED] - Test Cases/CURA Healthcare/Verify_Appointment_Form_Created_Successful: Test Cases/CURA Healthcare/Verify_Appointment_Form_Created_Successful

26-05-2024T21:52:49 - [TEST_STEP][PASSED] - openBrowser(""): Browser is opened with url: ''

26-05-2024T21:52:49 - [MESSAGE][INFO] - Starting 'Chrome' driver

26-05-2024T21:52:49 - [MESSAGE][INFO] - Action delay is set to 0 milliseconds

26-05-2024T21:52:49 - [MESSAGE][PASSED] - Browser is opened with url: ''

26-05-2024T21:52:49 - [TEST_STEP][PASSED] - navigateToUrl("https://katalon-demo-cura.herokuapp.com/profile.php#login"): Navigate to 'https://katalon-demo-cura.herokuapp.com/profile.php#login' successfully

26-05-2024T21:52:52 - [MESSAGE][PASSED] - Navigate to 'https://katalon-demo-cura.herokuapp.com/profile.php#login' successfully

26-05-2024T21:52:52 - [TEST_STEP][PASSED] - setText(findTestObject("Object Repository/Page_CURA Healthcare Service/input_Username_username"), "John Doe"): Text 'John Doe' is set on object 'Object Repository/Page_CURA Healthcare Service/input_Username_username'

26-05-2024T21:52:53 - [MESSAGE][PASSED] - Text 'John Doe' is set on object 'Object Repository/Page_CURA Healthcare Service/input_Username_username'

26-05-2024T21:52:53 - [TEST_STEP][PASSED] - setEncryptedText(findTestObject("Object Repository/Page_CURA Healthcare Service/input_Password_password"), "g3/DOGG74jC3Flrr3yH+3D/yKbOqqUNM"): Text ****** has been set on object 'Object Repository/Page_CURA Healthcare Service/input_Password_password'

26-05-2024T21:52:53 - [MESSAGE][PASSED] - Text ****** has been set on object 'Object Repository/Page_CURA Healthcare Service/input_Password_password'

26-05-2024T21:52:53 - [TEST_STEP][PASSED] - sendKeys(findTestObject("Object Repository/Page_CURA Healthcare Service/input_Password_password"), Keys.chord(ENTER)): Keys 'ENTER + ' sent to object: 'Object Repository/Page_CURA Healthcare Service/input_Password_password'

26-05-2024T21:52:54 - [MESSAGE][PASSED] - Keys 'ENTER + ' sent to object: 'Object Repository/Page_CURA Healthcare Service/input_Password_password'

26-05-2024T21:52:54 - [TEST_STEP][PASSED] - click(findTestObject("Object Repository/Page_CURA Healthcare Service/input_Apply for hospital readmission_hospit_63901f")): Object: 'Object Repository/Page_CURA Healthcare Service/input_Apply for hospital readmission_hospit_63901f' is clicked on

26-05-2024T21:52:55 - [MESSAGE][PASSED] - Object: 'Object Repository/Page_CURA Healthcare Service/input_Apply for hospital readmission_hospit_63901f' is clicked on

26-05-2024T21:52:55 - [TEST_STEP][PASSED] - click(findTestObject("Object Repository/Page_CURA Healthcare Service/span_Visit Date (Required)_glyphicon glyphi_cada34")): Object: 'Object Repository/Page_CURA Healthcare Service/span_Visit Date (Required)_glyphicon glyphi_cada34' is clicked on

26-05-2024T21:52:55 - [MESSAGE][PASSED] - Object: 'Object Repository/Page_CURA Healthcare Service/span_Visit Date (Required)_glyphicon glyphi_cada34' is clicked on

26-05-2024T21:52:55 - [TEST_STEP][PASSED] - click(findTestObject("Object Repository/Page_CURA Healthcare Service/td_31")): Object: 'Object Repository/Page_CURA Healthcare Service/td_31' is clicked on

26-05-2024T21:52:56 - [MESSAGE][PASSED] - Object: 'Object Repository/Page_CURA Healthcare Service/td_31' is clicked on

26-05-2024T21:52:56 - [TEST_STEP][PASSED] - setText(findTestObject("Object Repository/Page_CURA Healthcare Service/textarea_Comment_comment"), "Name: HetTV"): Text 'Name: HetTV' is set on object 'Object Repository/Page_CURA Healthcare Service/textarea_Comment_comment'

26-05-2024T21:52:56 - [MESSAGE][PASSED] - Text 'Name: HetTV' is set on object 'Object Repository/Page_CURA Healthcare Service/textarea_Comment_comment'

26-05-2024T21:52:56 - [TEST_STEP][PASSED] - click(findTestObject("Object Repository/Page_CURA Healthcare Service/button_Book Appointment")): Object: 'Object Repository/Page_CURA Healthcare Service/button_Book Appointment' is clicked on

26-05-2024T21:52:57 - [MESSAGE][PASSED] - Object: 'Object Repository/Page_CURA Healthcare Service/button_Book Appointment' is clicked on

26-05-2024T21:52:57 - [TEST_STEP][PASSED] - verifyElementVisible(findTestObject("Object Repository/Page_CURA Healthcare Service/div_Appointment Confirmation               _7d61e7")): Object 'Object Repository/Page_CURA Healthcare Service/div_Appointment Confirmation               _7d61e7' is visible

26-05-2024T21:52:58 - [MESSAGE][PASSED] - Object 'Object Repository/Page_CURA Healthcare Service/div_Appointment Confirmation               _7d61e7' is visible

26-05-2024T21:52:58 - [TEST_STEP][PASSED] - verifyElementText(findTestObject("Object Repository/Page_CURA Healthcare Service/p_Name HetTV"), "Name: HetTV"): Actual text and expected text of test object 'Object Repository/Page_CURA Healthcare Service/p_Name HetTV' are matched.

26-05-2024T21:52:58 - [MESSAGE][PASSED] - Actual text and expected text of test object 'Object Repository/Page_CURA Healthcare Service/p_Name HetTV' are matched.

26-05-2024T21:52:58 - [TEST_STEP][PASSED] - closeBrowser(): Browser is closed

26-05-2024T21:52:58 - [MESSAGE][PASSED] - Browser is closed]]></system-out>
         <system-err><![CDATA[]]></system-err>
      </testcase>
      <system-out><![CDATA[26-05-2024T21:51:29 - [TEST_SUITE][PASSED] - Verify_Appointment_Form: Test Cases/CURA Healthcare/Verify_Appointment_Form_Created_Successful]]></system-out>
      <system-err><![CDATA[]]></system-err>
   </testsuite>
</testsuites>
