<?xml version="1.0" encoding="UTF-8"?>
<testsuites name="check-logo" time="73.921" tests="2" failures="0" errors="0">
   <testsuite name="check-logo" tests="2" failures="0" errors="0" time="73.921" skipped="0" timestamp="28-05-2024T21:46:34" hostname="ToanLa - DESKTOP-QSIPVT9" id="Test Suites/KMS/check-logo">
      <properties>
         <property name="deviceName" value=""/>
         <property name="devicePlatform" value=""/>
         <property name="logFolder" value="C:\\Users\\ToanLa\\git\\katalon\\Reports\\20240528_214204\\KMS\\check-logo\\20240528_214241"/>
         <property name="logFiles" value="C:\\Users\\ToanLa\\git\\katalon\\Reports\\20240528_214204\\KMS\\check-logo\\20240528_214241\\execution0.log"/>
         <property name="attachments" value=""/>
         <property name="hostName" value="ToanLa - DESKTOP-QSIPVT9"/>
         <property name="os" value="Windows 11 64bit"/>
         <property name="katalonVersion" value="9.4.0.212"/>
         <property name="browser" value="Chrome 125.0.0.0"/>
         <property name="hostAddress" value="192.168.1.8"/>
         <property name="sessionId" value="8176c62cb264748d51d4c24a61e750a4"/>
         <property name="seleniumVersion" value="3.141.59"/>
         <property name="proxyInformation" value="ProxyInformation { proxyOption=NO_PROXY, proxyServerType=HTTP, username=, password=********, proxyServerAddress=, proxyServerPort=0, executionList=&quot;&quot;, isApplyToDesiredCapabilities=true }"/>
         <property name="platform" value="Windows 11"/>
      </properties>
      <testcase name="Test Cases/KMS/KMS-Verify-Logo" time="16.14" classname="Test Cases/KMS/KMS-Verify-Logo" status="PASSED">
         <system-out><![CDATA[28-05-2024T21:46:34 - [TEST_CASE][PASSED] - Test Cases/KMS/KMS-Verify-Logo: Test Cases/KMS/KMS-Verify-Logo

28-05-2024T21:46:35 - [TEST_STEP][PASSED] - openBrowser(""): Browser is opened with url: ''

28-05-2024T21:46:36 - [MESSAGE][INFO] - Starting 'Chrome' driver

28-05-2024T21:46:36 - [MESSAGE][INFO] - Action delay is set to 0 milliseconds

28-05-2024T21:46:40 - [MESSAGE][PASSED] - Browser is opened with url: ''

28-05-2024T21:46:40 - [TEST_STEP][PASSED] - navigateToUrl("https://kms-technology.com/"): Navigate to 'https://kms-technology.com/' successfully

28-05-2024T21:46:47 - [MESSAGE][PASSED] - Navigate to 'https://kms-technology.com/' successfully

28-05-2024T21:46:47 - [TEST_STEP][PASSED] - verifyElementVisible(findTestObject("Object Repository/KMS/Page_Custom Software Development  Consultin_0ef814/img_Accept All_mega-menu-logo")): Object 'Object Repository/KMS/Page_Custom Software Development  Consultin_0ef814/img_Accept All_mega-menu-logo' is visible

28-05-2024T21:46:49 - [MESSAGE][PASSED] - Object 'Object Repository/KMS/Page_Custom Software Development  Consultin_0ef814/img_Accept All_mega-menu-logo' is visible

28-05-2024T21:46:49 - [TEST_STEP][PASSED] - closeBrowser(): Browser is closed

28-05-2024T21:46:50 - [MESSAGE][PASSED] - Browser is closed]]></system-out>
         <system-err><![CDATA[]]></system-err>
      </testcase>
      <testcase name="Test Cases/KMS/KMS-Check-Banner" time="57.355" classname="Test Cases/KMS/KMS-Check-Banner" status="PASSED">
         <system-out><![CDATA[28-05-2024T21:46:50 - [TEST_CASE][PASSED] - Test Cases/KMS/KMS-Check-Banner: Test Cases/KMS/KMS-Check-Banner

28-05-2024T21:46:51 - [TEST_STEP][PASSED] - openBrowser(""): Browser is opened with url: ''

28-05-2024T21:46:51 - [MESSAGE][INFO] - Starting 'Chrome' driver

28-05-2024T21:46:51 - [MESSAGE][INFO] - Action delay is set to 0 milliseconds

28-05-2024T21:46:52 - [MESSAGE][PASSED] - Browser is opened with url: ''

28-05-2024T21:46:52 - [TEST_STEP][PASSED] - navigateToUrl("https://kms-technology.com/"): Navigate to 'https://kms-technology.com/' successfully

28-05-2024T21:47:47 - [MESSAGE][PASSED] - Navigate to 'https://kms-technology.com/' successfully

28-05-2024T21:47:47 - [TEST_STEP][PASSED] - verifyElementVisible(findTestObject("Object Repository/KMS/Page_Custom Software Development  Consultin_0ef814/Page_Custom Software Development  Consultin_0ef814/section_Custom Software Development  Consul_5a95d4")): Object 'Object Repository/KMS/Page_Custom Software Development  Consultin_0ef814/Page_Custom Software Development  Consultin_0ef814/section_Custom Software Development  Consul_5a95d4' is visible

28-05-2024T21:47:47 - [MESSAGE][PASSED] - Object 'Object Repository/KMS/Page_Custom Software Development  Consultin_0ef814/Page_Custom Software Development  Consultin_0ef814/section_Custom Software Development  Consul_5a95d4' is visible

28-05-2024T21:47:47 - [TEST_STEP][PASSED] - closeBrowser(): Browser is closed

28-05-2024T21:47:48 - [MESSAGE][PASSED] - Browser is closed]]></system-out>
         <system-err><![CDATA[]]></system-err>
      </testcase>
      <system-out><![CDATA[28-05-2024T21:46:34 - [TEST_SUITE][PASSED] - check-logo: Test Cases/KMS/KMS-Check-Banner]]></system-out>
      <system-err><![CDATA[]]></system-err>
   </testsuite>
</testsuites>
