<?xml version="1.0" encoding="UTF-8"?>
<testsuites name="test_desktop" time="6.886" tests="1" failures="0" errors="0">
   <testsuite name="test_desktop" tests="1" failures="0" errors="0" time="6.886" skipped="0" timestamp="29-05-2024T00:25:25" hostname="ToanLa - DESKTOP-QSIPVT9.mshome.net" id="Test Suites/test_desktop">
      <properties>
         <property name="deviceName"/>
         <property name="devicePlatform" value=""/>
         <property name="logFolder" value="C:\\Users\\ToanLa\\git\\katalon\\Reports\\20240529_002520\\test_desktop\\20240529_002520"/>
         <property name="logFiles" value="C:\\Users\\ToanLa\\git\\katalon\\Reports\\20240529_002520\\test_desktop\\20240529_002520\\execution0.log"/>
         <property name="attachments" value=""/>
         <property name="hostName" value="ToanLa - DESKTOP-QSIPVT9.mshome.net"/>
         <property name="hostAddress" value="192.168.0.1"/>
         <property name="desiredCapabilities" value="{}"/>
         <property name="os" value="Windows 11 64bit"/>
         <property name="katalonVersion" value="9.4.0.212"/>
      </properties>
      <testcase name="Test Cases/Desktop-Testing" time="6.59" classname="Test Cases/Desktop-Testing" status="PASSED">
         <system-out><![CDATA[29-05-2024T00:25:25 - [TEST_CASE][PASSED] - Test Cases/Desktop-Testing: Test Cases/Desktop-Testing

29-05-2024T00:25:26 - [TEST_STEP][PASSED] - startApplicationWithTitle("C:\Windows\notepad.exe", "Desktop Testing"): The application at location: C:\Windows\notepad.exe started.

29-05-2024T00:25:26 - [MESSAGE][INFO] - Starting application C:\Windows\notepad.exe on the local machine at address http://127.0.0.1:4723

29-05-2024T00:25:28 - [MESSAGE][PASSED] - The application at location: C:\Windows\notepad.exe started.

29-05-2024T00:25:28 - [TEST_STEP][PASSED] - setText(findWindowsObject("Object Repository/Document"), "rtdhcjhvlhphoihoi fyfjkh xvcxvb hjhgigguoi iogoi"): Text rtdhcjhvlhphoihoi fyfjkh xvcxvb hjhgigguoi iogoi is set

29-05-2024T00:25:32 - [MESSAGE][PASSED] - Text rtdhcjhvlhphoihoi fyfjkh xvcxvb hjhgigguoi iogoi is set

29-05-2024T00:25:32 - [TEST_STEP][PASSED] - clearText(findWindowsObject("Object Repository/Button")): Clear text on element: Object Repository/Button succesfully

29-05-2024T00:25:32 - [MESSAGE][PASSED] - Clear text on element: Object Repository/Button succesfully

29-05-2024T00:25:32 - [TEST_STEP][PASSED] - clearText(findWindowsObject("Object Repository/Document")): Clear text on element: Object Repository/Document succesfully

29-05-2024T00:25:32 - [MESSAGE][PASSED] - Clear text on element: Object Repository/Document succesfully]]></system-out>
         <system-err><![CDATA[]]></system-err>
      </testcase>
      <system-out><![CDATA[29-05-2024T00:25:25 - [TEST_SUITE][PASSED] - test_desktop: Test Cases/Desktop-Testing]]></system-out>
      <system-err><![CDATA[]]></system-err>
   </testsuite>
</testsuites>
