<?xml version="1.0" encoding="UTF-8"?>
<testsuites name="check-banner" time="106.63" tests="1" failures="0" errors="0">
   <testsuite name="check-banner" tests="1" failures="0" errors="0" time="106.63" skipped="0" timestamp="26-05-2024T21:37:37" hostname="ToanLa - DESKTOP-QSIPVT9" id="Test Suites/KMS/check-banner">
      <properties>
         <property name="deviceName" value=""/>
         <property name="devicePlatform" value=""/>
         <property name="logFolder" value="C:\\Users\\ToanLa\\git\\katalon\\Reports\\20240526_213731\\KMS\\check-banner\\20240526_213731"/>
         <property name="logFiles" value="C:\\Users\\ToanLa\\git\\katalon\\Reports\\20240526_213731\\KMS\\check-banner\\20240526_213731\\execution0.log"/>
         <property name="attachments" value=""/>
         <property name="hostName" value="ToanLa - DESKTOP-QSIPVT9"/>
         <property name="os" value="Windows 11 64bit"/>
         <property name="katalonVersion" value="9.4.0.212"/>
         <property name="browser" value="Chrome 125.0.0.0"/>
         <property name="hostAddress" value="192.168.1.10"/>
         <property name="sessionId" value="4212e5ecbc6fd8bbc73fae385e5d1731"/>
         <property name="seleniumVersion" value="3.141.59"/>
         <property name="proxyInformation" value="ProxyInformation { proxyOption=NO_PROXY, proxyServerType=HTTP, username=, password=********, proxyServerAddress=, proxyServerPort=0, executionList=&quot;&quot;, isApplyToDesiredCapabilities=true }"/>
         <property name="platform" value="Windows 11"/>
      </properties>
      <testcase name="Test Cases/KMS/KMS-Check-Body" time="106.411" classname="Test Cases/KMS/KMS-Check-Body" status="PASSED">
         <system-out><![CDATA[26-05-2024T21:37:38 - [TEST_CASE][PASSED] - Test Cases/KMS/KMS-Check-Body: Test Cases/KMS/KMS-Check-Body

26-05-2024T21:37:38 - [TEST_STEP][PASSED] - openBrowser(""): Browser is opened with url: ''

26-05-2024T21:37:38 - [MESSAGE][INFO] - Starting 'Chrome' driver

26-05-2024T21:37:38 - [MESSAGE][INFO] - Action delay is set to 0 milliseconds

26-05-2024T21:37:39 - [MESSAGE][PASSED] - Browser is opened with url: ''

26-05-2024T21:37:39 - [TEST_STEP][PASSED] - navigateToUrl("https://kms-technology.com/"): Navigate to 'https://kms-technology.com/' successfully

26-05-2024T21:39:22 - [MESSAGE][PASSED] - Navigate to 'https://kms-technology.com/' successfully

26-05-2024T21:39:22 - [TEST_STEP][PASSED] - verifyElementVisible(findTestObject("Object Repository/KMS/Page_Custom Software Development  Consultin_0ef814/div_Our End-to-End Custom Software Developm_b402b8")): Object 'Object Repository/KMS/Page_Custom Software Development  Consultin_0ef814/div_Our End-to-End Custom Software Developm_b402b8' is visible

26-05-2024T21:39:24 - [MESSAGE][PASSED] - Object 'Object Repository/KMS/Page_Custom Software Development  Consultin_0ef814/div_Our End-to-End Custom Software Developm_b402b8' is visible

26-05-2024T21:39:24 - [TEST_STEP][PASSED] - closeBrowser(): Browser is closed

26-05-2024T21:39:24 - [MESSAGE][PASSED] - Browser is closed]]></system-out>
         <system-err><![CDATA[]]></system-err>
      </testcase>
      <system-out><![CDATA[26-05-2024T21:37:37 - [TEST_SUITE][PASSED] - check-banner: Test Cases/KMS/KMS-Check-Body]]></system-out>
      <system-err><![CDATA[]]></system-err>
   </testsuite>
</testsuites>
