<?xml version="1.0" encoding="UTF-8"?>
<testsuites name="check-body" time="22.12" tests="1" failures="0" errors="0">
   <testsuite name="check-body" tests="1" failures="0" errors="0" time="22.12" skipped="0" timestamp="28-05-2024T21:45:51" hostname="ToanLa - DESKTOP-QSIPVT9" id="Test Suites/KMS/check-body">
      <properties>
         <property name="deviceName" value=""/>
         <property name="devicePlatform" value=""/>
         <property name="logFolder" value="C:\\Users\\ToanLa\\git\\katalon\\Reports\\20240528_214204\\KMS\\check-body\\20240528_214237"/>
         <property name="logFiles" value="C:\\Users\\ToanLa\\git\\katalon\\Reports\\20240528_214204\\KMS\\check-body\\20240528_214237\\execution0.log"/>
         <property name="attachments" value=""/>
         <property name="hostName" value="ToanLa - DESKTOP-QSIPVT9"/>
         <property name="os" value="Windows 11 64bit"/>
         <property name="katalonVersion" value="9.4.0.212"/>
         <property name="browser" value="Chrome 125.0.0.0"/>
         <property name="hostAddress" value="192.168.1.8"/>
         <property name="sessionId" value="61d9325809dfe98af47b3824c6df23da"/>
         <property name="seleniumVersion" value="3.141.59"/>
         <property name="proxyInformation" value="ProxyInformation { proxyOption=NO_PROXY, proxyServerType=HTTP, username=, password=********, proxyServerAddress=, proxyServerPort=0, executionList=&quot;&quot;, isApplyToDesiredCapabilities=true }"/>
         <property name="platform" value="Windows 11"/>
      </properties>
      <testcase name="Test Cases/KMS/KMS-Clickable-Test" time="21.797" classname="Test Cases/KMS/KMS-Clickable-Test" status="PASSED">
         <system-out><![CDATA[28-05-2024T21:45:51 - [TEST_CASE][PASSED] - Test Cases/KMS/KMS-Clickable-Test: Test Cases/KMS/KMS-Clickable-Test

28-05-2024T21:45:52 - [TEST_STEP][PASSED] - openBrowser(""): Browser is opened with url: ''

28-05-2024T21:45:53 - [MESSAGE][INFO] - Starting 'Chrome' driver

28-05-2024T21:45:53 - [MESSAGE][INFO] - Action delay is set to 0 milliseconds

28-05-2024T21:45:55 - [MESSAGE][PASSED] - Browser is opened with url: ''

28-05-2024T21:45:55 - [TEST_STEP][PASSED] - navigateToUrl("https://kms-technology.com/"): Navigate to 'https://kms-technology.com/' successfully

28-05-2024T21:46:10 - [MESSAGE][PASSED] - Navigate to 'https://kms-technology.com/' successfully

28-05-2024T21:46:10 - [TEST_STEP][PASSED] - verifyElementClickable(findTestObject("Object Repository/KMS/Page_Award-Wining Global Software Developme_3f2c77/a_Global Delivery")): Object 'Object Repository/KMS/Page_Award-Wining Global Software Developme_3f2c77/a_Global Delivery' is clickable

28-05-2024T21:46:12 - [MESSAGE][PASSED] - Object 'Object Repository/KMS/Page_Award-Wining Global Software Developme_3f2c77/a_Global Delivery' is clickable

28-05-2024T21:46:12 - [TEST_STEP][PASSED] - closeBrowser(): Browser is closed

28-05-2024T21:46:13 - [MESSAGE][PASSED] - Browser is closed]]></system-out>
         <system-err><![CDATA[]]></system-err>
      </testcase>
      <system-out><![CDATA[28-05-2024T21:45:51 - [TEST_SUITE][PASSED] - check-body: Test Cases/KMS/KMS-Clickable-Test]]></system-out>
      <system-err><![CDATA[]]></system-err>
   </testsuite>
</testsuites>
