<?xml version="1.0" encoding="UTF-8"?>
<testsuites name="ddv-suites" time="124.628" tests="10" failures="0" errors="0">
   <testsuite name="ddv-suites" tests="10" failures="0" errors="0" time="124.628" skipped="0" timestamp="28-05-2024T21:44:14" hostname="ToanLa - DESKTOP-QSIPVT9" id="Test Suites/DDV/ddv-suites">
      <properties>
         <property name="deviceName" value=""/>
         <property name="devicePlatform" value=""/>
         <property name="logFolder" value="C:\\Users\\ToanLa\\git\\katalon\\Reports\\20240528_214204\\DDV\\ddv-suites\\20240528_214225"/>
         <property name="logFiles" value="C:\\Users\\ToanLa\\git\\katalon\\Reports\\20240528_214204\\DDV\\ddv-suites\\20240528_214225\\execution0.log"/>
         <property name="attachments" value=""/>
         <property name="hostName" value="ToanLa - DESKTOP-QSIPVT9"/>
         <property name="os" value="Windows 11 64bit"/>
         <property name="katalonVersion" value="9.4.0.212"/>
         <property name="browser" value="Chrome 125.0.0.0"/>
         <property name="hostAddress" value="192.168.1.8"/>
         <property name="sessionId" value="af3c8c814a75d6420583bc7f5e244442"/>
         <property name="seleniumVersion" value="3.141.59"/>
         <property name="proxyInformation" value="ProxyInformation { proxyOption=NO_PROXY, proxyServerType=HTTP, username=, password=********, proxyServerAddress=, proxyServerPort=0, executionList=&quot;&quot;, isApplyToDesiredCapabilities=true }"/>
         <property name="platform" value="Windows 11"/>
      </properties>
      <testcase name="Test Cases/DDV/check-categories" time="14.361" classname="Test Cases/DDV/check-categories" status="PASSED">
         <system-out><![CDATA[28-05-2024T21:44:14 - [TEST_CASE][PASSED] - Test Cases/DDV/check-categories: Test Cases/DDV/check-categories

28-05-2024T21:44:15 - [TEST_STEP][PASSED] - openBrowser(""): Browser is opened with url: ''

28-05-2024T21:44:17 - [MESSAGE][INFO] - Starting 'Chrome' driver

28-05-2024T21:44:17 - [MESSAGE][INFO] - Action delay is set to 0 milliseconds

28-05-2024T21:44:20 - [MESSAGE][PASSED] - Browser is opened with url: ''

28-05-2024T21:44:20 - [TEST_STEP][PASSED] - navigateToUrl("https://didongviet.vn/"): Navigate to 'https://didongviet.vn/' successfully

28-05-2024T21:44:27 - [MESSAGE][PASSED] - Navigate to 'https://didongviet.vn/' successfully

28-05-2024T21:44:27 - [TEST_STEP][PASSED] - verifyElementVisible(findTestObject("Object Repository/DDV/Page_Didongviet.vn - in thoi, Tablet, ng h,_4e2c42/div_Galaxy S24 UltraiPhone 15 Pro MaxiPad G_4b7227")): Object 'Object Repository/DDV/Page_Didongviet.vn - in thoi, Tablet, ng h,_4e2c42/div_Galaxy S24 UltraiPhone 15 Pro MaxiPad G_4b7227' is visible

28-05-2024T21:44:28 - [MESSAGE][PASSED] - Object 'Object Repository/DDV/Page_Didongviet.vn - in thoi, Tablet, ng h,_4e2c42/div_Galaxy S24 UltraiPhone 15 Pro MaxiPad G_4b7227' is visible

28-05-2024T21:44:28 - [TEST_STEP][PASSED] - closeBrowser(): Browser is closed

28-05-2024T21:44:29 - [MESSAGE][PASSED] - Browser is closed]]></system-out>
         <system-err><![CDATA[]]></system-err>
      </testcase>
      <testcase name="Test Cases/DDV/check-hotline" time="12.818" classname="Test Cases/DDV/check-hotline" status="PASSED">
         <system-out><![CDATA[28-05-2024T21:44:29 - [TEST_CASE][PASSED] - Test Cases/DDV/check-hotline: Test Cases/DDV/check-hotline

28-05-2024T21:44:29 - [TEST_STEP][PASSED] - openBrowser(""): Browser is opened with url: ''

28-05-2024T21:44:29 - [MESSAGE][INFO] - Starting 'Chrome' driver

28-05-2024T21:44:29 - [MESSAGE][INFO] - Action delay is set to 0 milliseconds

28-05-2024T21:44:31 - [MESSAGE][PASSED] - Browser is opened with url: ''

28-05-2024T21:44:31 - [TEST_STEP][PASSED] - navigateToUrl("https://didongviet.vn/"): Navigate to 'https://didongviet.vn/' successfully

28-05-2024T21:44:38 - [MESSAGE][PASSED] - Navigate to 'https://didongviet.vn/' successfully

28-05-2024T21:44:38 - [TEST_STEP][PASSED] - verifyElementText(findTestObject("Object Repository/DDV/Page_Didongviet.vn - in thoi, Tablet, ng h,_4e2c42/p_1800.6018"), "1800.6018"): Actual text and expected text of test object 'Object Repository/DDV/Page_Didongviet.vn - in thoi, Tablet, ng h,_4e2c42/p_1800.6018' are matched.

28-05-2024T21:44:40 - [MESSAGE][PASSED] - Actual text and expected text of test object 'Object Repository/DDV/Page_Didongviet.vn - in thoi, Tablet, ng h,_4e2c42/p_1800.6018' are matched.

28-05-2024T21:44:40 - [TEST_STEP][PASSED] - verifyElementVisible(findTestObject("Object Repository/DDV/Page_Didongviet.vn - in thoi, Tablet, ng h,_4e2c42/p_1800.6018")): Object 'Object Repository/DDV/Page_Didongviet.vn - in thoi, Tablet, ng h,_4e2c42/p_1800.6018' is visible

28-05-2024T21:44:41 - [MESSAGE][PASSED] - Object 'Object Repository/DDV/Page_Didongviet.vn - in thoi, Tablet, ng h,_4e2c42/p_1800.6018' is visible

28-05-2024T21:44:41 - [TEST_STEP][PASSED] - closeBrowser(): Browser is closed

28-05-2024T21:44:42 - [MESSAGE][PASSED] - Browser is closed]]></system-out>
         <system-err><![CDATA[]]></system-err>
      </testcase>
      <testcase name="Test Cases/DDV/check-left-menu" time="11.945" classname="Test Cases/DDV/check-left-menu" status="PASSED">
         <system-out><![CDATA[28-05-2024T21:44:42 - [TEST_CASE][PASSED] - Test Cases/DDV/check-left-menu: Test Cases/DDV/check-left-menu

28-05-2024T21:44:42 - [TEST_STEP][PASSED] - openBrowser(""): Browser is opened with url: ''

28-05-2024T21:44:42 - [MESSAGE][INFO] - Starting 'Chrome' driver

28-05-2024T21:44:42 - [MESSAGE][INFO] - Action delay is set to 0 milliseconds

28-05-2024T21:44:44 - [MESSAGE][PASSED] - Browser is opened with url: ''

28-05-2024T21:44:44 - [TEST_STEP][PASSED] - navigateToUrl("https://didongviet.vn/"): Navigate to 'https://didongviet.vn/' successfully

28-05-2024T21:44:44 - [MESSAGE][PASSED] - Navigate to 'https://didongviet.vn/' successfully

28-05-2024T21:44:44 - [TEST_STEP][PASSED] - verifyElementVisible(findTestObject("Object Repository/DDV/Page_Didongviet.vn - in thoi, Tablet, ng h,_4e2c42/div_in thoiApple (AAR)Laptop  TabletMy c gi_2921c4")): Object 'Object Repository/DDV/Page_Didongviet.vn - in thoi, Tablet, ng h,_4e2c42/div_in thoiApple (AAR)Laptop  TabletMy c gi_2921c4' is visible

28-05-2024T21:44:52 - [MESSAGE][PASSED] - Object 'Object Repository/DDV/Page_Didongviet.vn - in thoi, Tablet, ng h,_4e2c42/div_in thoiApple (AAR)Laptop  TabletMy c gi_2921c4' is visible

28-05-2024T21:44:52 - [TEST_STEP][PASSED] - closeBrowser(): Browser is closed

28-05-2024T21:44:54 - [MESSAGE][PASSED] - Browser is closed]]></system-out>
         <system-err><![CDATA[]]></system-err>
      </testcase>
      <testcase name="Test Cases/DDV/check-logo-available" time="12.716" classname="Test Cases/DDV/check-logo-available" status="PASSED">
         <system-out><![CDATA[28-05-2024T21:44:54 - [TEST_CASE][PASSED] - Test Cases/DDV/check-logo-available: Test Cases/DDV/check-logo-available

28-05-2024T21:44:54 - [TEST_STEP][PASSED] - openBrowser(""): Browser is opened with url: ''

28-05-2024T21:44:54 - [MESSAGE][INFO] - Starting 'Chrome' driver

28-05-2024T21:44:54 - [MESSAGE][INFO] - Action delay is set to 0 milliseconds

28-05-2024T21:44:56 - [MESSAGE][PASSED] - Browser is opened with url: ''

28-05-2024T21:44:56 - [TEST_STEP][PASSED] - navigateToUrl("https://didongviet.vn/"): Navigate to 'https://didongviet.vn/' successfully

28-05-2024T21:45:04 - [MESSAGE][PASSED] - Navigate to 'https://didongviet.vn/' successfully

28-05-2024T21:45:04 - [TEST_STEP][PASSED] - verifyElementVisible(findTestObject("Object Repository/DDV/Page_Didongviet.vn - in thoi, Tablet, ng h,_4e2c42/img")): Object 'Object Repository/DDV/Page_Didongviet.vn - in thoi, Tablet, ng h,_4e2c42/img' is visible

28-05-2024T21:45:06 - [MESSAGE][PASSED] - Object 'Object Repository/DDV/Page_Didongviet.vn - in thoi, Tablet, ng h,_4e2c42/img' is visible

28-05-2024T21:45:06 - [TEST_STEP][PASSED] - closeBrowser(): Browser is closed

28-05-2024T21:45:06 - [MESSAGE][PASSED] - Browser is closed]]></system-out>
         <system-err><![CDATA[]]></system-err>
      </testcase>
      <testcase name="Test Cases/DDV/check-main-banner" time="10.539" classname="Test Cases/DDV/check-main-banner" status="PASSED">
         <system-out><![CDATA[28-05-2024T21:45:06 - [TEST_CASE][PASSED] - Test Cases/DDV/check-main-banner: Test Cases/DDV/check-main-banner

28-05-2024T21:45:06 - [TEST_STEP][PASSED] - openBrowser(""): Browser is opened with url: ''

28-05-2024T21:45:06 - [MESSAGE][INFO] - Starting 'Chrome' driver

28-05-2024T21:45:06 - [MESSAGE][INFO] - Action delay is set to 0 milliseconds

28-05-2024T21:45:08 - [MESSAGE][PASSED] - Browser is opened with url: ''

28-05-2024T21:45:08 - [TEST_STEP][PASSED] - navigateToUrl("https://didongviet.vn/"): Navigate to 'https://didongviet.vn/' successfully

28-05-2024T21:45:15 - [MESSAGE][PASSED] - Navigate to 'https://didongviet.vn/' successfully

28-05-2024T21:45:15 - [TEST_STEP][PASSED] - verifyElementVisible(findTestObject("Object Repository/DDV/Page_Didongviet.vn - in thoi, Tablet, ng h,_4e2c42/div_in thoiApple (AAR)Laptop  TabletMy c gi_2921c4")): Object 'Object Repository/DDV/Page_Didongviet.vn - in thoi, Tablet, ng h,_4e2c42/div_in thoiApple (AAR)Laptop  TabletMy c gi_2921c4' is visible

28-05-2024T21:45:16 - [MESSAGE][PASSED] - Object 'Object Repository/DDV/Page_Didongviet.vn - in thoi, Tablet, ng h,_4e2c42/div_in thoiApple (AAR)Laptop  TabletMy c gi_2921c4' is visible

28-05-2024T21:45:16 - [TEST_STEP][PASSED] - closeBrowser(): Browser is closed

28-05-2024T21:45:17 - [MESSAGE][PASSED] - Browser is closed]]></system-out>
         <system-err><![CDATA[]]></system-err>
      </testcase>
      <testcase name="Test Cases/DDV/check-others-show-room" time="15.001" classname="Test Cases/DDV/check-others-show-room" status="PASSED">
         <system-out><![CDATA[28-05-2024T21:45:17 - [TEST_CASE][PASSED] - Test Cases/DDV/check-others-show-room: Test Cases/DDV/check-others-show-room

28-05-2024T21:45:17 - [TEST_STEP][PASSED] - openBrowser(""): Browser is opened with url: ''

28-05-2024T21:45:17 - [MESSAGE][INFO] - Starting 'Chrome' driver

28-05-2024T21:45:17 - [MESSAGE][INFO] - Action delay is set to 0 milliseconds

28-05-2024T21:45:19 - [MESSAGE][PASSED] - Browser is opened with url: ''

28-05-2024T21:45:19 - [TEST_STEP][PASSED] - navigateToUrl("https://didongviet.vn/"): Navigate to 'https://didongviet.vn/' successfully

28-05-2024T21:45:28 - [MESSAGE][PASSED] - Navigate to 'https://didongviet.vn/' successfully

28-05-2024T21:45:28 - [TEST_STEP][PASSED] - verifyElementVisible(findTestObject("Object Repository/DDV/Page_Didongviet.vn - in thoi, Tablet, ng h,_4e2c42/div_Oppo  Xiaomi  realme  HONOR Chnh HngOPP_34c939")): Object 'Object Repository/DDV/Page_Didongviet.vn - in thoi, Tablet, ng h,_4e2c42/div_Oppo  Xiaomi  realme  HONOR Chnh HngOPP_34c939' is visible

28-05-2024T21:45:31 - [MESSAGE][PASSED] - Object 'Object Repository/DDV/Page_Didongviet.vn - in thoi, Tablet, ng h,_4e2c42/div_Oppo  Xiaomi  realme  HONOR Chnh HngOPP_34c939' is visible

28-05-2024T21:45:31 - [TEST_STEP][PASSED] - verifyElementText(findTestObject("Object Repository/DDV/Page_Didongviet.vn - in thoi, Tablet, ng h,_4e2c42/a_Oppo  Xiaomi  realme  HONOR Chnh Hng"), "Oppo | Xiaomi | realme | HONOR Chính Hãng"): Actual text and expected text of test object 'Object Repository/DDV/Page_Didongviet.vn - in thoi, Tablet, ng h,_4e2c42/a_Oppo  Xiaomi  realme  HONOR Chnh Hng' are matched.

28-05-2024T21:45:31 - [MESSAGE][PASSED] - Actual text and expected text of test object 'Object Repository/DDV/Page_Didongviet.vn - in thoi, Tablet, ng h,_4e2c42/a_Oppo  Xiaomi  realme  HONOR Chnh Hng' are matched.

28-05-2024T21:45:31 - [TEST_STEP][PASSED] - closeBrowser(): Browser is closed

28-05-2024T21:45:32 - [MESSAGE][PASSED] - Browser is closed]]></system-out>
         <system-err><![CDATA[]]></system-err>
      </testcase>
      <testcase name="Test Cases/DDV/check-page-can-connect" time="10.433" classname="Test Cases/DDV/check-page-can-connect" status="PASSED">
         <system-out><![CDATA[28-05-2024T21:45:32 - [TEST_CASE][PASSED] - Test Cases/DDV/check-page-can-connect: Test Cases/DDV/check-page-can-connect

28-05-2024T21:45:32 - [TEST_STEP][PASSED] - openBrowser(""): Browser is opened with url: ''

28-05-2024T21:45:32 - [MESSAGE][INFO] - Starting 'Chrome' driver

28-05-2024T21:45:32 - [MESSAGE][INFO] - Action delay is set to 0 milliseconds

28-05-2024T21:45:33 - [MESSAGE][PASSED] - Browser is opened with url: ''

28-05-2024T21:45:33 - [TEST_STEP][PASSED] - navigateToUrl("https://didongviet.vn/"): Navigate to 'https://didongviet.vn/' successfully

28-05-2024T21:45:40 - [MESSAGE][PASSED] - Navigate to 'https://didongviet.vn/' successfully

28-05-2024T21:45:40 - [TEST_STEP][PASSED] - verifyElementVisible(findTestObject("Object Repository/DDV/Page_Didongviet.vn - in thoi, Tablet, ng h,_4e2c42/div_iPhone 15 Pro MaxGalaxy S24 UltraXiaomi_875374")): Object 'Object Repository/DDV/Page_Didongviet.vn - in thoi, Tablet, ng h,_4e2c42/div_iPhone 15 Pro MaxGalaxy S24 UltraXiaomi_875374' is visible

28-05-2024T21:45:42 - [MESSAGE][PASSED] - Object 'Object Repository/DDV/Page_Didongviet.vn - in thoi, Tablet, ng h,_4e2c42/div_iPhone 15 Pro MaxGalaxy S24 UltraXiaomi_875374' is visible

28-05-2024T21:45:42 - [TEST_STEP][PASSED] - closeBrowser(): Browser is closed

28-05-2024T21:45:42 - [MESSAGE][PASSED] - Browser is closed]]></system-out>
         <system-err><![CDATA[]]></system-err>
      </testcase>
      <testcase name="Test Cases/DDV/check-right-side-bar" time="9.582" classname="Test Cases/DDV/check-right-side-bar" status="PASSED">
         <system-out><![CDATA[28-05-2024T21:45:42 - [TEST_CASE][PASSED] - Test Cases/DDV/check-right-side-bar: Test Cases/DDV/check-right-side-bar

28-05-2024T21:45:43 - [TEST_STEP][PASSED] - openBrowser(""): Browser is opened with url: ''

28-05-2024T21:45:43 - [MESSAGE][INFO] - Starting 'Chrome' driver

28-05-2024T21:45:43 - [MESSAGE][INFO] - Action delay is set to 0 milliseconds

28-05-2024T21:45:44 - [MESSAGE][PASSED] - Browser is opened with url: ''

28-05-2024T21:45:44 - [TEST_STEP][PASSED] - navigateToUrl("https://didongviet.vn/"): Navigate to 'https://didongviet.vn/' successfully

28-05-2024T21:45:50 - [MESSAGE][PASSED] - Navigate to 'https://didongviet.vn/' successfully

28-05-2024T21:45:50 - [TEST_STEP][PASSED] - verifyElementVisible(findTestObject("Object Repository/DDV/Page_Didongviet.vn - in thoi, Tablet, ng h,_4e2c42/div_ng k_flex h-full flex-col justify-betwe_6cc556")): Object 'Object Repository/DDV/Page_Didongviet.vn - in thoi, Tablet, ng h,_4e2c42/div_ng k_flex h-full flex-col justify-betwe_6cc556' is visible

28-05-2024T21:45:51 - [MESSAGE][PASSED] - Object 'Object Repository/DDV/Page_Didongviet.vn - in thoi, Tablet, ng h,_4e2c42/div_ng k_flex h-full flex-col justify-betwe_6cc556' is visible

28-05-2024T21:45:51 - [TEST_STEP][PASSED] - closeBrowser(): Browser is closed

28-05-2024T21:45:52 - [MESSAGE][PASSED] - Browser is closed]]></system-out>
         <system-err><![CDATA[]]></system-err>
      </testcase>
      <testcase name="Test Cases/DDV/check-samsung" time="12.088" classname="Test Cases/DDV/check-samsung" status="PASSED">
         <system-out><![CDATA[28-05-2024T21:45:52 - [TEST_CASE][PASSED] - Test Cases/DDV/check-samsung: Test Cases/DDV/check-samsung

28-05-2024T21:45:52 - [TEST_STEP][PASSED] - openBrowser(""): Browser is opened with url: ''

28-05-2024T21:45:52 - [MESSAGE][INFO] - Starting 'Chrome' driver

28-05-2024T21:45:52 - [MESSAGE][INFO] - Action delay is set to 0 milliseconds

28-05-2024T21:45:53 - [MESSAGE][PASSED] - Browser is opened with url: ''

28-05-2024T21:45:53 - [TEST_STEP][PASSED] - navigateToUrl("https://didongviet.vn/"): Navigate to 'https://didongviet.vn/' successfully

28-05-2024T21:45:59 - [MESSAGE][PASSED] - Navigate to 'https://didongviet.vn/' successfully

28-05-2024T21:45:59 - [TEST_STEP][PASSED] - verifyElementVisible(findTestObject("Object Repository/DDV/Page_Didongviet.vn - in thoi, Tablet, ng h,_4e2c42/div_Samsung Chnh HngGalaxy Z Flip5Galaxy Z _6d232a")): Object 'Object Repository/DDV/Page_Didongviet.vn - in thoi, Tablet, ng h,_4e2c42/div_Samsung Chnh HngGalaxy Z Flip5Galaxy Z _6d232a' is visible

28-05-2024T21:46:01 - [MESSAGE][PASSED] - Object 'Object Repository/DDV/Page_Didongviet.vn - in thoi, Tablet, ng h,_4e2c42/div_Samsung Chnh HngGalaxy Z Flip5Galaxy Z _6d232a' is visible

28-05-2024T21:46:01 - [TEST_STEP][PASSED] - verifyElementText(findTestObject("Object Repository/DDV/Page_Didongviet.vn - in thoi, Tablet, ng h,_4e2c42/a_Samsung Chnh Hng"), "Samsung Chính Hãng"): Actual text and expected text of test object 'Object Repository/DDV/Page_Didongviet.vn - in thoi, Tablet, ng h,_4e2c42/a_Samsung Chnh Hng' are matched.

28-05-2024T21:46:03 - [MESSAGE][PASSED] - Actual text and expected text of test object 'Object Repository/DDV/Page_Didongviet.vn - in thoi, Tablet, ng h,_4e2c42/a_Samsung Chnh Hng' are matched.

28-05-2024T21:46:03 - [TEST_STEP][PASSED] - closeBrowser(): Browser is closed

28-05-2024T21:46:04 - [MESSAGE][PASSED] - Browser is closed]]></system-out>
         <system-err><![CDATA[]]></system-err>
      </testcase>
      <testcase name="Test Cases/DDV/check-show-room" time="14.431" classname="Test Cases/DDV/check-show-room" status="PASSED">
         <system-out><![CDATA[28-05-2024T21:46:04 - [TEST_CASE][PASSED] - Test Cases/DDV/check-show-room: Test Cases/DDV/check-show-room

28-05-2024T21:46:04 - [TEST_STEP][PASSED] - openBrowser(""): Browser is opened with url: ''

28-05-2024T21:46:04 - [MESSAGE][INFO] - Starting 'Chrome' driver

28-05-2024T21:46:04 - [MESSAGE][INFO] - Action delay is set to 0 milliseconds

28-05-2024T21:46:06 - [MESSAGE][PASSED] - Browser is opened with url: ''

28-05-2024T21:46:06 - [TEST_STEP][PASSED] - navigateToUrl("https://didongviet.vn/"): Navigate to 'https://didongviet.vn/' successfully

28-05-2024T21:46:06 - [MESSAGE][PASSED] - Navigate to 'https://didongviet.vn/' successfully

28-05-2024T21:46:06 - [TEST_STEP][PASSED] - verifyElementPresent(findTestObject("Object Repository/DDV/Page_Didongviet.vn - in thoi, Tablet, ng h,_4e2c42/div_iPhone VNA Chnh ThngiPhone 15 SeriesiPh_f6f959"), 0): Object 'Object Repository/DDV/Page_Didongviet.vn - in thoi, Tablet, ng h,_4e2c42/div_iPhone VNA Chnh ThngiPhone 15 SeriesiPh_f6f959' is present

28-05-2024T21:46:06 - [MESSAGE][WARNING] - Timeout '0' is invalid. Using default page load timeout: '30'

28-05-2024T21:46:16 - [MESSAGE][PASSED] - Object 'Object Repository/DDV/Page_Didongviet.vn - in thoi, Tablet, ng h,_4e2c42/div_iPhone VNA Chnh ThngiPhone 15 SeriesiPh_f6f959' is present

28-05-2024T21:46:16 - [TEST_STEP][PASSED] - verifyElementText(findTestObject("Object Repository/DDV/Page_Didongviet.vn - in thoi, Tablet, ng h,_4e2c42/a_iPhone VNA Chnh Thng"), "iPhone VN/A Chính Thống"): Actual text and expected text of test object 'Object Repository/DDV/Page_Didongviet.vn - in thoi, Tablet, ng h,_4e2c42/a_iPhone VNA Chnh Thng' are matched.

28-05-2024T21:46:17 - [MESSAGE][PASSED] - Actual text and expected text of test object 'Object Repository/DDV/Page_Didongviet.vn - in thoi, Tablet, ng h,_4e2c42/a_iPhone VNA Chnh Thng' are matched.

28-05-2024T21:46:17 - [TEST_STEP][PASSED] - closeBrowser(): Browser is closed

28-05-2024T21:46:18 - [MESSAGE][PASSED] - Browser is closed]]></system-out>
         <system-err><![CDATA[]]></system-err>
      </testcase>
      <system-out><![CDATA[28-05-2024T21:44:14 - [TEST_SUITE][PASSED] - ddv-suites: Test Cases/DDV/check-show-room]]></system-out>
      <system-err><![CDATA[]]></system-err>
   </testsuite>
</testsuites>
