<?xml version="1.0" encoding="UTF-8"?>
<testsuites name="check-team" time="94.408" tests="1" failures="0" errors="0">
   <testsuite name="check-team" tests="1" failures="0" errors="0" time="94.408" skipped="0" timestamp="01-06-2024T00:15:15" hostname="vista - 192.168.4.129" id="Test Suites/KMS/check-team">
      <properties>
         <property name="deviceName" value=""/>
         <property name="devicePlatform"/>
         <property name="logFolder" value="C:\\Users\\vista\\git\\Katalon\\Reports\\20240531_235742\\KMS\\check-team\\20240531_235828"/>
         <property name="logFiles" value="C:\\Users\\vista\\git\\Katalon\\Reports\\20240531_235742\\KMS\\check-team\\20240531_235828\\execution0.log"/>
         <property name="attachments" value=""/>
         <property name="hostName" value="vista - 192.168.4.129"/>
         <property name="os" value="Windows 10 64bit"/>
         <property name="katalonVersion" value="9.5.0.217"/>
         <property name="browser" value="Chrome 125.0.0.0"/>
         <property name="hostAddress" value="192.168.4.129"/>
         <property name="sessionId" value="e797d576ec198f6440f272239aebbbfc"/>
         <property name="seleniumVersion" value="3.141.59"/>
         <property name="proxyInformation" value="ProxyInformation { proxyOption=NO_PROXY, proxyServerType=HTTP, username=, password=********, proxyServerAddress=, proxyServerPort=0, executionList=&quot;&quot;, isApplyToDesiredCapabilities=true }"/>
         <property name="platform" value="Windows 10"/>
      </properties>
      <testcase name="Test Cases/KMS/KMS-Global-Team-Clickable" time="93.422" classname="Test Cases/KMS/KMS-Global-Team-Clickable" status="PASSED">
         <system-out><![CDATA[01-06-2024T00:15:16 - [TEST_CASE][PASSED] - Test Cases/KMS/KMS-Global-Team-Clickable: Test Cases/KMS/KMS-Global-Team-Clickable

01-06-2024T00:15:21 - [TEST_STEP][PASSED] - openBrowser(""): Browser is opened with url: ''

01-06-2024T00:15:26 - [MESSAGE][INFO] - Starting 'Chrome' driver

01-06-2024T00:15:26 - [MESSAGE][INFO] - Action delay is set to 0 milliseconds

01-06-2024T00:15:55 - [MESSAGE][PASSED] - Browser is opened with url: ''

01-06-2024T00:15:55 - [TEST_STEP][PASSED] - navigateToUrl("https://kms-technology.com/"): Navigate to 'https://kms-technology.com/' successfully

01-06-2024T00:15:57 - [MESSAGE][PASSED] - Navigate to 'https://kms-technology.com/' successfully

01-06-2024T00:15:57 - [TEST_STEP][PASSED] - click(findTestObject("Object Repository/KMS/Page_Custom Software Development  Consultin_0ef814/a_Learn More About Our Global Teams")): Object: 'Object Repository/KMS/Page_Custom Software Development  Consultin_0ef814/a_Learn More About Our Global Teams' is clicked on

01-06-2024T00:16:31 - [MESSAGE][INFO] - Unable to find the element located by 'By.xpath: //main[@id='primary']/div/div/section[3]/div[3]/div/div/div/div/a'. Please recheck the objects properties to make sure the desired element is located. 

01-06-2024T00:16:31 - [MESSAGE][WARNING] - [SELF-HEALING] Failed to find element with id 'Object Repository/KMS/Page_Custom Software Development  Consultin_0ef814/a_Learn More About Our Global Teams'. Try using Self-healing.

01-06-2024T00:16:31 - [MESSAGE][INFO] - [SELF-HEALING] Failed Locator: '//main[@id='primary']/div/div/section[3]/div[3]/div/div/div/div/a'.

01-06-2024T00:16:31 - [MESSAGE][INFO] - [SELF-HEALING] Working Locator: '//a[contains(text(),'Learn More About Our Global Teams')]'.

01-06-2024T00:16:32 - [MESSAGE][INFO] - [SELF-HEALING] Screenshot: C:/Users/vista/git/Katalon/Reports/Self-healing/Object Repository/KMS/Page_Custom Software Development  Consultin_0ef814/a_Learn More About Our Global Teams_link.png

01-06-2024T00:16:33 - [MESSAGE][WARNING] - [SELF-HEALING] The current locator of test object 'Object Repository/KMS/Page_Custom Software Development  Consultin_0ef814/a_Learn More About Our Global Teams' was broken. Propose an alternative one: '//a[contains(text(),'Learn More About Our Global Teams')]'.

01-06-2024T00:16:33 - [MESSAGE][PASSED] - Object: 'Object Repository/KMS/Page_Custom Software Development  Consultin_0ef814/a_Learn More About Our Global Teams' is clicked on

01-06-2024T00:16:33 - [TEST_STEP][PASSED] - closeBrowser(): Browser is closed

01-06-2024T00:16:50 - [MESSAGE][PASSED] - Browser is closed]]></system-out>
         <system-err><![CDATA[]]></system-err>
      </testcase>
      <system-out><![CDATA[01-06-2024T00:15:15 - [TEST_SUITE][PASSED] - check-team: Test Cases/KMS/KMS-Global-Team-Clickable]]></system-out>
      <system-err><![CDATA[]]></system-err>
   </testsuite>
</testsuites>
