<?xml version="1.0" encoding="UTF-8"?>
<testsuites name="test-game-k" time="260.23" tests="35" failures="0" errors="0">
   <testsuite name="test-game-k" tests="35" failures="0" errors="0" time="260.23" skipped="0" timestamp="29-05-2024T08:26:02" hostname="ToanLa - DESKTOP-QSIPVT9.mshome.net" id="Test Suites/test-game-k">
      <properties>
         <property name="deviceName" value=""/>
         <property name="devicePlatform" value=""/>
         <property name="logFolder" value="C:\\Users\\ToanLa\\git\\katalon\\Reports\\20240529_082555\\test-game-k\\20240529_082555"/>
         <property name="logFiles" value="C:\\Users\\ToanLa\\git\\katalon\\Reports\\20240529_082555\\test-game-k\\20240529_082555\\execution0.log"/>
         <property name="attachments" value=""/>
         <property name="hostName" value="ToanLa - DESKTOP-QSIPVT9.mshome.net"/>
         <property name="os" value="Windows 11 64bit"/>
         <property name="katalonVersion" value="9.4.0.212"/>
         <property name="browser" value="Chrome 125.0.0.0"/>
         <property name="hostAddress" value="192.168.0.1"/>
         <property name="sessionId" value="c61d2b8099090f165e8d70c131c05b3a"/>
         <property name="seleniumVersion" value="3.141.59"/>
         <property name="proxyInformation" value="ProxyInformation { proxyOption=NO_PROXY, proxyServerType=HTTP, username=, password=********, proxyServerAddress=, proxyServerPort=0, executionList=&quot;&quot;, isApplyToDesiredCapabilities=true }"/>
         <property name="platform" value="Windows 11"/>
      </properties>
      <testcase name="Test Cases/Gamek/Test-footer" time="5.384" classname="Test Cases/Gamek/Test-footer" status="PASSED">
         <system-out><![CDATA[29-05-2024T08:26:02 - [TEST_CASE][PASSED] - Test Cases/Gamek/Test-footer: Test Cases/Gamek/Test-footer

29-05-2024T08:26:03 - [TEST_STEP][PASSED] - openBrowser("https://gamek.vn/"): Browser is opened with url: 'https://gamek.vn/'

29-05-2024T08:26:03 - [MESSAGE][INFO] - Starting 'Chrome' driver

29-05-2024T08:26:03 - [MESSAGE][INFO] - Action delay is set to 0 milliseconds

29-05-2024T08:26:06 - [MESSAGE][PASSED] - Browser is opened with url: 'https://gamek.vn/'

29-05-2024T08:26:06 - [TEST_STEP][PASSED] - click(findTestObject("Object Repository/gamek/Page_Knh tin Game ln nht, th vin Game y  nht/div_TRANG CHGAME ONLINETH TRNGPC CONSOLEeSP_1d90e4")): Object: 'Object Repository/gamek/Page_Knh tin Game ln nht, th vin Game y  nht/div_TRANG CHGAME ONLINETH TRNGPC CONSOLEeSP_1d90e4' is clicked on

29-05-2024T08:26:07 - [MESSAGE][PASSED] - Object: 'Object Repository/gamek/Page_Knh tin Game ln nht, th vin Game y  nht/div_TRANG CHGAME ONLINETH TRNGPC CONSOLEeSP_1d90e4' is clicked on

29-05-2024T08:26:07 - [TEST_STEP][PASSED] - closeBrowser(): Browser is closed

29-05-2024T08:26:08 - [MESSAGE][PASSED] - Browser is closed]]></system-out>
         <system-err><![CDATA[]]></system-err>
      </testcase>
      <testcase name="Test Cases/Gamek/Test_button" time="4.45" classname="Test Cases/Gamek/Test_button" status="PASSED">
         <system-out><![CDATA[29-05-2024T08:26:08 - [TEST_CASE][PASSED] - Test Cases/Gamek/Test_button: Test Cases/Gamek/Test_button

29-05-2024T08:26:08 - [TEST_STEP][PASSED] - openBrowser("https://gamek.vn/"): Browser is opened with url: 'https://gamek.vn/'

29-05-2024T08:26:08 - [MESSAGE][INFO] - Starting 'Chrome' driver

29-05-2024T08:26:08 - [MESSAGE][INFO] - Action delay is set to 0 milliseconds

29-05-2024T08:26:10 - [MESSAGE][PASSED] - Browser is opened with url: 'https://gamek.vn/'

29-05-2024T08:26:10 - [TEST_STEP][PASSED] - click(findTestObject("Object Repository/gamek/Page_Knh tin Game ln nht, th vin Game y  nht/a_eSPORTS")): Object: 'Object Repository/gamek/Page_Knh tin Game ln nht, th vin Game y  nht/a_eSPORTS' is clicked on

29-05-2024T08:26:11 - [MESSAGE][PASSED] - Object: 'Object Repository/gamek/Page_Knh tin Game ln nht, th vin Game y  nht/a_eSPORTS' is clicked on

29-05-2024T08:26:11 - [TEST_STEP][PASSED] - navigateToUrl("https://gamek.vn/esport.chn"): Navigate to 'https://gamek.vn/esport.chn' successfully

29-05-2024T08:26:12 - [MESSAGE][PASSED] - Navigate to 'https://gamek.vn/esport.chn' successfully

29-05-2024T08:26:12 - [TEST_STEP][PASSED] - closeBrowser(): Browser is closed

29-05-2024T08:26:12 - [MESSAGE][PASSED] - Browser is closed]]></system-out>
         <system-err><![CDATA[]]></system-err>
      </testcase>
      <testcase name="Test Cases/Gamek/test_logo" time="5.152" classname="Test Cases/Gamek/test_logo" status="PASSED">
         <system-out><![CDATA[29-05-2024T08:26:12 - [TEST_CASE][PASSED] - Test Cases/Gamek/test_logo: Test Cases/Gamek/test_logo

29-05-2024T08:26:12 - [TEST_STEP][PASSED] - openBrowser("https://gamek.vn/"): Browser is opened with url: 'https://gamek.vn/'

29-05-2024T08:26:12 - [MESSAGE][INFO] - Starting 'Chrome' driver

29-05-2024T08:26:12 - [MESSAGE][INFO] - Action delay is set to 0 milliseconds

29-05-2024T08:26:15 - [MESSAGE][PASSED] - Browser is opened with url: 'https://gamek.vn/'

29-05-2024T08:26:15 - [TEST_STEP][PASSED] - navigateToUrl("https://gamek.vn/"): Navigate to 'https://gamek.vn/' successfully

29-05-2024T08:26:16 - [MESSAGE][PASSED] - Navigate to 'https://gamek.vn/' successfully

29-05-2024T08:26:16 - [TEST_STEP][PASSED] - click(findTestObject("Object Repository/gamek/Page_Knh tin Game ln nht, th vin Game y  nht/a")): Object: 'Object Repository/gamek/Page_Knh tin Game ln nht, th vin Game y  nht/a' is clicked on

29-05-2024T08:26:17 - [MESSAGE][PASSED] - Object: 'Object Repository/gamek/Page_Knh tin Game ln nht, th vin Game y  nht/a' is clicked on

29-05-2024T08:26:17 - [TEST_STEP][PASSED] - closeBrowser(STOP_ON_FAILURE): Browser is closed

29-05-2024T08:26:17 - [MESSAGE][PASSED] - Browser is closed]]></system-out>
         <system-err><![CDATA[]]></system-err>
      </testcase>
      <testcase name="Test Cases/Gamek/Test_search" time="9.026" classname="Test Cases/Gamek/Test_search" status="PASSED">
         <system-out><![CDATA[29-05-2024T08:26:17 - [TEST_CASE][PASSED] - Test Cases/Gamek/Test_search: Test Cases/Gamek/Test_search

29-05-2024T08:26:17 - [TEST_STEP][PASSED] - openBrowser("https://gamek.vn/"): Browser is opened with url: 'https://gamek.vn/'

29-05-2024T08:26:17 - [MESSAGE][INFO] - Starting 'Chrome' driver

29-05-2024T08:26:17 - [MESSAGE][INFO] - Action delay is set to 0 milliseconds

29-05-2024T08:26:20 - [MESSAGE][PASSED] - Browser is opened with url: 'https://gamek.vn/'

29-05-2024T08:26:20 - [TEST_STEP][PASSED] - setText(findTestObject("Object Repository/gamek/Page_Knh tin Game ln nht, th vin Game y  nht/input_CNG NG_searchinput"), "Game hay"): Text 'Game hay' is set on object 'Object Repository/gamek/Page_Knh tin Game ln nht, th vin Game y  nht/input_CNG NG_searchinput'

29-05-2024T08:26:21 - [MESSAGE][PASSED] - Text 'Game hay' is set on object 'Object Repository/gamek/Page_Knh tin Game ln nht, th vin Game y  nht/input_CNG NG_searchinput'

29-05-2024T08:26:21 - [TEST_STEP][PASSED] - navigateToUrl("https://gamek.vn/tim-kiem.chn?keyword=Game%20hay"): Navigate to 'https://gamek.vn/tim-kiem.chn?keyword=Game%20hay' successfully

29-05-2024T08:26:21 - [MESSAGE][PASSED] - Navigate to 'https://gamek.vn/tim-kiem.chn?keyword=Game%20hay' successfully

29-05-2024T08:26:21 - [TEST_STEP][PASSED] - click(findTestObject("Object Repository/gamek/Page_Trang tm kim - Knh tin Game ln nht, th_c5ca43/a_Epic pht tng min ph Game hay nht th gii g_8f3fa6")): Object: 'Object Repository/gamek/Page_Trang tm kim - Knh tin Game ln nht, th_c5ca43/a_Epic pht tng min ph Game hay nht th gii g_8f3fa6' is clicked on

29-05-2024T08:26:23 - [MESSAGE][PASSED] - Object: 'Object Repository/gamek/Page_Trang tm kim - Knh tin Game ln nht, th_c5ca43/a_Epic pht tng min ph Game hay nht th gii g_8f3fa6' is clicked on

29-05-2024T08:26:23 - [TEST_STEP][PASSED] - click(findTestObject("Object Repository/gamek/Page_Epic pht tng min ph Game hay nht th gi_8a0179/h1_Epic pht tng min ph Game hay nht th gii _4a7cdb")): Object: 'Object Repository/gamek/Page_Epic pht tng min ph Game hay nht th gi_8a0179/h1_Epic pht tng min ph Game hay nht th gii _4a7cdb' is clicked on

29-05-2024T08:26:26 - [MESSAGE][PASSED] - Object: 'Object Repository/gamek/Page_Epic pht tng min ph Game hay nht th gi_8a0179/h1_Epic pht tng min ph Game hay nht th gii _4a7cdb' is clicked on

29-05-2024T08:26:26 - [TEST_STEP][PASSED] - closeBrowser(): Browser is closed

29-05-2024T08:26:26 - [MESSAGE][PASSED] - Browser is closed]]></system-out>
         <system-err><![CDATA[]]></system-err>
      </testcase>
      <testcase name="Test Cases/Gamek/Verify-1" time="1.992" classname="Test Cases/Gamek/Verify-1" status="PASSED">
         <system-out><![CDATA[29-05-2024T08:26:26 - [TEST_CASE][PASSED] - Test Cases/Gamek/Verify-1: Test Cases/Gamek/Verify-1

29-05-2024T08:26:26 - [TEST_STEP][PASSED] - openBrowser("https://www.google.com.vn/"): Browser is opened with url: 'https://www.google.com.vn/'

29-05-2024T08:26:26 - [MESSAGE][INFO] - Starting 'Chrome' driver

29-05-2024T08:26:26 - [MESSAGE][INFO] - Action delay is set to 0 milliseconds

29-05-2024T08:26:28 - [MESSAGE][PASSED] - Browser is opened with url: 'https://www.google.com.vn/'

29-05-2024T08:26:28 - [TEST_STEP][PASSED] - closeBrowser(): Browser is closed

29-05-2024T08:26:28 - [MESSAGE][PASSED] - Browser is closed]]></system-out>
         <system-err><![CDATA[]]></system-err>
      </testcase>
      <testcase name="Test Cases/Gamek/verify-10" time="5.224" classname="Test Cases/Gamek/verify-10" status="PASSED">
         <system-out><![CDATA[29-05-2024T08:26:28 - [TEST_CASE][PASSED] - Test Cases/Gamek/verify-10: Test Cases/Gamek/verify-10

29-05-2024T08:26:28 - [TEST_STEP][PASSED] - openBrowser("https://genk.vn/"): Browser is opened with url: 'https://genk.vn/'

29-05-2024T08:26:28 - [MESSAGE][INFO] - Starting 'Chrome' driver

29-05-2024T08:26:28 - [MESSAGE][INFO] - Action delay is set to 0 milliseconds

29-05-2024T08:26:32 - [MESSAGE][PASSED] - Browser is opened with url: 'https://genk.vn/'

29-05-2024T08:26:32 - [TEST_STEP][PASSED] - click(findTestObject("Object Repository/gamek/Page_Xem mua lun/a_Xe")): Object: 'Object Repository/gamek/Page_Xem mua lun/a_Xe' is clicked on

29-05-2024T08:26:33 - [MESSAGE][PASSED] - Object: 'Object Repository/gamek/Page_Xem mua lun/a_Xe' is clicked on

29-05-2024T08:26:33 - [TEST_STEP][PASSED] - navigateToUrl("https://genk.vn/xe.chn"): Navigate to 'https://genk.vn/xe.chn' successfully

29-05-2024T08:26:33 - [MESSAGE][PASSED] - Navigate to 'https://genk.vn/xe.chn' successfully

29-05-2024T08:26:33 - [TEST_STEP][PASSED] - closeBrowser(): Browser is closed

29-05-2024T08:26:34 - [MESSAGE][PASSED] - Browser is closed]]></system-out>
         <system-err><![CDATA[]]></system-err>
      </testcase>
      <testcase name="Test Cases/Gamek/verify-11" time="11.552" classname="Test Cases/Gamek/verify-11" status="PASSED">
         <system-out><![CDATA[29-05-2024T08:26:34 - [TEST_CASE][PASSED] - Test Cases/Gamek/verify-11: Test Cases/Gamek/verify-11

29-05-2024T08:26:34 - [TEST_STEP][PASSED] - openBrowser("https://genk.vn/"): Browser is opened with url: 'https://genk.vn/'

29-05-2024T08:26:34 - [MESSAGE][INFO] - Starting 'Chrome' driver

29-05-2024T08:26:34 - [MESSAGE][INFO] - Action delay is set to 0 milliseconds

29-05-2024T08:26:37 - [MESSAGE][PASSED] - Browser is opened with url: 'https://genk.vn/'

29-05-2024T08:26:37 - [TEST_STEP][PASSED] - navigateToUrl("https://genk.vn/kham-pha.chn"): Navigate to 'https://genk.vn/kham-pha.chn' successfully

29-05-2024T08:26:37 - [MESSAGE][PASSED] - Navigate to 'https://genk.vn/kham-pha.chn' successfully

29-05-2024T08:26:37 - [TEST_STEP][PASSED] - click(findTestObject("Object Repository/gamek/Page_Khm ph khoa hc v cng ngh ton cu cp nht 247/a_B n v ngi cha g cao nht th gii, c xy dng _3a22eb")): Object: 'Object Repository/gamek/Page_Khm ph khoa hc v cng ngh ton cu cp nht 247/a_B n v ngi cha g cao nht th gii, c xy dng _3a22eb' is clicked on

29-05-2024T08:26:38 - [MESSAGE][PASSED] - Object: 'Object Repository/gamek/Page_Khm ph khoa hc v cng ngh ton cu cp nht 247/a_B n v ngi cha g cao nht th gii, c xy dng _3a22eb' is clicked on

29-05-2024T08:26:38 - [TEST_STEP][PASSED] - selectOptionByValue(findTestObject("Object Repository/gamek/Page_B n v ngi cha g cao nht th gii, c xy d_f187c5/select_Ngy123456789101112131415161718192021_8e03e4"), "28", true): All options with value '28' are selected in object 'Object Repository/gamek/Page_B n v ngi cha g cao nht th gii, c xy d_f187c5/select_Ngy123456789101112131415161718192021_8e03e4'  using regular expression

29-05-2024T08:26:43 - [MESSAGE][PASSED] - All options with value '28' are selected in object 'Object Repository/gamek/Page_B n v ngi cha g cao nht th gii, c xy d_f187c5/select_Ngy123456789101112131415161718192021_8e03e4'  using regular expression

29-05-2024T08:26:43 - [TEST_STEP][PASSED] - selectOptionByValue(findTestObject("Object Repository/gamek/Page_B n v ngi cha g cao nht th gii, c xy d_f187c5/select_ThngThng 1Thng 2Thng 3Thng 4Thng 5Th_e54b33"), "5", true): All options with value '5' are selected in object 'Object Repository/gamek/Page_B n v ngi cha g cao nht th gii, c xy d_f187c5/select_ThngThng 1Thng 2Thng 3Thng 4Thng 5Th_e54b33'  using regular expression

29-05-2024T08:26:44 - [MESSAGE][PASSED] - All options with value '5' are selected in object 'Object Repository/gamek/Page_B n v ngi cha g cao nht th gii, c xy d_f187c5/select_ThngThng 1Thng 2Thng 3Thng 4Thng 5Th_e54b33'  using regular expression

29-05-2024T08:26:44 - [TEST_STEP][PASSED] - selectOptionByValue(findTestObject("Object Repository/gamek/Page_B n v ngi cha g cao nht th gii, c xy d_f187c5/select_20242023202220212020"), "2024", true): All options with value '2024' are selected in object 'Object Repository/gamek/Page_B n v ngi cha g cao nht th gii, c xy d_f187c5/select_20242023202220212020'  using regular expression

29-05-2024T08:26:45 - [MESSAGE][PASSED] - All options with value '2024' are selected in object 'Object Repository/gamek/Page_B n v ngi cha g cao nht th gii, c xy d_f187c5/select_20242023202220212020'  using regular expression

29-05-2024T08:26:45 - [TEST_STEP][PASSED] - closeBrowser(): Browser is closed

29-05-2024T08:26:45 - [MESSAGE][PASSED] - Browser is closed]]></system-out>
         <system-err><![CDATA[]]></system-err>
      </testcase>
      <testcase name="Test Cases/Gamek/verify-12" time="4.584" classname="Test Cases/Gamek/verify-12" status="PASSED">
         <system-out><![CDATA[29-05-2024T08:26:45 - [TEST_CASE][PASSED] - Test Cases/Gamek/verify-12: Test Cases/Gamek/verify-12

29-05-2024T08:26:45 - [TEST_STEP][PASSED] - openBrowser("https://genk.vn/"): Browser is opened with url: 'https://genk.vn/'

29-05-2024T08:26:45 - [MESSAGE][INFO] - Starting 'Chrome' driver

29-05-2024T08:26:45 - [MESSAGE][INFO] - Action delay is set to 0 milliseconds

29-05-2024T08:26:47 - [MESSAGE][PASSED] - Browser is opened with url: 'https://genk.vn/'

29-05-2024T08:26:47 - [TEST_STEP][PASSED] - click(findTestObject("Object Repository/gamek/Page_Trang thng tin dnh cho tn  cng ngh  GenK.vn/img")): Object: 'Object Repository/gamek/Page_Trang thng tin dnh cho tn  cng ngh  GenK.vn/img' is clicked on

29-05-2024T08:26:48 - [MESSAGE][PASSED] - Object: 'Object Repository/gamek/Page_Trang thng tin dnh cho tn  cng ngh  GenK.vn/img' is clicked on

29-05-2024T08:26:48 - [TEST_STEP][PASSED] - navigateToUrl("https://genk.vn/"): Navigate to 'https://genk.vn/' successfully

29-05-2024T08:26:48 - [MESSAGE][PASSED] - Navigate to 'https://genk.vn/' successfully

29-05-2024T08:26:48 - [TEST_STEP][PASSED] - rightClick(findTestObject("Object Repository/gamek/Page_Trang thng tin dnh cho tn  cng ngh  GenK.vn/img")): Object: 'Object Repository/gamek/Page_Trang thng tin dnh cho tn  cng ngh  GenK.vn/img' is right clicked on

29-05-2024T08:26:50 - [MESSAGE][PASSED] - Object: 'Object Repository/gamek/Page_Trang thng tin dnh cho tn  cng ngh  GenK.vn/img' is right clicked on

29-05-2024T08:26:50 - [TEST_STEP][PASSED] - closeBrowser(): Browser is closed

29-05-2024T08:26:50 - [MESSAGE][PASSED] - Browser is closed]]></system-out>
         <system-err><![CDATA[]]></system-err>
      </testcase>
      <testcase name="Test Cases/Gamek/verify-18" time="6.94" classname="Test Cases/Gamek/verify-18" status="PASSED">
         <system-out><![CDATA[29-05-2024T08:26:50 - [TEST_CASE][PASSED] - Test Cases/Gamek/verify-18: Test Cases/Gamek/verify-18

29-05-2024T08:26:50 - [TEST_STEP][PASSED] - openBrowser("https://genk.vn/"): Browser is opened with url: 'https://genk.vn/'

29-05-2024T08:26:50 - [MESSAGE][INFO] - Starting 'Chrome' driver

29-05-2024T08:26:50 - [MESSAGE][INFO] - Action delay is set to 0 milliseconds

29-05-2024T08:26:53 - [MESSAGE][PASSED] - Browser is opened with url: 'https://genk.vn/'

29-05-2024T08:26:53 - [TEST_STEP][PASSED] - navigateToUrl("https://kenh14.vn/"): Navigate to 'https://kenh14.vn/' successfully

29-05-2024T08:26:56 - [MESSAGE][PASSED] - Navigate to 'https://kenh14.vn/' successfully

29-05-2024T08:26:56 - [TEST_STEP][PASSED] - closeBrowser(): Browser is closed

29-05-2024T08:26:57 - [MESSAGE][PASSED] - Browser is closed]]></system-out>
         <system-err><![CDATA[]]></system-err>
      </testcase>
      <testcase name="Test Cases/Gamek/Verify-19" time="4.326" classname="Test Cases/Gamek/Verify-19" status="PASSED">
         <system-out><![CDATA[29-05-2024T08:26:57 - [TEST_CASE][PASSED] - Test Cases/Gamek/Verify-19: Test Cases/Gamek/Verify-19

29-05-2024T08:26:57 - [TEST_STEP][PASSED] - openBrowser("https://genk.vn/"): Browser is opened with url: 'https://genk.vn/'

29-05-2024T08:26:57 - [MESSAGE][INFO] - Starting 'Chrome' driver

29-05-2024T08:26:57 - [MESSAGE][INFO] - Action delay is set to 0 milliseconds

29-05-2024T08:26:58 - [MESSAGE][PASSED] - Browser is opened with url: 'https://genk.vn/'

29-05-2024T08:26:58 - [TEST_STEP][PASSED] - navigateToUrl("https://cafebiz.vn/"): Navigate to 'https://cafebiz.vn/' successfully

29-05-2024T08:27:01 - [MESSAGE][PASSED] - Navigate to 'https://cafebiz.vn/' successfully

29-05-2024T08:27:01 - [TEST_STEP][PASSED] - closeBrowser(): Browser is closed

29-05-2024T08:27:01 - [MESSAGE][PASSED] - Browser is closed]]></system-out>
         <system-err><![CDATA[]]></system-err>
      </testcase>
      <testcase name="Test Cases/Gamek/verify-2" time="3.769" classname="Test Cases/Gamek/verify-2" status="PASSED">
         <system-out><![CDATA[29-05-2024T08:27:01 - [TEST_CASE][PASSED] - Test Cases/Gamek/verify-2: Test Cases/Gamek/verify-2

29-05-2024T08:27:01 - [TEST_STEP][PASSED] - openBrowser("https://www.google.com.vn/"): Browser is opened with url: 'https://www.google.com.vn/'

29-05-2024T08:27:01 - [MESSAGE][INFO] - Starting 'Chrome' driver

29-05-2024T08:27:01 - [MESSAGE][INFO] - Action delay is set to 0 milliseconds

29-05-2024T08:27:03 - [MESSAGE][PASSED] - Browser is opened with url: 'https://www.google.com.vn/'

29-05-2024T08:27:03 - [TEST_STEP][PASSED] - setText(findTestObject("Object Repository/gamek/Page_Google/textarea_ng nhp_q"), "sổ xố kienses thiết"): Text 'sổ xố kienses thiết' is set on object 'Object Repository/gamek/Page_Google/textarea_ng nhp_q'

29-05-2024T08:27:04 - [MESSAGE][PASSED] - Text 'sổ xố kienses thiết' is set on object 'Object Repository/gamek/Page_Google/textarea_ng nhp_q'

29-05-2024T08:27:04 - [TEST_STEP][PASSED] - navigateToUrl("https://www.google.com.vn/search?q=s%E1%BB%95+x%E1%BB%91+kienses+thi%E1%BA%BFt&sca_esv=8a43c4591a19e45c&sca_upv=1&source=hp&ei=6d1VZsbAMfKovr0PmNmFoQ0&iflsig=AL9hbdgAAAAAZlXr-eqlfoyhtzDZP5qAILAhBBvEh3_K&udm=&ved=0ahUKEwiG2YPLu7CGAxVylK8BHZhsIdQQ4dUDCA0&uact=5&oq=s%E1%BB%95+x%E1%BB%91+kienses+thi%E1%BA%BFt&gs_lp=Egdnd3Mtd2l6Ihlz4buVIHjhu5Ega2llbnNlcyB0aGnhur90MgkQABiABBgKGA0yCBAAGBYYChgeMggQABgWGAoYHjIIEAAYFhgKGB4yCBAAGBYYChgeMggQABiiBBiJBUi3SlDjEligN3AReACQAQSYAasCoAHAF6oBBjcuMTEuNLgBA8gBAPgBAZgCIqACtg-oAgrCAgoQABgDGOoCGI8BwgIKEC4YAxjqAhiPAcICCxAAGIAEGLEDGIMBwgIREC4YgAQYsQMY0QMYgwEYxwHCAgUQABiABMICBRAuGIAEwgIIEAAYgAQYsQPCAg4QLhiABBixAxjHARivAcICBBAAGAPCAg0QABiABBixAxiDARgKwgIKEAAYgAQYsQMYCsICBxAAGIAEGArCAgYQABgDGAqYAwiSBwcyMy4xMC4xoAe9qgE&sclient=gws-wiz"): Navigate to 'https://www.google.com.vn/search?q=s%E1%BB%95+x%E1%BB%91+kienses+thi%E1%BA%BFt&sca_esv=8a43c4591a19e45c&sca_upv=1&source=hp&ei=6d1VZsbAMfKovr0PmNmFoQ0&iflsig=AL9hbdgAAAAAZlXr-eqlfoyhtzDZP5qAILAhBBvEh3_K&udm=&ved=0ahUKEwiG2YPLu7CGAxVylK8BHZhsIdQQ4dUDCA0&uact=5&oq=s%E1%BB%95+x%E1%BB%91+kienses+thi%E1%BA%BFt&gs_lp=Egdnd3Mtd2l6Ihlz4buVIHjhu5Ega2llbnNlcyB0aGnhur90MgkQABiABBgKGA0yCBAAGBYYChgeMggQABgWGAoYHjIIEAAYFhgKGB4yCBAAGBYYChgeMggQABiiBBiJBUi3SlDjEligN3AReACQAQSYAasCoAHAF6oBBjcuMTEuNLgBA8gBAPgBAZgCIqACtg-oAgrCAgoQABgDGOoCGI8BwgIKEC4YAxjqAhiPAcICCxAAGIAEGLEDGIMBwgIREC4YgAQYsQMY0QMYgwEYxwHCAgUQABiABMICBRAuGIAEwgIIEAAYgAQYsQPCAg4QLhiABBixAxjHARivAcICBBAAGAPCAg0QABiABBixAxiDARgKwgIKEAAYgAQYsQMYCsICBxAAGIAEGArCAgYQABgDGAqYAwiSBwcyMy4xMC4xoAe9qgE&sclient=gws-wiz' successfully

29-05-2024T08:27:05 - [MESSAGE][PASSED] - Navigate to 'https://www.google.com.vn/search?q=s%E1%BB%95+x%E1%BB%91+kienses+thi%E1%BA%BFt&sca_esv=8a43c4591a19e45c&sca_upv=1&source=hp&ei=6d1VZsbAMfKovr0PmNmFoQ0&iflsig=AL9hbdgAAAAAZlXr-eqlfoyhtzDZP5qAILAhBBvEh3_K&udm=&ved=0ahUKEwiG2YPLu7CGAxVylK8BHZhsIdQQ4dUDCA0&uact=5&oq=s%E1%BB%95+x%E1%BB%91+kienses+thi%E1%BA%BFt&gs_lp=Egdnd3Mtd2l6Ihlz4buVIHjhu5Ega2llbnNlcyB0aGnhur90MgkQABiABBgKGA0yCBAAGBYYChgeMggQABgWGAoYHjIIEAAYFhgKGB4yCBAAGBYYChgeMggQABiiBBiJBUi3SlDjEligN3AReACQAQSYAasCoAHAF6oBBjcuMTEuNLgBA8gBAPgBAZgCIqACtg-oAgrCAgoQABgDGOoCGI8BwgIKEC4YAxjqAhiPAcICCxAAGIAEGLEDGIMBwgIREC4YgAQYsQMY0QMYgwEYxwHCAgUQABiABMICBRAuGIAEwgIIEAAYgAQYsQPCAg4QLhiABBixAxjHARivAcICBBAAGAPCAg0QABiABBixAxiDARgKwgIKEAAYgAQYsQMYCsICBxAAGIAEGArCAgYQABgDGAqYAwiSBwcyMy4xMC4xoAe9qgE&sclient=gws-wiz' successfully

29-05-2024T08:27:05 - [TEST_STEP][PASSED] - closeBrowser(): Browser is closed

29-05-2024T08:27:05 - [MESSAGE][PASSED] - Browser is closed]]></system-out>
         <system-err><![CDATA[]]></system-err>
      </testcase>
      <testcase name="Test Cases/Gamek/verify-20" time="4.704" classname="Test Cases/Gamek/verify-20" status="PASSED">
         <system-out><![CDATA[29-05-2024T08:27:05 - [TEST_CASE][PASSED] - Test Cases/Gamek/verify-20: Test Cases/Gamek/verify-20

29-05-2024T08:27:05 - [TEST_STEP][PASSED] - openBrowser("https://genk.vn/"): Browser is opened with url: 'https://genk.vn/'

29-05-2024T08:27:05 - [MESSAGE][INFO] - Starting 'Chrome' driver

29-05-2024T08:27:05 - [MESSAGE][INFO] - Action delay is set to 0 milliseconds

29-05-2024T08:27:08 - [MESSAGE][PASSED] - Browser is opened with url: 'https://genk.vn/'

29-05-2024T08:27:08 - [TEST_STEP][PASSED] - click(findTestObject("Object Repository/gamek/Page_Trang thng tin dnh cho tn  cng ngh  GenK.vn/a_Xem - Mua - Lun")): Object: 'Object Repository/gamek/Page_Trang thng tin dnh cho tn  cng ngh  GenK.vn/a_Xem - Mua - Lun' is clicked on

29-05-2024T08:27:09 - [MESSAGE][PASSED] - Object: 'Object Repository/gamek/Page_Trang thng tin dnh cho tn  cng ngh  GenK.vn/a_Xem - Mua - Lun' is clicked on

29-05-2024T08:27:09 - [TEST_STEP][PASSED] - navigateToUrl("https://genk.vn/xem-mua-luon.chn"): Navigate to 'https://genk.vn/xem-mua-luon.chn' successfully

29-05-2024T08:27:09 - [MESSAGE][PASSED] - Navigate to 'https://genk.vn/xem-mua-luon.chn' successfully

29-05-2024T08:27:09 - [TEST_STEP][PASSED] - closeBrowser(): Browser is closed

29-05-2024T08:27:09 - [MESSAGE][PASSED] - Browser is closed]]></system-out>
         <system-err><![CDATA[]]></system-err>
      </testcase>
      <testcase name="Test Cases/Gamek/verify-21" time="4.483" classname="Test Cases/Gamek/verify-21" status="PASSED">
         <system-out><![CDATA[29-05-2024T08:27:09 - [TEST_CASE][PASSED] - Test Cases/Gamek/verify-21: Test Cases/Gamek/verify-21

29-05-2024T08:27:09 - [TEST_STEP][PASSED] - openBrowser("https://genk.vn/"): Browser is opened with url: 'https://genk.vn/'

29-05-2024T08:27:09 - [MESSAGE][INFO] - Starting 'Chrome' driver

29-05-2024T08:27:09 - [MESSAGE][INFO] - Action delay is set to 0 milliseconds

29-05-2024T08:27:11 - [MESSAGE][PASSED] - Browser is opened with url: 'https://genk.vn/'

29-05-2024T08:27:11 - [TEST_STEP][PASSED] - click(findTestObject("Object Repository/gamek/Page_Trang thng tin dnh cho tn  cng ngh  GenK.vn/a_chi s_i-expand")): Object: 'Object Repository/gamek/Page_Trang thng tin dnh cho tn  cng ngh  GenK.vn/a_chi s_i-expand' is clicked on

29-05-2024T08:27:12 - [MESSAGE][PASSED] - Object: 'Object Repository/gamek/Page_Trang thng tin dnh cho tn  cng ngh  GenK.vn/a_chi s_i-expand' is clicked on

29-05-2024T08:27:12 - [TEST_STEP][PASSED] - click(findTestObject("Object Repository/gamek/Page_Trang thng tin dnh cho tn  cng ngh  GenK.vn/a_Mobile")): Object: 'Object Repository/gamek/Page_Trang thng tin dnh cho tn  cng ngh  GenK.vn/a_Mobile' is clicked on

29-05-2024T08:27:13 - [MESSAGE][PASSED] - Object: 'Object Repository/gamek/Page_Trang thng tin dnh cho tn  cng ngh  GenK.vn/a_Mobile' is clicked on

29-05-2024T08:27:13 - [TEST_STEP][PASSED] - navigateToUrl("https://genk.vn/mobile.chn"): Navigate to 'https://genk.vn/mobile.chn' successfully

29-05-2024T08:27:14 - [MESSAGE][PASSED] - Navigate to 'https://genk.vn/mobile.chn' successfully

29-05-2024T08:27:14 - [TEST_STEP][PASSED] - closeBrowser(): Browser is closed

29-05-2024T08:27:14 - [MESSAGE][PASSED] - Browser is closed]]></system-out>
         <system-err><![CDATA[]]></system-err>
      </testcase>
      <testcase name="Test Cases/Gamek/verify-22" time="5.934" classname="Test Cases/Gamek/verify-22" status="PASSED">
         <system-out><![CDATA[29-05-2024T08:27:14 - [TEST_CASE][PASSED] - Test Cases/Gamek/verify-22: Test Cases/Gamek/verify-22

29-05-2024T08:27:14 - [TEST_STEP][PASSED] - openBrowser("https://genk.vn/"): Browser is opened with url: 'https://genk.vn/'

29-05-2024T08:27:14 - [MESSAGE][INFO] - Starting 'Chrome' driver

29-05-2024T08:27:14 - [MESSAGE][INFO] - Action delay is set to 0 milliseconds

29-05-2024T08:27:16 - [MESSAGE][PASSED] - Browser is opened with url: 'https://genk.vn/'

29-05-2024T08:27:16 - [TEST_STEP][PASSED] - click(findTestObject("Object Repository/gamek/Page_Trang thng tin dnh cho tn  cng ngh  GenK.vn/a_Hc lm AI_btnSearch")): Object: 'Object Repository/gamek/Page_Trang thng tin dnh cho tn  cng ngh  GenK.vn/a_Hc lm AI_btnSearch' is clicked on

29-05-2024T08:27:17 - [MESSAGE][PASSED] - Object: 'Object Repository/gamek/Page_Trang thng tin dnh cho tn  cng ngh  GenK.vn/a_Hc lm AI_btnSearch' is clicked on

29-05-2024T08:27:17 - [TEST_STEP][PASSED] - setText(findTestObject("Object Repository/gamek/Page_Trang thng tin dnh cho tn  cng ngh  GenK.vn/p_Hc lm AI_searchinput"), "hellp"): Text 'hellp' is set on object 'Object Repository/gamek/Page_Trang thng tin dnh cho tn  cng ngh  GenK.vn/p_Hc lm AI_searchinput'

29-05-2024T08:27:18 - [MESSAGE][PASSED] - Text 'hellp' is set on object 'Object Repository/gamek/Page_Trang thng tin dnh cho tn  cng ngh  GenK.vn/p_Hc lm AI_searchinput'

29-05-2024T08:27:18 - [TEST_STEP][PASSED] - click(findTestObject("Object Repository/gamek/Page_Trang thng tin dnh cho tn  cng ngh  GenK.vn/a_Hc lm AI_btnSearch")): Object: 'Object Repository/gamek/Page_Trang thng tin dnh cho tn  cng ngh  GenK.vn/a_Hc lm AI_btnSearch' is clicked on

29-05-2024T08:27:19 - [MESSAGE][PASSED] - Object: 'Object Repository/gamek/Page_Trang thng tin dnh cho tn  cng ngh  GenK.vn/a_Hc lm AI_btnSearch' is clicked on

29-05-2024T08:27:19 - [TEST_STEP][PASSED] - navigateToUrl("https://genk.vn/tim-kiem.chn?keywords=hellp"): Navigate to 'https://genk.vn/tim-kiem.chn?keywords=hellp' successfully

29-05-2024T08:27:20 - [MESSAGE][PASSED] - Navigate to 'https://genk.vn/tim-kiem.chn?keywords=hellp' successfully

29-05-2024T08:27:20 - [TEST_STEP][PASSED] - closeBrowser(): Browser is closed

29-05-2024T08:27:20 - [MESSAGE][PASSED] - Browser is closed]]></system-out>
         <system-err><![CDATA[]]></system-err>
      </testcase>
      <testcase name="Test Cases/Gamek/verify-23" time="7.304" classname="Test Cases/Gamek/verify-23" status="PASSED">
         <system-out><![CDATA[29-05-2024T08:27:20 - [TEST_CASE][PASSED] - Test Cases/Gamek/verify-23: Test Cases/Gamek/verify-23

29-05-2024T08:27:20 - [TEST_STEP][PASSED] - openBrowser("https://tinhte.vn/"): Browser is opened with url: 'https://tinhte.vn/'

29-05-2024T08:27:20 - [MESSAGE][INFO] - Starting 'Chrome' driver

29-05-2024T08:27:20 - [MESSAGE][INFO] - Action delay is set to 0 milliseconds

29-05-2024T08:27:27 - [MESSAGE][PASSED] - Browser is opened with url: 'https://tinhte.vn/'

29-05-2024T08:27:27 - [TEST_STEP][PASSED] - closeBrowser(): Browser is closed

29-05-2024T08:27:27 - [MESSAGE][PASSED] - Browser is closed]]></system-out>
         <system-err><![CDATA[]]></system-err>
      </testcase>
      <testcase name="Test Cases/Gamek/verify-24" time="15.111" classname="Test Cases/Gamek/verify-24" status="PASSED">
         <system-out><![CDATA[29-05-2024T08:27:27 - [TEST_CASE][PASSED] - Test Cases/Gamek/verify-24: Test Cases/Gamek/verify-24

29-05-2024T08:27:27 - [TEST_STEP][PASSED] - openBrowser("https://tinhte.vn/"): Browser is opened with url: 'https://tinhte.vn/'

29-05-2024T08:27:27 - [MESSAGE][INFO] - Starting 'Chrome' driver

29-05-2024T08:27:27 - [MESSAGE][INFO] - Action delay is set to 0 milliseconds

29-05-2024T08:27:34 - [MESSAGE][PASSED] - Browser is opened with url: 'https://tinhte.vn/'

29-05-2024T08:27:34 - [TEST_STEP][PASSED] - click(findTestObject("Object Repository/gamek/Page_Tinhte.vn - MXH Hi p, Review, Thng tin_e25000/div_Tinhte")): Object: 'Object Repository/gamek/Page_Tinhte.vn - MXH Hi p, Review, Thng tin_e25000/div_Tinhte' is clicked on

29-05-2024T08:27:37 - [MESSAGE][PASSED] - Object: 'Object Repository/gamek/Page_Tinhte.vn - MXH Hi p, Review, Thng tin_e25000/div_Tinhte' is clicked on

29-05-2024T08:27:37 - [TEST_STEP][PASSED] - navigateToUrl("https://tinhte.vn/"): Navigate to 'https://tinhte.vn/' successfully

29-05-2024T08:27:39 - [MESSAGE][PASSED] - Navigate to 'https://tinhte.vn/' successfully

29-05-2024T08:27:39 - [TEST_STEP][PASSED] - setText(findTestObject("Object Repository/gamek/Page_Tinhte.vn - MXH Hi p, Review, Thng tin_e25000/input_Mng x hi_search"), "helloasd"): Text 'helloasd' is set on object 'Object Repository/gamek/Page_Tinhte.vn - MXH Hi p, Review, Thng tin_e25000/input_Mng x hi_search'

29-05-2024T08:27:41 - [MESSAGE][PASSED] - Text 'helloasd' is set on object 'Object Repository/gamek/Page_Tinhte.vn - MXH Hi p, Review, Thng tin_e25000/input_Mng x hi_search'

29-05-2024T08:27:41 - [TEST_STEP][PASSED] - sendKeys(findTestObject("Object Repository/gamek/Page_Tinhte.vn - MXH Hi p, Review, Thng tin_e25000/input_Mng x hi_search"), Keys.chord(ENTER)): Keys 'ENTER + ' sent to object: 'Object Repository/gamek/Page_Tinhte.vn - MXH Hi p, Review, Thng tin_e25000/input_Mng x hi_search'

29-05-2024T08:27:42 - [MESSAGE][PASSED] - Keys 'ENTER + ' sent to object: 'Object Repository/gamek/Page_Tinhte.vn - MXH Hi p, Review, Thng tin_e25000/input_Mng x hi_search'

29-05-2024T08:27:42 - [TEST_STEP][PASSED] - closeBrowser(): Browser is closed

29-05-2024T08:27:42 - [MESSAGE][PASSED] - Browser is closed]]></system-out>
         <system-err><![CDATA[]]></system-err>
      </testcase>
      <testcase name="Test Cases/Gamek/verify-25" time="13.067" classname="Test Cases/Gamek/verify-25" status="PASSED">
         <system-out><![CDATA[29-05-2024T08:27:42 - [TEST_CASE][PASSED] - Test Cases/Gamek/verify-25: Test Cases/Gamek/verify-25

29-05-2024T08:27:42 - [TEST_STEP][PASSED] - openBrowser("https://tinhte.vn/"): Browser is opened with url: 'https://tinhte.vn/'

29-05-2024T08:27:42 - [MESSAGE][INFO] - Starting 'Chrome' driver

29-05-2024T08:27:42 - [MESSAGE][INFO] - Action delay is set to 0 milliseconds

29-05-2024T08:27:50 - [MESSAGE][PASSED] - Browser is opened with url: 'https://tinhte.vn/'

29-05-2024T08:27:50 - [TEST_STEP][PASSED] - click(findTestObject("Object Repository/gamek/Page_Tinhte.vn - MXH Hi p, Review, Thng tin_e25000/div_Mng x hi")): Object: 'Object Repository/gamek/Page_Tinhte.vn - MXH Hi p, Review, Thng tin_e25000/div_Mng x hi' is clicked on

29-05-2024T08:27:53 - [MESSAGE][PASSED] - Object: 'Object Repository/gamek/Page_Tinhte.vn - MXH Hi p, Review, Thng tin_e25000/div_Mng x hi' is clicked on

29-05-2024T08:27:53 - [TEST_STEP][PASSED] - navigateToUrl("https://tinhte.vn/"): Navigate to 'https://tinhte.vn/' successfully

29-05-2024T08:27:55 - [MESSAGE][PASSED] - Navigate to 'https://tinhte.vn/' successfully

29-05-2024T08:27:55 - [TEST_STEP][PASSED] - closeBrowser(): Browser is closed

29-05-2024T08:27:55 - [MESSAGE][PASSED] - Browser is closed]]></system-out>
         <system-err><![CDATA[]]></system-err>
      </testcase>
      <testcase name="Test Cases/Gamek/verify-26" time="8.719" classname="Test Cases/Gamek/verify-26" status="PASSED">
         <system-out><![CDATA[29-05-2024T08:27:55 - [TEST_CASE][PASSED] - Test Cases/Gamek/verify-26: Test Cases/Gamek/verify-26

29-05-2024T08:27:55 - [TEST_STEP][PASSED] - openBrowser("https://tinhte.vn/"): Browser is opened with url: 'https://tinhte.vn/'

29-05-2024T08:27:55 - [MESSAGE][INFO] - Starting 'Chrome' driver

29-05-2024T08:27:55 - [MESSAGE][INFO] - Action delay is set to 0 milliseconds

29-05-2024T08:28:03 - [MESSAGE][PASSED] - Browser is opened with url: 'https://tinhte.vn/'

29-05-2024T08:28:03 - [TEST_STEP][PASSED] - click(findTestObject("Object Repository/gamek/Page_Tinhte.vn - MXH Hi p, Review, Thng tin_e25000/span_Date_jsx-3867722346")): Object: 'Object Repository/gamek/Page_Tinhte.vn - MXH Hi p, Review, Thng tin_e25000/span_Date_jsx-3867722346' is clicked on

29-05-2024T08:28:04 - [MESSAGE][PASSED] - Object: 'Object Repository/gamek/Page_Tinhte.vn - MXH Hi p, Review, Thng tin_e25000/span_Date_jsx-3867722346' is clicked on

29-05-2024T08:28:04 - [TEST_STEP][PASSED] - closeBrowser(): Browser is closed

29-05-2024T08:28:04 - [MESSAGE][PASSED] - Browser is closed]]></system-out>
         <system-err><![CDATA[]]></system-err>
      </testcase>
      <testcase name="Test Cases/Gamek/verify-27" time="10.617" classname="Test Cases/Gamek/verify-27" status="PASSED">
         <system-out><![CDATA[29-05-2024T08:28:04 - [TEST_CASE][PASSED] - Test Cases/Gamek/verify-27: Test Cases/Gamek/verify-27

29-05-2024T08:28:04 - [TEST_STEP][PASSED] - openBrowser("https://tinhte.vn/"): Browser is opened with url: 'https://tinhte.vn/'

29-05-2024T08:28:04 - [MESSAGE][INFO] - Starting 'Chrome' driver

29-05-2024T08:28:04 - [MESSAGE][INFO] - Action delay is set to 0 milliseconds

29-05-2024T08:28:12 - [MESSAGE][PASSED] - Browser is opened with url: 'https://tinhte.vn/'

29-05-2024T08:28:12 - [TEST_STEP][PASSED] - click(findTestObject("Object Repository/gamek/Page_Tinhte.vn - MXH Hi p, Review, Thng tin_e25000/a_Sn phm cng ngh mi")): Object: 'Object Repository/gamek/Page_Tinhte.vn - MXH Hi p, Review, Thng tin_e25000/a_Sn phm cng ngh mi' is clicked on

29-05-2024T08:28:14 - [MESSAGE][PASSED] - Object: 'Object Repository/gamek/Page_Tinhte.vn - MXH Hi p, Review, Thng tin_e25000/a_Sn phm cng ngh mi' is clicked on

29-05-2024T08:28:14 - [TEST_STEP][PASSED] - navigateToUrl("https://thuvien.tinhte.vn/"): Navigate to 'https://thuvien.tinhte.vn/' successfully

29-05-2024T08:28:14 - [MESSAGE][PASSED] - Navigate to 'https://thuvien.tinhte.vn/' successfully

29-05-2024T08:28:14 - [TEST_STEP][PASSED] - closeBrowser(): Browser is closed

29-05-2024T08:28:15 - [MESSAGE][PASSED] - Browser is closed]]></system-out>
         <system-err><![CDATA[]]></system-err>
      </testcase>
      <testcase name="Test Cases/Gamek/verify-28" time="9.142" classname="Test Cases/Gamek/verify-28" status="PASSED">
         <system-out><![CDATA[29-05-2024T08:28:15 - [TEST_CASE][PASSED] - Test Cases/Gamek/verify-28: Test Cases/Gamek/verify-28

29-05-2024T08:28:15 - [TEST_STEP][PASSED] - openBrowser("https://fptshop.com.vn/"): Browser is opened with url: 'https://fptshop.com.vn/'

29-05-2024T08:28:15 - [MESSAGE][INFO] - Starting 'Chrome' driver

29-05-2024T08:28:15 - [MESSAGE][INFO] - Action delay is set to 0 milliseconds

29-05-2024T08:28:22 - [MESSAGE][PASSED] - Browser is opened with url: 'https://fptshop.com.vn/'

29-05-2024T08:28:22 - [TEST_STEP][PASSED] - navigateToUrl("https://fptshop.com.vn/tim-kiem/iphone"): Navigate to 'https://fptshop.com.vn/tim-kiem/iphone' successfully

29-05-2024T08:28:24 - [MESSAGE][PASSED] - Navigate to 'https://fptshop.com.vn/tim-kiem/iphone' successfully

29-05-2024T08:28:24 - [TEST_STEP][PASSED] - closeBrowser(): Browser is closed

29-05-2024T08:28:24 - [MESSAGE][PASSED] - Browser is closed]]></system-out>
         <system-err><![CDATA[]]></system-err>
      </testcase>
      <testcase name="Test Cases/Gamek/verify-29" time="15.71" classname="Test Cases/Gamek/verify-29" status="PASSED">
         <system-out><![CDATA[29-05-2024T08:28:24 - [TEST_CASE][PASSED] - Test Cases/Gamek/verify-29: Test Cases/Gamek/verify-29

29-05-2024T08:28:24 - [TEST_STEP][PASSED] - openBrowser("https://tinhte.vn/"): Browser is opened with url: 'https://tinhte.vn/'

29-05-2024T08:28:24 - [MESSAGE][INFO] - Starting 'Chrome' driver

29-05-2024T08:28:24 - [MESSAGE][INFO] - Action delay is set to 0 milliseconds

29-05-2024T08:28:31 - [MESSAGE][PASSED] - Browser is opened with url: 'https://tinhte.vn/'

29-05-2024T08:28:31 - [TEST_STEP][PASSED] - navigateToUrl("https://tinhte.vn/thread/decode-cam-bien-chuot-quang-hoat-dong-the-nao-toc-do-dpi-chuot-la-gi-co-can-toi-20-30-nghin-dpi.3791214/"): Navigate to 'https://tinhte.vn/thread/decode-cam-bien-chuot-quang-hoat-dong-the-nao-toc-do-dpi-chuot-la-gi-co-can-toi-20-30-nghin-dpi.3791214/' successfully

29-05-2024T08:28:39 - [MESSAGE][PASSED] - Navigate to 'https://tinhte.vn/thread/decode-cam-bien-chuot-quang-hoat-dong-the-nao-toc-do-dpi-chuot-la-gi-co-can-toi-20-30-nghin-dpi.3791214/' successfully

29-05-2024T08:28:39 - [TEST_STEP][PASSED] - closeBrowser(): Browser is closed

29-05-2024T08:28:40 - [MESSAGE][PASSED] - Browser is closed]]></system-out>
         <system-err><![CDATA[]]></system-err>
      </testcase>
      <testcase name="Test Cases/Gamek/verify-3" time="2.475" classname="Test Cases/Gamek/verify-3" status="PASSED">
         <system-out><![CDATA[29-05-2024T08:28:40 - [TEST_CASE][PASSED] - Test Cases/Gamek/verify-3: Test Cases/Gamek/verify-3

29-05-2024T08:28:40 - [TEST_STEP][PASSED] - openBrowser("https://www.google.com.vn/"): Browser is opened with url: 'https://www.google.com.vn/'

29-05-2024T08:28:40 - [MESSAGE][INFO] - Starting 'Chrome' driver

29-05-2024T08:28:40 - [MESSAGE][INFO] - Action delay is set to 0 milliseconds

29-05-2024T08:28:41 - [MESSAGE][PASSED] - Browser is opened with url: 'https://www.google.com.vn/'

29-05-2024T08:28:41 - [TEST_STEP][PASSED] - rightClick(findTestObject("Object Repository/gamek/Page_Google/img_ng nhp_lnXdpd")): Object: 'Object Repository/gamek/Page_Google/img_ng nhp_lnXdpd' is right clicked on

29-05-2024T08:28:42 - [MESSAGE][PASSED] - Object: 'Object Repository/gamek/Page_Google/img_ng nhp_lnXdpd' is right clicked on

29-05-2024T08:28:42 - [TEST_STEP][PASSED] - closeBrowser(): Browser is closed

29-05-2024T08:28:42 - [MESSAGE][PASSED] - Browser is closed]]></system-out>
         <system-err><![CDATA[]]></system-err>
      </testcase>
      <testcase name="Test Cases/Gamek/verify-30" time="8.117" classname="Test Cases/Gamek/verify-30" status="PASSED">
         <system-out><![CDATA[29-05-2024T08:28:42 - [TEST_CASE][PASSED] - Test Cases/Gamek/verify-30: Test Cases/Gamek/verify-30

29-05-2024T08:28:42 - [TEST_STEP][PASSED] - openBrowser("https://tinhte.vn/"): Browser is opened with url: 'https://tinhte.vn/'

29-05-2024T08:28:42 - [MESSAGE][INFO] - Starting 'Chrome' driver

29-05-2024T08:28:42 - [MESSAGE][INFO] - Action delay is set to 0 milliseconds

29-05-2024T08:28:49 - [MESSAGE][PASSED] - Browser is opened with url: 'https://tinhte.vn/'

29-05-2024T08:28:49 - [TEST_STEP][PASSED] - navigateToUrl("https://tinhte.vn/khcn/"): Navigate to 'https://tinhte.vn/khcn/' successfully

29-05-2024T08:28:50 - [MESSAGE][PASSED] - Navigate to 'https://tinhte.vn/khcn/' successfully

29-05-2024T08:28:50 - [TEST_STEP][PASSED] - closeBrowser(): Browser is closed

29-05-2024T08:28:50 - [MESSAGE][PASSED] - Browser is closed]]></system-out>
         <system-err><![CDATA[]]></system-err>
      </testcase>
      <testcase name="Test Cases/Gamek/verify-31" time="8.512" classname="Test Cases/Gamek/verify-31" status="PASSED">
         <system-out><![CDATA[29-05-2024T08:28:50 - [TEST_CASE][PASSED] - Test Cases/Gamek/verify-31: Test Cases/Gamek/verify-31

29-05-2024T08:28:50 - [TEST_STEP][PASSED] - openBrowser("https://tinhte.vn/"): Browser is opened with url: 'https://tinhte.vn/'

29-05-2024T08:28:50 - [MESSAGE][INFO] - Starting 'Chrome' driver

29-05-2024T08:28:50 - [MESSAGE][INFO] - Action delay is set to 0 milliseconds

29-05-2024T08:28:57 - [MESSAGE][PASSED] - Browser is opened with url: 'https://tinhte.vn/'

29-05-2024T08:28:57 - [TEST_STEP][PASSED] - setText(findTestObject("Object Repository/gamek/Page_Tinhte.vn - MXH Hi p, Review, Thng tin_e25000/input_Mng x hi_search (1)"), "1"): Text '1' is set on object 'Object Repository/gamek/Page_Tinhte.vn - MXH Hi p, Review, Thng tin_e25000/input_Mng x hi_search (1)'

29-05-2024T08:28:58 - [MESSAGE][PASSED] - Text '1' is set on object 'Object Repository/gamek/Page_Tinhte.vn - MXH Hi p, Review, Thng tin_e25000/input_Mng x hi_search (1)'

29-05-2024T08:28:58 - [TEST_STEP][PASSED] - closeBrowser(): Browser is closed

29-05-2024T08:28:59 - [MESSAGE][PASSED] - Browser is closed]]></system-out>
         <system-err><![CDATA[]]></system-err>
      </testcase>
      <testcase name="Test Cases/Gamek/verify-32" time="14.875" classname="Test Cases/Gamek/verify-32" status="PASSED">
         <system-out><![CDATA[29-05-2024T08:28:59 - [TEST_CASE][PASSED] - Test Cases/Gamek/verify-32: Test Cases/Gamek/verify-32

29-05-2024T08:28:59 - [TEST_STEP][PASSED] - openBrowser("https://tinhte.vn/"): Browser is opened with url: 'https://tinhte.vn/'

29-05-2024T08:28:59 - [MESSAGE][INFO] - Starting 'Chrome' driver

29-05-2024T08:28:59 - [MESSAGE][INFO] - Action delay is set to 0 milliseconds

29-05-2024T08:29:05 - [MESSAGE][PASSED] - Browser is opened with url: 'https://tinhte.vn/'

29-05-2024T08:29:05 - [TEST_STEP][PASSED] - navigateToUrl("https://tinhte.vn/"): Navigate to 'https://tinhte.vn/' successfully

29-05-2024T08:29:07 - [MESSAGE][PASSED] - Navigate to 'https://tinhte.vn/' successfully

29-05-2024T08:29:07 - [TEST_STEP][PASSED] - click(findTestObject("Object Repository/gamek/Page_Tinhte.vn - MXH Hi p, Review, Thng tin_e25000/a_Mua bn camera")): Object: 'Object Repository/gamek/Page_Tinhte.vn - MXH Hi p, Review, Thng tin_e25000/a_Mua bn camera' is clicked on

29-05-2024T08:29:13 - [MESSAGE][PASSED] - Object: 'Object Repository/gamek/Page_Tinhte.vn - MXH Hi p, Review, Thng tin_e25000/a_Mua bn camera' is clicked on

29-05-2024T08:29:13 - [TEST_STEP][PASSED] - closeBrowser(): Browser is closed

29-05-2024T08:29:14 - [MESSAGE][PASSED] - Browser is closed]]></system-out>
         <system-err><![CDATA[]]></system-err>
      </testcase>
      <testcase name="Test Cases/Gamek/Verify-4" time="4.791" classname="Test Cases/Gamek/Verify-4" status="PASSED">
         <system-out><![CDATA[29-05-2024T08:29:14 - [TEST_CASE][PASSED] - Test Cases/Gamek/Verify-4: Test Cases/Gamek/Verify-4

29-05-2024T08:29:14 - [TEST_STEP][PASSED] - openBrowser("https://www.google.com.vn/"): Browser is opened with url: 'https://www.google.com.vn/'

29-05-2024T08:29:14 - [MESSAGE][INFO] - Starting 'Chrome' driver

29-05-2024T08:29:14 - [MESSAGE][INFO] - Action delay is set to 0 milliseconds

29-05-2024T08:29:16 - [MESSAGE][PASSED] - Browser is opened with url: 'https://www.google.com.vn/'

29-05-2024T08:29:16 - [TEST_STEP][PASSED] - setText(findTestObject("Object Repository/gamek/Page_Google/textarea_ng nhp_q"), "hello"): Text 'hello' is set on object 'Object Repository/gamek/Page_Google/textarea_ng nhp_q'

29-05-2024T08:29:16 - [MESSAGE][PASSED] - Text 'hello' is set on object 'Object Repository/gamek/Page_Google/textarea_ng nhp_q'

29-05-2024T08:29:16 - [TEST_STEP][PASSED] - navigateToUrl("https://www.youtube.com/watch?v=YQHsXMglC9A"): Navigate to 'https://www.youtube.com/watch?v=YQHsXMglC9A' successfully

29-05-2024T08:29:18 - [MESSAGE][PASSED] - Navigate to 'https://www.youtube.com/watch?v=YQHsXMglC9A' successfully

29-05-2024T08:29:18 - [TEST_STEP][PASSED] - closeBrowser(): Browser is closed

29-05-2024T08:29:18 - [MESSAGE][PASSED] - Browser is closed]]></system-out>
         <system-err><![CDATA[]]></system-err>
      </testcase>
      <testcase name="Test Cases/Gamek/verify-5" time="5.393" classname="Test Cases/Gamek/verify-5" status="PASSED">
         <system-out><![CDATA[29-05-2024T08:29:18 - [TEST_CASE][PASSED] - Test Cases/Gamek/verify-5: Test Cases/Gamek/verify-5

29-05-2024T08:29:18 - [TEST_STEP][PASSED] - openBrowser("https://www.google.com.vn/"): Browser is opened with url: 'https://www.google.com.vn/'

29-05-2024T08:29:18 - [MESSAGE][INFO] - Starting 'Chrome' driver

29-05-2024T08:29:18 - [MESSAGE][INFO] - Action delay is set to 0 milliseconds

29-05-2024T08:29:20 - [MESSAGE][PASSED] - Browser is opened with url: 'https://www.google.com.vn/'

29-05-2024T08:29:20 - [TEST_STEP][PASSED] - click(findTestObject("Object Repository/gamek/Page_Google/button_sau")): Object: 'Object Repository/gamek/Page_Google/button_sau' is clicked on

29-05-2024T08:29:21 - [MESSAGE][PASSED] - Object: 'Object Repository/gamek/Page_Google/button_sau' is clicked on

29-05-2024T08:29:21 - [TEST_STEP][PASSED] - click(findTestObject("Object Repository/gamek/Page_Google/a_Qung co")): Object: 'Object Repository/gamek/Page_Google/a_Qung co' is clicked on

29-05-2024T08:29:23 - [MESSAGE][PASSED] - Object: 'Object Repository/gamek/Page_Google/a_Qung co' is clicked on

29-05-2024T08:29:23 - [TEST_STEP][PASSED] - navigateToUrl("https://ads.google.com/intl/vi_vn/home/?subid=ww-ww-et-g-awa-a-g_hpafoot1_1!o2&utm_source=google.com&utm_medium=referral&utm_campaign=google_hpafooter&fg=1"): Navigate to 'https://ads.google.com/intl/vi_vn/home/?subid=ww-ww-et-g-awa-a-g_hpafoot1_1!o2&utm_source=google.com&utm_medium=referral&utm_campaign=google_hpafooter&fg=1' successfully

29-05-2024T08:29:24 - [MESSAGE][PASSED] - Navigate to 'https://ads.google.com/intl/vi_vn/home/?subid=ww-ww-et-g-awa-a-g_hpafoot1_1!o2&utm_source=google.com&utm_medium=referral&utm_campaign=google_hpafooter&fg=1' successfully

29-05-2024T08:29:24 - [TEST_STEP][PASSED] - closeBrowser(): Browser is closed

29-05-2024T08:29:24 - [MESSAGE][PASSED] - Browser is closed]]></system-out>
         <system-err><![CDATA[]]></system-err>
      </testcase>
      <testcase name="Test Cases/Gamek/verify-6" time="4.864" classname="Test Cases/Gamek/verify-6" status="PASSED">
         <system-out><![CDATA[29-05-2024T08:29:24 - [TEST_CASE][PASSED] - Test Cases/Gamek/verify-6: Test Cases/Gamek/verify-6

29-05-2024T08:29:24 - [TEST_STEP][PASSED] - openBrowser("https://www.google.com.vn/"): Browser is opened with url: 'https://www.google.com.vn/'

29-05-2024T08:29:24 - [MESSAGE][INFO] - Starting 'Chrome' driver

29-05-2024T08:29:24 - [MESSAGE][INFO] - Action delay is set to 0 milliseconds

29-05-2024T08:29:26 - [MESSAGE][PASSED] - Browser is opened with url: 'https://www.google.com.vn/'

29-05-2024T08:29:26 - [TEST_STEP][PASSED] - click(findTestObject("Object Repository/gamek/Page_Google/a_Gii thiu")): Object: 'Object Repository/gamek/Page_Google/a_Gii thiu' is clicked on

29-05-2024T08:29:28 - [MESSAGE][PASSED] - Object: 'Object Repository/gamek/Page_Google/a_Gii thiu' is clicked on

29-05-2024T08:29:28 - [TEST_STEP][PASSED] - navigateToUrl("https://about.google/?utm_source=google-VN&utm_medium=referral&utm_campaign=hp-footer&fg=1"): Navigate to 'https://about.google/?utm_source=google-VN&utm_medium=referral&utm_campaign=hp-footer&fg=1' successfully

29-05-2024T08:29:28 - [MESSAGE][PASSED] - Navigate to 'https://about.google/?utm_source=google-VN&utm_medium=referral&utm_campaign=hp-footer&fg=1' successfully

29-05-2024T08:29:28 - [TEST_STEP][PASSED] - closeBrowser(): Browser is closed

29-05-2024T08:29:29 - [MESSAGE][PASSED] - Browser is closed]]></system-out>
         <system-err><![CDATA[]]></system-err>
      </testcase>
      <testcase name="Test Cases/Gamek/verify-7" time="3.04" classname="Test Cases/Gamek/verify-7" status="PASSED">
         <system-out><![CDATA[29-05-2024T08:29:29 - [TEST_CASE][PASSED] - Test Cases/Gamek/verify-7: Test Cases/Gamek/verify-7

29-05-2024T08:29:29 - [TEST_STEP][PASSED] - openBrowser("https://www.google.com.vn/"): Browser is opened with url: 'https://www.google.com.vn/'

29-05-2024T08:29:29 - [MESSAGE][INFO] - Starting 'Chrome' driver

29-05-2024T08:29:29 - [MESSAGE][INFO] - Action delay is set to 0 milliseconds

29-05-2024T08:29:30 - [MESSAGE][PASSED] - Browser is opened with url: 'https://www.google.com.vn/'

29-05-2024T08:29:30 - [TEST_STEP][PASSED] - navigateToUrl("https://www.google.com/search/howsearchworks/?fg=1"): Navigate to 'https://www.google.com/search/howsearchworks/?fg=1' successfully

29-05-2024T08:29:31 - [MESSAGE][PASSED] - Navigate to 'https://www.google.com/search/howsearchworks/?fg=1' successfully

29-05-2024T08:29:31 - [TEST_STEP][PASSED] - closeBrowser(): Browser is closed

29-05-2024T08:29:32 - [MESSAGE][PASSED] - Browser is closed]]></system-out>
         <system-err><![CDATA[]]></system-err>
      </testcase>
      <testcase name="Test Cases/Gamek/verify-8" time="6.115" classname="Test Cases/Gamek/verify-8" status="PASSED">
         <system-out><![CDATA[29-05-2024T08:29:32 - [TEST_CASE][PASSED] - Test Cases/Gamek/verify-8: Test Cases/Gamek/verify-8

29-05-2024T08:29:32 - [TEST_STEP][PASSED] - openBrowser("https://www.google.com.vn/"): Browser is opened with url: 'https://www.google.com.vn/'

29-05-2024T08:29:32 - [MESSAGE][INFO] - Starting 'Chrome' driver

29-05-2024T08:29:32 - [MESSAGE][INFO] - Action delay is set to 0 milliseconds

29-05-2024T08:29:34 - [MESSAGE][PASSED] - Browser is opened with url: 'https://www.google.com.vn/'

29-05-2024T08:29:34 - [TEST_STEP][PASSED] - click(findTestObject("Object Repository/gamek/Page_Google/a_Quyn ring t")): Object: 'Object Repository/gamek/Page_Google/a_Quyn ring t' is clicked on

29-05-2024T08:29:36 - [MESSAGE][PASSED] - Object: 'Object Repository/gamek/Page_Google/a_Quyn ring t' is clicked on

29-05-2024T08:29:36 - [TEST_STEP][PASSED] - navigateToUrl("https://policies.google.com/privacy?hl=vi&fg=1"): Navigate to 'https://policies.google.com/privacy?hl=vi&fg=1' successfully

29-05-2024T08:29:37 - [MESSAGE][PASSED] - Navigate to 'https://policies.google.com/privacy?hl=vi&fg=1' successfully

29-05-2024T08:29:37 - [TEST_STEP][PASSED] - closeBrowser(): Browser is closed

29-05-2024T08:29:38 - [MESSAGE][PASSED] - Browser is closed]]></system-out>
         <system-err><![CDATA[]]></system-err>
      </testcase>
      <testcase name="Test Cases/Gamek/verify-9" time="3.457" classname="Test Cases/Gamek/verify-9" status="PASSED">
         <system-out><![CDATA[29-05-2024T08:29:38 - [TEST_CASE][PASSED] - Test Cases/Gamek/verify-9: Test Cases/Gamek/verify-9

29-05-2024T08:29:38 - [TEST_STEP][PASSED] - openBrowser("https://genk.vn/"): Browser is opened with url: 'https://genk.vn/'

29-05-2024T08:29:38 - [MESSAGE][INFO] - Starting 'Chrome' driver

29-05-2024T08:29:38 - [MESSAGE][INFO] - Action delay is set to 0 milliseconds

29-05-2024T08:29:41 - [MESSAGE][PASSED] - Browser is opened with url: 'https://genk.vn/'

29-05-2024T08:29:41 - [TEST_STEP][PASSED] - closeBrowser(): Browser is closed

29-05-2024T08:29:41 - [MESSAGE][PASSED] - Browser is closed]]></system-out>
         <system-err><![CDATA[]]></system-err>
      </testcase>
      <testcase name="Test Cases/Gamek/Verify-mobie" time="4.253" classname="Test Cases/Gamek/Verify-mobie" status="PASSED">
         <system-out><![CDATA[29-05-2024T08:29:41 - [TEST_CASE][PASSED] - Test Cases/Gamek/Verify-mobie: Test Cases/Gamek/Verify-mobie

29-05-2024T08:29:41 - [TEST_STEP][PASSED] - openBrowser("https://gamek.vn/"): Browser is opened with url: 'https://gamek.vn/'

29-05-2024T08:29:41 - [MESSAGE][INFO] - Starting 'Chrome' driver

29-05-2024T08:29:41 - [MESSAGE][INFO] - Action delay is set to 0 milliseconds

29-05-2024T08:29:44 - [MESSAGE][PASSED] - Browser is opened with url: 'https://gamek.vn/'

29-05-2024T08:29:44 - [TEST_STEP][PASSED] - rightClick(findTestObject("Object Repository/gamek/Page_Knh tin Game ln nht, th vin Game y  nht/img_RSS_mb10")): Object: 'Object Repository/gamek/Page_Knh tin Game ln nht, th vin Game y  nht/img_RSS_mb10' is right clicked on

29-05-2024T08:29:45 - [MESSAGE][PASSED] - Object: 'Object Repository/gamek/Page_Knh tin Game ln nht, th vin Game y  nht/img_RSS_mb10' is right clicked on

29-05-2024T08:29:45 - [TEST_STEP][PASSED] - verifyElementVisible(findTestObject("Object Repository/gamek/Page_Knh tin Game ln nht, th vin Game y  nht/div_Copyright 2007 - 2024  Cng ty C phn VCC_c114ea")): Object 'Object Repository/gamek/Page_Knh tin Game ln nht, th vin Game y  nht/div_Copyright 2007 - 2024  Cng ty C phn VCC_c114ea' is visible

29-05-2024T08:29:45 - [MESSAGE][PASSED] - Object 'Object Repository/gamek/Page_Knh tin Game ln nht, th vin Game y  nht/div_Copyright 2007 - 2024  Cng ty C phn VCC_c114ea' is visible

29-05-2024T08:29:45 - [TEST_STEP][PASSED] - closeBrowser(): Browser is closed

29-05-2024T08:29:45 - [MESSAGE][PASSED] - Browser is closed]]></system-out>
         <system-err><![CDATA[]]></system-err>
      </testcase>
      <testcase name="Test Cases/Gamek/verify-33" time="10.819" classname="Test Cases/Gamek/verify-33" status="PASSED">
         <system-out><![CDATA[29-05-2024T08:29:45 - [TEST_CASE][PASSED] - Test Cases/Gamek/verify-33: Test Cases/Gamek/verify-33

29-05-2024T08:29:45 - [TEST_STEP][PASSED] - openBrowser(""): Browser is opened with url: ''

29-05-2024T08:29:45 - [MESSAGE][INFO] - Starting 'Chrome' driver

29-05-2024T08:29:45 - [MESSAGE][INFO] - Action delay is set to 0 milliseconds

29-05-2024T08:29:46 - [MESSAGE][PASSED] - Browser is opened with url: ''

29-05-2024T08:29:46 - [TEST_STEP][PASSED] - navigateToUrl("https://pythoninstitute.org/pcep"): Navigate to 'https://pythoninstitute.org/pcep' successfully

29-05-2024T08:29:50 - [MESSAGE][PASSED] - Navigate to 'https://pythoninstitute.org/pcep' successfully

29-05-2024T08:29:50 - [TEST_STEP][PASSED] - click(findTestObject("Object Repository/gamek/Page_PCEP/img")): Object: 'Object Repository/gamek/Page_PCEP/img' is clicked on

29-05-2024T08:29:56 - [MESSAGE][PASSED] - Object: 'Object Repository/gamek/Page_PCEP/img' is clicked on

29-05-2024T08:29:56 - [TEST_STEP][PASSED] - closeBrowser(): Browser is closed

29-05-2024T08:29:56 - [MESSAGE][PASSED] - Browser is closed]]></system-out>
         <system-err><![CDATA[]]></system-err>
      </testcase>
      <testcase name="Test Cases/Gamek/verify-34" time="9.236" classname="Test Cases/Gamek/verify-34" status="PASSED">
         <system-out><![CDATA[29-05-2024T08:29:56 - [TEST_CASE][PASSED] - Test Cases/Gamek/verify-34: Test Cases/Gamek/verify-34

29-05-2024T08:29:56 - [TEST_STEP][PASSED] - openBrowser(""): Browser is opened with url: ''

29-05-2024T08:29:56 - [MESSAGE][INFO] - Starting 'Chrome' driver

29-05-2024T08:29:56 - [MESSAGE][INFO] - Action delay is set to 0 milliseconds

29-05-2024T08:29:57 - [MESSAGE][PASSED] - Browser is opened with url: ''

29-05-2024T08:29:57 - [TEST_STEP][PASSED] - navigateToUrl("https://pythoninstitute.org/pcep"): Navigate to 'https://pythoninstitute.org/pcep' successfully

29-05-2024T08:30:02 - [MESSAGE][PASSED] - Navigate to 'https://pythoninstitute.org/pcep' successfully

29-05-2024T08:30:02 - [TEST_STEP][PASSED] - click(findTestObject("Object Repository/Page_PCEP/a_Terms and Conditions")): Object: 'Object Repository/Page_PCEP/a_Terms and Conditions' is clicked on

29-05-2024T08:30:05 - [MESSAGE][PASSED] - Object: 'Object Repository/Page_PCEP/a_Terms and Conditions' is clicked on

29-05-2024T08:30:05 - [TEST_STEP][PASSED] - closeBrowser(): Browser is closed

29-05-2024T08:30:06 - [MESSAGE][PASSED] - Browser is closed]]></system-out>
         <system-err><![CDATA[]]></system-err>
      </testcase>
      <testcase name="Test Cases/Gamek/verify-35" time="16.835" classname="Test Cases/Gamek/verify-35" status="PASSED">
         <system-out><![CDATA[29-05-2024T08:30:06 - [TEST_CASE][PASSED] - Test Cases/Gamek/verify-35: Test Cases/Gamek/verify-35

29-05-2024T08:30:06 - [TEST_STEP][PASSED] - openBrowser(""): Browser is opened with url: ''

29-05-2024T08:30:06 - [MESSAGE][INFO] - Starting 'Chrome' driver

29-05-2024T08:30:06 - [MESSAGE][INFO] - Action delay is set to 0 milliseconds

29-05-2024T08:30:06 - [MESSAGE][PASSED] - Browser is opened with url: ''

29-05-2024T08:30:06 - [TEST_STEP][PASSED] - navigateToUrl("https://pythoninstitute.org/pcep"): Navigate to 'https://pythoninstitute.org/pcep' successfully

29-05-2024T08:30:10 - [MESSAGE][PASSED] - Navigate to 'https://pythoninstitute.org/pcep' successfully

29-05-2024T08:30:10 - [TEST_STEP][PASSED] - click(findTestObject("Object Repository/Page_PCEP/Page_PCEP/a_Voucher Store")): Object: 'Object Repository/Page_PCEP/Page_PCEP/a_Voucher Store' is clicked on

29-05-2024T08:30:22 - [MESSAGE][PASSED] - Object: 'Object Repository/Page_PCEP/Page_PCEP/a_Voucher Store' is clicked on

29-05-2024T08:30:22 - [TEST_STEP][PASSED] - closeBrowser(): Browser is closed

29-05-2024T08:30:22 - [MESSAGE][PASSED] - Browser is closed]]></system-out>
         <system-err><![CDATA[]]></system-err>
      </testcase>
      <system-out><![CDATA[29-05-2024T08:26:02 - [TEST_SUITE][PASSED] - test-game-k: Test Cases/Gamek/verify-35]]></system-out>
      <system-err><![CDATA[]]></system-err>
   </testsuite>
</testsuites>
