<?xml version="1.0" encoding="UTF-8"?>
<testsuites name="check-development-path" time="51.684" tests="2" failures="0" errors="0">
   <testsuite name="check-development-path" tests="2" failures="0" errors="0" time="51.684" skipped="0" timestamp="28-05-2024T21:46:17" hostname="ToanLa - DESKTOP-QSIPVT9" id="Test Suites/KMS/check-development-path">
      <properties>
         <property name="deviceName" value=""/>
         <property name="devicePlatform" value=""/>
         <property name="logFolder" value="C:\\Users\\ToanLa\\git\\katalon\\Reports\\20240528_214204\\KMS\\check-development-path\\20240528_214239"/>
         <property name="logFiles" value="C:\\Users\\ToanLa\\git\\katalon\\Reports\\20240528_214204\\KMS\\check-development-path\\20240528_214239\\execution0.log"/>
         <property name="attachments" value=""/>
         <property name="hostName" value="ToanLa - DESKTOP-QSIPVT9"/>
         <property name="os" value="Windows 11 64bit"/>
         <property name="katalonVersion" value="9.4.0.212"/>
         <property name="browser" value="Chrome 125.0.0.0"/>
         <property name="hostAddress" value="192.168.1.8"/>
         <property name="sessionId" value="9cf4a6806236f9a00028eef955f20e40"/>
         <property name="seleniumVersion" value="3.141.59"/>
         <property name="proxyInformation" value="ProxyInformation { proxyOption=NO_PROXY, proxyServerType=HTTP, username=, password=********, proxyServerAddress=, proxyServerPort=0, executionList=&quot;&quot;, isApplyToDesiredCapabilities=true }"/>
         <property name="platform" value="Windows 11"/>
      </properties>
      <testcase name="Test Cases/KMS/KMS-Software-Development" time="26.383" classname="Test Cases/KMS/KMS-Software-Development" status="PASSED">
         <system-out><![CDATA[28-05-2024T21:46:17 - [TEST_CASE][PASSED] - Test Cases/KMS/KMS-Software-Development: Test Cases/KMS/KMS-Software-Development

28-05-2024T21:46:18 - [TEST_STEP][PASSED] - openBrowser(""): Browser is opened with url: ''

28-05-2024T21:46:19 - [MESSAGE][INFO] - Starting 'Chrome' driver

28-05-2024T21:46:19 - [MESSAGE][INFO] - Action delay is set to 0 milliseconds

28-05-2024T21:46:21 - [MESSAGE][PASSED] - Browser is opened with url: ''

28-05-2024T21:46:21 - [TEST_STEP][PASSED] - navigateToUrl("https://kms-technology.com/"): Navigate to 'https://kms-technology.com/' successfully

28-05-2024T21:46:42 - [MESSAGE][PASSED] - Navigate to 'https://kms-technology.com/' successfully

28-05-2024T21:46:42 - [TEST_STEP][PASSED] - verifyElementClickable(findTestObject("Object Repository/KMS/Page_Custom Software Development  Consultin_0ef814/a_Software Development")): Object 'Object Repository/KMS/Page_Custom Software Development  Consultin_0ef814/a_Software Development' is clickable

28-05-2024T21:46:43 - [MESSAGE][PASSED] - Object 'Object Repository/KMS/Page_Custom Software Development  Consultin_0ef814/a_Software Development' is clickable

28-05-2024T21:46:43 - [TEST_STEP][PASSED] - closeBrowser(): Browser is closed

28-05-2024T21:46:44 - [MESSAGE][PASSED] - Browser is closed]]></system-out>
         <system-err><![CDATA[]]></system-err>
      </testcase>
      <testcase name="Test Cases/KMS/KMS-Solution" time="24.834" classname="Test Cases/KMS/KMS-Solution" status="PASSED">
         <system-out><![CDATA[28-05-2024T21:46:44 - [TEST_CASE][PASSED] - Test Cases/KMS/KMS-Solution: Test Cases/KMS/KMS-Solution

28-05-2024T21:46:44 - [TEST_STEP][PASSED] - openBrowser(""): Browser is opened with url: ''

28-05-2024T21:46:44 - [MESSAGE][INFO] - Starting 'Chrome' driver

28-05-2024T21:46:44 - [MESSAGE][INFO] - Action delay is set to 0 milliseconds

28-05-2024T21:46:45 - [MESSAGE][PASSED] - Browser is opened with url: ''

28-05-2024T21:46:45 - [TEST_STEP][PASSED] - navigateToUrl("https://kms-technology.com/"): Navigate to 'https://kms-technology.com/' successfully

28-05-2024T21:47:06 - [MESSAGE][PASSED] - Navigate to 'https://kms-technology.com/' successfully

28-05-2024T21:47:06 - [TEST_STEP][PASSED] - verifyElementVisible(findTestObject("Object Repository/KMS/Page_Custom Software Development  Consultin_0ef814/div_SOLUTIONSAI  Machine LearningCloud Migr_a6bdfe")): Object 'Object Repository/KMS/Page_Custom Software Development  Consultin_0ef814/div_SOLUTIONSAI  Machine LearningCloud Migr_a6bdfe' is visible

28-05-2024T21:47:06 - [MESSAGE][PASSED] - Object 'Object Repository/KMS/Page_Custom Software Development  Consultin_0ef814/div_SOLUTIONSAI  Machine LearningCloud Migr_a6bdfe' is visible

28-05-2024T21:47:06 - [TEST_STEP][PASSED] - verifyElementText(findTestObject("Object Repository/KMS/Page_Custom Software Development  Consultin_0ef814/h5_SOLUTIONS"), "SOLUTIONS"): Actual text and expected text of test object 'Object Repository/KMS/Page_Custom Software Development  Consultin_0ef814/h5_SOLUTIONS' are matched.

28-05-2024T21:47:08 - [MESSAGE][PASSED] - Actual text and expected text of test object 'Object Repository/KMS/Page_Custom Software Development  Consultin_0ef814/h5_SOLUTIONS' are matched.

28-05-2024T21:47:08 - [TEST_STEP][PASSED] - closeBrowser(): Browser is closed

28-05-2024T21:47:08 - [MESSAGE][PASSED] - Browser is closed]]></system-out>
         <system-err><![CDATA[]]></system-err>
      </testcase>
      <system-out><![CDATA[28-05-2024T21:46:17 - [TEST_SUITE][PASSED] - check-development-path: Test Cases/KMS/KMS-Solution]]></system-out>
      <system-err><![CDATA[]]></system-err>
   </testsuite>
</testsuites>
