<?xml version="1.0" encoding="UTF-8"?>
<testsuites name="all-bbk" time="263.866" tests="8" failures="0" errors="0">
   <testsuite name="all-bbk" tests="8" failures="0" errors="0" time="263.866" skipped="0" timestamp="27-05-2024T21:17:39" hostname="ToanLa - DESKTOP-QSIPVT9" id="Test Suites/BBK/all-bbk">
      <properties>
         <property name="deviceName" value=""/>
         <property name="devicePlatform" value=""/>
         <property name="logFolder" value="C:\\Users\\ToanLa\\git\\katalon\\Reports\\20240527_211732\\BBK\\all-bbk\\20240527_211732"/>
         <property name="logFiles" value="C:\\Users\\ToanLa\\git\\katalon\\Reports\\20240527_211732\\BBK\\all-bbk\\20240527_211732\\execution0.log"/>
         <property name="attachments" value=""/>
         <property name="hostName" value="ToanLa - DESKTOP-QSIPVT9"/>
         <property name="os" value="Windows 11 64bit"/>
         <property name="katalonVersion" value="9.4.0.212"/>
         <property name="browser" value="Chrome 125.0.0.0"/>
         <property name="hostAddress" value="192.168.1.10"/>
         <property name="sessionId" value="ec17304396d502f36ff14c620df53c2c"/>
         <property name="seleniumVersion" value="3.141.59"/>
         <property name="proxyInformation" value="ProxyInformation { proxyOption=NO_PROXY, proxyServerType=HTTP, username=, password=********, proxyServerAddress=, proxyServerPort=0, executionList=&quot;&quot;, isApplyToDesiredCapabilities=true }"/>
         <property name="platform" value="Windows 11"/>
      </properties>
      <testcase name="Test Cases/BBK/check-button-1" time="40.93" classname="Test Cases/BBK/check-button-1" status="PASSED">
         <system-out><![CDATA[27-05-2024T21:17:39 - [TEST_CASE][PASSED] - Test Cases/BBK/check-button-1: Test Cases/BBK/check-button-1

27-05-2024T21:17:40 - [TEST_STEP][PASSED] - openBrowser(""): Browser is opened with url: ''

27-05-2024T21:17:40 - [MESSAGE][INFO] - Starting 'Chrome' driver

27-05-2024T21:17:40 - [MESSAGE][INFO] - Action delay is set to 0 milliseconds

27-05-2024T21:17:42 - [MESSAGE][PASSED] - Browser is opened with url: ''

27-05-2024T21:17:42 - [TEST_STEP][PASSED] - navigateToUrl("https://www.kbb.com/"): Navigate to 'https://www.kbb.com/' successfully

27-05-2024T21:17:49 - [MESSAGE][PASSED] - Navigate to 'https://www.kbb.com/' successfully

27-05-2024T21:17:49 - [TEST_STEP][PASSED] - verifyElementVisible(findTestObject("Object Repository/BBK/Page_Kelley Blue Book  New and Used Car Pri_e90311/span_Price NewUsed")): Object 'Object Repository/BBK/Page_Kelley Blue Book  New and Used Car Pri_e90311/span_Price NewUsed' is visible

27-05-2024T21:18:20 - [MESSAGE][INFO] - Unable to find the element located by 'By.xpath: //div[@id='superHeroBannerContainer']/div[2]/div/div/a/span'. Please recheck the objects properties to make sure the desired element is located. 

27-05-2024T21:18:20 - [MESSAGE][WARNING] - [SELF-HEALING] Failed to find element with id 'Object Repository/BBK/Page_Kelley Blue Book  New and Used Car Pri_e90311/span_Price NewUsed'. Try using Self-healing.

27-05-2024T21:18:20 - [MESSAGE][WARNING] - [SELF-HEALING] The current locator of test object 'Object Repository/BBK/Page_Kelley Blue Book  New and Used Car Pri_e90311/span_Price NewUsed' was broken. Propose an alternative one: '(.//*[normalize-space(text()) and normalize-space(.)='Kelley Knows Cars'])[1]/following::span[1]'.

27-05-2024T21:18:20 - [MESSAGE][PASSED] - Object 'Object Repository/BBK/Page_Kelley Blue Book  New and Used Car Pri_e90311/span_Price NewUsed' is visible

27-05-2024T21:18:20 - [TEST_STEP][PASSED] - closeBrowser(): Browser is closed

27-05-2024T21:18:20 - [MESSAGE][PASSED] - Browser is closed]]></system-out>
         <system-err><![CDATA[]]></system-err>
      </testcase>
      <testcase name="Test Cases/BBK/check-button-2" time="39.99" classname="Test Cases/BBK/check-button-2" status="PASSED">
         <system-out><![CDATA[27-05-2024T21:18:20 - [TEST_CASE][PASSED] - Test Cases/BBK/check-button-2: Test Cases/BBK/check-button-2

27-05-2024T21:18:20 - [TEST_STEP][PASSED] - openBrowser(""): Browser is opened with url: ''

27-05-2024T21:18:20 - [MESSAGE][INFO] - Starting 'Chrome' driver

27-05-2024T21:18:20 - [MESSAGE][INFO] - Action delay is set to 0 milliseconds

27-05-2024T21:18:21 - [MESSAGE][PASSED] - Browser is opened with url: ''

27-05-2024T21:18:21 - [TEST_STEP][PASSED] - navigateToUrl("https://www.kbb.com/"): Navigate to 'https://www.kbb.com/' successfully

27-05-2024T21:18:28 - [MESSAGE][PASSED] - Navigate to 'https://www.kbb.com/' successfully

27-05-2024T21:18:28 - [TEST_STEP][PASSED] - verifyElementVisible(findTestObject("Object Repository/BBK/Page_Kelley Blue Book  New and Used Car Pri_e90311/span_My Cars Value")): Object 'Object Repository/BBK/Page_Kelley Blue Book  New and Used Car Pri_e90311/span_My Cars Value' is visible

27-05-2024T21:18:59 - [MESSAGE][INFO] - Unable to find the element located by 'By.xpath: //div[@id='superHeroBannerContainer']/div[2]/div/div/a[2]/span'. Please recheck the objects properties to make sure the desired element is located. 

27-05-2024T21:18:59 - [MESSAGE][WARNING] - [SELF-HEALING] Failed to find element with id 'Object Repository/BBK/Page_Kelley Blue Book  New and Used Car Pri_e90311/span_My Cars Value'. Try using Self-healing.

27-05-2024T21:19:00 - [MESSAGE][WARNING] - [SELF-HEALING] The current locator of test object 'Object Repository/BBK/Page_Kelley Blue Book  New and Used Car Pri_e90311/span_My Cars Value' was broken. Propose an alternative one: '(.//*[normalize-space(text()) and normalize-space(.)='Price New/Used'])[2]/following::span[1]'.

27-05-2024T21:19:00 - [MESSAGE][PASSED] - Object 'Object Repository/BBK/Page_Kelley Blue Book  New and Used Car Pri_e90311/span_My Cars Value' is visible

27-05-2024T21:19:00 - [TEST_STEP][PASSED] - closeBrowser(): Browser is closed

27-05-2024T21:19:00 - [MESSAGE][PASSED] - Browser is closed]]></system-out>
         <system-err><![CDATA[]]></system-err>
      </testcase>
      <testcase name="Test Cases/BBK/check-button-3" time="41.268" classname="Test Cases/BBK/check-button-3" status="PASSED">
         <system-out><![CDATA[27-05-2024T21:19:00 - [TEST_CASE][PASSED] - Test Cases/BBK/check-button-3: Test Cases/BBK/check-button-3

27-05-2024T21:19:00 - [TEST_STEP][PASSED] - openBrowser(""): Browser is opened with url: ''

27-05-2024T21:19:00 - [MESSAGE][INFO] - Starting 'Chrome' driver

27-05-2024T21:19:00 - [MESSAGE][INFO] - Action delay is set to 0 milliseconds

27-05-2024T21:19:01 - [MESSAGE][PASSED] - Browser is opened with url: ''

27-05-2024T21:19:01 - [TEST_STEP][PASSED] - navigateToUrl("https://www.kbb.com/"): Navigate to 'https://www.kbb.com/' successfully

27-05-2024T21:19:07 - [MESSAGE][PASSED] - Navigate to 'https://www.kbb.com/' successfully

27-05-2024T21:19:07 - [TEST_STEP][PASSED] - verifyElementVisible(findTestObject("Object Repository/BBK/Page_Kelley Blue Book  New and Used Car Pri_e90311/span_Shop Cars for Sale")): Object 'Object Repository/BBK/Page_Kelley Blue Book  New and Used Car Pri_e90311/span_Shop Cars for Sale' is visible

27-05-2024T21:19:38 - [MESSAGE][INFO] - Unable to find the element located by 'By.xpath: //div[@id='superHeroBannerContainer']/div[2]/div/div/a[3]/span'. Please recheck the objects properties to make sure the desired element is located. 

27-05-2024T21:19:38 - [MESSAGE][WARNING] - [SELF-HEALING] Failed to find element with id 'Object Repository/BBK/Page_Kelley Blue Book  New and Used Car Pri_e90311/span_Shop Cars for Sale'. Try using Self-healing.

27-05-2024T21:19:41 - [MESSAGE][WARNING] - [SELF-HEALING] The current locator of test object 'Object Repository/BBK/Page_Kelley Blue Book  New and Used Car Pri_e90311/span_Shop Cars for Sale' was broken. Propose an alternative one: '(.//*[normalize-space(text()) and normalize-space(.)='Price New/Used'])[2]/following::span[2]'.

27-05-2024T21:19:42 - [MESSAGE][PASSED] - Object 'Object Repository/BBK/Page_Kelley Blue Book  New and Used Car Pri_e90311/span_Shop Cars for Sale' is visible

27-05-2024T21:19:42 - [TEST_STEP][PASSED] - closeBrowser(): Browser is closed

27-05-2024T21:19:42 - [MESSAGE][PASSED] - Browser is closed]]></system-out>
         <system-err><![CDATA[]]></system-err>
      </testcase>
      <testcase name="Test Cases/BBK/check-hero-banner" time="41.407" classname="Test Cases/BBK/check-hero-banner" status="PASSED">
         <system-out><![CDATA[27-05-2024T21:19:42 - [TEST_CASE][PASSED] - Test Cases/BBK/check-hero-banner: Test Cases/BBK/check-hero-banner

27-05-2024T21:19:42 - [TEST_STEP][PASSED] - openBrowser(""): Browser is opened with url: ''

27-05-2024T21:19:42 - [MESSAGE][INFO] - Starting 'Chrome' driver

27-05-2024T21:19:42 - [MESSAGE][INFO] - Action delay is set to 0 milliseconds

27-05-2024T21:19:42 - [MESSAGE][PASSED] - Browser is opened with url: ''

27-05-2024T21:19:42 - [TEST_STEP][PASSED] - navigateToUrl("https://www.kbb.com/"): Navigate to 'https://www.kbb.com/' successfully

27-05-2024T21:19:51 - [MESSAGE][PASSED] - Navigate to 'https://www.kbb.com/' successfully

27-05-2024T21:19:51 - [TEST_STEP][PASSED] - verifyElementVisible(findTestObject("Object Repository/BBK/Page_Kelley Blue Book  New and Used Car Pri_e90311/div_Kelley Knows CarsFrom values to repairs_2ed6c9")): Object 'Object Repository/BBK/Page_Kelley Blue Book  New and Used Car Pri_e90311/div_Kelley Knows CarsFrom values to repairs_2ed6c9' is visible

27-05-2024T21:20:22 - [MESSAGE][INFO] - Unable to find the element located by 'By.xpath: //div[@id='superHeroBannerContainer']/div[2]'. Please recheck the objects properties to make sure the desired element is located. 

27-05-2024T21:20:22 - [MESSAGE][WARNING] - [SELF-HEALING] Failed to find element with id 'Object Repository/BBK/Page_Kelley Blue Book  New and Used Car Pri_e90311/div_Kelley Knows CarsFrom values to repairs_2ed6c9'. Try using Self-healing.

27-05-2024T21:20:23 - [MESSAGE][WARNING] - [SELF-HEALING] The current locator of test object 'Object Repository/BBK/Page_Kelley Blue Book  New and Used Car Pri_e90311/div_Kelley Knows CarsFrom values to repairs_2ed6c9' was broken. Propose an alternative one: '(.//*[normalize-space(text()) and normalize-space(.)='Recalls'])[1]/following::div[7]'.

27-05-2024T21:20:23 - [MESSAGE][PASSED] - Object 'Object Repository/BBK/Page_Kelley Blue Book  New and Used Car Pri_e90311/div_Kelley Knows CarsFrom values to repairs_2ed6c9' is visible

27-05-2024T21:20:23 - [TEST_STEP][PASSED] - closeBrowser(): Browser is closed

27-05-2024T21:20:23 - [MESSAGE][PASSED] - Browser is closed]]></system-out>
         <system-err><![CDATA[]]></system-err>
      </testcase>
      <testcase name="Test Cases/BBK/check-logo" time="8.964" classname="Test Cases/BBK/check-logo" status="PASSED">
         <system-out><![CDATA[27-05-2024T21:20:23 - [TEST_CASE][PASSED] - Test Cases/BBK/check-logo: Test Cases/BBK/check-logo

27-05-2024T21:20:23 - [TEST_STEP][PASSED] - openBrowser(""): Browser is opened with url: ''

27-05-2024T21:20:23 - [MESSAGE][INFO] - Starting 'Chrome' driver

27-05-2024T21:20:23 - [MESSAGE][INFO] - Action delay is set to 0 milliseconds

27-05-2024T21:20:24 - [MESSAGE][PASSED] - Browser is opened with url: ''

27-05-2024T21:20:24 - [TEST_STEP][PASSED] - navigateToUrl("https://www.kbb.com/"): Navigate to 'https://www.kbb.com/' successfully

27-05-2024T21:20:30 - [MESSAGE][PASSED] - Navigate to 'https://www.kbb.com/' successfully

27-05-2024T21:20:30 - [TEST_STEP][PASSED] - verifyElementVisible(findTestObject("Object Repository/BBK/Page_Kelley Blue Book  New and Used Car Pri_e90311/img")): Object 'Object Repository/BBK/Page_Kelley Blue Book  New and Used Car Pri_e90311/img' is visible

27-05-2024T21:20:32 - [MESSAGE][PASSED] - Object 'Object Repository/BBK/Page_Kelley Blue Book  New and Used Car Pri_e90311/img' is visible

27-05-2024T21:20:32 - [TEST_STEP][PASSED] - closeBrowser(): Browser is closed

27-05-2024T21:20:32 - [MESSAGE][PASSED] - Browser is closed]]></system-out>
         <system-err><![CDATA[]]></system-err>
      </testcase>
      <testcase name="Test Cases/BBK/check-shop-mart-label" time="10.411" classname="Test Cases/BBK/check-shop-mart-label" status="PASSED">
         <system-out><![CDATA[27-05-2024T21:20:32 - [TEST_CASE][PASSED] - Test Cases/BBK/check-shop-mart-label: Test Cases/BBK/check-shop-mart-label

27-05-2024T21:20:32 - [TEST_STEP][PASSED] - openBrowser(""): Browser is opened with url: ''

27-05-2024T21:20:32 - [MESSAGE][INFO] - Starting 'Chrome' driver

27-05-2024T21:20:32 - [MESSAGE][INFO] - Action delay is set to 0 milliseconds

27-05-2024T21:20:33 - [MESSAGE][PASSED] - Browser is opened with url: ''

27-05-2024T21:20:33 - [TEST_STEP][PASSED] - navigateToUrl("https://www.kbb.com/"): Navigate to 'https://www.kbb.com/' successfully

27-05-2024T21:20:40 - [MESSAGE][PASSED] - Navigate to 'https://www.kbb.com/' successfully

27-05-2024T21:20:40 - [TEST_STEP][PASSED] - verifyElementText(findTestObject("Object Repository/BBK/Page_Kelley Blue Book  New and Used Car Pri_e90311/h2_Shop Smart"), "Shop Smart"): Actual text and expected text of test object 'Object Repository/BBK/Page_Kelley Blue Book  New and Used Car Pri_e90311/h2_Shop Smart' are matched.

27-05-2024T21:20:42 - [MESSAGE][PASSED] - Actual text and expected text of test object 'Object Repository/BBK/Page_Kelley Blue Book  New and Used Car Pri_e90311/h2_Shop Smart' are matched.

27-05-2024T21:20:42 - [TEST_STEP][PASSED] - closeBrowser(): Browser is closed

27-05-2024T21:20:42 - [MESSAGE][PASSED] - Browser is closed]]></system-out>
         <system-err><![CDATA[]]></system-err>
      </testcase>
      <testcase name="Test Cases/BBK/check-shop-mart" time="11.763" classname="Test Cases/BBK/check-shop-mart" status="PASSED">
         <system-out><![CDATA[27-05-2024T21:20:42 - [TEST_CASE][PASSED] - Test Cases/BBK/check-shop-mart: Test Cases/BBK/check-shop-mart

27-05-2024T21:20:43 - [TEST_STEP][PASSED] - openBrowser(""): Browser is opened with url: ''

27-05-2024T21:20:43 - [MESSAGE][INFO] - Starting 'Chrome' driver

27-05-2024T21:20:43 - [MESSAGE][INFO] - Action delay is set to 0 milliseconds

27-05-2024T21:20:43 - [MESSAGE][PASSED] - Browser is opened with url: ''

27-05-2024T21:20:43 - [TEST_STEP][PASSED] - navigateToUrl("https://www.kbb.com/"): Navigate to 'https://www.kbb.com/' successfully

27-05-2024T21:20:51 - [MESSAGE][PASSED] - Navigate to 'https://www.kbb.com/' successfully

27-05-2024T21:20:51 - [TEST_STEP][PASSED] - verifyElementVisible(findTestObject("Object Repository/BBK/Page_Kelley Blue Book  New and Used Car Pri_e90311/h2_Shop Smart")): Object 'Object Repository/BBK/Page_Kelley Blue Book  New and Used Car Pri_e90311/h2_Shop Smart' is visible

27-05-2024T21:20:54 - [MESSAGE][PASSED] - Object 'Object Repository/BBK/Page_Kelley Blue Book  New and Used Car Pri_e90311/h2_Shop Smart' is visible

27-05-2024T21:20:54 - [TEST_STEP][PASSED] - closeBrowser(): Browser is closed

27-05-2024T21:20:54 - [MESSAGE][PASSED] - Browser is closed]]></system-out>
         <system-err><![CDATA[]]></system-err>
      </testcase>
      <testcase name="Test Cases/BBK/check-slogan" time="68.858" classname="Test Cases/BBK/check-slogan" status="PASSED">
         <system-out><![CDATA[27-05-2024T21:20:54 - [TEST_CASE][PASSED] - Test Cases/BBK/check-slogan: Test Cases/BBK/check-slogan

27-05-2024T21:20:54 - [TEST_STEP][PASSED] - openBrowser(""): Browser is opened with url: ''

27-05-2024T21:20:54 - [MESSAGE][INFO] - Starting 'Chrome' driver

27-05-2024T21:20:54 - [MESSAGE][INFO] - Action delay is set to 0 milliseconds

27-05-2024T21:20:55 - [MESSAGE][PASSED] - Browser is opened with url: ''

27-05-2024T21:20:55 - [TEST_STEP][PASSED] - navigateToUrl("https://www.kbb.com/"): Navigate to 'https://www.kbb.com/' successfully

27-05-2024T21:21:00 - [MESSAGE][PASSED] - Navigate to 'https://www.kbb.com/' successfully

27-05-2024T21:21:00 - [TEST_STEP][PASSED] - verifyElementVisible(findTestObject("Object Repository/BBK/Page_Kelley Blue Book  New and Used Car Pri_e90311/h1_Kelley Knows Cars")): Object 'Object Repository/BBK/Page_Kelley Blue Book  New and Used Car Pri_e90311/h1_Kelley Knows Cars' is visible

27-05-2024T21:21:31 - [MESSAGE][INFO] - Unable to find the element located by 'By.xpath: //div[@id='superHeroBannerContainer']/div[2]/h1'. Please recheck the objects properties to make sure the desired element is located. 

27-05-2024T21:21:31 - [MESSAGE][WARNING] - [SELF-HEALING] Failed to find element with id 'Object Repository/BBK/Page_Kelley Blue Book  New and Used Car Pri_e90311/h1_Kelley Knows Cars'. Try using Self-healing.

27-05-2024T21:21:31 - [MESSAGE][WARNING] - [SELF-HEALING] The current locator of test object 'Object Repository/BBK/Page_Kelley Blue Book  New and Used Car Pri_e90311/h1_Kelley Knows Cars' was broken. Propose an alternative one: '(.//*[normalize-space(text()) and normalize-space(.)='Recalls'])[1]/following::h1[1]'.

27-05-2024T21:21:31 - [MESSAGE][PASSED] - Object 'Object Repository/BBK/Page_Kelley Blue Book  New and Used Car Pri_e90311/h1_Kelley Knows Cars' is visible

27-05-2024T21:21:31 - [TEST_STEP][PASSED] - verifyElementText(findTestObject("Object Repository/BBK/Page_Kelley Blue Book  New and Used Car Pri_e90311/h1_Kelley Knows Cars"), "Kelley Knows Cars"): Actual text and expected text of test object 'Object Repository/BBK/Page_Kelley Blue Book  New and Used Car Pri_e90311/h1_Kelley Knows Cars' are matched.

27-05-2024T21:22:03 - [MESSAGE][INFO] - Unable to find the element located by 'By.xpath: //div[@id='superHeroBannerContainer']/div[2]/h1'. Please recheck the objects properties to make sure the desired element is located. 

27-05-2024T21:22:03 - [MESSAGE][WARNING] - [SELF-HEALING] Failed to find element with id 'Object Repository/BBK/Page_Kelley Blue Book  New and Used Car Pri_e90311/h1_Kelley Knows Cars'. Try using Self-healing.

27-05-2024T21:22:03 - [MESSAGE][WARNING] - [SELF-HEALING] The current locator of test object 'Object Repository/BBK/Page_Kelley Blue Book  New and Used Car Pri_e90311/h1_Kelley Knows Cars' was broken. Propose an alternative one: '(.//*[normalize-space(text()) and normalize-space(.)='Recalls'])[1]/following::h1[1]'.

27-05-2024T21:22:03 - [MESSAGE][PASSED] - Actual text and expected text of test object 'Object Repository/BBK/Page_Kelley Blue Book  New and Used Car Pri_e90311/h1_Kelley Knows Cars' are matched.

27-05-2024T21:22:03 - [TEST_STEP][PASSED] - closeBrowser(): Browser is closed

27-05-2024T21:22:03 - [MESSAGE][PASSED] - Browser is closed]]></system-out>
         <system-err><![CDATA[]]></system-err>
      </testcase>
      <system-out><![CDATA[27-05-2024T21:17:39 - [TEST_SUITE][PASSED] - all-bbk: Test Cases/BBK/check-slogan]]></system-out>
      <system-err><![CDATA[]]></system-err>
   </testsuite>
</testsuites>
