<?xml version="1.0" encoding="UTF-8"?>
<testsuites name="test_desktop" time="14.39" tests="2" failures="0" errors="0">
   <testsuite name="test_desktop" tests="2" failures="0" errors="0" time="14.39" skipped="0" timestamp="29-05-2024T00:45:02" hostname="ToanLa - DESKTOP-QSIPVT9.mshome.net" id="Test Suites/test_desktop">
      <properties>
         <property name="deviceName"/>
         <property name="devicePlatform" value=""/>
         <property name="logFolder" value="C:\\Users\\ToanLa\\git\\katalon\\Reports\\20240529_004453\\test_desktop\\20240529_004453"/>
         <property name="logFiles" value="C:\\Users\\ToanLa\\git\\katalon\\Reports\\20240529_004453\\test_desktop\\20240529_004453\\execution0.log"/>
         <property name="attachments" value=""/>
         <property name="hostName" value="ToanLa - DESKTOP-QSIPVT9.mshome.net"/>
         <property name="hostAddress" value="192.168.0.1"/>
         <property name="desiredCapabilities" value="{}"/>
         <property name="os" value="Windows 11 64bit"/>
         <property name="katalonVersion" value="9.4.0.212"/>
      </properties>
      <testcase name="Test Cases/Desktop-Testing" time="7.051" classname="Test Cases/Desktop-Testing" status="PASSED">
         <system-out><![CDATA[29-05-2024T00:45:03 - [TEST_CASE][PASSED] - Test Cases/Desktop-Testing: Test Cases/Desktop-Testing

29-05-2024T00:45:03 - [TEST_STEP][PASSED] - startApplicationWithTitle("C:\Windows\notepad.exe", "Desktop Testing"): The application at location: C:\Windows\notepad.exe started.

29-05-2024T00:45:04 - [MESSAGE][INFO] - Starting application C:\Windows\notepad.exe on the local machine at address http://127.0.0.1:4723

29-05-2024T00:45:05 - [MESSAGE][PASSED] - The application at location: C:\Windows\notepad.exe started.

29-05-2024T00:45:05 - [TEST_STEP][PASSED] - setText(findWindowsObject("Object Repository/Document"), "rtdhcjhvlhphoihoi fyfjkh xvcxvb hjhgigguoi iogoi"): Text rtdhcjhvlhphoihoi fyfjkh xvcxvb hjhgigguoi iogoi is set

29-05-2024T00:45:09 - [MESSAGE][PASSED] - Text rtdhcjhvlhphoihoi fyfjkh xvcxvb hjhgigguoi iogoi is set

29-05-2024T00:45:09 - [TEST_STEP][PASSED] - clearText(findWindowsObject("Object Repository/Button")): Clear text on element: Object Repository/Button succesfully

29-05-2024T00:45:10 - [MESSAGE][PASSED] - Clear text on element: Object Repository/Button succesfully

29-05-2024T00:45:10 - [TEST_STEP][PASSED] - clearText(findWindowsObject("Object Repository/Document")): Clear text on element: Object Repository/Document succesfully

29-05-2024T00:45:10 - [MESSAGE][PASSED] - Clear text on element: Object Repository/Document succesfully]]></system-out>
         <system-err><![CDATA[]]></system-err>
      </testcase>
      <testcase name="Test Cases/WinAppDriver-test" time="7.075" classname="Test Cases/WinAppDriver-test" status="PASSED">
         <system-out><![CDATA[29-05-2024T00:45:10 - [TEST_CASE][PASSED] - Test Cases/WinAppDriver-test: Test Cases/WinAppDriver-test

29-05-2024T00:45:10 - [TEST_STEP][PASSED] - startApplicationWithTitle("C:\Windows\System32\notepad.exe", "notepad"): The application at location: C:\Windows\System32\notepad.exe started.

29-05-2024T00:45:10 - [MESSAGE][INFO] - Starting application C:\Windows\System32\notepad.exe on the local machine at address http://127.0.0.1:4723

29-05-2024T00:45:10 - [MESSAGE][PASSED] - The application at location: C:\Windows\System32\notepad.exe started.

29-05-2024T00:45:10 - [TEST_STEP][PASSED] - setText(findWindowsObject("Object Repository/WinAppDriver/Document(2)"), "Không hello đc không"): Text Không hello đc không is set

29-05-2024T00:45:12 - [MESSAGE][PASSED] - Text Không hello đc không is set

29-05-2024T00:45:12 - [TEST_STEP][PASSED] - closeApplication(): Fire Close event sucessfully.

29-05-2024T00:45:17 - [MESSAGE][PASSED] - Fire Close event sucessfully.]]></system-out>
         <system-err><![CDATA[]]></system-err>
      </testcase>
      <system-out><![CDATA[29-05-2024T00:45:02 - [TEST_SUITE][PASSED] - test_desktop: Test Cases/WinAppDriver-test]]></system-out>
      <system-err><![CDATA[]]></system-err>
   </testsuite>
</testsuites>
