<?xml version="1.0" encoding="UTF-8"?>
<testsuites name="all-bbk" time="311.942" tests="8" failures="0" errors="0">
   <testsuite name="all-bbk" tests="8" failures="0" errors="0" time="311.942" skipped="0" timestamp="28-05-2024T21:42:59" hostname="ToanLa - DESKTOP-QSIPVT9" id="Test Suites/BBK/all-bbk">
      <properties>
         <property name="deviceName" value=""/>
         <property name="devicePlatform" value=""/>
         <property name="logFolder" value="C:\\Users\\ToanLa\\git\\katalon\\Reports\\20240528_214204\\BBK\\all-bbk\\20240528_214205"/>
         <property name="logFiles" value="C:\\Users\\ToanLa\\git\\katalon\\Reports\\20240528_214204\\BBK\\all-bbk\\20240528_214205\\execution0.log"/>
         <property name="attachments" value=""/>
         <property name="hostName" value="ToanLa - DESKTOP-QSIPVT9"/>
         <property name="os" value="Windows 11 64bit"/>
         <property name="katalonVersion" value="9.4.0.212"/>
         <property name="browser" value="Chrome 125.0.0.0"/>
         <property name="hostAddress" value="192.168.1.8"/>
         <property name="sessionId" value="31cc68143ac5bb1c34509b40c1c589de"/>
         <property name="seleniumVersion" value="3.141.59"/>
         <property name="proxyInformation" value="ProxyInformation { proxyOption=NO_PROXY, proxyServerType=HTTP, username=, password=********, proxyServerAddress=, proxyServerPort=0, executionList=&quot;&quot;, isApplyToDesiredCapabilities=true }"/>
         <property name="platform" value="Windows 11"/>
      </properties>
      <testcase name="Test Cases/BBK/check-button-1" time="50.975" classname="Test Cases/BBK/check-button-1" status="PASSED">
         <system-out><![CDATA[28-05-2024T21:42:59 - [TEST_CASE][PASSED] - Test Cases/BBK/check-button-1: Test Cases/BBK/check-button-1

28-05-2024T21:42:59 - [TEST_STEP][PASSED] - openBrowser(""): Browser is opened with url: ''

28-05-2024T21:43:00 - [MESSAGE][INFO] - Starting 'Chrome' driver

28-05-2024T21:43:00 - [MESSAGE][INFO] - Action delay is set to 0 milliseconds

28-05-2024T21:43:01 - [MESSAGE][PASSED] - Browser is opened with url: ''

28-05-2024T21:43:01 - [TEST_STEP][PASSED] - navigateToUrl("https://www.kbb.com/"): Navigate to 'https://www.kbb.com/' successfully

28-05-2024T21:43:17 - [MESSAGE][PASSED] - Navigate to 'https://www.kbb.com/' successfully

28-05-2024T21:43:17 - [TEST_STEP][PASSED] - verifyElementVisible(findTestObject("Object Repository/BBK/Page_Kelley Blue Book  New and Used Car Pri_e90311/span_Price NewUsed")): Object 'Object Repository/BBK/Page_Kelley Blue Book  New and Used Car Pri_e90311/span_Price NewUsed' is visible

28-05-2024T21:43:49 - [MESSAGE][INFO] - Unable to find the element located by 'By.xpath: //div[@id='superHeroBannerContainer']/div[2]/div/div/a/span'. Please recheck the objects properties to make sure the desired element is located. 

28-05-2024T21:43:49 - [MESSAGE][WARNING] - [SELF-HEALING] Failed to find element with id 'Object Repository/BBK/Page_Kelley Blue Book  New and Used Car Pri_e90311/span_Price NewUsed'. Try using Self-healing.

28-05-2024T21:43:49 - [MESSAGE][WARNING] - [SELF-HEALING] The current locator of test object 'Object Repository/BBK/Page_Kelley Blue Book  New and Used Car Pri_e90311/span_Price NewUsed' was broken. Propose an alternative one: '(.//*[normalize-space(text()) and normalize-space(.)='Kelley Knows Cars'])[1]/following::span[1]'.

28-05-2024T21:43:49 - [MESSAGE][PASSED] - Object 'Object Repository/BBK/Page_Kelley Blue Book  New and Used Car Pri_e90311/span_Price NewUsed' is visible

28-05-2024T21:43:49 - [TEST_STEP][PASSED] - closeBrowser(): Browser is closed

28-05-2024T21:43:50 - [MESSAGE][PASSED] - Browser is closed]]></system-out>
         <system-err><![CDATA[]]></system-err>
      </testcase>
      <testcase name="Test Cases/BBK/check-button-2" time="36.458" classname="Test Cases/BBK/check-button-2" status="PASSED">
         <system-out><![CDATA[28-05-2024T21:43:50 - [TEST_CASE][PASSED] - Test Cases/BBK/check-button-2: Test Cases/BBK/check-button-2

28-05-2024T21:43:50 - [TEST_STEP][PASSED] - openBrowser(""): Browser is opened with url: ''

28-05-2024T21:43:50 - [MESSAGE][INFO] - Starting 'Chrome' driver

28-05-2024T21:43:50 - [MESSAGE][INFO] - Action delay is set to 0 milliseconds

28-05-2024T21:43:51 - [MESSAGE][PASSED] - Browser is opened with url: ''

28-05-2024T21:43:51 - [TEST_STEP][PASSED] - navigateToUrl("https://www.kbb.com/"): Navigate to 'https://www.kbb.com/' successfully

28-05-2024T21:43:53 - [MESSAGE][PASSED] - Navigate to 'https://www.kbb.com/' successfully

28-05-2024T21:43:53 - [TEST_STEP][PASSED] - verifyElementVisible(findTestObject("Object Repository/BBK/Page_Kelley Blue Book  New and Used Car Pri_e90311/span_My Cars Value")): Object 'Object Repository/BBK/Page_Kelley Blue Book  New and Used Car Pri_e90311/span_My Cars Value' is visible

28-05-2024T21:44:26 - [MESSAGE][INFO] - Unable to find the element located by 'By.xpath: //div[@id='superHeroBannerContainer']/div[2]/div/div/a[2]/span'. Please recheck the objects properties to make sure the desired element is located. 

28-05-2024T21:44:26 - [MESSAGE][WARNING] - [SELF-HEALING] Failed to find element with id 'Object Repository/BBK/Page_Kelley Blue Book  New and Used Car Pri_e90311/span_My Cars Value'. Try using Self-healing.

28-05-2024T21:44:26 - [MESSAGE][WARNING] - [SELF-HEALING] The current locator of test object 'Object Repository/BBK/Page_Kelley Blue Book  New and Used Car Pri_e90311/span_My Cars Value' was broken. Propose an alternative one: '(.//*[normalize-space(text()) and normalize-space(.)='Price New/Used'])[2]/following::span[1]'.

28-05-2024T21:44:26 - [MESSAGE][PASSED] - Object 'Object Repository/BBK/Page_Kelley Blue Book  New and Used Car Pri_e90311/span_My Cars Value' is visible

28-05-2024T21:44:26 - [TEST_STEP][PASSED] - closeBrowser(): Browser is closed

28-05-2024T21:44:26 - [MESSAGE][PASSED] - Browser is closed]]></system-out>
         <system-err><![CDATA[]]></system-err>
      </testcase>
      <testcase name="Test Cases/BBK/check-button-3" time="43.793" classname="Test Cases/BBK/check-button-3" status="PASSED">
         <system-out><![CDATA[28-05-2024T21:44:26 - [TEST_CASE][PASSED] - Test Cases/BBK/check-button-3: Test Cases/BBK/check-button-3

28-05-2024T21:44:26 - [TEST_STEP][PASSED] - openBrowser(""): Browser is opened with url: ''

28-05-2024T21:44:26 - [MESSAGE][INFO] - Starting 'Chrome' driver

28-05-2024T21:44:26 - [MESSAGE][INFO] - Action delay is set to 0 milliseconds

28-05-2024T21:44:28 - [MESSAGE][PASSED] - Browser is opened with url: ''

28-05-2024T21:44:28 - [TEST_STEP][PASSED] - navigateToUrl("https://www.kbb.com/"): Navigate to 'https://www.kbb.com/' successfully

28-05-2024T21:44:38 - [MESSAGE][PASSED] - Navigate to 'https://www.kbb.com/' successfully

28-05-2024T21:44:38 - [TEST_STEP][PASSED] - verifyElementVisible(findTestObject("Object Repository/BBK/Page_Kelley Blue Book  New and Used Car Pri_e90311/span_Shop Cars for Sale")): Object 'Object Repository/BBK/Page_Kelley Blue Book  New and Used Car Pri_e90311/span_Shop Cars for Sale' is visible

28-05-2024T21:45:09 - [MESSAGE][INFO] - Unable to find the element located by 'By.xpath: //div[@id='superHeroBannerContainer']/div[2]/div/div/a[3]/span'. Please recheck the objects properties to make sure the desired element is located. 

28-05-2024T21:45:09 - [MESSAGE][WARNING] - [SELF-HEALING] Failed to find element with id 'Object Repository/BBK/Page_Kelley Blue Book  New and Used Car Pri_e90311/span_Shop Cars for Sale'. Try using Self-healing.

28-05-2024T21:45:09 - [MESSAGE][WARNING] - [SELF-HEALING] The current locator of test object 'Object Repository/BBK/Page_Kelley Blue Book  New and Used Car Pri_e90311/span_Shop Cars for Sale' was broken. Propose an alternative one: '(.//*[normalize-space(text()) and normalize-space(.)='Price New/Used'])[2]/following::span[2]'.

28-05-2024T21:45:10 - [MESSAGE][PASSED] - Object 'Object Repository/BBK/Page_Kelley Blue Book  New and Used Car Pri_e90311/span_Shop Cars for Sale' is visible

28-05-2024T21:45:10 - [TEST_STEP][PASSED] - closeBrowser(): Browser is closed

28-05-2024T21:45:10 - [MESSAGE][PASSED] - Browser is closed]]></system-out>
         <system-err><![CDATA[]]></system-err>
      </testcase>
      <testcase name="Test Cases/BBK/check-hero-banner" time="53.934" classname="Test Cases/BBK/check-hero-banner" status="PASSED">
         <system-out><![CDATA[28-05-2024T21:45:10 - [TEST_CASE][PASSED] - Test Cases/BBK/check-hero-banner: Test Cases/BBK/check-hero-banner

28-05-2024T21:45:10 - [TEST_STEP][PASSED] - openBrowser(""): Browser is opened with url: ''

28-05-2024T21:45:10 - [MESSAGE][INFO] - Starting 'Chrome' driver

28-05-2024T21:45:11 - [MESSAGE][INFO] - Action delay is set to 0 milliseconds

28-05-2024T21:45:13 - [MESSAGE][PASSED] - Browser is opened with url: ''

28-05-2024T21:45:13 - [TEST_STEP][PASSED] - navigateToUrl("https://www.kbb.com/"): Navigate to 'https://www.kbb.com/' successfully

28-05-2024T21:45:31 - [MESSAGE][PASSED] - Navigate to 'https://www.kbb.com/' successfully

28-05-2024T21:45:31 - [TEST_STEP][PASSED] - verifyElementVisible(findTestObject("Object Repository/BBK/Page_Kelley Blue Book  New and Used Car Pri_e90311/div_Kelley Knows CarsFrom values to repairs_2ed6c9")): Object 'Object Repository/BBK/Page_Kelley Blue Book  New and Used Car Pri_e90311/div_Kelley Knows CarsFrom values to repairs_2ed6c9' is visible

28-05-2024T21:46:02 - [MESSAGE][INFO] - Unable to find the element located by 'By.xpath: //div[@id='superHeroBannerContainer']/div[2]'. Please recheck the objects properties to make sure the desired element is located. 

28-05-2024T21:46:02 - [MESSAGE][WARNING] - [SELF-HEALING] Failed to find element with id 'Object Repository/BBK/Page_Kelley Blue Book  New and Used Car Pri_e90311/div_Kelley Knows CarsFrom values to repairs_2ed6c9'. Try using Self-healing.

28-05-2024T21:46:03 - [MESSAGE][WARNING] - [SELF-HEALING] The current locator of test object 'Object Repository/BBK/Page_Kelley Blue Book  New and Used Car Pri_e90311/div_Kelley Knows CarsFrom values to repairs_2ed6c9' was broken. Propose an alternative one: '(.//*[normalize-space(text()) and normalize-space(.)='Recalls'])[1]/following::div[7]'.

28-05-2024T21:46:03 - [MESSAGE][PASSED] - Object 'Object Repository/BBK/Page_Kelley Blue Book  New and Used Car Pri_e90311/div_Kelley Knows CarsFrom values to repairs_2ed6c9' is visible

28-05-2024T21:46:03 - [TEST_STEP][PASSED] - closeBrowser(): Browser is closed

28-05-2024T21:46:04 - [MESSAGE][PASSED] - Browser is closed]]></system-out>
         <system-err><![CDATA[]]></system-err>
      </testcase>
      <testcase name="Test Cases/BBK/check-logo" time="18.295" classname="Test Cases/BBK/check-logo" status="PASSED">
         <system-out><![CDATA[28-05-2024T21:46:04 - [TEST_CASE][PASSED] - Test Cases/BBK/check-logo: Test Cases/BBK/check-logo

28-05-2024T21:46:04 - [TEST_STEP][PASSED] - openBrowser(""): Browser is opened with url: ''

28-05-2024T21:46:04 - [MESSAGE][INFO] - Starting 'Chrome' driver

28-05-2024T21:46:04 - [MESSAGE][INFO] - Action delay is set to 0 milliseconds

28-05-2024T21:46:06 - [MESSAGE][PASSED] - Browser is opened with url: ''

28-05-2024T21:46:06 - [TEST_STEP][PASSED] - navigateToUrl("https://www.kbb.com/"): Navigate to 'https://www.kbb.com/' successfully

28-05-2024T21:46:18 - [MESSAGE][PASSED] - Navigate to 'https://www.kbb.com/' successfully

28-05-2024T21:46:18 - [TEST_STEP][PASSED] - verifyElementVisible(findTestObject("Object Repository/BBK/Page_Kelley Blue Book  New and Used Car Pri_e90311/img")): Object 'Object Repository/BBK/Page_Kelley Blue Book  New and Used Car Pri_e90311/img' is visible

28-05-2024T21:46:22 - [MESSAGE][PASSED] - Object 'Object Repository/BBK/Page_Kelley Blue Book  New and Used Car Pri_e90311/img' is visible

28-05-2024T21:46:22 - [TEST_STEP][PASSED] - closeBrowser(): Browser is closed

28-05-2024T21:46:22 - [MESSAGE][PASSED] - Browser is closed]]></system-out>
         <system-err><![CDATA[]]></system-err>
      </testcase>
      <testcase name="Test Cases/BBK/check-shop-mart-label" time="11.195" classname="Test Cases/BBK/check-shop-mart-label" status="PASSED">
         <system-out><![CDATA[28-05-2024T21:46:22 - [TEST_CASE][PASSED] - Test Cases/BBK/check-shop-mart-label: Test Cases/BBK/check-shop-mart-label

28-05-2024T21:46:23 - [TEST_STEP][PASSED] - openBrowser(""): Browser is opened with url: ''

28-05-2024T21:46:23 - [MESSAGE][INFO] - Starting 'Chrome' driver

28-05-2024T21:46:23 - [MESSAGE][INFO] - Action delay is set to 0 milliseconds

28-05-2024T21:46:24 - [MESSAGE][PASSED] - Browser is opened with url: ''

28-05-2024T21:46:24 - [TEST_STEP][PASSED] - navigateToUrl("https://www.kbb.com/"): Navigate to 'https://www.kbb.com/' successfully

28-05-2024T21:46:31 - [MESSAGE][PASSED] - Navigate to 'https://www.kbb.com/' successfully

28-05-2024T21:46:31 - [TEST_STEP][PASSED] - verifyElementText(findTestObject("Object Repository/BBK/Page_Kelley Blue Book  New and Used Car Pri_e90311/h2_Shop Smart"), "Shop Smart"): Actual text and expected text of test object 'Object Repository/BBK/Page_Kelley Blue Book  New and Used Car Pri_e90311/h2_Shop Smart' are matched.

28-05-2024T21:46:33 - [MESSAGE][PASSED] - Actual text and expected text of test object 'Object Repository/BBK/Page_Kelley Blue Book  New and Used Car Pri_e90311/h2_Shop Smart' are matched.

28-05-2024T21:46:33 - [TEST_STEP][PASSED] - closeBrowser(): Browser is closed

28-05-2024T21:46:34 - [MESSAGE][PASSED] - Browser is closed]]></system-out>
         <system-err><![CDATA[]]></system-err>
      </testcase>
      <testcase name="Test Cases/BBK/check-shop-mart" time="17.027" classname="Test Cases/BBK/check-shop-mart" status="PASSED">
         <system-out><![CDATA[28-05-2024T21:46:34 - [TEST_CASE][PASSED] - Test Cases/BBK/check-shop-mart: Test Cases/BBK/check-shop-mart

28-05-2024T21:46:34 - [TEST_STEP][PASSED] - openBrowser(""): Browser is opened with url: ''

28-05-2024T21:46:34 - [MESSAGE][INFO] - Starting 'Chrome' driver

28-05-2024T21:46:34 - [MESSAGE][INFO] - Action delay is set to 0 milliseconds

28-05-2024T21:46:35 - [MESSAGE][PASSED] - Browser is opened with url: ''

28-05-2024T21:46:35 - [TEST_STEP][PASSED] - navigateToUrl("https://www.kbb.com/"): Navigate to 'https://www.kbb.com/' successfully

28-05-2024T21:46:46 - [MESSAGE][PASSED] - Navigate to 'https://www.kbb.com/' successfully

28-05-2024T21:46:46 - [TEST_STEP][PASSED] - verifyElementVisible(findTestObject("Object Repository/BBK/Page_Kelley Blue Book  New and Used Car Pri_e90311/h2_Shop Smart")): Object 'Object Repository/BBK/Page_Kelley Blue Book  New and Used Car Pri_e90311/h2_Shop Smart' is visible

28-05-2024T21:46:49 - [MESSAGE][PASSED] - Object 'Object Repository/BBK/Page_Kelley Blue Book  New and Used Car Pri_e90311/h2_Shop Smart' is visible

28-05-2024T21:46:49 - [TEST_STEP][PASSED] - closeBrowser(): Browser is closed

28-05-2024T21:46:51 - [MESSAGE][PASSED] - Browser is closed]]></system-out>
         <system-err><![CDATA[]]></system-err>
      </testcase>
      <testcase name="Test Cases/BBK/check-slogan" time="79.964" classname="Test Cases/BBK/check-slogan" status="PASSED">
         <system-out><![CDATA[28-05-2024T21:46:51 - [TEST_CASE][PASSED] - Test Cases/BBK/check-slogan: Test Cases/BBK/check-slogan

28-05-2024T21:46:51 - [TEST_STEP][PASSED] - openBrowser(""): Browser is opened with url: ''

28-05-2024T21:46:51 - [MESSAGE][INFO] - Starting 'Chrome' driver

28-05-2024T21:46:51 - [MESSAGE][INFO] - Action delay is set to 0 milliseconds

28-05-2024T21:46:53 - [MESSAGE][PASSED] - Browser is opened with url: ''

28-05-2024T21:46:53 - [TEST_STEP][PASSED] - navigateToUrl("https://www.kbb.com/"): Navigate to 'https://www.kbb.com/' successfully

28-05-2024T21:47:06 - [MESSAGE][PASSED] - Navigate to 'https://www.kbb.com/' successfully

28-05-2024T21:47:06 - [TEST_STEP][PASSED] - verifyElementVisible(findTestObject("Object Repository/BBK/Page_Kelley Blue Book  New and Used Car Pri_e90311/h1_Kelley Knows Cars")): Object 'Object Repository/BBK/Page_Kelley Blue Book  New and Used Car Pri_e90311/h1_Kelley Knows Cars' is visible

28-05-2024T21:47:37 - [MESSAGE][INFO] - Unable to find the element located by 'By.xpath: //div[@id='superHeroBannerContainer']/div[2]/h1'. Please recheck the objects properties to make sure the desired element is located. 

28-05-2024T21:47:37 - [MESSAGE][WARNING] - [SELF-HEALING] Failed to find element with id 'Object Repository/BBK/Page_Kelley Blue Book  New and Used Car Pri_e90311/h1_Kelley Knows Cars'. Try using Self-healing.

28-05-2024T21:47:38 - [MESSAGE][WARNING] - [SELF-HEALING] The current locator of test object 'Object Repository/BBK/Page_Kelley Blue Book  New and Used Car Pri_e90311/h1_Kelley Knows Cars' was broken. Propose an alternative one: '(.//*[normalize-space(text()) and normalize-space(.)='Recalls'])[1]/following::h1[1]'.

28-05-2024T21:47:38 - [MESSAGE][PASSED] - Object 'Object Repository/BBK/Page_Kelley Blue Book  New and Used Car Pri_e90311/h1_Kelley Knows Cars' is visible

28-05-2024T21:47:38 - [TEST_STEP][PASSED] - verifyElementText(findTestObject("Object Repository/BBK/Page_Kelley Blue Book  New and Used Car Pri_e90311/h1_Kelley Knows Cars"), "Kelley Knows Cars"): Actual text and expected text of test object 'Object Repository/BBK/Page_Kelley Blue Book  New and Used Car Pri_e90311/h1_Kelley Knows Cars' are matched.

28-05-2024T21:48:10 - [MESSAGE][INFO] - Unable to find the element located by 'By.xpath: //div[@id='superHeroBannerContainer']/div[2]/h1'. Please recheck the objects properties to make sure the desired element is located. 

28-05-2024T21:48:10 - [MESSAGE][WARNING] - [SELF-HEALING] Failed to find element with id 'Object Repository/BBK/Page_Kelley Blue Book  New and Used Car Pri_e90311/h1_Kelley Knows Cars'. Try using Self-healing.

28-05-2024T21:48:10 - [MESSAGE][WARNING] - [SELF-HEALING] The current locator of test object 'Object Repository/BBK/Page_Kelley Blue Book  New and Used Car Pri_e90311/h1_Kelley Knows Cars' was broken. Propose an alternative one: '(.//*[normalize-space(text()) and normalize-space(.)='Recalls'])[1]/following::h1[1]'.

28-05-2024T21:48:10 - [MESSAGE][PASSED] - Actual text and expected text of test object 'Object Repository/BBK/Page_Kelley Blue Book  New and Used Car Pri_e90311/h1_Kelley Knows Cars' are matched.

28-05-2024T21:48:10 - [TEST_STEP][PASSED] - closeBrowser(): Browser is closed

28-05-2024T21:48:11 - [MESSAGE][PASSED] - Browser is closed]]></system-out>
         <system-err><![CDATA[]]></system-err>
      </testcase>
      <system-out><![CDATA[28-05-2024T21:42:59 - [TEST_SUITE][PASSED] - all-bbk: Test Cases/BBK/check-slogan]]></system-out>
      <system-err><![CDATA[]]></system-err>
   </testsuite>
</testsuites>
