<?xml version="1.0" encoding="UTF-8"?>
<testsuites name="check-body" time="43.927" tests="1" failures="0" errors="0">
   <testsuite name="check-body" tests="1" failures="0" errors="0" time="43.927" skipped="0" timestamp="01-06-2024T00:10:39" hostname="vista - 192.168.4.129" id="Test Suites/KMS/check-body">
      <properties>
         <property name="deviceName" value=""/>
         <property name="devicePlatform"/>
         <property name="logFolder" value="C:\\Users\\vista\\git\\Katalon\\Reports\\20240531_235742\\KMS\\check-body\\20240531_235817"/>
         <property name="logFiles" value="C:\\Users\\vista\\git\\Katalon\\Reports\\20240531_235742\\KMS\\check-body\\20240531_235817\\execution0.log"/>
         <property name="attachments" value=""/>
         <property name="hostName" value="vista - 192.168.4.129"/>
         <property name="os" value="Windows 10 64bit"/>
         <property name="katalonVersion" value="9.5.0.217"/>
         <property name="browser" value="Chrome 125.0.0.0"/>
         <property name="hostAddress" value="192.168.4.129"/>
         <property name="sessionId" value="9ba984744d06096a5d1e6ff75f0c8a53"/>
         <property name="seleniumVersion" value="3.141.59"/>
         <property name="proxyInformation" value="ProxyInformation { proxyOption=NO_PROXY, proxyServerType=HTTP, username=, password=********, proxyServerAddress=, proxyServerPort=0, executionList=&quot;&quot;, isApplyToDesiredCapabilities=true }"/>
         <property name="platform" value="Windows 10"/>
      </properties>
      <testcase name="Test Cases/KMS/KMS-Clickable-Test" time="41.349" classname="Test Cases/KMS/KMS-Clickable-Test" status="PASSED">
         <system-out><![CDATA[01-06-2024T00:10:41 - [TEST_CASE][PASSED] - Test Cases/KMS/KMS-Clickable-Test: Test Cases/KMS/KMS-Clickable-Test

01-06-2024T00:10:44 - [TEST_STEP][PASSED] - openBrowser(""): Browser is opened with url: ''

01-06-2024T00:10:50 - [MESSAGE][INFO] - Starting 'Chrome' driver

01-06-2024T00:10:52 - [MESSAGE][INFO] - Action delay is set to 0 milliseconds

01-06-2024T00:11:05 - [MESSAGE][PASSED] - Browser is opened with url: ''

01-06-2024T00:11:05 - [TEST_STEP][PASSED] - navigateToUrl("https://kms-technology.com/"): Navigate to 'https://kms-technology.com/' successfully

01-06-2024T00:11:08 - [MESSAGE][PASSED] - Navigate to 'https://kms-technology.com/' successfully

01-06-2024T00:11:08 - [TEST_STEP][PASSED] - verifyElementClickable(findTestObject("Object Repository/KMS/Page_Award-Wining Global Software Developme_3f2c77/a_Global Delivery")): Object 'Object Repository/KMS/Page_Award-Wining Global Software Developme_3f2c77/a_Global Delivery' is clickable

01-06-2024T00:11:11 - [MESSAGE][PASSED] - Object 'Object Repository/KMS/Page_Award-Wining Global Software Developme_3f2c77/a_Global Delivery' is clickable

01-06-2024T00:11:11 - [TEST_STEP][PASSED] - closeBrowser(): Browser is closed

01-06-2024T00:11:23 - [MESSAGE][PASSED] - Browser is closed]]></system-out>
         <system-err><![CDATA[]]></system-err>
      </testcase>
      <system-out><![CDATA[01-06-2024T00:10:39 - [TEST_SUITE][PASSED] - check-body: Test Cases/KMS/KMS-Clickable-Test]]></system-out>
      <system-err><![CDATA[]]></system-err>
   </testsuite>
</testsuites>
