<?xml version="1.0" encoding="UTF-8"?>
<testsuites name="Verify_Home_Page" time="28.532" tests="3" failures="0" errors="0">
   <testsuite name="Verify_Home_Page" tests="3" failures="0" errors="0" time="28.532" skipped="0" timestamp="26-05-2024T21:51:42" hostname="ToanLa - DESKTOP-QSIPVT9" id="Test Suites/CURA Healthcare/Verify_Home_Page">
      <properties>
         <property name="deviceName" value=""/>
         <property name="devicePlatform" value=""/>
         <property name="logFolder" value="C:\\Users\\ToanLa\\git\\katalon\\Reports\\20240526_215059\\CURA Healthcare\\Verify_Home_Page\\20240526_215108"/>
         <property name="logFiles" value="C:\\Users\\ToanLa\\git\\katalon\\Reports\\20240526_215059\\CURA Healthcare\\Verify_Home_Page\\20240526_215108\\execution0.log"/>
         <property name="attachments" value=""/>
         <property name="hostName" value="ToanLa - DESKTOP-QSIPVT9"/>
         <property name="os" value="Windows 11 64bit"/>
         <property name="katalonVersion" value="9.4.0.212"/>
         <property name="browser" value="Chrome 125.0.0.0"/>
         <property name="hostAddress" value="192.168.1.10"/>
         <property name="sessionId" value="c6c7c49e8bb7a223cec9e8d4e2061da0"/>
         <property name="seleniumVersion" value="3.141.59"/>
         <property name="proxyInformation" value="ProxyInformation { proxyOption=NO_PROXY, proxyServerType=HTTP, username=, password=********, proxyServerAddress=, proxyServerPort=0, executionList=&quot;&quot;, isApplyToDesiredCapabilities=true }"/>
         <property name="platform" value="Windows 11"/>
      </properties>
      <testcase name="Test Cases/CURA Healthcare/Verify CURA Healthcare Service text" time="12.043" classname="Test Cases/CURA Healthcare/Verify CURA Healthcare Service text" status="PASSED">
         <system-out><![CDATA[26-05-2024T21:51:42 - [TEST_CASE][PASSED] - Test Cases/CURA Healthcare/Verify CURA Healthcare Service text: Test Cases/CURA Healthcare/Verify CURA Healthcare Service text

26-05-2024T21:51:43 - [TEST_STEP][PASSED] - openBrowser(""): Browser is opened with url: ''

26-05-2024T21:51:44 - [MESSAGE][INFO] - Starting 'Chrome' driver

26-05-2024T21:51:44 - [MESSAGE][INFO] - Action delay is set to 0 milliseconds

26-05-2024T21:51:49 - [MESSAGE][PASSED] - Browser is opened with url: ''

26-05-2024T21:51:49 - [TEST_STEP][PASSED] - navigateToUrl("https://katalon-demo-cura.herokuapp.com/"): Navigate to 'https://katalon-demo-cura.herokuapp.com/' successfully

26-05-2024T21:51:53 - [MESSAGE][PASSED] - Navigate to 'https://katalon-demo-cura.herokuapp.com/' successfully

26-05-2024T21:51:53 - [TEST_STEP][PASSED] - verifyElementClickable(findTestObject("Object Repository/Page_CURA Healthcare Service/a_Make Appointment")): Object 'Object Repository/Page_CURA Healthcare Service/a_Make Appointment' is clickable

26-05-2024T21:51:54 - [MESSAGE][PASSED] - Object 'Object Repository/Page_CURA Healthcare Service/a_Make Appointment' is clickable]]></system-out>
         <system-err><![CDATA[]]></system-err>
      </testcase>
      <testcase name="Test Cases/CURA Healthcare/Verify_Clickable_Button" time="9.053" classname="Test Cases/CURA Healthcare/Verify_Clickable_Button" status="PASSED">
         <system-out><![CDATA[26-05-2024T21:51:54 - [TEST_CASE][PASSED] - Test Cases/CURA Healthcare/Verify_Clickable_Button: Test Cases/CURA Healthcare/Verify_Clickable_Button

26-05-2024T21:51:54 - [TEST_STEP][PASSED] - openBrowser(""): Browser is opened with url: ''

26-05-2024T21:51:54 - [MESSAGE][WARNING] - A browser is already opened. Closing browser and opening a new one

26-05-2024T21:51:55 - [MESSAGE][INFO] - Starting 'Chrome' driver

26-05-2024T21:51:55 - [MESSAGE][INFO] - Action delay is set to 0 milliseconds

26-05-2024T21:51:57 - [MESSAGE][PASSED] - Browser is opened with url: ''

26-05-2024T21:51:57 - [TEST_STEP][PASSED] - navigateToUrl("https://katalon-demo-cura.herokuapp.com/"): Navigate to 'https://katalon-demo-cura.herokuapp.com/' successfully

26-05-2024T21:52:00 - [MESSAGE][PASSED] - Navigate to 'https://katalon-demo-cura.herokuapp.com/' successfully

26-05-2024T21:52:00 - [TEST_STEP][PASSED] - click(findTestObject("Page_CURA Healthcare Service/a_Make Appointment")): Object: 'Object Repository/Page_CURA Healthcare Service/a_Make Appointment' is clicked on

26-05-2024T21:52:02 - [MESSAGE][PASSED] - Object: 'Object Repository/Page_CURA Healthcare Service/a_Make Appointment' is clicked on

26-05-2024T21:52:02 - [TEST_STEP][PASSED] - closeBrowser(): Browser is closed

26-05-2024T21:52:03 - [MESSAGE][PASSED] - Browser is closed]]></system-out>
         <system-err><![CDATA[]]></system-err>
      </testcase>
      <testcase name="Test Cases/CURA Healthcare/Verify_Footer_Copyright" time="6.972" classname="Test Cases/CURA Healthcare/Verify_Footer_Copyright" status="PASSED">
         <system-out><![CDATA[26-05-2024T21:52:03 - [TEST_CASE][PASSED] - Test Cases/CURA Healthcare/Verify_Footer_Copyright: Test Cases/CURA Healthcare/Verify_Footer_Copyright

26-05-2024T21:52:03 - [TEST_STEP][PASSED] - openBrowser(""): Browser is opened with url: ''

26-05-2024T21:52:03 - [MESSAGE][INFO] - Starting 'Chrome' driver

26-05-2024T21:52:03 - [MESSAGE][INFO] - Action delay is set to 0 milliseconds

26-05-2024T21:52:05 - [MESSAGE][PASSED] - Browser is opened with url: ''

26-05-2024T21:52:05 - [TEST_STEP][PASSED] - navigateToUrl("https://katalon-demo-cura.herokuapp.com/"): Navigate to 'https://katalon-demo-cura.herokuapp.com/' successfully

26-05-2024T21:52:09 - [MESSAGE][PASSED] - Navigate to 'https://katalon-demo-cura.herokuapp.com/' successfully

26-05-2024T21:52:09 - [TEST_STEP][PASSED] - verifyElementPresent(findTestObject("Page_CURA Healthcare Service/p_Copyright  CURA Healthcare Service 2024"), 0): Object 'Object Repository/Page_CURA Healthcare Service/p_Copyright  CURA Healthcare Service 2024' is present

26-05-2024T21:52:09 - [MESSAGE][WARNING] - Timeout '0' is invalid. Using default page load timeout: '30'

26-05-2024T21:52:09 - [MESSAGE][PASSED] - Object 'Object Repository/Page_CURA Healthcare Service/p_Copyright  CURA Healthcare Service 2024' is present

26-05-2024T21:52:09 - [TEST_STEP][PASSED] - closeBrowser(): Browser is closed

26-05-2024T21:52:10 - [MESSAGE][PASSED] - Browser is closed]]></system-out>
         <system-err><![CDATA[]]></system-err>
      </testcase>
      <system-out><![CDATA[26-05-2024T21:51:42 - [TEST_SUITE][PASSED] - Verify_Home_Page: Test Cases/CURA Healthcare/Verify_Footer_Copyright]]></system-out>
      <system-err><![CDATA[]]></system-err>
   </testsuite>
</testsuites>
