<?xml version="1.0" encoding="UTF-8"?>
<testsuites name="Verify_Social_Icon" time="20.314" tests="3" failures="0" errors="0">
   <testsuite name="Verify_Social_Icon" tests="3" failures="0" errors="0" time="20.314" skipped="0" timestamp="28-05-2024T21:43:37" hostname="ToanLa - DESKTOP-QSIPVT9" id="Test Suites/CURA Healthcare/Verify_Social_Icon">
      <properties>
         <property name="deviceName" value=""/>
         <property name="devicePlatform" value=""/>
         <property name="logFolder" value="C:\\Users\\ToanLa\\git\\katalon\\Reports\\20240528_214204\\CURA Healthcare\\Verify_Social_Icon\\20240528_214219"/>
         <property name="logFiles" value="C:\\Users\\ToanLa\\git\\katalon\\Reports\\20240528_214204\\CURA Healthcare\\Verify_Social_Icon\\20240528_214219\\execution0.log"/>
         <property name="attachments" value=""/>
         <property name="hostName" value="ToanLa - DESKTOP-QSIPVT9"/>
         <property name="os" value="Windows 11 64bit"/>
         <property name="katalonVersion" value="9.4.0.212"/>
         <property name="browser" value="Chrome 125.0.0.0"/>
         <property name="hostAddress" value="192.168.1.8"/>
         <property name="sessionId" value="edb3cc24dc26edf8982873ba114d5251"/>
         <property name="seleniumVersion" value="3.141.59"/>
         <property name="proxyInformation" value="ProxyInformation { proxyOption=NO_PROXY, proxyServerType=HTTP, username=, password=********, proxyServerAddress=, proxyServerPort=0, executionList=&quot;&quot;, isApplyToDesiredCapabilities=true }"/>
         <property name="platform" value="Windows 11"/>
      </properties>
      <testcase name="Test Cases/CURA Healthcare/Verify_Dribbble_Ico" time="7.493" classname="Test Cases/CURA Healthcare/Verify_Dribbble_Ico" status="PASSED">
         <system-out><![CDATA[28-05-2024T21:43:38 - [TEST_CASE][PASSED] - Test Cases/CURA Healthcare/Verify_Dribbble_Ico: Test Cases/CURA Healthcare/Verify_Dribbble_Ico

28-05-2024T21:43:38 - [TEST_STEP][PASSED] - openBrowser(""): Browser is opened with url: ''

28-05-2024T21:43:39 - [MESSAGE][INFO] - Starting 'Chrome' driver

28-05-2024T21:43:39 - [MESSAGE][INFO] - Action delay is set to 0 milliseconds

28-05-2024T21:43:41 - [MESSAGE][PASSED] - Browser is opened with url: ''

28-05-2024T21:43:41 - [TEST_STEP][PASSED] - navigateToUrl("https://katalon-demo-cura.herokuapp.com/"): Navigate to 'https://katalon-demo-cura.herokuapp.com/' successfully

28-05-2024T21:43:44 - [MESSAGE][PASSED] - Navigate to 'https://katalon-demo-cura.herokuapp.com/' successfully

28-05-2024T21:43:44 - [TEST_STEP][PASSED] - verifyElementPresent(findTestObject("Page_CURA Healthcare Service/i_infokatalon.com_fa fa-dribbble fa-fw fa-3x"), 0): Object 'Object Repository/Page_CURA Healthcare Service/i_infokatalon.com_fa fa-dribbble fa-fw fa-3x' is present

28-05-2024T21:43:44 - [MESSAGE][WARNING] - Timeout '0' is invalid. Using default page load timeout: '30'

28-05-2024T21:43:45 - [MESSAGE][PASSED] - Object 'Object Repository/Page_CURA Healthcare Service/i_infokatalon.com_fa fa-dribbble fa-fw fa-3x' is present

28-05-2024T21:43:45 - [TEST_STEP][PASSED] - closeBrowser(): Browser is closed

28-05-2024T21:43:45 - [MESSAGE][PASSED] - Browser is closed]]></system-out>
         <system-err><![CDATA[]]></system-err>
      </testcase>
      <testcase name="Test Cases/CURA Healthcare/Verify_Facebook_Ico" time="6.433" classname="Test Cases/CURA Healthcare/Verify_Facebook_Ico" status="PASSED">
         <system-out><![CDATA[28-05-2024T21:43:45 - [TEST_CASE][PASSED] - Test Cases/CURA Healthcare/Verify_Facebook_Ico: Test Cases/CURA Healthcare/Verify_Facebook_Ico

28-05-2024T21:43:45 - [TEST_STEP][PASSED] - openBrowser(""): Browser is opened with url: ''

28-05-2024T21:43:45 - [MESSAGE][INFO] - Starting 'Chrome' driver

28-05-2024T21:43:45 - [MESSAGE][INFO] - Action delay is set to 0 milliseconds

28-05-2024T21:43:47 - [MESSAGE][PASSED] - Browser is opened with url: ''

28-05-2024T21:43:47 - [TEST_STEP][PASSED] - navigateToUrl("https://katalon-demo-cura.herokuapp.com/"): Navigate to 'https://katalon-demo-cura.herokuapp.com/' successfully

28-05-2024T21:43:50 - [MESSAGE][PASSED] - Navigate to 'https://katalon-demo-cura.herokuapp.com/' successfully

28-05-2024T21:43:50 - [TEST_STEP][PASSED] - verifyElementPresent(findTestObject("Object Repository/Page_CURA Healthcare Service/i_infokatalon.com_fa fa-facebook fa-fw fa-3x"), 0): Object 'Object Repository/Page_CURA Healthcare Service/i_infokatalon.com_fa fa-facebook fa-fw fa-3x' is present

28-05-2024T21:43:50 - [MESSAGE][WARNING] - Timeout '0' is invalid. Using default page load timeout: '30'

28-05-2024T21:43:51 - [MESSAGE][PASSED] - Object 'Object Repository/Page_CURA Healthcare Service/i_infokatalon.com_fa fa-facebook fa-fw fa-3x' is present

28-05-2024T21:43:51 - [TEST_STEP][PASSED] - closeBrowser(): Browser is closed

28-05-2024T21:43:52 - [MESSAGE][PASSED] - Browser is closed]]></system-out>
         <system-err><![CDATA[]]></system-err>
      </testcase>
      <testcase name="Test Cases/CURA Healthcare/Verify_Twitter_Ico" time="5.996" classname="Test Cases/CURA Healthcare/Verify_Twitter_Ico" status="PASSED">
         <system-out><![CDATA[28-05-2024T21:43:52 - [TEST_CASE][PASSED] - Test Cases/CURA Healthcare/Verify_Twitter_Ico: Test Cases/CURA Healthcare/Verify_Twitter_Ico

28-05-2024T21:43:52 - [TEST_STEP][PASSED] - openBrowser(""): Browser is opened with url: ''

28-05-2024T21:43:52 - [MESSAGE][INFO] - Starting 'Chrome' driver

28-05-2024T21:43:52 - [MESSAGE][INFO] - Action delay is set to 0 milliseconds

28-05-2024T21:43:53 - [MESSAGE][PASSED] - Browser is opened with url: ''

28-05-2024T21:43:53 - [TEST_STEP][PASSED] - navigateToUrl("https://katalon-demo-cura.herokuapp.com/"): Navigate to 'https://katalon-demo-cura.herokuapp.com/' successfully

28-05-2024T21:43:56 - [MESSAGE][PASSED] - Navigate to 'https://katalon-demo-cura.herokuapp.com/' successfully

28-05-2024T21:43:56 - [TEST_STEP][PASSED] - verifyElementPresent(findTestObject("Object Repository/Page_CURA Healthcare Service/i_infokatalon.com_fa fa-facebook fa-fw fa-3x"), 0): Object 'Object Repository/Page_CURA Healthcare Service/i_infokatalon.com_fa fa-facebook fa-fw fa-3x' is present

28-05-2024T21:43:56 - [MESSAGE][WARNING] - Timeout '0' is invalid. Using default page load timeout: '30'

28-05-2024T21:43:56 - [MESSAGE][PASSED] - Object 'Object Repository/Page_CURA Healthcare Service/i_infokatalon.com_fa fa-facebook fa-fw fa-3x' is present

28-05-2024T21:43:56 - [TEST_STEP][PASSED] - closeBrowser(): Browser is closed

28-05-2024T21:43:58 - [MESSAGE][PASSED] - Browser is closed]]></system-out>
         <system-err><![CDATA[]]></system-err>
      </testcase>
      <system-out><![CDATA[28-05-2024T21:43:37 - [TEST_SUITE][PASSED] - Verify_Social_Icon: Test Cases/CURA Healthcare/Verify_Twitter_Ico]]></system-out>
      <system-err><![CDATA[]]></system-err>
   </testsuite>
</testsuites>
