<?xml version="1.0" encoding="UTF-8"?>
<testsuites name="ddv-suites" time="210.455" tests="10" failures="0" errors="0">
   <testsuite name="ddv-suites" tests="10" failures="0" errors="0" time="210.455" skipped="0" timestamp="28-05-2024T15:06:48" hostname="ToanLa - DESKTOP-QSIPVT9" id="Test Suites/DDV/ddv-suites">
      <properties>
         <property name="deviceName" value=""/>
         <property name="devicePlatform" value=""/>
         <property name="logFolder" value="C:\\Users\\ToanLa\\git\\katalon\\Reports\\20240528_150639\\DDV\\ddv-suites\\20240528_150639"/>
         <property name="logFiles" value="C:\\Users\\ToanLa\\git\\katalon\\Reports\\20240528_150639\\DDV\\ddv-suites\\20240528_150639\\execution0.log"/>
         <property name="attachments" value=""/>
         <property name="hostName" value="ToanLa - DESKTOP-QSIPVT9"/>
         <property name="os" value="Windows 11 64bit"/>
         <property name="katalonVersion" value="9.4.0.212"/>
         <property name="browser" value="Chrome 125.0.0.0"/>
         <property name="hostAddress" value="192.168.227.126"/>
         <property name="sessionId" value="c2266aea538280fbfb009eda396871fe"/>
         <property name="seleniumVersion" value="3.141.59"/>
         <property name="proxyInformation" value="ProxyInformation { proxyOption=NO_PROXY, proxyServerType=HTTP, username=, password=********, proxyServerAddress=, proxyServerPort=0, executionList=&quot;&quot;, isApplyToDesiredCapabilities=true }"/>
         <property name="platform" value="Windows 11"/>
      </properties>
      <testcase name="Test Cases/DDV/check-categories" time="21.865" classname="Test Cases/DDV/check-categories" status="PASSED">
         <system-out><![CDATA[28-05-2024T15:06:48 - [TEST_CASE][PASSED] - Test Cases/DDV/check-categories: Test Cases/DDV/check-categories

28-05-2024T15:06:49 - [TEST_STEP][PASSED] - openBrowser(""): Browser is opened with url: ''

28-05-2024T15:06:49 - [MESSAGE][INFO] - Starting 'Chrome' driver

28-05-2024T15:06:49 - [MESSAGE][INFO] - Action delay is set to 0 milliseconds

28-05-2024T15:06:50 - [MESSAGE][PASSED] - Browser is opened with url: ''

28-05-2024T15:06:50 - [TEST_STEP][PASSED] - navigateToUrl("https://didongviet.vn/"): Navigate to 'https://didongviet.vn/' successfully

28-05-2024T15:07:09 - [MESSAGE][PASSED] - Navigate to 'https://didongviet.vn/' successfully

28-05-2024T15:07:09 - [TEST_STEP][PASSED] - verifyElementVisible(findTestObject("Object Repository/DDV/Page_Didongviet.vn - in thoi, Tablet, ng h,_4e2c42/div_Galaxy S24 UltraiPhone 15 Pro MaxiPad G_4b7227")): Object 'Object Repository/DDV/Page_Didongviet.vn - in thoi, Tablet, ng h,_4e2c42/div_Galaxy S24 UltraiPhone 15 Pro MaxiPad G_4b7227' is visible

28-05-2024T15:07:10 - [MESSAGE][PASSED] - Object 'Object Repository/DDV/Page_Didongviet.vn - in thoi, Tablet, ng h,_4e2c42/div_Galaxy S24 UltraiPhone 15 Pro MaxiPad G_4b7227' is visible

28-05-2024T15:07:10 - [TEST_STEP][PASSED] - closeBrowser(): Browser is closed

28-05-2024T15:07:10 - [MESSAGE][PASSED] - Browser is closed]]></system-out>
         <system-err><![CDATA[]]></system-err>
      </testcase>
      <testcase name="Test Cases/DDV/check-hotline" time="21.058" classname="Test Cases/DDV/check-hotline" status="PASSED">
         <system-out><![CDATA[28-05-2024T15:07:10 - [TEST_CASE][PASSED] - Test Cases/DDV/check-hotline: Test Cases/DDV/check-hotline

28-05-2024T15:07:10 - [TEST_STEP][PASSED] - openBrowser(""): Browser is opened with url: ''

28-05-2024T15:07:10 - [MESSAGE][INFO] - Starting 'Chrome' driver

28-05-2024T15:07:10 - [MESSAGE][INFO] - Action delay is set to 0 milliseconds

28-05-2024T15:07:11 - [MESSAGE][PASSED] - Browser is opened with url: ''

28-05-2024T15:07:11 - [TEST_STEP][PASSED] - navigateToUrl("https://didongviet.vn/"): Navigate to 'https://didongviet.vn/' successfully

28-05-2024T15:07:30 - [MESSAGE][PASSED] - Navigate to 'https://didongviet.vn/' successfully

28-05-2024T15:07:30 - [TEST_STEP][PASSED] - verifyElementText(findTestObject("Object Repository/DDV/Page_Didongviet.vn - in thoi, Tablet, ng h,_4e2c42/p_1800.6018"), "1800.6018"): Actual text and expected text of test object 'Object Repository/DDV/Page_Didongviet.vn - in thoi, Tablet, ng h,_4e2c42/p_1800.6018' are matched.

28-05-2024T15:07:31 - [MESSAGE][PASSED] - Actual text and expected text of test object 'Object Repository/DDV/Page_Didongviet.vn - in thoi, Tablet, ng h,_4e2c42/p_1800.6018' are matched.

28-05-2024T15:07:31 - [TEST_STEP][PASSED] - verifyElementVisible(findTestObject("Object Repository/DDV/Page_Didongviet.vn - in thoi, Tablet, ng h,_4e2c42/p_1800.6018")): Object 'Object Repository/DDV/Page_Didongviet.vn - in thoi, Tablet, ng h,_4e2c42/p_1800.6018' is visible

28-05-2024T15:07:31 - [MESSAGE][PASSED] - Object 'Object Repository/DDV/Page_Didongviet.vn - in thoi, Tablet, ng h,_4e2c42/p_1800.6018' is visible

28-05-2024T15:07:31 - [TEST_STEP][PASSED] - closeBrowser(): Browser is closed

28-05-2024T15:07:31 - [MESSAGE][PASSED] - Browser is closed]]></system-out>
         <system-err><![CDATA[]]></system-err>
      </testcase>
      <testcase name="Test Cases/DDV/check-left-menu" time="20.925" classname="Test Cases/DDV/check-left-menu" status="PASSED">
         <system-out><![CDATA[28-05-2024T15:07:31 - [TEST_CASE][PASSED] - Test Cases/DDV/check-left-menu: Test Cases/DDV/check-left-menu

28-05-2024T15:07:31 - [TEST_STEP][PASSED] - openBrowser(""): Browser is opened with url: ''

28-05-2024T15:07:31 - [MESSAGE][INFO] - Starting 'Chrome' driver

28-05-2024T15:07:31 - [MESSAGE][INFO] - Action delay is set to 0 milliseconds

28-05-2024T15:07:32 - [MESSAGE][PASSED] - Browser is opened with url: ''

28-05-2024T15:07:32 - [TEST_STEP][PASSED] - navigateToUrl("https://didongviet.vn/"): Navigate to 'https://didongviet.vn/' successfully

28-05-2024T15:07:51 - [MESSAGE][PASSED] - Navigate to 'https://didongviet.vn/' successfully

28-05-2024T15:07:51 - [TEST_STEP][PASSED] - verifyElementVisible(findTestObject("Object Repository/DDV/Page_Didongviet.vn - in thoi, Tablet, ng h,_4e2c42/div_in thoiApple (AAR)Laptop  TabletMy c gi_2921c4")): Object 'Object Repository/DDV/Page_Didongviet.vn - in thoi, Tablet, ng h,_4e2c42/div_in thoiApple (AAR)Laptop  TabletMy c gi_2921c4' is visible

28-05-2024T15:07:52 - [MESSAGE][PASSED] - Object 'Object Repository/DDV/Page_Didongviet.vn - in thoi, Tablet, ng h,_4e2c42/div_in thoiApple (AAR)Laptop  TabletMy c gi_2921c4' is visible

28-05-2024T15:07:52 - [TEST_STEP][PASSED] - closeBrowser(): Browser is closed

28-05-2024T15:07:52 - [MESSAGE][PASSED] - Browser is closed]]></system-out>
         <system-err><![CDATA[]]></system-err>
      </testcase>
      <testcase name="Test Cases/DDV/check-logo-available" time="20.677" classname="Test Cases/DDV/check-logo-available" status="PASSED">
         <system-out><![CDATA[28-05-2024T15:07:52 - [TEST_CASE][PASSED] - Test Cases/DDV/check-logo-available: Test Cases/DDV/check-logo-available

28-05-2024T15:07:52 - [TEST_STEP][PASSED] - openBrowser(""): Browser is opened with url: ''

28-05-2024T15:07:52 - [MESSAGE][INFO] - Starting 'Chrome' driver

28-05-2024T15:07:52 - [MESSAGE][INFO] - Action delay is set to 0 milliseconds

28-05-2024T15:07:53 - [MESSAGE][PASSED] - Browser is opened with url: ''

28-05-2024T15:07:53 - [TEST_STEP][PASSED] - navigateToUrl("https://didongviet.vn/"): Navigate to 'https://didongviet.vn/' successfully

28-05-2024T15:08:12 - [MESSAGE][PASSED] - Navigate to 'https://didongviet.vn/' successfully

28-05-2024T15:08:12 - [TEST_STEP][PASSED] - verifyElementVisible(findTestObject("Object Repository/DDV/Page_Didongviet.vn - in thoi, Tablet, ng h,_4e2c42/img")): Object 'Object Repository/DDV/Page_Didongviet.vn - in thoi, Tablet, ng h,_4e2c42/img' is visible

28-05-2024T15:08:13 - [MESSAGE][PASSED] - Object 'Object Repository/DDV/Page_Didongviet.vn - in thoi, Tablet, ng h,_4e2c42/img' is visible

28-05-2024T15:08:13 - [TEST_STEP][PASSED] - closeBrowser(): Browser is closed

28-05-2024T15:08:13 - [MESSAGE][PASSED] - Browser is closed]]></system-out>
         <system-err><![CDATA[]]></system-err>
      </testcase>
      <testcase name="Test Cases/DDV/check-main-banner" time="21.495" classname="Test Cases/DDV/check-main-banner" status="PASSED">
         <system-out><![CDATA[28-05-2024T15:08:13 - [TEST_CASE][PASSED] - Test Cases/DDV/check-main-banner: Test Cases/DDV/check-main-banner

28-05-2024T15:08:13 - [TEST_STEP][PASSED] - openBrowser(""): Browser is opened with url: ''

28-05-2024T15:08:13 - [MESSAGE][INFO] - Starting 'Chrome' driver

28-05-2024T15:08:13 - [MESSAGE][INFO] - Action delay is set to 0 milliseconds

28-05-2024T15:08:13 - [MESSAGE][PASSED] - Browser is opened with url: ''

28-05-2024T15:08:13 - [TEST_STEP][PASSED] - navigateToUrl("https://didongviet.vn/"): Navigate to 'https://didongviet.vn/' successfully

28-05-2024T15:08:33 - [MESSAGE][PASSED] - Navigate to 'https://didongviet.vn/' successfully

28-05-2024T15:08:33 - [TEST_STEP][PASSED] - verifyElementVisible(findTestObject("Object Repository/DDV/Page_Didongviet.vn - in thoi, Tablet, ng h,_4e2c42/div_in thoiApple (AAR)Laptop  TabletMy c gi_2921c4")): Object 'Object Repository/DDV/Page_Didongviet.vn - in thoi, Tablet, ng h,_4e2c42/div_in thoiApple (AAR)Laptop  TabletMy c gi_2921c4' is visible

28-05-2024T15:08:34 - [MESSAGE][PASSED] - Object 'Object Repository/DDV/Page_Didongviet.vn - in thoi, Tablet, ng h,_4e2c42/div_in thoiApple (AAR)Laptop  TabletMy c gi_2921c4' is visible

28-05-2024T15:08:34 - [TEST_STEP][PASSED] - closeBrowser(): Browser is closed

28-05-2024T15:08:34 - [MESSAGE][PASSED] - Browser is closed]]></system-out>
         <system-err><![CDATA[]]></system-err>
      </testcase>
      <testcase name="Test Cases/DDV/check-others-show-room" time="21.012" classname="Test Cases/DDV/check-others-show-room" status="PASSED">
         <system-out><![CDATA[28-05-2024T15:08:34 - [TEST_CASE][PASSED] - Test Cases/DDV/check-others-show-room: Test Cases/DDV/check-others-show-room

28-05-2024T15:08:34 - [TEST_STEP][PASSED] - openBrowser(""): Browser is opened with url: ''

28-05-2024T15:08:34 - [MESSAGE][INFO] - Starting 'Chrome' driver

28-05-2024T15:08:34 - [MESSAGE][INFO] - Action delay is set to 0 milliseconds

28-05-2024T15:08:35 - [MESSAGE][PASSED] - Browser is opened with url: ''

28-05-2024T15:08:35 - [TEST_STEP][PASSED] - navigateToUrl("https://didongviet.vn/"): Navigate to 'https://didongviet.vn/' successfully

28-05-2024T15:08:54 - [MESSAGE][PASSED] - Navigate to 'https://didongviet.vn/' successfully

28-05-2024T15:08:54 - [TEST_STEP][PASSED] - verifyElementVisible(findTestObject("Object Repository/DDV/Page_Didongviet.vn - in thoi, Tablet, ng h,_4e2c42/div_Oppo  Xiaomi  realme  HONOR Chnh HngOPP_34c939")): Object 'Object Repository/DDV/Page_Didongviet.vn - in thoi, Tablet, ng h,_4e2c42/div_Oppo  Xiaomi  realme  HONOR Chnh HngOPP_34c939' is visible

28-05-2024T15:08:55 - [MESSAGE][PASSED] - Object 'Object Repository/DDV/Page_Didongviet.vn - in thoi, Tablet, ng h,_4e2c42/div_Oppo  Xiaomi  realme  HONOR Chnh HngOPP_34c939' is visible

28-05-2024T15:08:55 - [TEST_STEP][PASSED] - verifyElementText(findTestObject("Object Repository/DDV/Page_Didongviet.vn - in thoi, Tablet, ng h,_4e2c42/a_Oppo  Xiaomi  realme  HONOR Chnh Hng"), "Oppo | Xiaomi | realme | HONOR Chính Hãng"): Actual text and expected text of test object 'Object Repository/DDV/Page_Didongviet.vn - in thoi, Tablet, ng h,_4e2c42/a_Oppo  Xiaomi  realme  HONOR Chnh Hng' are matched.

28-05-2024T15:08:55 - [MESSAGE][PASSED] - Actual text and expected text of test object 'Object Repository/DDV/Page_Didongviet.vn - in thoi, Tablet, ng h,_4e2c42/a_Oppo  Xiaomi  realme  HONOR Chnh Hng' are matched.

28-05-2024T15:08:55 - [TEST_STEP][PASSED] - closeBrowser(): Browser is closed

28-05-2024T15:08:55 - [MESSAGE][PASSED] - Browser is closed]]></system-out>
         <system-err><![CDATA[]]></system-err>
      </testcase>
      <testcase name="Test Cases/DDV/check-page-can-connect" time="20.453" classname="Test Cases/DDV/check-page-can-connect" status="PASSED">
         <system-out><![CDATA[28-05-2024T15:08:55 - [TEST_CASE][PASSED] - Test Cases/DDV/check-page-can-connect: Test Cases/DDV/check-page-can-connect

28-05-2024T15:08:55 - [TEST_STEP][PASSED] - openBrowser(""): Browser is opened with url: ''

28-05-2024T15:08:55 - [MESSAGE][INFO] - Starting 'Chrome' driver

28-05-2024T15:08:55 - [MESSAGE][INFO] - Action delay is set to 0 milliseconds

28-05-2024T15:08:56 - [MESSAGE][PASSED] - Browser is opened with url: ''

28-05-2024T15:08:56 - [TEST_STEP][PASSED] - navigateToUrl("https://didongviet.vn/"): Navigate to 'https://didongviet.vn/' successfully

28-05-2024T15:09:15 - [MESSAGE][PASSED] - Navigate to 'https://didongviet.vn/' successfully

28-05-2024T15:09:15 - [TEST_STEP][PASSED] - verifyElementVisible(findTestObject("Object Repository/DDV/Page_Didongviet.vn - in thoi, Tablet, ng h,_4e2c42/div_iPhone 15 Pro MaxGalaxy S24 UltraXiaomi_875374")): Object 'Object Repository/DDV/Page_Didongviet.vn - in thoi, Tablet, ng h,_4e2c42/div_iPhone 15 Pro MaxGalaxy S24 UltraXiaomi_875374' is visible

28-05-2024T15:09:15 - [MESSAGE][PASSED] - Object 'Object Repository/DDV/Page_Didongviet.vn - in thoi, Tablet, ng h,_4e2c42/div_iPhone 15 Pro MaxGalaxy S24 UltraXiaomi_875374' is visible

28-05-2024T15:09:15 - [TEST_STEP][PASSED] - closeBrowser(): Browser is closed

28-05-2024T15:09:16 - [MESSAGE][PASSED] - Browser is closed]]></system-out>
         <system-err><![CDATA[]]></system-err>
      </testcase>
      <testcase name="Test Cases/DDV/check-right-side-bar" time="20.434" classname="Test Cases/DDV/check-right-side-bar" status="PASSED">
         <system-out><![CDATA[28-05-2024T15:09:16 - [TEST_CASE][PASSED] - Test Cases/DDV/check-right-side-bar: Test Cases/DDV/check-right-side-bar

28-05-2024T15:09:16 - [TEST_STEP][PASSED] - openBrowser(""): Browser is opened with url: ''

28-05-2024T15:09:16 - [MESSAGE][INFO] - Starting 'Chrome' driver

28-05-2024T15:09:16 - [MESSAGE][INFO] - Action delay is set to 0 milliseconds

28-05-2024T15:09:16 - [MESSAGE][PASSED] - Browser is opened with url: ''

28-05-2024T15:09:16 - [TEST_STEP][PASSED] - navigateToUrl("https://didongviet.vn/"): Navigate to 'https://didongviet.vn/' successfully

28-05-2024T15:09:35 - [MESSAGE][PASSED] - Navigate to 'https://didongviet.vn/' successfully

28-05-2024T15:09:35 - [TEST_STEP][PASSED] - verifyElementVisible(findTestObject("Object Repository/DDV/Page_Didongviet.vn - in thoi, Tablet, ng h,_4e2c42/div_ng k_flex h-full flex-col justify-betwe_6cc556")): Object 'Object Repository/DDV/Page_Didongviet.vn - in thoi, Tablet, ng h,_4e2c42/div_ng k_flex h-full flex-col justify-betwe_6cc556' is visible

28-05-2024T15:09:36 - [MESSAGE][PASSED] - Object 'Object Repository/DDV/Page_Didongviet.vn - in thoi, Tablet, ng h,_4e2c42/div_ng k_flex h-full flex-col justify-betwe_6cc556' is visible

28-05-2024T15:09:36 - [TEST_STEP][PASSED] - closeBrowser(): Browser is closed

28-05-2024T15:09:36 - [MESSAGE][PASSED] - Browser is closed]]></system-out>
         <system-err><![CDATA[]]></system-err>
      </testcase>
      <testcase name="Test Cases/DDV/check-samsung" time="21.506" classname="Test Cases/DDV/check-samsung" status="PASSED">
         <system-out><![CDATA[28-05-2024T15:09:36 - [TEST_CASE][PASSED] - Test Cases/DDV/check-samsung: Test Cases/DDV/check-samsung

28-05-2024T15:09:36 - [TEST_STEP][PASSED] - openBrowser(""): Browser is opened with url: ''

28-05-2024T15:09:36 - [MESSAGE][INFO] - Starting 'Chrome' driver

28-05-2024T15:09:36 - [MESSAGE][INFO] - Action delay is set to 0 milliseconds

28-05-2024T15:09:37 - [MESSAGE][PASSED] - Browser is opened with url: ''

28-05-2024T15:09:37 - [TEST_STEP][PASSED] - navigateToUrl("https://didongviet.vn/"): Navigate to 'https://didongviet.vn/' successfully

28-05-2024T15:09:57 - [MESSAGE][PASSED] - Navigate to 'https://didongviet.vn/' successfully

28-05-2024T15:09:57 - [TEST_STEP][PASSED] - verifyElementVisible(findTestObject("Object Repository/DDV/Page_Didongviet.vn - in thoi, Tablet, ng h,_4e2c42/div_Samsung Chnh HngGalaxy Z Flip5Galaxy Z _6d232a")): Object 'Object Repository/DDV/Page_Didongviet.vn - in thoi, Tablet, ng h,_4e2c42/div_Samsung Chnh HngGalaxy Z Flip5Galaxy Z _6d232a' is visible

28-05-2024T15:09:57 - [MESSAGE][PASSED] - Object 'Object Repository/DDV/Page_Didongviet.vn - in thoi, Tablet, ng h,_4e2c42/div_Samsung Chnh HngGalaxy Z Flip5Galaxy Z _6d232a' is visible

28-05-2024T15:09:57 - [TEST_STEP][PASSED] - verifyElementText(findTestObject("Object Repository/DDV/Page_Didongviet.vn - in thoi, Tablet, ng h,_4e2c42/a_Samsung Chnh Hng"), "Samsung Chính Hãng"): Actual text and expected text of test object 'Object Repository/DDV/Page_Didongviet.vn - in thoi, Tablet, ng h,_4e2c42/a_Samsung Chnh Hng' are matched.

28-05-2024T15:09:57 - [MESSAGE][PASSED] - Actual text and expected text of test object 'Object Repository/DDV/Page_Didongviet.vn - in thoi, Tablet, ng h,_4e2c42/a_Samsung Chnh Hng' are matched.

28-05-2024T15:09:57 - [TEST_STEP][PASSED] - closeBrowser(): Browser is closed

28-05-2024T15:09:58 - [MESSAGE][PASSED] - Browser is closed]]></system-out>
         <system-err><![CDATA[]]></system-err>
      </testcase>
      <testcase name="Test Cases/DDV/check-show-room" time="20.804" classname="Test Cases/DDV/check-show-room" status="PASSED">
         <system-out><![CDATA[28-05-2024T15:09:58 - [TEST_CASE][PASSED] - Test Cases/DDV/check-show-room: Test Cases/DDV/check-show-room

28-05-2024T15:09:58 - [TEST_STEP][PASSED] - openBrowser(""): Browser is opened with url: ''

28-05-2024T15:09:58 - [MESSAGE][INFO] - Starting 'Chrome' driver

28-05-2024T15:09:58 - [MESSAGE][INFO] - Action delay is set to 0 milliseconds

28-05-2024T15:09:58 - [MESSAGE][PASSED] - Browser is opened with url: ''

28-05-2024T15:09:58 - [TEST_STEP][PASSED] - navigateToUrl("https://didongviet.vn/"): Navigate to 'https://didongviet.vn/' successfully

28-05-2024T15:10:17 - [MESSAGE][PASSED] - Navigate to 'https://didongviet.vn/' successfully

28-05-2024T15:10:17 - [TEST_STEP][PASSED] - verifyElementPresent(findTestObject("Object Repository/DDV/Page_Didongviet.vn - in thoi, Tablet, ng h,_4e2c42/div_iPhone VNA Chnh ThngiPhone 15 SeriesiPh_f6f959"), 0): Object 'Object Repository/DDV/Page_Didongviet.vn - in thoi, Tablet, ng h,_4e2c42/div_iPhone VNA Chnh ThngiPhone 15 SeriesiPh_f6f959' is present

28-05-2024T15:10:17 - [MESSAGE][WARNING] - Timeout '0' is invalid. Using default page load timeout: '30'

28-05-2024T15:10:18 - [MESSAGE][PASSED] - Object 'Object Repository/DDV/Page_Didongviet.vn - in thoi, Tablet, ng h,_4e2c42/div_iPhone VNA Chnh ThngiPhone 15 SeriesiPh_f6f959' is present

28-05-2024T15:10:18 - [TEST_STEP][PASSED] - verifyElementText(findTestObject("Object Repository/DDV/Page_Didongviet.vn - in thoi, Tablet, ng h,_4e2c42/a_iPhone VNA Chnh Thng"), "iPhone VN/A Chính Thống"): Actual text and expected text of test object 'Object Repository/DDV/Page_Didongviet.vn - in thoi, Tablet, ng h,_4e2c42/a_iPhone VNA Chnh Thng' are matched.

28-05-2024T15:10:18 - [MESSAGE][PASSED] - Actual text and expected text of test object 'Object Repository/DDV/Page_Didongviet.vn - in thoi, Tablet, ng h,_4e2c42/a_iPhone VNA Chnh Thng' are matched.

28-05-2024T15:10:18 - [TEST_STEP][PASSED] - closeBrowser(): Browser is closed

28-05-2024T15:10:18 - [MESSAGE][PASSED] - Browser is closed]]></system-out>
         <system-err><![CDATA[]]></system-err>
      </testcase>
      <system-out><![CDATA[28-05-2024T15:06:48 - [TEST_SUITE][PASSED] - ddv-suites: Test Cases/DDV/check-show-room]]></system-out>
      <system-err><![CDATA[]]></system-err>
   </testsuite>
</testsuites>
