<?xml version="1.0" encoding="UTF-8"?>
<testsuites name="check-banner" time="15.307" tests="1" failures="0" errors="0">
   <testsuite name="check-banner" tests="1" failures="0" errors="0" time="15.307" skipped="0" timestamp="28-05-2024T21:45:34" hostname="ToanLa - DESKTOP-QSIPVT9" id="Test Suites/KMS/check-banner">
      <properties>
         <property name="deviceName" value=""/>
         <property name="devicePlatform" value=""/>
         <property name="logFolder" value="C:\\Users\\ToanLa\\git\\katalon\\Reports\\20240528_214204\\KMS\\check-banner\\20240528_214235"/>
         <property name="logFiles" value="C:\\Users\\ToanLa\\git\\katalon\\Reports\\20240528_214204\\KMS\\check-banner\\20240528_214235\\execution0.log"/>
         <property name="attachments" value=""/>
         <property name="hostName" value="ToanLa - DESKTOP-QSIPVT9"/>
         <property name="os" value="Windows 11 64bit"/>
         <property name="katalonVersion" value="9.4.0.212"/>
         <property name="browser" value="Chrome 125.0.0.0"/>
         <property name="hostAddress" value="192.168.1.8"/>
         <property name="sessionId" value="bf42befbe1c67eb925e3530d552229d0"/>
         <property name="seleniumVersion" value="3.141.59"/>
         <property name="proxyInformation" value="ProxyInformation { proxyOption=NO_PROXY, proxyServerType=HTTP, username=, password=********, proxyServerAddress=, proxyServerPort=0, executionList=&quot;&quot;, isApplyToDesiredCapabilities=true }"/>
         <property name="platform" value="Windows 11"/>
      </properties>
      <testcase name="Test Cases/KMS/KMS-Check-Body" time="15.026" classname="Test Cases/KMS/KMS-Check-Body" status="PASSED">
         <system-out><![CDATA[28-05-2024T21:45:34 - [TEST_CASE][PASSED] - Test Cases/KMS/KMS-Check-Body: Test Cases/KMS/KMS-Check-Body

28-05-2024T21:45:35 - [TEST_STEP][PASSED] - openBrowser(""): Browser is opened with url: ''

28-05-2024T21:45:35 - [MESSAGE][INFO] - Starting 'Chrome' driver

28-05-2024T21:45:35 - [MESSAGE][INFO] - Action delay is set to 0 milliseconds

28-05-2024T21:45:38 - [MESSAGE][PASSED] - Browser is opened with url: ''

28-05-2024T21:45:38 - [TEST_STEP][PASSED] - navigateToUrl("https://kms-technology.com/"): Navigate to 'https://kms-technology.com/' successfully

28-05-2024T21:45:48 - [MESSAGE][PASSED] - Navigate to 'https://kms-technology.com/' successfully

28-05-2024T21:45:48 - [TEST_STEP][PASSED] - verifyElementVisible(findTestObject("Object Repository/KMS/Page_Custom Software Development  Consultin_0ef814/div_Our End-to-End Custom Software Developm_b402b8")): Object 'Object Repository/KMS/Page_Custom Software Development  Consultin_0ef814/div_Our End-to-End Custom Software Developm_b402b8' is visible

28-05-2024T21:45:49 - [MESSAGE][PASSED] - Object 'Object Repository/KMS/Page_Custom Software Development  Consultin_0ef814/div_Our End-to-End Custom Software Developm_b402b8' is visible

28-05-2024T21:45:49 - [TEST_STEP][PASSED] - closeBrowser(): Browser is closed

28-05-2024T21:45:49 - [MESSAGE][PASSED] - Browser is closed]]></system-out>
         <system-err><![CDATA[]]></system-err>
      </testcase>
      <system-out><![CDATA[28-05-2024T21:45:34 - [TEST_SUITE][PASSED] - check-banner: Test Cases/KMS/KMS-Check-Body]]></system-out>
      <system-err><![CDATA[]]></system-err>
   </testsuite>
</testsuites>
