<?xml version="1.0" encoding="UTF-8"?>
<testsuites name="check-development-path" time="28.916" tests="2" failures="0" errors="0">
   <testsuite name="check-development-path" tests="2" failures="0" errors="0" time="28.916" skipped="0" timestamp="26-05-2024T21:41:01" hostname="ToanLa - DESKTOP-QSIPVT9" id="Test Suites/KMS/check-development-path">
      <properties>
         <property name="deviceName" value=""/>
         <property name="devicePlatform" value=""/>
         <property name="logFolder" value="C:\\Users\\ToanLa\\git\\katalon\\Reports\\20240526_214054\\KMS\\check-development-path\\20240526_214054"/>
         <property name="logFiles" value="C:\\Users\\ToanLa\\git\\katalon\\Reports\\20240526_214054\\KMS\\check-development-path\\20240526_214054\\execution0.log"/>
         <property name="attachments" value=""/>
         <property name="hostName" value="ToanLa - DESKTOP-QSIPVT9"/>
         <property name="os" value="Windows 11 64bit"/>
         <property name="katalonVersion" value="9.4.0.212"/>
         <property name="browser" value="Chrome 125.0.0.0"/>
         <property name="hostAddress" value="192.168.1.10"/>
         <property name="sessionId" value="4a4fdb9993e6eb5eb0fd6d04a15fc525"/>
         <property name="seleniumVersion" value="3.141.59"/>
         <property name="proxyInformation" value="ProxyInformation { proxyOption=NO_PROXY, proxyServerType=HTTP, username=, password=********, proxyServerAddress=, proxyServerPort=0, executionList=&quot;&quot;, isApplyToDesiredCapabilities=true }"/>
         <property name="platform" value="Windows 11"/>
      </properties>
      <testcase name="Test Cases/KMS/KMS-Software-Development" time="11.818" classname="Test Cases/KMS/KMS-Software-Development" status="PASSED">
         <system-out><![CDATA[26-05-2024T21:41:01 - [TEST_CASE][PASSED] - Test Cases/KMS/KMS-Software-Development: Test Cases/KMS/KMS-Software-Development

26-05-2024T21:41:01 - [TEST_STEP][PASSED] - openBrowser(""): Browser is opened with url: ''

26-05-2024T21:41:02 - [MESSAGE][INFO] - Starting 'Chrome' driver

26-05-2024T21:41:02 - [MESSAGE][INFO] - Action delay is set to 0 milliseconds

26-05-2024T21:41:03 - [MESSAGE][PASSED] - Browser is opened with url: ''

26-05-2024T21:41:03 - [TEST_STEP][PASSED] - navigateToUrl("https://kms-technology.com/"): Navigate to 'https://kms-technology.com/' successfully

26-05-2024T21:41:12 - [MESSAGE][PASSED] - Navigate to 'https://kms-technology.com/' successfully

26-05-2024T21:41:12 - [TEST_STEP][PASSED] - verifyElementClickable(findTestObject("Object Repository/KMS/Page_Custom Software Development  Consultin_0ef814/a_Software Development")): Object 'Object Repository/KMS/Page_Custom Software Development  Consultin_0ef814/a_Software Development' is clickable

26-05-2024T21:41:13 - [MESSAGE][PASSED] - Object 'Object Repository/KMS/Page_Custom Software Development  Consultin_0ef814/a_Software Development' is clickable

26-05-2024T21:41:13 - [TEST_STEP][PASSED] - closeBrowser(): Browser is closed

26-05-2024T21:41:13 - [MESSAGE][PASSED] - Browser is closed]]></system-out>
         <system-err><![CDATA[]]></system-err>
      </testcase>
      <testcase name="Test Cases/KMS/KMS-Solution" time="16.891" classname="Test Cases/KMS/KMS-Solution" status="PASSED">
         <system-out><![CDATA[26-05-2024T21:41:13 - [TEST_CASE][PASSED] - Test Cases/KMS/KMS-Solution: Test Cases/KMS/KMS-Solution

26-05-2024T21:41:13 - [TEST_STEP][PASSED] - openBrowser(""): Browser is opened with url: ''

26-05-2024T21:41:13 - [MESSAGE][INFO] - Starting 'Chrome' driver

26-05-2024T21:41:13 - [MESSAGE][INFO] - Action delay is set to 0 milliseconds

26-05-2024T21:41:14 - [MESSAGE][PASSED] - Browser is opened with url: ''

26-05-2024T21:41:14 - [TEST_STEP][PASSED] - navigateToUrl("https://kms-technology.com/"): Navigate to 'https://kms-technology.com/' successfully

26-05-2024T21:41:26 - [MESSAGE][PASSED] - Navigate to 'https://kms-technology.com/' successfully

26-05-2024T21:41:26 - [TEST_STEP][PASSED] - verifyElementVisible(findTestObject("Object Repository/KMS/Page_Custom Software Development  Consultin_0ef814/div_SOLUTIONSAI  Machine LearningCloud Migr_a6bdfe")): Object 'Object Repository/KMS/Page_Custom Software Development  Consultin_0ef814/div_SOLUTIONSAI  Machine LearningCloud Migr_a6bdfe' is visible

26-05-2024T21:41:28 - [MESSAGE][PASSED] - Object 'Object Repository/KMS/Page_Custom Software Development  Consultin_0ef814/div_SOLUTIONSAI  Machine LearningCloud Migr_a6bdfe' is visible

26-05-2024T21:41:28 - [TEST_STEP][PASSED] - verifyElementText(findTestObject("Object Repository/KMS/Page_Custom Software Development  Consultin_0ef814/h5_SOLUTIONS"), "SOLUTIONS"): Actual text and expected text of test object 'Object Repository/KMS/Page_Custom Software Development  Consultin_0ef814/h5_SOLUTIONS' are matched.

26-05-2024T21:41:30 - [MESSAGE][PASSED] - Actual text and expected text of test object 'Object Repository/KMS/Page_Custom Software Development  Consultin_0ef814/h5_SOLUTIONS' are matched.

26-05-2024T21:41:30 - [TEST_STEP][PASSED] - closeBrowser(): Browser is closed

26-05-2024T21:41:30 - [MESSAGE][PASSED] - Browser is closed]]></system-out>
         <system-err><![CDATA[]]></system-err>
      </testcase>
      <system-out><![CDATA[26-05-2024T21:41:01 - [TEST_SUITE][PASSED] - check-development-path: Test Cases/KMS/KMS-Solution]]></system-out>
      <system-err><![CDATA[]]></system-err>
   </testsuite>
</testsuites>
