<?xml version="1.0" encoding="UTF-8"?>
<testsuites name="Smock_Test" time="112.121" tests="2" failures="0" errors="0">
   <testsuite name="Smock_Test" tests="2" failures="0" errors="0" time="112.121" skipped="0" timestamp="31-05-2024T23:58:55" hostname="vista - 192.168.4.129" id="Test Suites/CURA Healthcare/Smock_Test">
      <properties>
         <property name="deviceName" value=""/>
         <property name="devicePlatform"/>
         <property name="logFolder" value="C:\\Users\\vista\\git\\Katalon\\Reports\\20240531_235742\\CURA Healthcare\\Smock_Test\\20240531_235746"/>
         <property name="logFiles" value="C:\\Users\\vista\\git\\Katalon\\Reports\\20240531_235742\\CURA Healthcare\\Smock_Test\\20240531_235746\\execution0.log"/>
         <property name="attachments" value=""/>
         <property name="hostName" value="vista - 192.168.4.129"/>
         <property name="os" value="Windows 10 64bit"/>
         <property name="katalonVersion" value="9.5.0.217"/>
         <property name="browser" value="Chrome 125.0.0.0"/>
         <property name="hostAddress" value="192.168.4.129"/>
         <property name="sessionId" value="a4b9351bc92b940dfba1e5ab55943986"/>
         <property name="seleniumVersion" value="3.141.59"/>
         <property name="proxyInformation" value="ProxyInformation { proxyOption=NO_PROXY, proxyServerType=HTTP, username=, password=********, proxyServerAddress=, proxyServerPort=0, executionList=&quot;&quot;, isApplyToDesiredCapabilities=true }"/>
         <property name="platform" value="Windows 10"/>
      </properties>
      <testcase name="Test Cases/CURA Healthcare/Verify_All_Element_After_Clicking_Appointment_Button" time="87.56" classname="Test Cases/CURA Healthcare/Verify_All_Element_After_Clicking_Appointment_Button" status="PASSED">
         <system-out><![CDATA[31-05-2024T23:58:55 - [TEST_CASE][PASSED] - Test Cases/CURA Healthcare/Verify_All_Element_After_Clicking_Appointment_Button: Test Cases/CURA Healthcare/Verify_All_Element_After_Clicking_Appointment_Button

31-05-2024T23:58:56 - [TEST_STEP][PASSED] - openBrowser(""): Browser is opened with url: ''

31-05-2024T23:58:57 - [MESSAGE][INFO] - Starting 'Chrome' driver

31-05-2024T23:58:57 - [MESSAGE][INFO] - Action delay is set to 0 milliseconds

31-05-2024T23:59:14 - [MESSAGE][PASSED] - Browser is opened with url: ''

31-05-2024T23:59:14 - [TEST_STEP][PASSED] - navigateToUrl("https://katalon-demo-cura.herokuapp.com/"): Navigate to 'https://katalon-demo-cura.herokuapp.com/' successfully

31-05-2024T23:59:22 - [MESSAGE][PASSED] - Navigate to 'https://katalon-demo-cura.herokuapp.com/' successfully

31-05-2024T23:59:22 - [TEST_STEP][PASSED] - click(findTestObject("Object Repository/Page_CURA Healthcare Service/a_Make Appointment")): Object: 'Object Repository/Page_CURA Healthcare Service/a_Make Appointment' is clicked on

31-05-2024T23:59:52 - [MESSAGE][PASSED] - Object: 'Object Repository/Page_CURA Healthcare Service/a_Make Appointment' is clicked on

31-05-2024T23:59:52 - [TEST_STEP][PASSED] - verifyElementText(findTestObject("Object Repository/Page_CURA Healthcare Service/h1_CURA Healthcare Service"), "CURA Healthcare Service"): Actual text and expected text of test object 'Object Repository/Page_CURA Healthcare Service/h1_CURA Healthcare Service' are matched.

31-05-2024T23:59:57 - [MESSAGE][PASSED] - Actual text and expected text of test object 'Object Repository/Page_CURA Healthcare Service/h1_CURA Healthcare Service' are matched.

31-05-2024T23:59:57 - [TEST_STEP][PASSED] - verifyElementText(findTestObject("Object Repository/Page_CURA Healthcare Service/h3_We Care About Your Health"), "We Care About Your Health"): Actual text and expected text of test object 'Object Repository/Page_CURA Healthcare Service/h3_We Care About Your Health' are matched.

01-06-2024T00:00:02 - [MESSAGE][PASSED] - Actual text and expected text of test object 'Object Repository/Page_CURA Healthcare Service/h3_We Care About Your Health' are matched.

01-06-2024T00:00:02 - [TEST_STEP][PASSED] - verifyElementText(findTestObject("Object Repository/Page_CURA Healthcare Service/h2_Login"), "Login"): Actual text and expected text of test object 'Object Repository/Page_CURA Healthcare Service/h2_Login' are matched.

01-06-2024T00:00:06 - [MESSAGE][PASSED] - Actual text and expected text of test object 'Object Repository/Page_CURA Healthcare Service/h2_Login' are matched.

01-06-2024T00:00:06 - [TEST_STEP][PASSED] - verifyElementText(findTestObject("Object Repository/Page_CURA Healthcare Service/p_Please login to make appointment"), "Please login to make appointment."): Actual text and expected text of test object 'Object Repository/Page_CURA Healthcare Service/p_Please login to make appointment' are matched.

01-06-2024T00:00:08 - [MESSAGE][PASSED] - Actual text and expected text of test object 'Object Repository/Page_CURA Healthcare Service/p_Please login to make appointment' are matched.

01-06-2024T00:00:08 - [TEST_STEP][PASSED] - verifyElementVisible(findTestObject("Object Repository/Page_CURA Healthcare Service/input_Username_username")): Object 'Object Repository/Page_CURA Healthcare Service/input_Username_username' is visible

01-06-2024T00:00:13 - [MESSAGE][PASSED] - Object 'Object Repository/Page_CURA Healthcare Service/input_Username_username' is visible

01-06-2024T00:00:13 - [TEST_STEP][PASSED] - verifyElementVisible(findTestObject("Object Repository/Page_CURA Healthcare Service/input_Password_password")): Object 'Object Repository/Page_CURA Healthcare Service/input_Password_password' is visible

01-06-2024T00:00:16 - [MESSAGE][PASSED] - Object 'Object Repository/Page_CURA Healthcare Service/input_Password_password' is visible

01-06-2024T00:00:16 - [TEST_STEP][PASSED] - verifyElementVisible(findTestObject("Object Repository/Page_CURA Healthcare Service/button_Login")): Object 'Object Repository/Page_CURA Healthcare Service/button_Login' is visible

01-06-2024T00:00:19 - [MESSAGE][PASSED] - Object 'Object Repository/Page_CURA Healthcare Service/button_Login' is visible

01-06-2024T00:00:19 - [TEST_STEP][PASSED] - closeBrowser(): Browser is closed

01-06-2024T00:00:23 - [MESSAGE][PASSED] - Browser is closed]]></system-out>
         <system-err><![CDATA[]]></system-err>
      </testcase>
      <testcase name="Test Cases/CURA Healthcare/Verify_All_Elements_Home_Page" time="23.981" classname="Test Cases/CURA Healthcare/Verify_All_Elements_Home_Page" status="PASSED">
         <system-out><![CDATA[01-06-2024T00:00:23 - [TEST_CASE][PASSED] - Test Cases/CURA Healthcare/Verify_All_Elements_Home_Page: Test Cases/CURA Healthcare/Verify_All_Elements_Home_Page

01-06-2024T00:00:23 - [TEST_STEP][PASSED] - openBrowser(""): Browser is opened with url: ''

01-06-2024T00:00:23 - [MESSAGE][INFO] - Starting 'Chrome' driver

01-06-2024T00:00:23 - [MESSAGE][INFO] - Action delay is set to 0 milliseconds

01-06-2024T00:00:28 - [MESSAGE][PASSED] - Browser is opened with url: ''

01-06-2024T00:00:28 - [TEST_STEP][PASSED] - navigateToUrl("https://katalon-demo-cura.herokuapp.com/"): Navigate to 'https://katalon-demo-cura.herokuapp.com/' successfully

01-06-2024T00:00:29 - [MESSAGE][PASSED] - Navigate to 'https://katalon-demo-cura.herokuapp.com/' successfully

01-06-2024T00:00:29 - [TEST_STEP][PASSED] - verifyElementText(findTestObject("Object Repository/Page_CURA Healthcare Service/h1_CURA Healthcare Service"), "CURA Healthcare Service"): Actual text and expected text of test object 'Object Repository/Page_CURA Healthcare Service/h1_CURA Healthcare Service' are matched.

01-06-2024T00:00:33 - [MESSAGE][PASSED] - Actual text and expected text of test object 'Object Repository/Page_CURA Healthcare Service/h1_CURA Healthcare Service' are matched.

01-06-2024T00:00:33 - [TEST_STEP][PASSED] - verifyElementText(findTestObject("Object Repository/Page_CURA Healthcare Service/h3_We Care About Your Health"), "We Care About Your Health"): Actual text and expected text of test object 'Object Repository/Page_CURA Healthcare Service/h3_We Care About Your Health' are matched.

01-06-2024T00:00:33 - [MESSAGE][PASSED] - Actual text and expected text of test object 'Object Repository/Page_CURA Healthcare Service/h3_We Care About Your Health' are matched.

01-06-2024T00:00:33 - [TEST_STEP][PASSED] - verifyElementText(findTestObject("Object Repository/Page_CURA Healthcare Service/a_Make Appointment"), "Make Appointment"): Actual text and expected text of test object 'Object Repository/Page_CURA Healthcare Service/a_Make Appointment' are matched.

01-06-2024T00:00:35 - [MESSAGE][PASSED] - Actual text and expected text of test object 'Object Repository/Page_CURA Healthcare Service/a_Make Appointment' are matched.

01-06-2024T00:00:35 - [TEST_STEP][PASSED] - verifyElementText(findTestObject("Object Repository/Page_CURA Healthcare Service/strong_CURA Healthcare Service"), "CURA Healthcare Service"): Actual text and expected text of test object 'Object Repository/Page_CURA Healthcare Service/strong_CURA Healthcare Service' are matched.

01-06-2024T00:00:38 - [MESSAGE][PASSED] - Actual text and expected text of test object 'Object Repository/Page_CURA Healthcare Service/strong_CURA Healthcare Service' are matched.

01-06-2024T00:00:38 - [TEST_STEP][PASSED] - verifyElementText(findTestObject("Object Repository/Page_CURA Healthcare Service/li_infokatalon.com"), "info@katalon.com"): Actual text and expected text of test object 'Object Repository/Page_CURA Healthcare Service/li_infokatalon.com' are matched.

01-06-2024T00:00:40 - [MESSAGE][PASSED] - Actual text and expected text of test object 'Object Repository/Page_CURA Healthcare Service/li_infokatalon.com' are matched.

01-06-2024T00:00:40 - [TEST_STEP][PASSED] - verifyElementVisible(findTestObject("Object Repository/Page_CURA Healthcare Service/ul_infokatalon.com_list-inline")): Object 'Object Repository/Page_CURA Healthcare Service/ul_infokatalon.com_list-inline' is visible

01-06-2024T00:00:42 - [MESSAGE][PASSED] - Object 'Object Repository/Page_CURA Healthcare Service/ul_infokatalon.com_list-inline' is visible

01-06-2024T00:00:42 - [TEST_STEP][PASSED] - verifyElementText(findTestObject("Object Repository/Page_CURA Healthcare Service/p_Copyright  CURA Healthcare Service 2024"), "Copyright © CURA Healthcare Service 2024"): Actual text and expected text of test object 'Object Repository/Page_CURA Healthcare Service/p_Copyright  CURA Healthcare Service 2024' are matched.

01-06-2024T00:00:43 - [MESSAGE][PASSED] - Actual text and expected text of test object 'Object Repository/Page_CURA Healthcare Service/p_Copyright  CURA Healthcare Service 2024' are matched.

01-06-2024T00:00:43 - [TEST_STEP][PASSED] - closeBrowser(): Browser is closed

01-06-2024T00:00:47 - [MESSAGE][PASSED] - Browser is closed]]></system-out>
         <system-err><![CDATA[]]></system-err>
      </testcase>
      <system-out><![CDATA[31-05-2024T23:58:55 - [TEST_SUITE][PASSED] - Smock_Test: Test Cases/CURA Healthcare/Verify_All_Elements_Home_Page]]></system-out>
      <system-err><![CDATA[]]></system-err>
   </testsuite>
</testsuites>
