<?xml version="1.0" encoding="UTF-8"?>
<testsuites name="Verify_Home_Page" time="70.376" tests="3" failures="0" errors="0">
   <testsuite name="Verify_Home_Page" tests="3" failures="0" errors="0" time="70.376" skipped="0" timestamp="31-05-2024T23:59:30" hostname="vista - 192.168.4.129" id="Test Suites/CURA Healthcare/Verify_Home_Page">
      <properties>
         <property name="deviceName" value=""/>
         <property name="devicePlatform"/>
         <property name="logFolder" value="C:\\Users\\vista\\git\\Katalon\\Reports\\20240531_235742\\CURA Healthcare\\Verify_Home_Page\\20240531_235754"/>
         <property name="logFiles" value="C:\\Users\\vista\\git\\Katalon\\Reports\\20240531_235742\\CURA Healthcare\\Verify_Home_Page\\20240531_235754\\execution0.log"/>
         <property name="attachments" value=""/>
         <property name="hostName" value="vista - 192.168.4.129"/>
         <property name="os" value="Windows 10 64bit"/>
         <property name="katalonVersion" value="9.5.0.217"/>
         <property name="browser" value="Chrome 125.0.0.0"/>
         <property name="hostAddress" value="192.168.4.129"/>
         <property name="sessionId" value="4c331def95f375a0e38e01d65f1e6322"/>
         <property name="seleniumVersion" value="3.141.59"/>
         <property name="proxyInformation" value="ProxyInformation { proxyOption=NO_PROXY, proxyServerType=HTTP, username=, password=********, proxyServerAddress=, proxyServerPort=0, executionList=&quot;&quot;, isApplyToDesiredCapabilities=true }"/>
         <property name="platform" value="Windows 10"/>
      </properties>
      <testcase name="Test Cases/CURA Healthcare/Verify CURA Healthcare Service text" time="33.061" classname="Test Cases/CURA Healthcare/Verify CURA Healthcare Service text" status="PASSED">
         <system-out><![CDATA[31-05-2024T23:59:31 - [TEST_CASE][PASSED] - Test Cases/CURA Healthcare/Verify CURA Healthcare Service text: Test Cases/CURA Healthcare/Verify CURA Healthcare Service text

31-05-2024T23:59:33 - [TEST_STEP][PASSED] - openBrowser(""): Browser is opened with url: ''

31-05-2024T23:59:35 - [MESSAGE][INFO] - Starting 'Chrome' driver

31-05-2024T23:59:35 - [MESSAGE][INFO] - Action delay is set to 0 milliseconds

31-05-2024T23:59:56 - [MESSAGE][PASSED] - Browser is opened with url: ''

31-05-2024T23:59:56 - [TEST_STEP][PASSED] - navigateToUrl("https://katalon-demo-cura.herokuapp.com/"): Navigate to 'https://katalon-demo-cura.herokuapp.com/' successfully

01-06-2024T00:00:00 - [MESSAGE][PASSED] - Navigate to 'https://katalon-demo-cura.herokuapp.com/' successfully

01-06-2024T00:00:00 - [TEST_STEP][PASSED] - verifyElementClickable(findTestObject("Object Repository/Page_CURA Healthcare Service/a_Make Appointment")): Object 'Object Repository/Page_CURA Healthcare Service/a_Make Appointment' is clickable

01-06-2024T00:00:04 - [MESSAGE][PASSED] - Object 'Object Repository/Page_CURA Healthcare Service/a_Make Appointment' is clickable]]></system-out>
         <system-err><![CDATA[]]></system-err>
      </testcase>
      <testcase name="Test Cases/CURA Healthcare/Verify_Clickable_Button" time="19.211" classname="Test Cases/CURA Healthcare/Verify_Clickable_Button" status="PASSED">
         <system-out><![CDATA[01-06-2024T00:00:04 - [TEST_CASE][PASSED] - Test Cases/CURA Healthcare/Verify_Clickable_Button: Test Cases/CURA Healthcare/Verify_Clickable_Button

01-06-2024T00:00:05 - [TEST_STEP][PASSED] - openBrowser(""): Browser is opened with url: ''

01-06-2024T00:00:05 - [MESSAGE][WARNING] - A browser is already opened. Closing browser and opening a new one

01-06-2024T00:00:09 - [MESSAGE][INFO] - Starting 'Chrome' driver

01-06-2024T00:00:09 - [MESSAGE][INFO] - Action delay is set to 0 milliseconds

01-06-2024T00:00:14 - [MESSAGE][PASSED] - Browser is opened with url: ''

01-06-2024T00:00:14 - [TEST_STEP][PASSED] - navigateToUrl("https://katalon-demo-cura.herokuapp.com/"): Navigate to 'https://katalon-demo-cura.herokuapp.com/' successfully

01-06-2024T00:00:18 - [MESSAGE][PASSED] - Navigate to 'https://katalon-demo-cura.herokuapp.com/' successfully

01-06-2024T00:00:18 - [TEST_STEP][PASSED] - click(findTestObject("Page_CURA Healthcare Service/a_Make Appointment")): Object: 'Object Repository/Page_CURA Healthcare Service/a_Make Appointment' is clicked on

01-06-2024T00:00:21 - [MESSAGE][PASSED] - Object: 'Object Repository/Page_CURA Healthcare Service/a_Make Appointment' is clicked on

01-06-2024T00:00:21 - [TEST_STEP][PASSED] - closeBrowser(): Browser is closed

01-06-2024T00:00:23 - [MESSAGE][PASSED] - Browser is closed]]></system-out>
         <system-err><![CDATA[]]></system-err>
      </testcase>
      <testcase name="Test Cases/CURA Healthcare/Verify_Footer_Copyright" time="16.643" classname="Test Cases/CURA Healthcare/Verify_Footer_Copyright" status="PASSED">
         <system-out><![CDATA[01-06-2024T00:00:23 - [TEST_CASE][PASSED] - Test Cases/CURA Healthcare/Verify_Footer_Copyright: Test Cases/CURA Healthcare/Verify_Footer_Copyright

01-06-2024T00:00:24 - [TEST_STEP][PASSED] - openBrowser(""): Browser is opened with url: ''

01-06-2024T00:00:24 - [MESSAGE][INFO] - Starting 'Chrome' driver

01-06-2024T00:00:24 - [MESSAGE][INFO] - Action delay is set to 0 milliseconds

01-06-2024T00:00:28 - [MESSAGE][PASSED] - Browser is opened with url: ''

01-06-2024T00:00:28 - [TEST_STEP][PASSED] - navigateToUrl("https://katalon-demo-cura.herokuapp.com/"): Navigate to 'https://katalon-demo-cura.herokuapp.com/' successfully

01-06-2024T00:00:32 - [MESSAGE][PASSED] - Navigate to 'https://katalon-demo-cura.herokuapp.com/' successfully

01-06-2024T00:00:32 - [TEST_STEP][PASSED] - verifyElementPresent(findTestObject("Page_CURA Healthcare Service/p_Copyright  CURA Healthcare Service 2024"), 0): Object 'Object Repository/Page_CURA Healthcare Service/p_Copyright  CURA Healthcare Service 2024' is present

01-06-2024T00:00:32 - [MESSAGE][WARNING] - Timeout '0' is invalid. Using default page load timeout: '30'

01-06-2024T00:00:33 - [MESSAGE][PASSED] - Object 'Object Repository/Page_CURA Healthcare Service/p_Copyright  CURA Healthcare Service 2024' is present

01-06-2024T00:00:33 - [TEST_STEP][PASSED] - closeBrowser(): Browser is closed

01-06-2024T00:00:40 - [MESSAGE][PASSED] - Browser is closed]]></system-out>
         <system-err><![CDATA[]]></system-err>
      </testcase>
      <system-out><![CDATA[31-05-2024T23:59:30 - [TEST_SUITE][PASSED] - Verify_Home_Page: Test Cases/CURA Healthcare/Verify_Footer_Copyright]]></system-out>
      <system-err><![CDATA[]]></system-err>
   </testsuite>
</testsuites>
