<?xml version="1.0" encoding="UTF-8"?>
<testsuites name="check-development-path" time="147.709" tests="2" failures="0" errors="0">
   <testsuite name="check-development-path" tests="2" failures="0" errors="0" time="147.709" skipped="0" timestamp="01-06-2024T00:10:44" hostname="vista - 192.168.4.129" id="Test Suites/KMS/check-development-path">
      <properties>
         <property name="deviceName" value=""/>
         <property name="devicePlatform"/>
         <property name="logFolder" value="C:\\Users\\vista\\git\\Katalon\\Reports\\20240531_235742\\KMS\\check-development-path\\20240531_235819"/>
         <property name="logFiles" value="C:\\Users\\vista\\git\\Katalon\\Reports\\20240531_235742\\KMS\\check-development-path\\20240531_235819\\execution0.log"/>
         <property name="attachments" value=""/>
         <property name="hostName" value="vista - 192.168.4.129"/>
         <property name="os" value="Windows 10 64bit"/>
         <property name="katalonVersion" value="9.5.0.217"/>
         <property name="browser" value="Chrome 125.0.0.0"/>
         <property name="hostAddress" value="192.168.4.129"/>
         <property name="sessionId" value="56e0d19206ad6e2ca27a339a8f07f1cc"/>
         <property name="seleniumVersion" value="3.141.59"/>
         <property name="proxyInformation" value="ProxyInformation { proxyOption=NO_PROXY, proxyServerType=HTTP, username=, password=********, proxyServerAddress=, proxyServerPort=0, executionList=&quot;&quot;, isApplyToDesiredCapabilities=true }"/>
         <property name="platform" value="Windows 10"/>
      </properties>
      <testcase name="Test Cases/KMS/KMS-Software-Development" time="121.856" classname="Test Cases/KMS/KMS-Software-Development" status="PASSED">
         <system-out><![CDATA[01-06-2024T00:10:46 - [TEST_CASE][PASSED] - Test Cases/KMS/KMS-Software-Development: Test Cases/KMS/KMS-Software-Development

01-06-2024T00:10:51 - [TEST_STEP][PASSED] - openBrowser(""): Browser is opened with url: ''

01-06-2024T00:10:55 - [MESSAGE][INFO] - Starting 'Chrome' driver

01-06-2024T00:10:55 - [MESSAGE][INFO] - Action delay is set to 0 milliseconds

01-06-2024T00:11:09 - [MESSAGE][PASSED] - Browser is opened with url: ''

01-06-2024T00:11:09 - [TEST_STEP][PASSED] - navigateToUrl("https://kms-technology.com/"): Navigate to 'https://kms-technology.com/' successfully

01-06-2024T00:11:12 - [MESSAGE][PASSED] - Navigate to 'https://kms-technology.com/' successfully

01-06-2024T00:11:12 - [TEST_STEP][PASSED] - verifyElementClickable(findTestObject("Object Repository/KMS/Page_Custom Software Development  Consultin_0ef814/a_Software Development")): Object 'Object Repository/KMS/Page_Custom Software Development  Consultin_0ef814/a_Software Development' is clickable

01-06-2024T00:11:43 - [MESSAGE][INFO] - Unable to find the element located by 'By.xpath: //main[@id='primary']/div/div/section[2]/div/div/div/div/div[3]/div/div/div/div[2]/div/p/a'. Please recheck the objects properties to make sure the desired element is located. 

01-06-2024T00:11:43 - [MESSAGE][WARNING] - [SELF-HEALING] Failed to find element with id 'Object Repository/KMS/Page_Custom Software Development  Consultin_0ef814/a_Software Development'. Try using Self-healing.

01-06-2024T00:11:45 - [MESSAGE][INFO] - [SELF-HEALING] Failed Locator: '//main[@id='primary']/div/div/section[2]/div/div/div/div/div[3]/div/div/div/div[2]/div/p/a'.

01-06-2024T00:11:45 - [MESSAGE][INFO] - [SELF-HEALING] Working Locator: '(//a[contains(text(),'Software Development')])[2]'.

01-06-2024T00:11:46 - [MESSAGE][INFO] - [SELF-HEALING] Screenshot: C:/Users/vista/git/Katalon/Reports/Self-healing/Object Repository/KMS/Page_Custom Software Development  Consultin_0ef814/a_Software Development_link.png

01-06-2024T00:11:46 - [MESSAGE][WARNING] - [SELF-HEALING] The current locator of test object 'Object Repository/KMS/Page_Custom Software Development  Consultin_0ef814/a_Software Development' was broken. Propose an alternative one: '(//a[contains(text(),'Software Development')])[2]'.

01-06-2024T00:11:46 - [MESSAGE][PASSED] - Object 'Object Repository/KMS/Page_Custom Software Development  Consultin_0ef814/a_Software Development' is clickable

01-06-2024T00:11:46 - [TEST_STEP][PASSED] - closeBrowser(): Browser is closed

01-06-2024T00:12:47 - [MESSAGE][PASSED] - Browser is closed]]></system-out>
         <system-err><![CDATA[]]></system-err>
      </testcase>
      <testcase name="Test Cases/KMS/KMS-Solution" time="24.401" classname="Test Cases/KMS/KMS-Solution" status="PASSED">
         <system-out><![CDATA[01-06-2024T00:12:47 - [TEST_CASE][PASSED] - Test Cases/KMS/KMS-Solution: Test Cases/KMS/KMS-Solution

01-06-2024T00:12:48 - [TEST_STEP][PASSED] - openBrowser(""): Browser is opened with url: ''

01-06-2024T00:12:48 - [MESSAGE][INFO] - Starting 'Chrome' driver

01-06-2024T00:12:48 - [MESSAGE][INFO] - Action delay is set to 0 milliseconds

01-06-2024T00:12:53 - [MESSAGE][PASSED] - Browser is opened with url: ''

01-06-2024T00:12:53 - [TEST_STEP][PASSED] - navigateToUrl("https://kms-technology.com/"): Navigate to 'https://kms-technology.com/' successfully

01-06-2024T00:12:58 - [MESSAGE][PASSED] - Navigate to 'https://kms-technology.com/' successfully

01-06-2024T00:12:58 - [TEST_STEP][PASSED] - verifyElementVisible(findTestObject("Object Repository/KMS/Page_Custom Software Development  Consultin_0ef814/div_SOLUTIONSAI  Machine LearningCloud Migr_a6bdfe")): Object 'Object Repository/KMS/Page_Custom Software Development  Consultin_0ef814/div_SOLUTIONSAI  Machine LearningCloud Migr_a6bdfe' is visible

01-06-2024T00:13:03 - [MESSAGE][PASSED] - Object 'Object Repository/KMS/Page_Custom Software Development  Consultin_0ef814/div_SOLUTIONSAI  Machine LearningCloud Migr_a6bdfe' is visible

01-06-2024T00:13:03 - [TEST_STEP][PASSED] - verifyElementText(findTestObject("Object Repository/KMS/Page_Custom Software Development  Consultin_0ef814/h5_SOLUTIONS"), "SOLUTIONS"): Actual text and expected text of test object 'Object Repository/KMS/Page_Custom Software Development  Consultin_0ef814/h5_SOLUTIONS' are matched.

01-06-2024T00:13:04 - [MESSAGE][PASSED] - Actual text and expected text of test object 'Object Repository/KMS/Page_Custom Software Development  Consultin_0ef814/h5_SOLUTIONS' are matched.

01-06-2024T00:13:04 - [TEST_STEP][PASSED] - closeBrowser(): Browser is closed

01-06-2024T00:13:12 - [MESSAGE][PASSED] - Browser is closed]]></system-out>
         <system-err><![CDATA[]]></system-err>
      </testcase>
      <system-out><![CDATA[01-06-2024T00:10:44 - [TEST_SUITE][PASSED] - check-development-path: Test Cases/KMS/KMS-Solution]]></system-out>
      <system-err><![CDATA[]]></system-err>
   </testsuite>
</testsuites>
