<?xml version="1.0" encoding="UTF-8"?>
<testsuites name="Verify_Clickable_Bottom_To_Top" time="18.214" tests="2" failures="0" errors="0">
   <testsuite name="Verify_Clickable_Bottom_To_Top" tests="2" failures="0" errors="0" time="18.214" skipped="0" timestamp="26-05-2024T21:51:34" hostname="ToanLa - DESKTOP-QSIPVT9" id="Test Suites/CURA Healthcare/Verify_Clickable_Bottom_To_Top">
      <properties>
         <property name="deviceName" value=""/>
         <property name="devicePlatform" value=""/>
         <property name="logFolder" value="C:\\Users\\ToanLa\\git\\katalon\\Reports\\20240526_215059\\CURA Healthcare\\Verify_Clickable_Bottom_To_Top\\20240526_215104"/>
         <property name="logFiles" value="C:\\Users\\ToanLa\\git\\katalon\\Reports\\20240526_215059\\CURA Healthcare\\Verify_Clickable_Bottom_To_Top\\20240526_215104\\execution0.log"/>
         <property name="attachments" value=""/>
         <property name="hostName" value="ToanLa - DESKTOP-QSIPVT9"/>
         <property name="os" value="Windows 11 64bit"/>
         <property name="katalonVersion" value="9.4.0.212"/>
         <property name="browser" value="Chrome 125.0.0.0"/>
         <property name="hostAddress" value="192.168.1.10"/>
         <property name="sessionId" value="f86422a4334a038a7f23eda6c106eba7"/>
         <property name="seleniumVersion" value="3.141.59"/>
         <property name="proxyInformation" value="ProxyInformation { proxyOption=NO_PROXY, proxyServerType=HTTP, username=, password=********, proxyServerAddress=, proxyServerPort=0, executionList=&quot;&quot;, isApplyToDesiredCapabilities=true }"/>
         <property name="platform" value="Windows 11"/>
      </properties>
      <testcase name="Test Cases/CURA Healthcare/Verify_Clickable_To_Top_Button" time="10.657" classname="Test Cases/CURA Healthcare/Verify_Clickable_To_Top_Button" status="PASSED">
         <system-out><![CDATA[26-05-2024T21:51:34 - [TEST_CASE][PASSED] - Test Cases/CURA Healthcare/Verify_Clickable_To_Top_Button: Test Cases/CURA Healthcare/Verify_Clickable_To_Top_Button

26-05-2024T21:51:35 - [TEST_STEP][PASSED] - openBrowser(""): Browser is opened with url: ''

26-05-2024T21:51:36 - [MESSAGE][INFO] - Starting 'Chrome' driver

26-05-2024T21:51:36 - [MESSAGE][INFO] - Action delay is set to 0 milliseconds

26-05-2024T21:51:39 - [MESSAGE][PASSED] - Browser is opened with url: ''

26-05-2024T21:51:39 - [TEST_STEP][PASSED] - navigateToUrl("https://katalon-demo-cura.herokuapp.com/"): Navigate to 'https://katalon-demo-cura.herokuapp.com/' successfully

26-05-2024T21:51:41 - [MESSAGE][PASSED] - Navigate to 'https://katalon-demo-cura.herokuapp.com/' successfully

26-05-2024T21:51:41 - [TEST_STEP][PASSED] - scrollToElement(findTestObject("Object Repository/Page_CURA Healthcare Service/p_Copyright  CURA Healthcare Service 2024"), 0): Scroll to object 'Object Repository/Page_CURA Healthcare Service/p_Copyright  CURA Healthcare Service 2024' successfully

26-05-2024T21:51:41 - [MESSAGE][WARNING] - Timeout '0' is invalid. Using default page load timeout: '30'

26-05-2024T21:51:43 - [MESSAGE][PASSED] - Scroll to object 'Object Repository/Page_CURA Healthcare Service/p_Copyright  CURA Healthcare Service 2024' successfully

26-05-2024T21:51:43 - [TEST_STEP][PASSED] - closeBrowser(): Browser is closed

26-05-2024T21:51:45 - [MESSAGE][PASSED] - Browser is closed]]></system-out>
         <system-err><![CDATA[]]></system-err>
      </testcase>
      <testcase name="Test Cases/CURA Healthcare/Verify_Click_To_Top_Botton" time="7.153" classname="Test Cases/CURA Healthcare/Verify_Click_To_Top_Botton" status="PASSED">
         <system-out><![CDATA[26-05-2024T21:51:45 - [TEST_CASE][PASSED] - Test Cases/CURA Healthcare/Verify_Click_To_Top_Botton: Test Cases/CURA Healthcare/Verify_Click_To_Top_Botton

26-05-2024T21:51:45 - [TEST_STEP][PASSED] - openBrowser(""): Browser is opened with url: ''

26-05-2024T21:51:45 - [MESSAGE][INFO] - Starting 'Chrome' driver

26-05-2024T21:51:45 - [MESSAGE][INFO] - Action delay is set to 0 milliseconds

26-05-2024T21:51:48 - [MESSAGE][PASSED] - Browser is opened with url: ''

26-05-2024T21:51:48 - [TEST_STEP][PASSED] - navigateToUrl("https://katalon-demo-cura.herokuapp.com/"): Navigate to 'https://katalon-demo-cura.herokuapp.com/' successfully

26-05-2024T21:51:49 - [MESSAGE][PASSED] - Navigate to 'https://katalon-demo-cura.herokuapp.com/' successfully

26-05-2024T21:51:49 - [TEST_STEP][PASSED] - scrollToElement(findTestObject("Object Repository/Page_CURA Healthcare Service/p_Copyright  CURA Healthcare Service 2024"), 0): Scroll to object 'Object Repository/Page_CURA Healthcare Service/p_Copyright  CURA Healthcare Service 2024' successfully

26-05-2024T21:51:49 - [MESSAGE][WARNING] - Timeout '0' is invalid. Using default page load timeout: '30'

26-05-2024T21:51:51 - [MESSAGE][PASSED] - Scroll to object 'Object Repository/Page_CURA Healthcare Service/p_Copyright  CURA Healthcare Service 2024' successfully

26-05-2024T21:51:51 - [TEST_STEP][PASSED] - closeBrowser(): Browser is closed

26-05-2024T21:51:52 - [MESSAGE][PASSED] - Browser is closed]]></system-out>
         <system-err><![CDATA[]]></system-err>
      </testcase>
      <system-out><![CDATA[26-05-2024T21:51:34 - [TEST_SUITE][PASSED] - Verify_Clickable_Bottom_To_Top: Test Cases/CURA Healthcare/Verify_Click_To_Top_Botton]]></system-out>
      <system-err><![CDATA[]]></system-err>
   </testsuite>
</testsuites>
