<?xml version="1.0" encoding="UTF-8"?>
<testsuites name="all-test" time="2513.12" tests="108" failures="14" errors="0">
   <testsuite name="all-bbk" tests="8" failures="0" errors="0" time="311.942" skipped="0" timestamp="28-05-2024T21:42:59" hostname="ToanLa - DESKTOP-QSIPVT9" id="Test Suites/BBK/all-bbk">
      <properties>
         <property name="deviceName" value=""/>
         <property name="devicePlatform" value=""/>
         <property name="logFolder" value="C:\\Users\\ToanLa\\git\\katalon\\Reports\\20240528_214204\\BBK\\all-bbk\\20240528_214205"/>
         <property name="logFiles" value="C:\\Users\\ToanLa\\git\\katalon\\Reports\\20240528_214204\\BBK\\all-bbk\\20240528_214205\\execution0.log"/>
         <property name="attachments" value=""/>
         <property name="hostName" value="ToanLa - DESKTOP-QSIPVT9"/>
         <property name="os" value="Windows 11 64bit"/>
         <property name="katalonVersion" value="9.4.0.212"/>
         <property name="browser" value="Chrome 125.0.0.0"/>
         <property name="hostAddress" value="192.168.1.8"/>
         <property name="sessionId" value="31cc68143ac5bb1c34509b40c1c589de"/>
         <property name="seleniumVersion" value="3.141.59"/>
         <property name="proxyInformation" value="ProxyInformation { proxyOption=NO_PROXY, proxyServerType=HTTP, username=, password=********, proxyServerAddress=, proxyServerPort=0, executionList=&quot;&quot;, isApplyToDesiredCapabilities=true }"/>
         <property name="platform" value="Windows 11"/>
      </properties>
      <testcase name="Test Cases/BBK/check-button-1" time="50.975" classname="Test Cases/BBK/check-button-1" status="PASSED">
         <system-out><![CDATA[28-05-2024T21:42:59 - [TEST_CASE][PASSED] - Test Cases/BBK/check-button-1: Test Cases/BBK/check-button-1

28-05-2024T21:42:59 - [TEST_STEP][PASSED] - openBrowser(""): Browser is opened with url: ''

28-05-2024T21:43:00 - [MESSAGE][INFO] - Starting 'Chrome' driver

28-05-2024T21:43:00 - [MESSAGE][INFO] - Action delay is set to 0 milliseconds

28-05-2024T21:43:01 - [MESSAGE][PASSED] - Browser is opened with url: ''

28-05-2024T21:43:01 - [TEST_STEP][PASSED] - navigateToUrl("https://www.kbb.com/"): Navigate to 'https://www.kbb.com/' successfully

28-05-2024T21:43:17 - [MESSAGE][PASSED] - Navigate to 'https://www.kbb.com/' successfully

28-05-2024T21:43:17 - [TEST_STEP][PASSED] - verifyElementVisible(findTestObject("Object Repository/BBK/Page_Kelley Blue Book  New and Used Car Pri_e90311/span_Price NewUsed")): Object 'Object Repository/BBK/Page_Kelley Blue Book  New and Used Car Pri_e90311/span_Price NewUsed' is visible

28-05-2024T21:43:49 - [MESSAGE][INFO] - Unable to find the element located by 'By.xpath: //div[@id='superHeroBannerContainer']/div[2]/div/div/a/span'. Please recheck the objects properties to make sure the desired element is located. 

28-05-2024T21:43:49 - [MESSAGE][WARNING] - [SELF-HEALING] Failed to find element with id 'Object Repository/BBK/Page_Kelley Blue Book  New and Used Car Pri_e90311/span_Price NewUsed'. Try using Self-healing.

28-05-2024T21:43:49 - [MESSAGE][WARNING] - [SELF-HEALING] The current locator of test object 'Object Repository/BBK/Page_Kelley Blue Book  New and Used Car Pri_e90311/span_Price NewUsed' was broken. Propose an alternative one: '(.//*[normalize-space(text()) and normalize-space(.)='Kelley Knows Cars'])[1]/following::span[1]'.

28-05-2024T21:43:49 - [MESSAGE][PASSED] - Object 'Object Repository/BBK/Page_Kelley Blue Book  New and Used Car Pri_e90311/span_Price NewUsed' is visible

28-05-2024T21:43:49 - [TEST_STEP][PASSED] - closeBrowser(): Browser is closed

28-05-2024T21:43:50 - [MESSAGE][PASSED] - Browser is closed]]></system-out>
         <system-err><![CDATA[]]></system-err>
      </testcase>
      <testcase name="Test Cases/BBK/check-button-2" time="36.458" classname="Test Cases/BBK/check-button-2" status="PASSED">
         <system-out><![CDATA[28-05-2024T21:43:50 - [TEST_CASE][PASSED] - Test Cases/BBK/check-button-2: Test Cases/BBK/check-button-2

28-05-2024T21:43:50 - [TEST_STEP][PASSED] - openBrowser(""): Browser is opened with url: ''

28-05-2024T21:43:50 - [MESSAGE][INFO] - Starting 'Chrome' driver

28-05-2024T21:43:50 - [MESSAGE][INFO] - Action delay is set to 0 milliseconds

28-05-2024T21:43:51 - [MESSAGE][PASSED] - Browser is opened with url: ''

28-05-2024T21:43:51 - [TEST_STEP][PASSED] - navigateToUrl("https://www.kbb.com/"): Navigate to 'https://www.kbb.com/' successfully

28-05-2024T21:43:53 - [MESSAGE][PASSED] - Navigate to 'https://www.kbb.com/' successfully

28-05-2024T21:43:53 - [TEST_STEP][PASSED] - verifyElementVisible(findTestObject("Object Repository/BBK/Page_Kelley Blue Book  New and Used Car Pri_e90311/span_My Cars Value")): Object 'Object Repository/BBK/Page_Kelley Blue Book  New and Used Car Pri_e90311/span_My Cars Value' is visible

28-05-2024T21:44:26 - [MESSAGE][INFO] - Unable to find the element located by 'By.xpath: //div[@id='superHeroBannerContainer']/div[2]/div/div/a[2]/span'. Please recheck the objects properties to make sure the desired element is located. 

28-05-2024T21:44:26 - [MESSAGE][WARNING] - [SELF-HEALING] Failed to find element with id 'Object Repository/BBK/Page_Kelley Blue Book  New and Used Car Pri_e90311/span_My Cars Value'. Try using Self-healing.

28-05-2024T21:44:26 - [MESSAGE][WARNING] - [SELF-HEALING] The current locator of test object 'Object Repository/BBK/Page_Kelley Blue Book  New and Used Car Pri_e90311/span_My Cars Value' was broken. Propose an alternative one: '(.//*[normalize-space(text()) and normalize-space(.)='Price New/Used'])[2]/following::span[1]'.

28-05-2024T21:44:26 - [MESSAGE][PASSED] - Object 'Object Repository/BBK/Page_Kelley Blue Book  New and Used Car Pri_e90311/span_My Cars Value' is visible

28-05-2024T21:44:26 - [TEST_STEP][PASSED] - closeBrowser(): Browser is closed

28-05-2024T21:44:26 - [MESSAGE][PASSED] - Browser is closed]]></system-out>
         <system-err><![CDATA[]]></system-err>
      </testcase>
      <testcase name="Test Cases/BBK/check-button-3" time="43.793" classname="Test Cases/BBK/check-button-3" status="PASSED">
         <system-out><![CDATA[28-05-2024T21:44:26 - [TEST_CASE][PASSED] - Test Cases/BBK/check-button-3: Test Cases/BBK/check-button-3

28-05-2024T21:44:26 - [TEST_STEP][PASSED] - openBrowser(""): Browser is opened with url: ''

28-05-2024T21:44:26 - [MESSAGE][INFO] - Starting 'Chrome' driver

28-05-2024T21:44:26 - [MESSAGE][INFO] - Action delay is set to 0 milliseconds

28-05-2024T21:44:28 - [MESSAGE][PASSED] - Browser is opened with url: ''

28-05-2024T21:44:28 - [TEST_STEP][PASSED] - navigateToUrl("https://www.kbb.com/"): Navigate to 'https://www.kbb.com/' successfully

28-05-2024T21:44:38 - [MESSAGE][PASSED] - Navigate to 'https://www.kbb.com/' successfully

28-05-2024T21:44:38 - [TEST_STEP][PASSED] - verifyElementVisible(findTestObject("Object Repository/BBK/Page_Kelley Blue Book  New and Used Car Pri_e90311/span_Shop Cars for Sale")): Object 'Object Repository/BBK/Page_Kelley Blue Book  New and Used Car Pri_e90311/span_Shop Cars for Sale' is visible

28-05-2024T21:45:09 - [MESSAGE][INFO] - Unable to find the element located by 'By.xpath: //div[@id='superHeroBannerContainer']/div[2]/div/div/a[3]/span'. Please recheck the objects properties to make sure the desired element is located. 

28-05-2024T21:45:09 - [MESSAGE][WARNING] - [SELF-HEALING] Failed to find element with id 'Object Repository/BBK/Page_Kelley Blue Book  New and Used Car Pri_e90311/span_Shop Cars for Sale'. Try using Self-healing.

28-05-2024T21:45:09 - [MESSAGE][WARNING] - [SELF-HEALING] The current locator of test object 'Object Repository/BBK/Page_Kelley Blue Book  New and Used Car Pri_e90311/span_Shop Cars for Sale' was broken. Propose an alternative one: '(.//*[normalize-space(text()) and normalize-space(.)='Price New/Used'])[2]/following::span[2]'.

28-05-2024T21:45:10 - [MESSAGE][PASSED] - Object 'Object Repository/BBK/Page_Kelley Blue Book  New and Used Car Pri_e90311/span_Shop Cars for Sale' is visible

28-05-2024T21:45:10 - [TEST_STEP][PASSED] - closeBrowser(): Browser is closed

28-05-2024T21:45:10 - [MESSAGE][PASSED] - Browser is closed]]></system-out>
         <system-err><![CDATA[]]></system-err>
      </testcase>
      <testcase name="Test Cases/BBK/check-hero-banner" time="53.934" classname="Test Cases/BBK/check-hero-banner" status="PASSED">
         <system-out><![CDATA[28-05-2024T21:45:10 - [TEST_CASE][PASSED] - Test Cases/BBK/check-hero-banner: Test Cases/BBK/check-hero-banner

28-05-2024T21:45:10 - [TEST_STEP][PASSED] - openBrowser(""): Browser is opened with url: ''

28-05-2024T21:45:10 - [MESSAGE][INFO] - Starting 'Chrome' driver

28-05-2024T21:45:11 - [MESSAGE][INFO] - Action delay is set to 0 milliseconds

28-05-2024T21:45:13 - [MESSAGE][PASSED] - Browser is opened with url: ''

28-05-2024T21:45:13 - [TEST_STEP][PASSED] - navigateToUrl("https://www.kbb.com/"): Navigate to 'https://www.kbb.com/' successfully

28-05-2024T21:45:31 - [MESSAGE][PASSED] - Navigate to 'https://www.kbb.com/' successfully

28-05-2024T21:45:31 - [TEST_STEP][PASSED] - verifyElementVisible(findTestObject("Object Repository/BBK/Page_Kelley Blue Book  New and Used Car Pri_e90311/div_Kelley Knows CarsFrom values to repairs_2ed6c9")): Object 'Object Repository/BBK/Page_Kelley Blue Book  New and Used Car Pri_e90311/div_Kelley Knows CarsFrom values to repairs_2ed6c9' is visible

28-05-2024T21:46:02 - [MESSAGE][INFO] - Unable to find the element located by 'By.xpath: //div[@id='superHeroBannerContainer']/div[2]'. Please recheck the objects properties to make sure the desired element is located. 

28-05-2024T21:46:02 - [MESSAGE][WARNING] - [SELF-HEALING] Failed to find element with id 'Object Repository/BBK/Page_Kelley Blue Book  New and Used Car Pri_e90311/div_Kelley Knows CarsFrom values to repairs_2ed6c9'. Try using Self-healing.

28-05-2024T21:46:03 - [MESSAGE][WARNING] - [SELF-HEALING] The current locator of test object 'Object Repository/BBK/Page_Kelley Blue Book  New and Used Car Pri_e90311/div_Kelley Knows CarsFrom values to repairs_2ed6c9' was broken. Propose an alternative one: '(.//*[normalize-space(text()) and normalize-space(.)='Recalls'])[1]/following::div[7]'.

28-05-2024T21:46:03 - [MESSAGE][PASSED] - Object 'Object Repository/BBK/Page_Kelley Blue Book  New and Used Car Pri_e90311/div_Kelley Knows CarsFrom values to repairs_2ed6c9' is visible

28-05-2024T21:46:03 - [TEST_STEP][PASSED] - closeBrowser(): Browser is closed

28-05-2024T21:46:04 - [MESSAGE][PASSED] - Browser is closed]]></system-out>
         <system-err><![CDATA[]]></system-err>
      </testcase>
      <testcase name="Test Cases/BBK/check-logo" time="18.295" classname="Test Cases/BBK/check-logo" status="PASSED">
         <system-out><![CDATA[28-05-2024T21:46:04 - [TEST_CASE][PASSED] - Test Cases/BBK/check-logo: Test Cases/BBK/check-logo

28-05-2024T21:46:04 - [TEST_STEP][PASSED] - openBrowser(""): Browser is opened with url: ''

28-05-2024T21:46:04 - [MESSAGE][INFO] - Starting 'Chrome' driver

28-05-2024T21:46:04 - [MESSAGE][INFO] - Action delay is set to 0 milliseconds

28-05-2024T21:46:06 - [MESSAGE][PASSED] - Browser is opened with url: ''

28-05-2024T21:46:06 - [TEST_STEP][PASSED] - navigateToUrl("https://www.kbb.com/"): Navigate to 'https://www.kbb.com/' successfully

28-05-2024T21:46:18 - [MESSAGE][PASSED] - Navigate to 'https://www.kbb.com/' successfully

28-05-2024T21:46:18 - [TEST_STEP][PASSED] - verifyElementVisible(findTestObject("Object Repository/BBK/Page_Kelley Blue Book  New and Used Car Pri_e90311/img")): Object 'Object Repository/BBK/Page_Kelley Blue Book  New and Used Car Pri_e90311/img' is visible

28-05-2024T21:46:22 - [MESSAGE][PASSED] - Object 'Object Repository/BBK/Page_Kelley Blue Book  New and Used Car Pri_e90311/img' is visible

28-05-2024T21:46:22 - [TEST_STEP][PASSED] - closeBrowser(): Browser is closed

28-05-2024T21:46:22 - [MESSAGE][PASSED] - Browser is closed]]></system-out>
         <system-err><![CDATA[]]></system-err>
      </testcase>
      <testcase name="Test Cases/BBK/check-shop-mart-label" time="11.195" classname="Test Cases/BBK/check-shop-mart-label" status="PASSED">
         <system-out><![CDATA[28-05-2024T21:46:22 - [TEST_CASE][PASSED] - Test Cases/BBK/check-shop-mart-label: Test Cases/BBK/check-shop-mart-label

28-05-2024T21:46:23 - [TEST_STEP][PASSED] - openBrowser(""): Browser is opened with url: ''

28-05-2024T21:46:23 - [MESSAGE][INFO] - Starting 'Chrome' driver

28-05-2024T21:46:23 - [MESSAGE][INFO] - Action delay is set to 0 milliseconds

28-05-2024T21:46:24 - [MESSAGE][PASSED] - Browser is opened with url: ''

28-05-2024T21:46:24 - [TEST_STEP][PASSED] - navigateToUrl("https://www.kbb.com/"): Navigate to 'https://www.kbb.com/' successfully

28-05-2024T21:46:31 - [MESSAGE][PASSED] - Navigate to 'https://www.kbb.com/' successfully

28-05-2024T21:46:31 - [TEST_STEP][PASSED] - verifyElementText(findTestObject("Object Repository/BBK/Page_Kelley Blue Book  New and Used Car Pri_e90311/h2_Shop Smart"), "Shop Smart"): Actual text and expected text of test object 'Object Repository/BBK/Page_Kelley Blue Book  New and Used Car Pri_e90311/h2_Shop Smart' are matched.

28-05-2024T21:46:33 - [MESSAGE][PASSED] - Actual text and expected text of test object 'Object Repository/BBK/Page_Kelley Blue Book  New and Used Car Pri_e90311/h2_Shop Smart' are matched.

28-05-2024T21:46:33 - [TEST_STEP][PASSED] - closeBrowser(): Browser is closed

28-05-2024T21:46:34 - [MESSAGE][PASSED] - Browser is closed]]></system-out>
         <system-err><![CDATA[]]></system-err>
      </testcase>
      <testcase name="Test Cases/BBK/check-shop-mart" time="17.027" classname="Test Cases/BBK/check-shop-mart" status="PASSED">
         <system-out><![CDATA[28-05-2024T21:46:34 - [TEST_CASE][PASSED] - Test Cases/BBK/check-shop-mart: Test Cases/BBK/check-shop-mart

28-05-2024T21:46:34 - [TEST_STEP][PASSED] - openBrowser(""): Browser is opened with url: ''

28-05-2024T21:46:34 - [MESSAGE][INFO] - Starting 'Chrome' driver

28-05-2024T21:46:34 - [MESSAGE][INFO] - Action delay is set to 0 milliseconds

28-05-2024T21:46:35 - [MESSAGE][PASSED] - Browser is opened with url: ''

28-05-2024T21:46:35 - [TEST_STEP][PASSED] - navigateToUrl("https://www.kbb.com/"): Navigate to 'https://www.kbb.com/' successfully

28-05-2024T21:46:46 - [MESSAGE][PASSED] - Navigate to 'https://www.kbb.com/' successfully

28-05-2024T21:46:46 - [TEST_STEP][PASSED] - verifyElementVisible(findTestObject("Object Repository/BBK/Page_Kelley Blue Book  New and Used Car Pri_e90311/h2_Shop Smart")): Object 'Object Repository/BBK/Page_Kelley Blue Book  New and Used Car Pri_e90311/h2_Shop Smart' is visible

28-05-2024T21:46:49 - [MESSAGE][PASSED] - Object 'Object Repository/BBK/Page_Kelley Blue Book  New and Used Car Pri_e90311/h2_Shop Smart' is visible

28-05-2024T21:46:49 - [TEST_STEP][PASSED] - closeBrowser(): Browser is closed

28-05-2024T21:46:51 - [MESSAGE][PASSED] - Browser is closed]]></system-out>
         <system-err><![CDATA[]]></system-err>
      </testcase>
      <testcase name="Test Cases/BBK/check-slogan" time="79.964" classname="Test Cases/BBK/check-slogan" status="PASSED">
         <system-out><![CDATA[28-05-2024T21:46:51 - [TEST_CASE][PASSED] - Test Cases/BBK/check-slogan: Test Cases/BBK/check-slogan

28-05-2024T21:46:51 - [TEST_STEP][PASSED] - openBrowser(""): Browser is opened with url: ''

28-05-2024T21:46:51 - [MESSAGE][INFO] - Starting 'Chrome' driver

28-05-2024T21:46:51 - [MESSAGE][INFO] - Action delay is set to 0 milliseconds

28-05-2024T21:46:53 - [MESSAGE][PASSED] - Browser is opened with url: ''

28-05-2024T21:46:53 - [TEST_STEP][PASSED] - navigateToUrl("https://www.kbb.com/"): Navigate to 'https://www.kbb.com/' successfully

28-05-2024T21:47:06 - [MESSAGE][PASSED] - Navigate to 'https://www.kbb.com/' successfully

28-05-2024T21:47:06 - [TEST_STEP][PASSED] - verifyElementVisible(findTestObject("Object Repository/BBK/Page_Kelley Blue Book  New and Used Car Pri_e90311/h1_Kelley Knows Cars")): Object 'Object Repository/BBK/Page_Kelley Blue Book  New and Used Car Pri_e90311/h1_Kelley Knows Cars' is visible

28-05-2024T21:47:37 - [MESSAGE][INFO] - Unable to find the element located by 'By.xpath: //div[@id='superHeroBannerContainer']/div[2]/h1'. Please recheck the objects properties to make sure the desired element is located. 

28-05-2024T21:47:37 - [MESSAGE][WARNING] - [SELF-HEALING] Failed to find element with id 'Object Repository/BBK/Page_Kelley Blue Book  New and Used Car Pri_e90311/h1_Kelley Knows Cars'. Try using Self-healing.

28-05-2024T21:47:38 - [MESSAGE][WARNING] - [SELF-HEALING] The current locator of test object 'Object Repository/BBK/Page_Kelley Blue Book  New and Used Car Pri_e90311/h1_Kelley Knows Cars' was broken. Propose an alternative one: '(.//*[normalize-space(text()) and normalize-space(.)='Recalls'])[1]/following::h1[1]'.

28-05-2024T21:47:38 - [MESSAGE][PASSED] - Object 'Object Repository/BBK/Page_Kelley Blue Book  New and Used Car Pri_e90311/h1_Kelley Knows Cars' is visible

28-05-2024T21:47:38 - [TEST_STEP][PASSED] - verifyElementText(findTestObject("Object Repository/BBK/Page_Kelley Blue Book  New and Used Car Pri_e90311/h1_Kelley Knows Cars"), "Kelley Knows Cars"): Actual text and expected text of test object 'Object Repository/BBK/Page_Kelley Blue Book  New and Used Car Pri_e90311/h1_Kelley Knows Cars' are matched.

28-05-2024T21:48:10 - [MESSAGE][INFO] - Unable to find the element located by 'By.xpath: //div[@id='superHeroBannerContainer']/div[2]/h1'. Please recheck the objects properties to make sure the desired element is located. 

28-05-2024T21:48:10 - [MESSAGE][WARNING] - [SELF-HEALING] Failed to find element with id 'Object Repository/BBK/Page_Kelley Blue Book  New and Used Car Pri_e90311/h1_Kelley Knows Cars'. Try using Self-healing.

28-05-2024T21:48:10 - [MESSAGE][WARNING] - [SELF-HEALING] The current locator of test object 'Object Repository/BBK/Page_Kelley Blue Book  New and Used Car Pri_e90311/h1_Kelley Knows Cars' was broken. Propose an alternative one: '(.//*[normalize-space(text()) and normalize-space(.)='Recalls'])[1]/following::h1[1]'.

28-05-2024T21:48:10 - [MESSAGE][PASSED] - Actual text and expected text of test object 'Object Repository/BBK/Page_Kelley Blue Book  New and Used Car Pri_e90311/h1_Kelley Knows Cars' are matched.

28-05-2024T21:48:10 - [TEST_STEP][PASSED] - closeBrowser(): Browser is closed

28-05-2024T21:48:11 - [MESSAGE][PASSED] - Browser is closed]]></system-out>
         <system-err><![CDATA[]]></system-err>
      </testcase>
      <system-out><![CDATA[28-05-2024T21:42:59 - [TEST_SUITE][PASSED] - all-bbk: Test Cases/BBK/check-slogan]]></system-out>
      <system-err><![CDATA[]]></system-err>
   </testsuite>
   <testsuite name="Smock_Test" tests="2" failures="0" errors="0" time="28.633" skipped="0" timestamp="28-05-2024T21:43:07" hostname="ToanLa - DESKTOP-QSIPVT9" id="Test Suites/CURA Healthcare/Smock_Test">
      <properties>
         <property name="deviceName" value=""/>
         <property name="devicePlatform" value=""/>
         <property name="logFolder" value="C:\\Users\\ToanLa\\git\\katalon\\Reports\\20240528_214204\\CURA Healthcare\\Smock_Test\\20240528_214207"/>
         <property name="logFiles" value="C:\\Users\\ToanLa\\git\\katalon\\Reports\\20240528_214204\\CURA Healthcare\\Smock_Test\\20240528_214207\\execution0.log"/>
         <property name="attachments" value=""/>
         <property name="hostName" value="ToanLa - DESKTOP-QSIPVT9"/>
         <property name="os" value="Windows 11 64bit"/>
         <property name="katalonVersion" value="9.4.0.212"/>
         <property name="browser" value="Chrome 125.0.0.0"/>
         <property name="hostAddress" value="192.168.1.8"/>
         <property name="sessionId" value="f2d1689a7794bccf431744b3b93aa3b9"/>
         <property name="seleniumVersion" value="3.141.59"/>
         <property name="proxyInformation" value="ProxyInformation { proxyOption=NO_PROXY, proxyServerType=HTTP, username=, password=********, proxyServerAddress=, proxyServerPort=0, executionList=&quot;&quot;, isApplyToDesiredCapabilities=true }"/>
         <property name="platform" value="Windows 11"/>
      </properties>
      <testcase name="Test Cases/CURA Healthcare/Verify_All_Element_After_Clicking_Appointment_Button" time="15.221" classname="Test Cases/CURA Healthcare/Verify_All_Element_After_Clicking_Appointment_Button" status="PASSED">
         <system-out><![CDATA[28-05-2024T21:43:07 - [TEST_CASE][PASSED] - Test Cases/CURA Healthcare/Verify_All_Element_After_Clicking_Appointment_Button: Test Cases/CURA Healthcare/Verify_All_Element_After_Clicking_Appointment_Button

28-05-2024T21:43:07 - [TEST_STEP][PASSED] - openBrowser(""): Browser is opened with url: ''

28-05-2024T21:43:08 - [MESSAGE][INFO] - Starting 'Chrome' driver

28-05-2024T21:43:08 - [MESSAGE][INFO] - Action delay is set to 0 milliseconds

28-05-2024T21:43:11 - [MESSAGE][PASSED] - Browser is opened with url: ''

28-05-2024T21:43:11 - [TEST_STEP][PASSED] - navigateToUrl("https://katalon-demo-cura.herokuapp.com/"): Navigate to 'https://katalon-demo-cura.herokuapp.com/' successfully

28-05-2024T21:43:14 - [MESSAGE][PASSED] - Navigate to 'https://katalon-demo-cura.herokuapp.com/' successfully

28-05-2024T21:43:14 - [TEST_STEP][PASSED] - click(findTestObject("Object Repository/Page_CURA Healthcare Service/a_Make Appointment")): Object: 'Object Repository/Page_CURA Healthcare Service/a_Make Appointment' is clicked on

28-05-2024T21:43:16 - [MESSAGE][PASSED] - Object: 'Object Repository/Page_CURA Healthcare Service/a_Make Appointment' is clicked on

28-05-2024T21:43:16 - [TEST_STEP][PASSED] - verifyElementText(findTestObject("Object Repository/Page_CURA Healthcare Service/h1_CURA Healthcare Service"), "CURA Healthcare Service"): Actual text and expected text of test object 'Object Repository/Page_CURA Healthcare Service/h1_CURA Healthcare Service' are matched.

28-05-2024T21:43:17 - [MESSAGE][PASSED] - Actual text and expected text of test object 'Object Repository/Page_CURA Healthcare Service/h1_CURA Healthcare Service' are matched.

28-05-2024T21:43:17 - [TEST_STEP][PASSED] - verifyElementText(findTestObject("Object Repository/Page_CURA Healthcare Service/h3_We Care About Your Health"), "We Care About Your Health"): Actual text and expected text of test object 'Object Repository/Page_CURA Healthcare Service/h3_We Care About Your Health' are matched.

28-05-2024T21:43:19 - [MESSAGE][PASSED] - Actual text and expected text of test object 'Object Repository/Page_CURA Healthcare Service/h3_We Care About Your Health' are matched.

28-05-2024T21:43:19 - [TEST_STEP][PASSED] - verifyElementText(findTestObject("Object Repository/Page_CURA Healthcare Service/h2_Login"), "Login"): Actual text and expected text of test object 'Object Repository/Page_CURA Healthcare Service/h2_Login' are matched.

28-05-2024T21:43:19 - [MESSAGE][PASSED] - Actual text and expected text of test object 'Object Repository/Page_CURA Healthcare Service/h2_Login' are matched.

28-05-2024T21:43:19 - [TEST_STEP][PASSED] - verifyElementText(findTestObject("Object Repository/Page_CURA Healthcare Service/p_Please login to make appointment"), "Please login to make appointment."): Actual text and expected text of test object 'Object Repository/Page_CURA Healthcare Service/p_Please login to make appointment' are matched.

28-05-2024T21:43:20 - [MESSAGE][PASSED] - Actual text and expected text of test object 'Object Repository/Page_CURA Healthcare Service/p_Please login to make appointment' are matched.

28-05-2024T21:43:20 - [TEST_STEP][PASSED] - verifyElementVisible(findTestObject("Object Repository/Page_CURA Healthcare Service/input_Username_username")): Object 'Object Repository/Page_CURA Healthcare Service/input_Username_username' is visible

28-05-2024T21:43:21 - [MESSAGE][PASSED] - Object 'Object Repository/Page_CURA Healthcare Service/input_Username_username' is visible

28-05-2024T21:43:21 - [TEST_STEP][PASSED] - verifyElementVisible(findTestObject("Object Repository/Page_CURA Healthcare Service/input_Password_password")): Object 'Object Repository/Page_CURA Healthcare Service/input_Password_password' is visible

28-05-2024T21:43:21 - [MESSAGE][PASSED] - Object 'Object Repository/Page_CURA Healthcare Service/input_Password_password' is visible

28-05-2024T21:43:21 - [TEST_STEP][PASSED] - verifyElementVisible(findTestObject("Object Repository/Page_CURA Healthcare Service/button_Login")): Object 'Object Repository/Page_CURA Healthcare Service/button_Login' is visible

28-05-2024T21:43:22 - [MESSAGE][PASSED] - Object 'Object Repository/Page_CURA Healthcare Service/button_Login' is visible

28-05-2024T21:43:22 - [TEST_STEP][PASSED] - closeBrowser(): Browser is closed

28-05-2024T21:43:22 - [MESSAGE][PASSED] - Browser is closed]]></system-out>
         <system-err><![CDATA[]]></system-err>
      </testcase>
      <testcase name="Test Cases/CURA Healthcare/Verify_All_Elements_Home_Page" time="13.089" classname="Test Cases/CURA Healthcare/Verify_All_Elements_Home_Page" status="PASSED">
         <system-out><![CDATA[28-05-2024T21:43:22 - [TEST_CASE][PASSED] - Test Cases/CURA Healthcare/Verify_All_Elements_Home_Page: Test Cases/CURA Healthcare/Verify_All_Elements_Home_Page

28-05-2024T21:43:22 - [TEST_STEP][PASSED] - openBrowser(""): Browser is opened with url: ''

28-05-2024T21:43:22 - [MESSAGE][INFO] - Starting 'Chrome' driver

28-05-2024T21:43:23 - [MESSAGE][INFO] - Action delay is set to 0 milliseconds

28-05-2024T21:43:24 - [MESSAGE][PASSED] - Browser is opened with url: ''

28-05-2024T21:43:24 - [TEST_STEP][PASSED] - navigateToUrl("https://katalon-demo-cura.herokuapp.com/"): Navigate to 'https://katalon-demo-cura.herokuapp.com/' successfully

28-05-2024T21:43:27 - [MESSAGE][PASSED] - Navigate to 'https://katalon-demo-cura.herokuapp.com/' successfully

28-05-2024T21:43:27 - [TEST_STEP][PASSED] - verifyElementText(findTestObject("Object Repository/Page_CURA Healthcare Service/h1_CURA Healthcare Service"), "CURA Healthcare Service"): Actual text and expected text of test object 'Object Repository/Page_CURA Healthcare Service/h1_CURA Healthcare Service' are matched.

28-05-2024T21:43:29 - [MESSAGE][PASSED] - Actual text and expected text of test object 'Object Repository/Page_CURA Healthcare Service/h1_CURA Healthcare Service' are matched.

28-05-2024T21:43:29 - [TEST_STEP][PASSED] - verifyElementText(findTestObject("Object Repository/Page_CURA Healthcare Service/h3_We Care About Your Health"), "We Care About Your Health"): Actual text and expected text of test object 'Object Repository/Page_CURA Healthcare Service/h3_We Care About Your Health' are matched.

28-05-2024T21:43:30 - [MESSAGE][PASSED] - Actual text and expected text of test object 'Object Repository/Page_CURA Healthcare Service/h3_We Care About Your Health' are matched.

28-05-2024T21:43:30 - [TEST_STEP][PASSED] - verifyElementText(findTestObject("Object Repository/Page_CURA Healthcare Service/a_Make Appointment"), "Make Appointment"): Actual text and expected text of test object 'Object Repository/Page_CURA Healthcare Service/a_Make Appointment' are matched.

28-05-2024T21:43:31 - [MESSAGE][PASSED] - Actual text and expected text of test object 'Object Repository/Page_CURA Healthcare Service/a_Make Appointment' are matched.

28-05-2024T21:43:31 - [TEST_STEP][PASSED] - verifyElementText(findTestObject("Object Repository/Page_CURA Healthcare Service/strong_CURA Healthcare Service"), "CURA Healthcare Service"): Actual text and expected text of test object 'Object Repository/Page_CURA Healthcare Service/strong_CURA Healthcare Service' are matched.

28-05-2024T21:43:31 - [MESSAGE][PASSED] - Actual text and expected text of test object 'Object Repository/Page_CURA Healthcare Service/strong_CURA Healthcare Service' are matched.

28-05-2024T21:43:31 - [TEST_STEP][PASSED] - verifyElementText(findTestObject("Object Repository/Page_CURA Healthcare Service/li_infokatalon.com"), "info@katalon.com"): Actual text and expected text of test object 'Object Repository/Page_CURA Healthcare Service/li_infokatalon.com' are matched.

28-05-2024T21:43:32 - [MESSAGE][PASSED] - Actual text and expected text of test object 'Object Repository/Page_CURA Healthcare Service/li_infokatalon.com' are matched.

28-05-2024T21:43:32 - [TEST_STEP][PASSED] - verifyElementVisible(findTestObject("Object Repository/Page_CURA Healthcare Service/ul_infokatalon.com_list-inline")): Object 'Object Repository/Page_CURA Healthcare Service/ul_infokatalon.com_list-inline' is visible

28-05-2024T21:43:33 - [MESSAGE][PASSED] - Object 'Object Repository/Page_CURA Healthcare Service/ul_infokatalon.com_list-inline' is visible

28-05-2024T21:43:33 - [TEST_STEP][PASSED] - verifyElementText(findTestObject("Object Repository/Page_CURA Healthcare Service/p_Copyright  CURA Healthcare Service 2024"), "Copyright © CURA Healthcare Service 2024"): Actual text and expected text of test object 'Object Repository/Page_CURA Healthcare Service/p_Copyright  CURA Healthcare Service 2024' are matched.

28-05-2024T21:43:34 - [MESSAGE][PASSED] - Actual text and expected text of test object 'Object Repository/Page_CURA Healthcare Service/p_Copyright  CURA Healthcare Service 2024' are matched.

28-05-2024T21:43:34 - [TEST_STEP][PASSED] - closeBrowser(): Browser is closed

28-05-2024T21:43:35 - [MESSAGE][PASSED] - Browser is closed]]></system-out>
         <system-err><![CDATA[]]></system-err>
      </testcase>
      <system-out><![CDATA[28-05-2024T21:43:07 - [TEST_SUITE][PASSED] - Smock_Test: Test Cases/CURA Healthcare/Verify_All_Elements_Home_Page]]></system-out>
      <system-err><![CDATA[]]></system-err>
   </testsuite>
   <testsuite name="Verify_Appointment_Form" tests="8" failures="0" errors="0" time="131.553" skipped="0" timestamp="28-05-2024T21:43:12" hostname="ToanLa - DESKTOP-QSIPVT9" id="Test Suites/CURA Healthcare/Verify_Appointment_Form">
      <properties>
         <property name="deviceName" value=""/>
         <property name="devicePlatform" value=""/>
         <property name="logFolder" value="C:\\Users\\ToanLa\\git\\katalon\\Reports\\20240528_214204\\CURA Healthcare\\Verify_Appointment_Form\\20240528_214209"/>
         <property name="logFiles" value="C:\\Users\\ToanLa\\git\\katalon\\Reports\\20240528_214204\\CURA Healthcare\\Verify_Appointment_Form\\20240528_214209\\execution0.log"/>
         <property name="attachments" value=""/>
         <property name="hostName" value="ToanLa - DESKTOP-QSIPVT9"/>
         <property name="os" value="Windows 11 64bit"/>
         <property name="katalonVersion" value="9.4.0.212"/>
         <property name="browser" value="Chrome 125.0.0.0"/>
         <property name="hostAddress" value="192.168.1.8"/>
         <property name="sessionId" value="1d9d0dd630224ea59483dd1cc3b857d1"/>
         <property name="seleniumVersion" value="3.141.59"/>
         <property name="proxyInformation" value="ProxyInformation { proxyOption=NO_PROXY, proxyServerType=HTTP, username=, password=********, proxyServerAddress=, proxyServerPort=0, executionList=&quot;&quot;, isApplyToDesiredCapabilities=true }"/>
         <property name="platform" value="Windows 11"/>
      </properties>
      <testcase name="Test Cases/CURA Healthcare/Verify_Appointment_Form" time="20.105" classname="Test Cases/CURA Healthcare/Verify_Appointment_Form" status="PASSED">
         <system-out><![CDATA[28-05-2024T21:43:12 - [TEST_CASE][PASSED] - Test Cases/CURA Healthcare/Verify_Appointment_Form: Test Cases/CURA Healthcare/Verify_Appointment_Form

28-05-2024T21:43:13 - [TEST_STEP][PASSED] - openBrowser(""): Browser is opened with url: ''

28-05-2024T21:43:14 - [MESSAGE][INFO] - Starting 'Chrome' driver

28-05-2024T21:43:14 - [MESSAGE][INFO] - Action delay is set to 0 milliseconds

28-05-2024T21:43:17 - [MESSAGE][PASSED] - Browser is opened with url: ''

28-05-2024T21:43:17 - [TEST_STEP][PASSED] - navigateToUrl("https://katalon-demo-cura.herokuapp.com/profile.php#login"): Navigate to 'https://katalon-demo-cura.herokuapp.com/profile.php#login' successfully

28-05-2024T21:43:19 - [MESSAGE][PASSED] - Navigate to 'https://katalon-demo-cura.herokuapp.com/profile.php#login' successfully

28-05-2024T21:43:19 - [TEST_STEP][PASSED] - setText(findTestObject("Object Repository/Page_CURA Healthcare Service/input_Username_username"), "John Doe"): Text 'John Doe' is set on object 'Object Repository/Page_CURA Healthcare Service/input_Username_username'

28-05-2024T21:43:21 - [MESSAGE][PASSED] - Text 'John Doe' is set on object 'Object Repository/Page_CURA Healthcare Service/input_Username_username'

28-05-2024T21:43:21 - [TEST_STEP][PASSED] - setEncryptedText(findTestObject("Object Repository/Page_CURA Healthcare Service/input_Password_password"), "g3/DOGG74jC3Flrr3yH+3D/yKbOqqUNM"): Text ****** has been set on object 'Object Repository/Page_CURA Healthcare Service/input_Password_password'

28-05-2024T21:43:22 - [MESSAGE][PASSED] - Text ****** has been set on object 'Object Repository/Page_CURA Healthcare Service/input_Password_password'

28-05-2024T21:43:22 - [TEST_STEP][PASSED] - click(findTestObject("Object Repository/Page_CURA Healthcare Service/button_Login")): Object: 'Object Repository/Page_CURA Healthcare Service/button_Login' is clicked on

28-05-2024T21:43:25 - [MESSAGE][PASSED] - Object: 'Object Repository/Page_CURA Healthcare Service/button_Login' is clicked on

28-05-2024T21:43:25 - [TEST_STEP][PASSED] - verifyElementVisible(findTestObject("Object Repository/Page_CURA Healthcare Service/div_Make Appointment                       _4e05d4")): Object 'Object Repository/Page_CURA Healthcare Service/div_Make Appointment                       _4e05d4' is visible

28-05-2024T21:43:25 - [MESSAGE][PASSED] - Object 'Object Repository/Page_CURA Healthcare Service/div_Make Appointment                       _4e05d4' is visible

28-05-2024T21:43:25 - [TEST_STEP][PASSED] - verifyElementText(findTestObject("Object Repository/Page_CURA Healthcare Service/h2_Make Appointment"), "Make Appointment"): Actual text and expected text of test object 'Object Repository/Page_CURA Healthcare Service/h2_Make Appointment' are matched.

28-05-2024T21:43:26 - [MESSAGE][PASSED] - Actual text and expected text of test object 'Object Repository/Page_CURA Healthcare Service/h2_Make Appointment' are matched.

28-05-2024T21:43:26 - [TEST_STEP][PASSED] - verifyElementVisible(findTestObject("Object Repository/Page_CURA Healthcare Service/select_Tokyo CURA Healthcare Center        _5b4107")): Object 'Object Repository/Page_CURA Healthcare Service/select_Tokyo CURA Healthcare Center        _5b4107' is visible

28-05-2024T21:43:26 - [MESSAGE][PASSED] - Object 'Object Repository/Page_CURA Healthcare Service/select_Tokyo CURA Healthcare Center        _5b4107' is visible

28-05-2024T21:43:26 - [TEST_STEP][PASSED] - verifyElementVisible(findTestObject("Object Repository/Page_CURA Healthcare Service/div_Medicare                               _cb3988")): Object 'Object Repository/Page_CURA Healthcare Service/div_Medicare                               _cb3988' is visible

28-05-2024T21:43:27 - [MESSAGE][PASSED] - Object 'Object Repository/Page_CURA Healthcare Service/div_Medicare                               _cb3988' is visible

28-05-2024T21:43:27 - [TEST_STEP][PASSED] - verifyElementVisible(findTestObject("Object Repository/Page_CURA Healthcare Service/input_Visit Date (Required)_visit_date")): Object 'Object Repository/Page_CURA Healthcare Service/input_Visit Date (Required)_visit_date' is visible

28-05-2024T21:43:29 - [MESSAGE][PASSED] - Object 'Object Repository/Page_CURA Healthcare Service/input_Visit Date (Required)_visit_date' is visible

28-05-2024T21:43:29 - [TEST_STEP][PASSED] - verifyElementVisible(findTestObject("Object Repository/Page_CURA Healthcare Service/textarea_Comment_comment")): Object 'Object Repository/Page_CURA Healthcare Service/textarea_Comment_comment' is visible

28-05-2024T21:43:30 - [MESSAGE][PASSED] - Object 'Object Repository/Page_CURA Healthcare Service/textarea_Comment_comment' is visible

28-05-2024T21:43:30 - [TEST_STEP][PASSED] - verifyElementVisible(findTestObject("Object Repository/Page_CURA Healthcare Service/button_Book Appointment")): Object 'Object Repository/Page_CURA Healthcare Service/button_Book Appointment' is visible

28-05-2024T21:43:31 - [MESSAGE][PASSED] - Object 'Object Repository/Page_CURA Healthcare Service/button_Book Appointment' is visible

28-05-2024T21:43:31 - [TEST_STEP][PASSED] - closeBrowser(): Browser is closed

28-05-2024T21:43:32 - [MESSAGE][PASSED] - Browser is closed]]></system-out>
         <system-err><![CDATA[]]></system-err>
      </testcase>
      <testcase name="Test Cases/CURA Healthcare/Verify_Appointment_Form_Dropdownlist" time="14.532" classname="Test Cases/CURA Healthcare/Verify_Appointment_Form_Dropdownlist" status="PASSED">
         <system-out><![CDATA[28-05-2024T21:43:32 - [TEST_CASE][PASSED] - Test Cases/CURA Healthcare/Verify_Appointment_Form_Dropdownlist: Test Cases/CURA Healthcare/Verify_Appointment_Form_Dropdownlist

28-05-2024T21:43:33 - [TEST_STEP][PASSED] - openBrowser(""): Browser is opened with url: ''

28-05-2024T21:43:33 - [MESSAGE][INFO] - Starting 'Chrome' driver

28-05-2024T21:43:33 - [MESSAGE][INFO] - Action delay is set to 0 milliseconds

28-05-2024T21:43:35 - [MESSAGE][PASSED] - Browser is opened with url: ''

28-05-2024T21:43:35 - [TEST_STEP][PASSED] - navigateToUrl("https://katalon-demo-cura.herokuapp.com/profile.php#login"): Navigate to 'https://katalon-demo-cura.herokuapp.com/profile.php#login' successfully

28-05-2024T21:43:41 - [MESSAGE][PASSED] - Navigate to 'https://katalon-demo-cura.herokuapp.com/profile.php#login' successfully

28-05-2024T21:43:41 - [TEST_STEP][PASSED] - setText(findTestObject("Object Repository/Page_CURA Healthcare Service/input_Username_username"), "John Doe"): Text 'John Doe' is set on object 'Object Repository/Page_CURA Healthcare Service/input_Username_username'

28-05-2024T21:43:41 - [MESSAGE][PASSED] - Text 'John Doe' is set on object 'Object Repository/Page_CURA Healthcare Service/input_Username_username'

28-05-2024T21:43:41 - [TEST_STEP][PASSED] - setEncryptedText(findTestObject("Object Repository/Page_CURA Healthcare Service/input_Password_password"), "g3/DOGG74jC3Flrr3yH+3D/yKbOqqUNM"): Text ****** has been set on object 'Object Repository/Page_CURA Healthcare Service/input_Password_password'

28-05-2024T21:43:42 - [MESSAGE][PASSED] - Text ****** has been set on object 'Object Repository/Page_CURA Healthcare Service/input_Password_password'

28-05-2024T21:43:42 - [TEST_STEP][PASSED] - sendKeys(findTestObject("Object Repository/Page_CURA Healthcare Service/input_Password_password"), Keys.chord(ENTER)): Keys 'ENTER + ' sent to object: 'Object Repository/Page_CURA Healthcare Service/input_Password_password'

28-05-2024T21:43:43 - [MESSAGE][PASSED] - Keys 'ENTER + ' sent to object: 'Object Repository/Page_CURA Healthcare Service/input_Password_password'

28-05-2024T21:43:43 - [TEST_STEP][PASSED] - selectOptionByValue(findTestObject("Object Repository/Page_CURA Healthcare Service/select_Tokyo CURA Healthcare Center        _5b4107"), "Seoul CURA Healthcare Center", true): All options with value 'Seoul CURA Healthcare Center' are selected in object 'Object Repository/Page_CURA Healthcare Service/select_Tokyo CURA Healthcare Center        _5b4107'  using regular expression

28-05-2024T21:43:45 - [MESSAGE][PASSED] - All options with value 'Seoul CURA Healthcare Center' are selected in object 'Object Repository/Page_CURA Healthcare Service/select_Tokyo CURA Healthcare Center        _5b4107'  using regular expression

28-05-2024T21:43:45 - [TEST_STEP][PASSED] - verifyOptionPresentByValue(findTestObject("Page_CURA Healthcare Service/select_Tokyo CURA Healthcare Center        _5b4107"), "Seoul CURA Healthcare Center", false, 0): 1 option(s) with value 'Seoul CURA Healthcare Center' is/are present on object 'Object Repository/Page_CURA Healthcare Service/select_Tokyo CURA Healthcare Center        _5b4107' 

28-05-2024T21:43:45 - [MESSAGE][WARNING] - Timeout '0' is invalid. Using default page load timeout: '30'

28-05-2024T21:43:46 - [MESSAGE][PASSED] - 1 option(s) with value 'Seoul CURA Healthcare Center' is/are present on object 'Object Repository/Page_CURA Healthcare Service/select_Tokyo CURA Healthcare Center        _5b4107' 

28-05-2024T21:43:46 - [TEST_STEP][PASSED] - closeBrowser(): Browser is closed

28-05-2024T21:43:47 - [MESSAGE][PASSED] - Browser is closed]]></system-out>
         <system-err><![CDATA[]]></system-err>
      </testcase>
      <testcase name="Test Cases/CURA Healthcare/Verify_Appointment_Form_Medical_Program_DateInput" time="11.865" classname="Test Cases/CURA Healthcare/Verify_Appointment_Form_Medical_Program_DateInput" status="PASSED">
         <system-out><![CDATA[28-05-2024T21:43:47 - [TEST_CASE][PASSED] - Test Cases/CURA Healthcare/Verify_Appointment_Form_Medical_Program_DateInput: Test Cases/CURA Healthcare/Verify_Appointment_Form_Medical_Program_DateInput

28-05-2024T21:43:47 - [TEST_STEP][PASSED] - openBrowser(""): Browser is opened with url: ''

28-05-2024T21:43:47 - [MESSAGE][INFO] - Starting 'Chrome' driver

28-05-2024T21:43:47 - [MESSAGE][INFO] - Action delay is set to 0 milliseconds

28-05-2024T21:43:49 - [MESSAGE][PASSED] - Browser is opened with url: ''

28-05-2024T21:43:49 - [TEST_STEP][PASSED] - navigateToUrl("https://katalon-demo-cura.herokuapp.com/profile.php#login"): Navigate to 'https://katalon-demo-cura.herokuapp.com/profile.php#login' successfully

28-05-2024T21:43:52 - [MESSAGE][PASSED] - Navigate to 'https://katalon-demo-cura.herokuapp.com/profile.php#login' successfully

28-05-2024T21:43:52 - [TEST_STEP][PASSED] - setText(findTestObject("Object Repository/Page_CURA Healthcare Service/input_Username_username"), "John Doe"): Text 'John Doe' is set on object 'Object Repository/Page_CURA Healthcare Service/input_Username_username'

28-05-2024T21:43:53 - [MESSAGE][PASSED] - Text 'John Doe' is set on object 'Object Repository/Page_CURA Healthcare Service/input_Username_username'

28-05-2024T21:43:53 - [TEST_STEP][PASSED] - setEncryptedText(findTestObject("Object Repository/Page_CURA Healthcare Service/input_Password_password"), "g3/DOGG74jC3Flrr3yH+3D/yKbOqqUNM"): Text ****** has been set on object 'Object Repository/Page_CURA Healthcare Service/input_Password_password'

28-05-2024T21:43:54 - [MESSAGE][PASSED] - Text ****** has been set on object 'Object Repository/Page_CURA Healthcare Service/input_Password_password'

28-05-2024T21:43:54 - [TEST_STEP][PASSED] - sendKeys(findTestObject("Object Repository/Page_CURA Healthcare Service/input_Password_password"), Keys.chord(ENTER)): Keys 'ENTER + ' sent to object: 'Object Repository/Page_CURA Healthcare Service/input_Password_password'

28-05-2024T21:43:55 - [MESSAGE][PASSED] - Keys 'ENTER + ' sent to object: 'Object Repository/Page_CURA Healthcare Service/input_Password_password'

28-05-2024T21:43:55 - [TEST_STEP][PASSED] - click(findTestObject("Object Repository/Page_CURA Healthcare Service/span_Visit Date (Required)_glyphicon glyphi_cada34")): Object: 'Object Repository/Page_CURA Healthcare Service/span_Visit Date (Required)_glyphicon glyphi_cada34' is clicked on

28-05-2024T21:43:56 - [MESSAGE][PASSED] - Object: 'Object Repository/Page_CURA Healthcare Service/span_Visit Date (Required)_glyphicon glyphi_cada34' is clicked on

28-05-2024T21:43:56 - [TEST_STEP][PASSED] - verifyElementVisible(findTestObject("Object Repository/Page_CURA Healthcare Service/div_May 2024SuMoTuWeThFrSa28293012345678910_5bf531")): Object 'Object Repository/Page_CURA Healthcare Service/div_May 2024SuMoTuWeThFrSa28293012345678910_5bf531' is visible

28-05-2024T21:43:57 - [MESSAGE][PASSED] - Object 'Object Repository/Page_CURA Healthcare Service/div_May 2024SuMoTuWeThFrSa28293012345678910_5bf531' is visible

28-05-2024T21:43:57 - [TEST_STEP][PASSED] - closeBrowser(): Browser is closed

28-05-2024T21:43:58 - [MESSAGE][PASSED] - Browser is closed]]></system-out>
         <system-err><![CDATA[]]></system-err>
      </testcase>
      <testcase name="Test Cases/CURA Healthcare/Verify_Appointment_Form_Medical_Program_Medicaid_Check" time="14.685" classname="Test Cases/CURA Healthcare/Verify_Appointment_Form_Medical_Program_Medicaid_Check" status="PASSED">
         <system-out><![CDATA[28-05-2024T21:43:58 - [TEST_CASE][PASSED] - Test Cases/CURA Healthcare/Verify_Appointment_Form_Medical_Program_Medicaid_Check: Test Cases/CURA Healthcare/Verify_Appointment_Form_Medical_Program_Medicaid_Check

28-05-2024T21:43:59 - [TEST_STEP][PASSED] - openBrowser(""): Browser is opened with url: ''

28-05-2024T21:43:59 - [MESSAGE][INFO] - Starting 'Chrome' driver

28-05-2024T21:43:59 - [MESSAGE][INFO] - Action delay is set to 0 milliseconds

28-05-2024T21:44:02 - [MESSAGE][PASSED] - Browser is opened with url: ''

28-05-2024T21:44:02 - [TEST_STEP][PASSED] - navigateToUrl("https://katalon-demo-cura.herokuapp.com/profile.php#login"): Navigate to 'https://katalon-demo-cura.herokuapp.com/profile.php#login' successfully

28-05-2024T21:44:05 - [MESSAGE][PASSED] - Navigate to 'https://katalon-demo-cura.herokuapp.com/profile.php#login' successfully

28-05-2024T21:44:05 - [TEST_STEP][PASSED] - setText(findTestObject("Object Repository/Page_CURA Healthcare Service/input_Username_username"), "John Doe"): Text 'John Doe' is set on object 'Object Repository/Page_CURA Healthcare Service/input_Username_username'

28-05-2024T21:44:07 - [MESSAGE][PASSED] - Text 'John Doe' is set on object 'Object Repository/Page_CURA Healthcare Service/input_Username_username'

28-05-2024T21:44:07 - [TEST_STEP][PASSED] - setEncryptedText(findTestObject("Object Repository/Page_CURA Healthcare Service/input_Password_password"), "g3/DOGG74jC3Flrr3yH+3D/yKbOqqUNM"): Text ****** has been set on object 'Object Repository/Page_CURA Healthcare Service/input_Password_password'

28-05-2024T21:44:08 - [MESSAGE][PASSED] - Text ****** has been set on object 'Object Repository/Page_CURA Healthcare Service/input_Password_password'

28-05-2024T21:44:08 - [TEST_STEP][PASSED] - sendKeys(findTestObject("Object Repository/Page_CURA Healthcare Service/input_Password_password"), Keys.chord(ENTER)): Keys 'ENTER + ' sent to object: 'Object Repository/Page_CURA Healthcare Service/input_Password_password'

28-05-2024T21:44:09 - [MESSAGE][PASSED] - Keys 'ENTER + ' sent to object: 'Object Repository/Page_CURA Healthcare Service/input_Password_password'

28-05-2024T21:44:09 - [TEST_STEP][PASSED] - click(findTestObject("Object Repository/Page_CURA Healthcare Service/input_Medicaid_programs")): Object: 'Object Repository/Page_CURA Healthcare Service/input_Medicaid_programs' is clicked on

28-05-2024T21:44:11 - [MESSAGE][PASSED] - Object: 'Object Repository/Page_CURA Healthcare Service/input_Medicaid_programs' is clicked on

28-05-2024T21:44:11 - [TEST_STEP][PASSED] - verifyElementPresent(findTestObject("Object Repository/Page_CURA Healthcare Service/input_Medicaid_programs"), 0): Object 'Object Repository/Page_CURA Healthcare Service/input_Medicaid_programs' is present

28-05-2024T21:44:11 - [MESSAGE][WARNING] - Timeout '0' is invalid. Using default page load timeout: '30'

28-05-2024T21:44:11 - [MESSAGE][PASSED] - Object 'Object Repository/Page_CURA Healthcare Service/input_Medicaid_programs' is present

28-05-2024T21:44:11 - [TEST_STEP][PASSED] - closeBrowser(): Browser is closed

28-05-2024T21:44:13 - [MESSAGE][PASSED] - Browser is closed]]></system-out>
         <system-err><![CDATA[]]></system-err>
      </testcase>
      <testcase name="Test Cases/CURA Healthcare/Verify_Appointment_Form_Medical_Program_Medicare_Default_Check" time="19.304" classname="Test Cases/CURA Healthcare/Verify_Appointment_Form_Medical_Program_Medicare_Default_Check" status="PASSED">
         <system-out><![CDATA[28-05-2024T21:44:13 - [TEST_CASE][PASSED] - Test Cases/CURA Healthcare/Verify_Appointment_Form_Medical_Program_Medicare_Default_Check: Test Cases/CURA Healthcare/Verify_Appointment_Form_Medical_Program_Medicare_Default_Check

28-05-2024T21:44:13 - [TEST_STEP][PASSED] - openBrowser(""): Browser is opened with url: ''

28-05-2024T21:44:13 - [MESSAGE][INFO] - Starting 'Chrome' driver

28-05-2024T21:44:13 - [MESSAGE][INFO] - Action delay is set to 0 milliseconds

28-05-2024T21:44:16 - [MESSAGE][PASSED] - Browser is opened with url: ''

28-05-2024T21:44:16 - [TEST_STEP][PASSED] - navigateToUrl("https://katalon-demo-cura.herokuapp.com/profile.php#login"): Navigate to 'https://katalon-demo-cura.herokuapp.com/profile.php#login' successfully

28-05-2024T21:44:28 - [MESSAGE][PASSED] - Navigate to 'https://katalon-demo-cura.herokuapp.com/profile.php#login' successfully

28-05-2024T21:44:28 - [TEST_STEP][PASSED] - setText(findTestObject("Object Repository/Page_CURA Healthcare Service/input_Username_username"), "John Doe"): Text 'John Doe' is set on object 'Object Repository/Page_CURA Healthcare Service/input_Username_username'

28-05-2024T21:44:29 - [MESSAGE][PASSED] - Text 'John Doe' is set on object 'Object Repository/Page_CURA Healthcare Service/input_Username_username'

28-05-2024T21:44:29 - [TEST_STEP][PASSED] - setEncryptedText(findTestObject("Object Repository/Page_CURA Healthcare Service/input_Password_password"), "g3/DOGG74jC3Flrr3yH+3D/yKbOqqUNM"): Text ****** has been set on object 'Object Repository/Page_CURA Healthcare Service/input_Password_password'

28-05-2024T21:44:30 - [MESSAGE][PASSED] - Text ****** has been set on object 'Object Repository/Page_CURA Healthcare Service/input_Password_password'

28-05-2024T21:44:30 - [TEST_STEP][PASSED] - sendKeys(findTestObject("Object Repository/Page_CURA Healthcare Service/input_Password_password"), Keys.chord(ENTER)): Keys 'ENTER + ' sent to object: 'Object Repository/Page_CURA Healthcare Service/input_Password_password'

28-05-2024T21:44:31 - [MESSAGE][PASSED] - Keys 'ENTER + ' sent to object: 'Object Repository/Page_CURA Healthcare Service/input_Password_password'

28-05-2024T21:44:31 - [TEST_STEP][PASSED] - verifyElementPresent(findTestObject("Object Repository/Page_CURA Healthcare Service/input_Medicare_programs"), 0): Object 'Object Repository/Page_CURA Healthcare Service/input_Medicare_programs' is present

28-05-2024T21:44:31 - [MESSAGE][WARNING] - Timeout '0' is invalid. Using default page load timeout: '30'

28-05-2024T21:44:32 - [MESSAGE][PASSED] - Object 'Object Repository/Page_CURA Healthcare Service/input_Medicare_programs' is present

28-05-2024T21:44:32 - [TEST_STEP][PASSED] - closeBrowser(): Browser is closed

28-05-2024T21:44:32 - [MESSAGE][PASSED] - Browser is closed]]></system-out>
         <system-err><![CDATA[]]></system-err>
      </testcase>
      <testcase name="Test Cases/CURA Healthcare/Verify_Appointment_Form_Medical_Program_None_Check" time="12.093" classname="Test Cases/CURA Healthcare/Verify_Appointment_Form_Medical_Program_None_Check" status="PASSED">
         <system-out><![CDATA[28-05-2024T21:44:32 - [TEST_CASE][PASSED] - Test Cases/CURA Healthcare/Verify_Appointment_Form_Medical_Program_None_Check: Test Cases/CURA Healthcare/Verify_Appointment_Form_Medical_Program_None_Check

28-05-2024T21:44:33 - [TEST_STEP][PASSED] - openBrowser(""): Browser is opened with url: ''

28-05-2024T21:44:33 - [MESSAGE][INFO] - Starting 'Chrome' driver

28-05-2024T21:44:33 - [MESSAGE][INFO] - Action delay is set to 0 milliseconds

28-05-2024T21:44:34 - [MESSAGE][PASSED] - Browser is opened with url: ''

28-05-2024T21:44:34 - [TEST_STEP][PASSED] - navigateToUrl("https://katalon-demo-cura.herokuapp.com/profile.php#login"): Navigate to 'https://katalon-demo-cura.herokuapp.com/profile.php#login' successfully

28-05-2024T21:44:35 - [MESSAGE][PASSED] - Navigate to 'https://katalon-demo-cura.herokuapp.com/profile.php#login' successfully

28-05-2024T21:44:35 - [TEST_STEP][PASSED] - setText(findTestObject("Object Repository/Page_CURA Healthcare Service/input_Username_username"), "John Doe"): Text 'John Doe' is set on object 'Object Repository/Page_CURA Healthcare Service/input_Username_username'

28-05-2024T21:44:39 - [MESSAGE][PASSED] - Text 'John Doe' is set on object 'Object Repository/Page_CURA Healthcare Service/input_Username_username'

28-05-2024T21:44:39 - [TEST_STEP][PASSED] - setEncryptedText(findTestObject("Object Repository/Page_CURA Healthcare Service/input_Password_password"), "g3/DOGG74jC3Flrr3yH+3D/yKbOqqUNM"): Text ****** has been set on object 'Object Repository/Page_CURA Healthcare Service/input_Password_password'

28-05-2024T21:44:40 - [MESSAGE][PASSED] - Text ****** has been set on object 'Object Repository/Page_CURA Healthcare Service/input_Password_password'

28-05-2024T21:44:40 - [TEST_STEP][PASSED] - sendKeys(findTestObject("Object Repository/Page_CURA Healthcare Service/input_Password_password"), Keys.chord(ENTER)): Keys 'ENTER + ' sent to object: 'Object Repository/Page_CURA Healthcare Service/input_Password_password'

28-05-2024T21:44:42 - [MESSAGE][PASSED] - Keys 'ENTER + ' sent to object: 'Object Repository/Page_CURA Healthcare Service/input_Password_password'

28-05-2024T21:44:42 - [TEST_STEP][PASSED] - click(findTestObject("Object Repository/Page_CURA Healthcare Service/input_None_programs")): Object: 'Object Repository/Page_CURA Healthcare Service/input_None_programs' is clicked on

28-05-2024T21:44:43 - [MESSAGE][PASSED] - Object: 'Object Repository/Page_CURA Healthcare Service/input_None_programs' is clicked on

28-05-2024T21:44:43 - [TEST_STEP][PASSED] - verifyElementPresent(findTestObject("Object Repository/Page_CURA Healthcare Service/input_None_programs"), 0): Object 'Object Repository/Page_CURA Healthcare Service/input_None_programs' is present

28-05-2024T21:44:43 - [MESSAGE][WARNING] - Timeout '0' is invalid. Using default page load timeout: '30'

28-05-2024T21:44:44 - [MESSAGE][PASSED] - Object 'Object Repository/Page_CURA Healthcare Service/input_None_programs' is present

28-05-2024T21:44:44 - [TEST_STEP][PASSED] - closeBrowser(): Browser is closed

28-05-2024T21:44:45 - [MESSAGE][PASSED] - Browser is closed]]></system-out>
         <system-err><![CDATA[]]></system-err>
      </testcase>
      <testcase name="Test Cases/CURA Healthcare/Verify_Appointment_Form_Readmission_Checkbox" time="19.208" classname="Test Cases/CURA Healthcare/Verify_Appointment_Form_Readmission_Checkbox" status="PASSED">
         <system-out><![CDATA[28-05-2024T21:44:45 - [TEST_CASE][PASSED] - Test Cases/CURA Healthcare/Verify_Appointment_Form_Readmission_Checkbox: Test Cases/CURA Healthcare/Verify_Appointment_Form_Readmission_Checkbox

28-05-2024T21:44:45 - [TEST_STEP][PASSED] - openBrowser(""): Browser is opened with url: ''

28-05-2024T21:44:45 - [MESSAGE][INFO] - Starting 'Chrome' driver

28-05-2024T21:44:45 - [MESSAGE][INFO] - Action delay is set to 0 milliseconds

28-05-2024T21:44:47 - [MESSAGE][PASSED] - Browser is opened with url: ''

28-05-2024T21:44:47 - [TEST_STEP][PASSED] - navigateToUrl("https://katalon-demo-cura.herokuapp.com/profile.php#login"): Navigate to 'https://katalon-demo-cura.herokuapp.com/profile.php#login' successfully

28-05-2024T21:44:48 - [MESSAGE][PASSED] - Navigate to 'https://katalon-demo-cura.herokuapp.com/profile.php#login' successfully

28-05-2024T21:44:48 - [TEST_STEP][PASSED] - setText(findTestObject("Object Repository/Page_CURA Healthcare Service/input_Username_username"), "John Doe"): Text 'John Doe' is set on object 'Object Repository/Page_CURA Healthcare Service/input_Username_username'

28-05-2024T21:44:57 - [MESSAGE][PASSED] - Text 'John Doe' is set on object 'Object Repository/Page_CURA Healthcare Service/input_Username_username'

28-05-2024T21:44:57 - [TEST_STEP][PASSED] - setEncryptedText(findTestObject("Object Repository/Page_CURA Healthcare Service/input_Password_password"), "g3/DOGG74jC3Flrr3yH+3D/yKbOqqUNM"): Text ****** has been set on object 'Object Repository/Page_CURA Healthcare Service/input_Password_password'

28-05-2024T21:44:58 - [MESSAGE][PASSED] - Text ****** has been set on object 'Object Repository/Page_CURA Healthcare Service/input_Password_password'

28-05-2024T21:44:58 - [TEST_STEP][PASSED] - sendKeys(findTestObject("Object Repository/Page_CURA Healthcare Service/input_Password_password"), Keys.chord(ENTER)): Keys 'ENTER + ' sent to object: 'Object Repository/Page_CURA Healthcare Service/input_Password_password'

28-05-2024T21:45:01 - [MESSAGE][PASSED] - Keys 'ENTER + ' sent to object: 'Object Repository/Page_CURA Healthcare Service/input_Password_password'

28-05-2024T21:45:01 - [TEST_STEP][PASSED] - click(findTestObject("Object Repository/Page_CURA Healthcare Service/input_Apply for hospital readmission_hospit_63901f")): Object: 'Object Repository/Page_CURA Healthcare Service/input_Apply for hospital readmission_hospit_63901f' is clicked on

28-05-2024T21:45:02 - [MESSAGE][PASSED] - Object: 'Object Repository/Page_CURA Healthcare Service/input_Apply for hospital readmission_hospit_63901f' is clicked on

28-05-2024T21:45:02 - [TEST_STEP][PASSED] - verifyElementPresent(findTestObject("Object Repository/Page_CURA Healthcare Service/input_Apply for hospital readmission_hospit_63901f"), 0): Object 'Object Repository/Page_CURA Healthcare Service/input_Apply for hospital readmission_hospit_63901f' is present

28-05-2024T21:45:02 - [MESSAGE][WARNING] - Timeout '0' is invalid. Using default page load timeout: '30'

28-05-2024T21:45:02 - [MESSAGE][PASSED] - Object 'Object Repository/Page_CURA Healthcare Service/input_Apply for hospital readmission_hospit_63901f' is present

28-05-2024T21:45:02 - [TEST_STEP][PASSED] - closeBrowser(): Browser is closed

28-05-2024T21:45:04 - [MESSAGE][PASSED] - Browser is closed]]></system-out>
         <system-err><![CDATA[]]></system-err>
      </testcase>
      <testcase name="Test Cases/CURA Healthcare/Verify_Appointment_Form_Created_Successful" time="19.379" classname="Test Cases/CURA Healthcare/Verify_Appointment_Form_Created_Successful" status="PASSED">
         <system-out><![CDATA[28-05-2024T21:45:04 - [TEST_CASE][PASSED] - Test Cases/CURA Healthcare/Verify_Appointment_Form_Created_Successful: Test Cases/CURA Healthcare/Verify_Appointment_Form_Created_Successful

28-05-2024T21:45:04 - [TEST_STEP][PASSED] - openBrowser(""): Browser is opened with url: ''

28-05-2024T21:45:04 - [MESSAGE][INFO] - Starting 'Chrome' driver

28-05-2024T21:45:04 - [MESSAGE][INFO] - Action delay is set to 0 milliseconds

28-05-2024T21:45:06 - [MESSAGE][PASSED] - Browser is opened with url: ''

28-05-2024T21:45:06 - [TEST_STEP][PASSED] - navigateToUrl("https://katalon-demo-cura.herokuapp.com/profile.php#login"): Navigate to 'https://katalon-demo-cura.herokuapp.com/profile.php#login' successfully

28-05-2024T21:45:07 - [MESSAGE][PASSED] - Navigate to 'https://katalon-demo-cura.herokuapp.com/profile.php#login' successfully

28-05-2024T21:45:07 - [TEST_STEP][PASSED] - setText(findTestObject("Object Repository/Page_CURA Healthcare Service/input_Username_username"), "John Doe"): Text 'John Doe' is set on object 'Object Repository/Page_CURA Healthcare Service/input_Username_username'

28-05-2024T21:45:11 - [MESSAGE][PASSED] - Text 'John Doe' is set on object 'Object Repository/Page_CURA Healthcare Service/input_Username_username'

28-05-2024T21:45:11 - [TEST_STEP][PASSED] - setEncryptedText(findTestObject("Object Repository/Page_CURA Healthcare Service/input_Password_password"), "g3/DOGG74jC3Flrr3yH+3D/yKbOqqUNM"): Text ****** has been set on object 'Object Repository/Page_CURA Healthcare Service/input_Password_password'

28-05-2024T21:45:13 - [MESSAGE][PASSED] - Text ****** has been set on object 'Object Repository/Page_CURA Healthcare Service/input_Password_password'

28-05-2024T21:45:13 - [TEST_STEP][PASSED] - sendKeys(findTestObject("Object Repository/Page_CURA Healthcare Service/input_Password_password"), Keys.chord(ENTER)): Keys 'ENTER + ' sent to object: 'Object Repository/Page_CURA Healthcare Service/input_Password_password'

28-05-2024T21:45:15 - [MESSAGE][PASSED] - Keys 'ENTER + ' sent to object: 'Object Repository/Page_CURA Healthcare Service/input_Password_password'

28-05-2024T21:45:15 - [TEST_STEP][PASSED] - click(findTestObject("Object Repository/Page_CURA Healthcare Service/input_Apply for hospital readmission_hospit_63901f")): Object: 'Object Repository/Page_CURA Healthcare Service/input_Apply for hospital readmission_hospit_63901f' is clicked on

28-05-2024T21:45:15 - [MESSAGE][PASSED] - Object: 'Object Repository/Page_CURA Healthcare Service/input_Apply for hospital readmission_hospit_63901f' is clicked on

28-05-2024T21:45:15 - [TEST_STEP][PASSED] - click(findTestObject("Object Repository/Page_CURA Healthcare Service/span_Visit Date (Required)_glyphicon glyphi_cada34")): Object: 'Object Repository/Page_CURA Healthcare Service/span_Visit Date (Required)_glyphicon glyphi_cada34' is clicked on

28-05-2024T21:45:16 - [MESSAGE][PASSED] - Object: 'Object Repository/Page_CURA Healthcare Service/span_Visit Date (Required)_glyphicon glyphi_cada34' is clicked on

28-05-2024T21:45:16 - [TEST_STEP][PASSED] - click(findTestObject("Object Repository/Page_CURA Healthcare Service/td_31")): Object: 'Object Repository/Page_CURA Healthcare Service/td_31' is clicked on

28-05-2024T21:45:17 - [MESSAGE][PASSED] - Object: 'Object Repository/Page_CURA Healthcare Service/td_31' is clicked on

28-05-2024T21:45:17 - [TEST_STEP][PASSED] - setText(findTestObject("Object Repository/Page_CURA Healthcare Service/textarea_Comment_comment"), "Name: HetTV"): Text 'Name: HetTV' is set on object 'Object Repository/Page_CURA Healthcare Service/textarea_Comment_comment'

28-05-2024T21:45:18 - [MESSAGE][PASSED] - Text 'Name: HetTV' is set on object 'Object Repository/Page_CURA Healthcare Service/textarea_Comment_comment'

28-05-2024T21:45:18 - [TEST_STEP][PASSED] - click(findTestObject("Object Repository/Page_CURA Healthcare Service/button_Book Appointment")): Object: 'Object Repository/Page_CURA Healthcare Service/button_Book Appointment' is clicked on

28-05-2024T21:45:20 - [MESSAGE][PASSED] - Object: 'Object Repository/Page_CURA Healthcare Service/button_Book Appointment' is clicked on

28-05-2024T21:45:20 - [TEST_STEP][PASSED] - verifyElementVisible(findTestObject("Object Repository/Page_CURA Healthcare Service/div_Appointment Confirmation               _7d61e7")): Object 'Object Repository/Page_CURA Healthcare Service/div_Appointment Confirmation               _7d61e7' is visible

28-05-2024T21:45:21 - [MESSAGE][PASSED] - Object 'Object Repository/Page_CURA Healthcare Service/div_Appointment Confirmation               _7d61e7' is visible

28-05-2024T21:45:21 - [TEST_STEP][PASSED] - verifyElementText(findTestObject("Object Repository/Page_CURA Healthcare Service/p_Name HetTV"), "Name: HetTV"): Actual text and expected text of test object 'Object Repository/Page_CURA Healthcare Service/p_Name HetTV' are matched.

28-05-2024T21:45:22 - [MESSAGE][PASSED] - Actual text and expected text of test object 'Object Repository/Page_CURA Healthcare Service/p_Name HetTV' are matched.

28-05-2024T21:45:22 - [TEST_STEP][PASSED] - closeBrowser(): Browser is closed

28-05-2024T21:45:23 - [MESSAGE][PASSED] - Browser is closed]]></system-out>
         <system-err><![CDATA[]]></system-err>
      </testcase>
      <system-out><![CDATA[28-05-2024T21:43:12 - [TEST_SUITE][PASSED] - Verify_Appointment_Form: Test Cases/CURA Healthcare/Verify_Appointment_Form_Created_Successful]]></system-out>
      <system-err><![CDATA[]]></system-err>
   </testsuite>
   <testsuite name="Verify_Clickable_Bottom_To_Top" tests="2" failures="0" errors="0" time="19.089" skipped="0" timestamp="28-05-2024T21:43:17" hostname="ToanLa - DESKTOP-QSIPVT9" id="Test Suites/CURA Healthcare/Verify_Clickable_Bottom_To_Top">
      <properties>
         <property name="deviceName" value=""/>
         <property name="devicePlatform" value=""/>
         <property name="logFolder" value="C:\\Users\\ToanLa\\git\\katalon\\Reports\\20240528_214204\\CURA Healthcare\\Verify_Clickable_Bottom_To_Top\\20240528_214211"/>
         <property name="logFiles" value="C:\\Users\\ToanLa\\git\\katalon\\Reports\\20240528_214204\\CURA Healthcare\\Verify_Clickable_Bottom_To_Top\\20240528_214211\\execution0.log"/>
         <property name="attachments" value=""/>
         <property name="hostName" value="ToanLa - DESKTOP-QSIPVT9"/>
         <property name="os" value="Windows 11 64bit"/>
         <property name="katalonVersion" value="9.4.0.212"/>
         <property name="browser" value="Chrome 125.0.0.0"/>
         <property name="hostAddress" value="192.168.1.8"/>
         <property name="sessionId" value="c465077b83ae2876f594e239e1011dfb"/>
         <property name="seleniumVersion" value="3.141.59"/>
         <property name="proxyInformation" value="ProxyInformation { proxyOption=NO_PROXY, proxyServerType=HTTP, username=, password=********, proxyServerAddress=, proxyServerPort=0, executionList=&quot;&quot;, isApplyToDesiredCapabilities=true }"/>
         <property name="platform" value="Windows 11"/>
      </properties>
      <testcase name="Test Cases/CURA Healthcare/Verify_Clickable_To_Top_Button" time="12.63" classname="Test Cases/CURA Healthcare/Verify_Clickable_To_Top_Button" status="PASSED">
         <system-out><![CDATA[28-05-2024T21:43:18 - [TEST_CASE][PASSED] - Test Cases/CURA Healthcare/Verify_Clickable_To_Top_Button: Test Cases/CURA Healthcare/Verify_Clickable_To_Top_Button

28-05-2024T21:43:19 - [TEST_STEP][PASSED] - openBrowser(""): Browser is opened with url: ''

28-05-2024T21:43:20 - [MESSAGE][INFO] - Starting 'Chrome' driver

28-05-2024T21:43:20 - [MESSAGE][INFO] - Action delay is set to 0 milliseconds

28-05-2024T21:43:23 - [MESSAGE][PASSED] - Browser is opened with url: ''

28-05-2024T21:43:23 - [TEST_STEP][PASSED] - navigateToUrl("https://katalon-demo-cura.herokuapp.com/"): Navigate to 'https://katalon-demo-cura.herokuapp.com/' successfully

28-05-2024T21:43:26 - [MESSAGE][PASSED] - Navigate to 'https://katalon-demo-cura.herokuapp.com/' successfully

28-05-2024T21:43:26 - [TEST_STEP][PASSED] - scrollToElement(findTestObject("Object Repository/Page_CURA Healthcare Service/p_Copyright  CURA Healthcare Service 2024"), 0): Scroll to object 'Object Repository/Page_CURA Healthcare Service/p_Copyright  CURA Healthcare Service 2024' successfully

28-05-2024T21:43:26 - [MESSAGE][WARNING] - Timeout '0' is invalid. Using default page load timeout: '30'

28-05-2024T21:43:28 - [MESSAGE][PASSED] - Scroll to object 'Object Repository/Page_CURA Healthcare Service/p_Copyright  CURA Healthcare Service 2024' successfully

28-05-2024T21:43:28 - [TEST_STEP][PASSED] - closeBrowser(): Browser is closed

28-05-2024T21:43:30 - [MESSAGE][PASSED] - Browser is closed]]></system-out>
         <system-err><![CDATA[]]></system-err>
      </testcase>
      <testcase name="Test Cases/CURA Healthcare/Verify_Click_To_Top_Botton" time="5.506" classname="Test Cases/CURA Healthcare/Verify_Click_To_Top_Botton" status="PASSED">
         <system-out><![CDATA[28-05-2024T21:43:30 - [TEST_CASE][PASSED] - Test Cases/CURA Healthcare/Verify_Click_To_Top_Botton: Test Cases/CURA Healthcare/Verify_Click_To_Top_Botton

28-05-2024T21:43:31 - [TEST_STEP][PASSED] - openBrowser(""): Browser is opened with url: ''

28-05-2024T21:43:31 - [MESSAGE][INFO] - Starting 'Chrome' driver

28-05-2024T21:43:31 - [MESSAGE][INFO] - Action delay is set to 0 milliseconds

28-05-2024T21:43:32 - [MESSAGE][PASSED] - Browser is opened with url: ''

28-05-2024T21:43:32 - [TEST_STEP][PASSED] - navigateToUrl("https://katalon-demo-cura.herokuapp.com/"): Navigate to 'https://katalon-demo-cura.herokuapp.com/' successfully

28-05-2024T21:43:35 - [MESSAGE][PASSED] - Navigate to 'https://katalon-demo-cura.herokuapp.com/' successfully

28-05-2024T21:43:35 - [TEST_STEP][PASSED] - scrollToElement(findTestObject("Object Repository/Page_CURA Healthcare Service/p_Copyright  CURA Healthcare Service 2024"), 0): Scroll to object 'Object Repository/Page_CURA Healthcare Service/p_Copyright  CURA Healthcare Service 2024' successfully

28-05-2024T21:43:35 - [MESSAGE][WARNING] - Timeout '0' is invalid. Using default page load timeout: '30'

28-05-2024T21:43:35 - [MESSAGE][PASSED] - Scroll to object 'Object Repository/Page_CURA Healthcare Service/p_Copyright  CURA Healthcare Service 2024' successfully

28-05-2024T21:43:35 - [TEST_STEP][PASSED] - closeBrowser(): Browser is closed

28-05-2024T21:43:36 - [MESSAGE][PASSED] - Browser is closed]]></system-out>
         <system-err><![CDATA[]]></system-err>
      </testcase>
      <system-out><![CDATA[28-05-2024T21:43:17 - [TEST_SUITE][PASSED] - Verify_Clickable_Bottom_To_Top: Test Cases/CURA Healthcare/Verify_Click_To_Top_Botton]]></system-out>
      <system-err><![CDATA[]]></system-err>
   </testsuite>
   <testsuite name="Verify_Footer" tests="4" failures="0" errors="0" time="78.626" skipped="0" timestamp="28-05-2024T21:43:22" hostname="ToanLa - DESKTOP-QSIPVT9" id="Test Suites/CURA Healthcare/Verify_Footer">
      <properties>
         <property name="deviceName" value=""/>
         <property name="devicePlatform" value=""/>
         <property name="logFolder" value="C:\\Users\\ToanLa\\git\\katalon\\Reports\\20240528_214204\\CURA Healthcare\\Verify_Footer\\20240528_214213"/>
         <property name="logFiles" value="C:\\Users\\ToanLa\\git\\katalon\\Reports\\20240528_214204\\CURA Healthcare\\Verify_Footer\\20240528_214213\\execution0.log"/>
         <property name="attachments" value=""/>
         <property name="hostName" value="ToanLa - DESKTOP-QSIPVT9"/>
         <property name="os" value="Windows 11 64bit"/>
         <property name="katalonVersion" value="9.4.0.212"/>
         <property name="browser" value="Chrome 125.0.0.0"/>
         <property name="hostAddress" value="192.168.1.8"/>
         <property name="sessionId" value="1fe3df64bacd23e1c94d80f7eee1db37"/>
         <property name="seleniumVersion" value="3.141.59"/>
         <property name="proxyInformation" value="ProxyInformation { proxyOption=NO_PROXY, proxyServerType=HTTP, username=, password=********, proxyServerAddress=, proxyServerPort=0, executionList=&quot;&quot;, isApplyToDesiredCapabilities=true }"/>
         <property name="platform" value="Windows 11"/>
      </properties>
      <testcase name="Test Cases/CURA Healthcare/Verify_Footer_Copyright" time="21.745" classname="Test Cases/CURA Healthcare/Verify_Footer_Copyright" status="PASSED">
         <system-out><![CDATA[28-05-2024T21:43:23 - [TEST_CASE][PASSED] - Test Cases/CURA Healthcare/Verify_Footer_Copyright: Test Cases/CURA Healthcare/Verify_Footer_Copyright

28-05-2024T21:43:24 - [TEST_STEP][PASSED] - openBrowser(""): Browser is opened with url: ''

28-05-2024T21:43:25 - [MESSAGE][INFO] - Starting 'Chrome' driver

28-05-2024T21:43:25 - [MESSAGE][INFO] - Action delay is set to 0 milliseconds

28-05-2024T21:43:29 - [MESSAGE][PASSED] - Browser is opened with url: ''

28-05-2024T21:43:29 - [TEST_STEP][PASSED] - navigateToUrl("https://katalon-demo-cura.herokuapp.com/"): Navigate to 'https://katalon-demo-cura.herokuapp.com/' successfully

28-05-2024T21:43:43 - [MESSAGE][PASSED] - Navigate to 'https://katalon-demo-cura.herokuapp.com/' successfully

28-05-2024T21:43:43 - [TEST_STEP][PASSED] - verifyElementPresent(findTestObject("Page_CURA Healthcare Service/p_Copyright  CURA Healthcare Service 2024"), 0): Object 'Object Repository/Page_CURA Healthcare Service/p_Copyright  CURA Healthcare Service 2024' is present

28-05-2024T21:43:44 - [MESSAGE][WARNING] - Timeout '0' is invalid. Using default page load timeout: '30'

28-05-2024T21:43:44 - [MESSAGE][PASSED] - Object 'Object Repository/Page_CURA Healthcare Service/p_Copyright  CURA Healthcare Service 2024' is present

28-05-2024T21:43:44 - [TEST_STEP][PASSED] - closeBrowser(): Browser is closed

28-05-2024T21:43:44 - [MESSAGE][PASSED] - Browser is closed]]></system-out>
         <system-err><![CDATA[]]></system-err>
      </testcase>
      <testcase name="Test Cases/CURA Healthcare/Verify_Footer_Email" time="12.757" classname="Test Cases/CURA Healthcare/Verify_Footer_Email" status="PASSED">
         <system-out><![CDATA[28-05-2024T21:43:45 - [TEST_CASE][PASSED] - Test Cases/CURA Healthcare/Verify_Footer_Email: Test Cases/CURA Healthcare/Verify_Footer_Email

28-05-2024T21:43:45 - [TEST_STEP][PASSED] - openBrowser(""): Browser is opened with url: ''

28-05-2024T21:43:45 - [MESSAGE][INFO] - Starting 'Chrome' driver

28-05-2024T21:43:45 - [MESSAGE][INFO] - Action delay is set to 0 milliseconds

28-05-2024T21:43:46 - [MESSAGE][PASSED] - Browser is opened with url: ''

28-05-2024T21:43:46 - [TEST_STEP][PASSED] - navigateToUrl("https://katalon-demo-cura.herokuapp.com/"): Navigate to 'https://katalon-demo-cura.herokuapp.com/' successfully

28-05-2024T21:43:55 - [MESSAGE][PASSED] - Navigate to 'https://katalon-demo-cura.herokuapp.com/' successfully

28-05-2024T21:43:55 - [TEST_STEP][PASSED] - verifyElementPresent(findTestObject("Page_CURA Healthcare Service/a_infokatalon.com"), 0): Object 'Object Repository/Page_CURA Healthcare Service/a_infokatalon.com' is present

28-05-2024T21:43:56 - [MESSAGE][WARNING] - Timeout '0' is invalid. Using default page load timeout: '30'

28-05-2024T21:43:56 - [MESSAGE][PASSED] - Object 'Object Repository/Page_CURA Healthcare Service/a_infokatalon.com' is present

28-05-2024T21:43:56 - [TEST_STEP][PASSED] - closeBrowser(): Browser is closed

28-05-2024T21:43:57 - [MESSAGE][PASSED] - Browser is closed]]></system-out>
         <system-err><![CDATA[]]></system-err>
      </testcase>
      <testcase name="Test Cases/CURA Healthcare/Verify_Phone_Number" time="36.259" classname="Test Cases/CURA Healthcare/Verify_Phone_Number" status="PASSED">
         <system-out><![CDATA[28-05-2024T21:43:57 - [TEST_CASE][PASSED] - Test Cases/CURA Healthcare/Verify_Phone_Number: Test Cases/CURA Healthcare/Verify_Phone_Number

28-05-2024T21:43:58 - [TEST_STEP][PASSED] - openBrowser(""): Browser is opened with url: ''

28-05-2024T21:43:58 - [MESSAGE][INFO] - Starting 'Chrome' driver

28-05-2024T21:43:58 - [MESSAGE][INFO] - Action delay is set to 0 milliseconds

28-05-2024T21:44:00 - [MESSAGE][PASSED] - Browser is opened with url: ''

28-05-2024T21:44:00 - [TEST_STEP][PASSED] - navigateToUrl("https://katalon-demo-cura.herokuapp.com/"): Navigate to 'https://katalon-demo-cura.herokuapp.com/' successfully

28-05-2024T21:44:01 - [MESSAGE][PASSED] - Navigate to 'https://katalon-demo-cura.herokuapp.com/' successfully

28-05-2024T21:44:01 - [TEST_STEP][PASSED] - verifyElementText(findTestObject("Object Repository/Page_CURA Healthcare Service/li_(678) 813-1KMS"), "(678) 813-1KMS"): Actual text and expected text of test object 'Object Repository/Page_CURA Healthcare Service/li_(678) 813-1KMS' are matched.

28-05-2024T21:44:33 - [MESSAGE][INFO] - Unable to find the element located by 'By.xpath: //*[(text() = '(678) 813-1KMS' or . = '(678) 813-1KMS')]'. Please recheck the objects properties to make sure the desired element is located. 

28-05-2024T21:44:33 - [MESSAGE][WARNING] - [SELF-HEALING] Failed to find element with id 'Object Repository/Page_CURA Healthcare Service/li_(678) 813-1KMS'. Try using Self-healing.

28-05-2024T21:44:33 - [MESSAGE][WARNING] - [SELF-HEALING] The current locator of test object 'Object Repository/Page_CURA Healthcare Service/li_(678) 813-1KMS' was broken. Propose an alternative one: '(.//*[normalize-space(text()) and normalize-space(.)='CURA Healthcare Service'])[3]/following::li[1]'.

28-05-2024T21:44:33 - [MESSAGE][WARNING] - [SELF-HEALING] Cannot save screenshot to: C:\Users\ToanLa\git\katalon\Reports\20240528_214204\CURA Healthcare\Verify_Footer\20240528_214213, reason: Source 'C:\Users\ToanLa\git\katalon\Reports\Self-healing\Object Repository\Page_CURA Healthcare Service\li_(678) 813-1KMS_XPATH.png' does not exist.

28-05-2024T21:44:33 - [MESSAGE][PASSED] - Actual text and expected text of test object 'Object Repository/Page_CURA Healthcare Service/li_(678) 813-1KMS' are matched.

28-05-2024T21:44:33 - [TEST_STEP][PASSED] - closeBrowser(): Browser is closed

28-05-2024T21:44:34 - [MESSAGE][PASSED] - Browser is closed]]></system-out>
         <system-err><![CDATA[]]></system-err>
      </testcase>
      <testcase name="Test Cases/CURA Healthcare/Verify_Address" time="7.093" classname="Test Cases/CURA Healthcare/Verify_Address" status="PASSED">
         <system-out><![CDATA[28-05-2024T21:44:34 - [TEST_CASE][PASSED] - Test Cases/CURA Healthcare/Verify_Address: Test Cases/CURA Healthcare/Verify_Address

28-05-2024T21:44:34 - [TEST_STEP][PASSED] - openBrowser(""): Browser is opened with url: ''

28-05-2024T21:44:34 - [MESSAGE][INFO] - Starting 'Chrome' driver

28-05-2024T21:44:34 - [MESSAGE][INFO] - Action delay is set to 0 milliseconds

28-05-2024T21:44:36 - [MESSAGE][PASSED] - Browser is opened with url: ''

28-05-2024T21:44:36 - [TEST_STEP][PASSED] - navigateToUrl("https://katalon-demo-cura.herokuapp.com/"): Navigate to 'https://katalon-demo-cura.herokuapp.com/' successfully

28-05-2024T21:44:37 - [MESSAGE][PASSED] - Navigate to 'https://katalon-demo-cura.herokuapp.com/' successfully

28-05-2024T21:44:37 - [TEST_STEP][PASSED] - verifyElementVisible(findTestObject("Object Repository/Page_CURA Healthcare Service/p_Atlanta 550 Pharr Road NE Suite 525Atlant_8f4c85")): Object 'Object Repository/Page_CURA Healthcare Service/p_Atlanta 550 Pharr Road NE Suite 525Atlant_8f4c85' is visible

28-05-2024T21:44:40 - [MESSAGE][PASSED] - Object 'Object Repository/Page_CURA Healthcare Service/p_Atlanta 550 Pharr Road NE Suite 525Atlant_8f4c85' is visible

28-05-2024T21:44:40 - [TEST_STEP][PASSED] - closeBrowser(): Browser is closed

28-05-2024T21:44:41 - [MESSAGE][PASSED] - Browser is closed]]></system-out>
         <system-err><![CDATA[]]></system-err>
      </testcase>
      <system-out><![CDATA[28-05-2024T21:43:22 - [TEST_SUITE][PASSED] - Verify_Footer: Test Cases/CURA Healthcare/Verify_Address]]></system-out>
      <system-err><![CDATA[]]></system-err>
   </testsuite>
   <testsuite name="Verify_Home_Page" tests="3" failures="0" errors="0" time="25.111" skipped="0" timestamp="28-05-2024T21:43:27" hostname="ToanLa - DESKTOP-QSIPVT9" id="Test Suites/CURA Healthcare/Verify_Home_Page">
      <properties>
         <property name="deviceName" value=""/>
         <property name="devicePlatform" value=""/>
         <property name="logFolder" value="C:\\Users\\ToanLa\\git\\katalon\\Reports\\20240528_214204\\CURA Healthcare\\Verify_Home_Page\\20240528_214215"/>
         <property name="logFiles" value="C:\\Users\\ToanLa\\git\\katalon\\Reports\\20240528_214204\\CURA Healthcare\\Verify_Home_Page\\20240528_214215\\execution0.log"/>
         <property name="attachments" value=""/>
         <property name="hostName" value="ToanLa - DESKTOP-QSIPVT9"/>
         <property name="os" value="Windows 11 64bit"/>
         <property name="katalonVersion" value="9.4.0.212"/>
         <property name="browser" value="Chrome 125.0.0.0"/>
         <property name="hostAddress" value="192.168.1.8"/>
         <property name="sessionId" value="b45d1a272454ba207ed1826603032d99"/>
         <property name="seleniumVersion" value="3.141.59"/>
         <property name="proxyInformation" value="ProxyInformation { proxyOption=NO_PROXY, proxyServerType=HTTP, username=, password=********, proxyServerAddress=, proxyServerPort=0, executionList=&quot;&quot;, isApplyToDesiredCapabilities=true }"/>
         <property name="platform" value="Windows 11"/>
      </properties>
      <testcase name="Test Cases/CURA Healthcare/Verify CURA Healthcare Service text" time="8.985" classname="Test Cases/CURA Healthcare/Verify CURA Healthcare Service text" status="PASSED">
         <system-out><![CDATA[28-05-2024T21:43:27 - [TEST_CASE][PASSED] - Test Cases/CURA Healthcare/Verify CURA Healthcare Service text: Test Cases/CURA Healthcare/Verify CURA Healthcare Service text

28-05-2024T21:43:28 - [TEST_STEP][PASSED] - openBrowser(""): Browser is opened with url: ''

28-05-2024T21:43:29 - [MESSAGE][INFO] - Starting 'Chrome' driver

28-05-2024T21:43:29 - [MESSAGE][INFO] - Action delay is set to 0 milliseconds

28-05-2024T21:43:33 - [MESSAGE][PASSED] - Browser is opened with url: ''

28-05-2024T21:43:33 - [TEST_STEP][PASSED] - navigateToUrl("https://katalon-demo-cura.herokuapp.com/"): Navigate to 'https://katalon-demo-cura.herokuapp.com/' successfully

28-05-2024T21:43:34 - [MESSAGE][PASSED] - Navigate to 'https://katalon-demo-cura.herokuapp.com/' successfully

28-05-2024T21:43:34 - [TEST_STEP][PASSED] - verifyElementClickable(findTestObject("Object Repository/Page_CURA Healthcare Service/a_Make Appointment")): Object 'Object Repository/Page_CURA Healthcare Service/a_Make Appointment' is clickable

28-05-2024T21:43:36 - [MESSAGE][PASSED] - Object 'Object Repository/Page_CURA Healthcare Service/a_Make Appointment' is clickable]]></system-out>
         <system-err><![CDATA[]]></system-err>
      </testcase>
      <testcase name="Test Cases/CURA Healthcare/Verify_Clickable_Button" time="7.584" classname="Test Cases/CURA Healthcare/Verify_Clickable_Button" status="PASSED">
         <system-out><![CDATA[28-05-2024T21:43:36 - [TEST_CASE][PASSED] - Test Cases/CURA Healthcare/Verify_Clickable_Button: Test Cases/CURA Healthcare/Verify_Clickable_Button

28-05-2024T21:43:36 - [TEST_STEP][PASSED] - openBrowser(""): Browser is opened with url: ''

28-05-2024T21:43:36 - [MESSAGE][WARNING] - A browser is already opened. Closing browser and opening a new one

28-05-2024T21:43:37 - [MESSAGE][INFO] - Starting 'Chrome' driver

28-05-2024T21:43:37 - [MESSAGE][INFO] - Action delay is set to 0 milliseconds

28-05-2024T21:43:39 - [MESSAGE][PASSED] - Browser is opened with url: ''

28-05-2024T21:43:39 - [TEST_STEP][PASSED] - navigateToUrl("https://katalon-demo-cura.herokuapp.com/"): Navigate to 'https://katalon-demo-cura.herokuapp.com/' successfully

28-05-2024T21:43:42 - [MESSAGE][PASSED] - Navigate to 'https://katalon-demo-cura.herokuapp.com/' successfully

28-05-2024T21:43:42 - [TEST_STEP][PASSED] - click(findTestObject("Page_CURA Healthcare Service/a_Make Appointment")): Object: 'Object Repository/Page_CURA Healthcare Service/a_Make Appointment' is clicked on

28-05-2024T21:43:43 - [MESSAGE][PASSED] - Object: 'Object Repository/Page_CURA Healthcare Service/a_Make Appointment' is clicked on

28-05-2024T21:43:43 - [TEST_STEP][PASSED] - closeBrowser(): Browser is closed

28-05-2024T21:43:44 - [MESSAGE][PASSED] - Browser is closed]]></system-out>
         <system-err><![CDATA[]]></system-err>
      </testcase>
      <testcase name="Test Cases/CURA Healthcare/Verify_Footer_Copyright" time="7.819" classname="Test Cases/CURA Healthcare/Verify_Footer_Copyright" status="PASSED">
         <system-out><![CDATA[28-05-2024T21:43:44 - [TEST_CASE][PASSED] - Test Cases/CURA Healthcare/Verify_Footer_Copyright: Test Cases/CURA Healthcare/Verify_Footer_Copyright

28-05-2024T21:43:44 - [TEST_STEP][PASSED] - openBrowser(""): Browser is opened with url: ''

28-05-2024T21:43:44 - [MESSAGE][INFO] - Starting 'Chrome' driver

28-05-2024T21:43:44 - [MESSAGE][INFO] - Action delay is set to 0 milliseconds

28-05-2024T21:43:46 - [MESSAGE][PASSED] - Browser is opened with url: ''

28-05-2024T21:43:46 - [TEST_STEP][PASSED] - navigateToUrl("https://katalon-demo-cura.herokuapp.com/"): Navigate to 'https://katalon-demo-cura.herokuapp.com/' successfully

28-05-2024T21:43:50 - [MESSAGE][PASSED] - Navigate to 'https://katalon-demo-cura.herokuapp.com/' successfully

28-05-2024T21:43:50 - [TEST_STEP][PASSED] - verifyElementPresent(findTestObject("Page_CURA Healthcare Service/p_Copyright  CURA Healthcare Service 2024"), 0): Object 'Object Repository/Page_CURA Healthcare Service/p_Copyright  CURA Healthcare Service 2024' is present

28-05-2024T21:43:50 - [MESSAGE][WARNING] - Timeout '0' is invalid. Using default page load timeout: '30'

28-05-2024T21:43:51 - [MESSAGE][PASSED] - Object 'Object Repository/Page_CURA Healthcare Service/p_Copyright  CURA Healthcare Service 2024' is present

28-05-2024T21:43:51 - [TEST_STEP][PASSED] - closeBrowser(): Browser is closed

28-05-2024T21:43:52 - [MESSAGE][PASSED] - Browser is closed]]></system-out>
         <system-err><![CDATA[]]></system-err>
      </testcase>
      <system-out><![CDATA[28-05-2024T21:43:27 - [TEST_SUITE][PASSED] - Verify_Home_Page: Test Cases/CURA Healthcare/Verify_Footer_Copyright]]></system-out>
      <system-err><![CDATA[]]></system-err>
   </testsuite>
   <testsuite name="Verify_Login_Form" tests="8" failures="0" errors="0" time="95.06" skipped="0" timestamp="28-05-2024T21:43:33" hostname="ToanLa - DESKTOP-QSIPVT9" id="Test Suites/CURA Healthcare/Verify_Login_Form">
      <properties>
         <property name="deviceName" value=""/>
         <property name="devicePlatform" value=""/>
         <property name="logFolder" value="C:\\Users\\ToanLa\\git\\katalon\\Reports\\20240528_214204\\CURA Healthcare\\Verify_Login_Form\\20240528_214217"/>
         <property name="logFiles" value="C:\\Users\\ToanLa\\git\\katalon\\Reports\\20240528_214204\\CURA Healthcare\\Verify_Login_Form\\20240528_214217\\execution0.log"/>
         <property name="attachments" value=""/>
         <property name="hostName" value="ToanLa - DESKTOP-QSIPVT9"/>
         <property name="os" value="Windows 11 64bit"/>
         <property name="katalonVersion" value="9.4.0.212"/>
         <property name="browser" value="Chrome 125.0.0.0"/>
         <property name="hostAddress" value="192.168.1.8"/>
         <property name="sessionId" value="8cf7bbed196a9cf43831856ad556c794"/>
         <property name="seleniumVersion" value="3.141.59"/>
         <property name="proxyInformation" value="ProxyInformation { proxyOption=NO_PROXY, proxyServerType=HTTP, username=, password=********, proxyServerAddress=, proxyServerPort=0, executionList=&quot;&quot;, isApplyToDesiredCapabilities=true }"/>
         <property name="platform" value="Windows 11"/>
      </properties>
      <testcase name="Test Cases/CURA Healthcare/Verify_Login_Container" time="12.649" classname="Test Cases/CURA Healthcare/Verify_Login_Container" status="PASSED">
         <system-out><![CDATA[28-05-2024T21:43:34 - [TEST_CASE][PASSED] - Test Cases/CURA Healthcare/Verify_Login_Container: Test Cases/CURA Healthcare/Verify_Login_Container

28-05-2024T21:43:35 - [TEST_STEP][PASSED] - openBrowser(""): Browser is opened with url: ''

28-05-2024T21:43:36 - [MESSAGE][INFO] - Starting 'Chrome' driver

28-05-2024T21:43:36 - [MESSAGE][INFO] - Action delay is set to 0 milliseconds

28-05-2024T21:43:39 - [MESSAGE][PASSED] - Browser is opened with url: ''

28-05-2024T21:43:39 - [TEST_STEP][PASSED] - navigateToUrl("https://katalon-demo-cura.herokuapp.com/profile.php#login"): Navigate to 'https://katalon-demo-cura.herokuapp.com/profile.php#login' successfully

28-05-2024T21:43:43 - [MESSAGE][PASSED] - Navigate to 'https://katalon-demo-cura.herokuapp.com/profile.php#login' successfully

28-05-2024T21:43:43 - [TEST_STEP][PASSED] - verifyElementText(findTestObject("Object Repository/Page_CURA Healthcare Service/label_Username"), "Username"): Actual text and expected text of test object 'Object Repository/Page_CURA Healthcare Service/label_Username' are matched.

28-05-2024T21:43:44 - [MESSAGE][PASSED] - Actual text and expected text of test object 'Object Repository/Page_CURA Healthcare Service/label_Username' are matched.

28-05-2024T21:43:44 - [TEST_STEP][PASSED] - verifyElementVisible(findTestObject("Object Repository/Page_CURA Healthcare Service/input_Username_username")): Object 'Object Repository/Page_CURA Healthcare Service/input_Username_username' is visible

28-05-2024T21:43:45 - [MESSAGE][PASSED] - Object 'Object Repository/Page_CURA Healthcare Service/input_Username_username' is visible

28-05-2024T21:43:45 - [TEST_STEP][PASSED] - verifyElementText(findTestObject("Object Repository/Page_CURA Healthcare Service/label_Password"), "Password"): Actual text and expected text of test object 'Object Repository/Page_CURA Healthcare Service/label_Password' are matched.

28-05-2024T21:43:45 - [MESSAGE][PASSED] - Actual text and expected text of test object 'Object Repository/Page_CURA Healthcare Service/label_Password' are matched.

28-05-2024T21:43:45 - [TEST_STEP][PASSED] - verifyElementVisible(findTestObject("Object Repository/Page_CURA Healthcare Service/input_Password_password")): Object 'Object Repository/Page_CURA Healthcare Service/input_Password_password' is visible

28-05-2024T21:43:46 - [MESSAGE][PASSED] - Object 'Object Repository/Page_CURA Healthcare Service/input_Password_password' is visible

28-05-2024T21:43:46 - [TEST_STEP][PASSED] - verifyElementVisible(findTestObject("Object Repository/Page_CURA Healthcare Service/button_Login")): Object 'Object Repository/Page_CURA Healthcare Service/button_Login' is visible

28-05-2024T21:43:46 - [MESSAGE][PASSED] - Object 'Object Repository/Page_CURA Healthcare Service/button_Login' is visible

28-05-2024T21:43:46 - [TEST_STEP][PASSED] - closeBrowser(): Browser is closed

28-05-2024T21:43:47 - [MESSAGE][PASSED] - Browser is closed]]></system-out>
         <system-err><![CDATA[]]></system-err>
      </testcase>
      <testcase name="Test Cases/CURA Healthcare/Verify_Demo_Account_Container" time="11.864" classname="Test Cases/CURA Healthcare/Verify_Demo_Account_Container" status="PASSED">
         <system-out><![CDATA[28-05-2024T21:43:47 - [TEST_CASE][PASSED] - Test Cases/CURA Healthcare/Verify_Demo_Account_Container: Test Cases/CURA Healthcare/Verify_Demo_Account_Container

28-05-2024T21:43:47 - [TEST_STEP][PASSED] - openBrowser(""): Browser is opened with url: ''

28-05-2024T21:43:47 - [MESSAGE][INFO] - Starting 'Chrome' driver

28-05-2024T21:43:47 - [MESSAGE][INFO] - Action delay is set to 0 milliseconds

28-05-2024T21:43:49 - [MESSAGE][PASSED] - Browser is opened with url: ''

28-05-2024T21:43:49 - [TEST_STEP][PASSED] - navigateToUrl("https://katalon-demo-cura.herokuapp.com/profile.php#login"): Navigate to 'https://katalon-demo-cura.herokuapp.com/profile.php#login' successfully

28-05-2024T21:43:54 - [MESSAGE][PASSED] - Navigate to 'https://katalon-demo-cura.herokuapp.com/profile.php#login' successfully

28-05-2024T21:43:54 - [TEST_STEP][PASSED] - verifyElementVisible(findTestObject("Object Repository/Page_CURA Healthcare Service/div_Demo account")): Object 'Object Repository/Page_CURA Healthcare Service/div_Demo account' is visible

28-05-2024T21:43:55 - [MESSAGE][PASSED] - Object 'Object Repository/Page_CURA Healthcare Service/div_Demo account' is visible

28-05-2024T21:43:55 - [TEST_STEP][PASSED] - verifyElementText(findTestObject("Object Repository/Page_CURA Healthcare Service/label_Demo account"), "Demo account"): Actual text and expected text of test object 'Object Repository/Page_CURA Healthcare Service/label_Demo account' are matched.

28-05-2024T21:43:55 - [MESSAGE][PASSED] - Actual text and expected text of test object 'Object Repository/Page_CURA Healthcare Service/label_Demo account' are matched.

28-05-2024T21:43:55 - [TEST_STEP][PASSED] - verifyElementVisible(findTestObject("Object Repository/Page_CURA Healthcare Service/input_Demo account_form-control")): Object 'Object Repository/Page_CURA Healthcare Service/input_Demo account_form-control' is visible

28-05-2024T21:43:56 - [MESSAGE][PASSED] - Object 'Object Repository/Page_CURA Healthcare Service/input_Demo account_form-control' is visible

28-05-2024T21:43:56 - [TEST_STEP][PASSED] - verifyElementVisible(findTestObject("Object Repository/Page_CURA Healthcare Service/input_Demo account_form-control_1")): Object 'Object Repository/Page_CURA Healthcare Service/input_Demo account_form-control_1' is visible

28-05-2024T21:43:57 - [MESSAGE][PASSED] - Object 'Object Repository/Page_CURA Healthcare Service/input_Demo account_form-control_1' is visible

28-05-2024T21:43:57 - [TEST_STEP][PASSED] - closeBrowser(): Browser is closed

28-05-2024T21:43:59 - [MESSAGE][PASSED] - Browser is closed]]></system-out>
         <system-err><![CDATA[]]></system-err>
      </testcase>
      <testcase name="Test Cases/CURA Healthcare/Verify_Login_Empty_Pass" time="13.734" classname="Test Cases/CURA Healthcare/Verify_Login_Empty_Pass" status="PASSED">
         <system-out><![CDATA[28-05-2024T21:43:59 - [TEST_CASE][PASSED] - Test Cases/CURA Healthcare/Verify_Login_Empty_Pass: Test Cases/CURA Healthcare/Verify_Login_Empty_Pass

28-05-2024T21:43:59 - [TEST_STEP][PASSED] - openBrowser(""): Browser is opened with url: ''

28-05-2024T21:43:59 - [MESSAGE][INFO] - Starting 'Chrome' driver

28-05-2024T21:43:59 - [MESSAGE][INFO] - Action delay is set to 0 milliseconds

28-05-2024T21:44:02 - [MESSAGE][PASSED] - Browser is opened with url: ''

28-05-2024T21:44:02 - [TEST_STEP][PASSED] - navigateToUrl("https://katalon-demo-cura.herokuapp.com/profile.php#login"): Navigate to 'https://katalon-demo-cura.herokuapp.com/profile.php#login' successfully

28-05-2024T21:44:06 - [MESSAGE][PASSED] - Navigate to 'https://katalon-demo-cura.herokuapp.com/profile.php#login' successfully

28-05-2024T21:44:06 - [TEST_STEP][PASSED] - setText(findTestObject("Object Repository/Page_CURA Healthcare Service/input_Username_username"), "John Doe"): Text 'John Doe' is set on object 'Object Repository/Page_CURA Healthcare Service/input_Username_username'

28-05-2024T21:44:08 - [MESSAGE][PASSED] - Text 'John Doe' is set on object 'Object Repository/Page_CURA Healthcare Service/input_Username_username'

28-05-2024T21:44:08 - [TEST_STEP][PASSED] - click(findTestObject("Object Repository/Page_CURA Healthcare Service/button_Login")): Object: 'Object Repository/Page_CURA Healthcare Service/button_Login' is clicked on

28-05-2024T21:44:10 - [MESSAGE][PASSED] - Object: 'Object Repository/Page_CURA Healthcare Service/button_Login' is clicked on

28-05-2024T21:44:10 - [TEST_STEP][PASSED] - verifyElementText(findTestObject("Object Repository/Page_CURA Healthcare Service/p_Login failed Please ensure the username a_eb55b5"), "Login failed! Please ensure the username and password are valid."): Actual text and expected text of test object 'Object Repository/Page_CURA Healthcare Service/p_Login failed Please ensure the username a_eb55b5' are matched.

28-05-2024T21:44:11 - [MESSAGE][PASSED] - Actual text and expected text of test object 'Object Repository/Page_CURA Healthcare Service/p_Login failed Please ensure the username a_eb55b5' are matched.

28-05-2024T21:44:11 - [TEST_STEP][PASSED] - closeBrowser(): Browser is closed

28-05-2024T21:44:12 - [MESSAGE][PASSED] - Browser is closed]]></system-out>
         <system-err><![CDATA[]]></system-err>
      </testcase>
      <testcase name="Test Cases/CURA Healthcare/Verify_Login_Empty_User_Pass" time="10.243" classname="Test Cases/CURA Healthcare/Verify_Login_Empty_User_Pass" status="PASSED">
         <system-out><![CDATA[28-05-2024T21:44:12 - [TEST_CASE][PASSED] - Test Cases/CURA Healthcare/Verify_Login_Empty_User_Pass: Test Cases/CURA Healthcare/Verify_Login_Empty_User_Pass

28-05-2024T21:44:13 - [TEST_STEP][PASSED] - openBrowser(""): Browser is opened with url: ''

28-05-2024T21:44:13 - [MESSAGE][INFO] - Starting 'Chrome' driver

28-05-2024T21:44:13 - [MESSAGE][INFO] - Action delay is set to 0 milliseconds

28-05-2024T21:44:16 - [MESSAGE][PASSED] - Browser is opened with url: ''

28-05-2024T21:44:16 - [TEST_STEP][PASSED] - navigateToUrl("https://katalon-demo-cura.herokuapp.com/profile.php#login"): Navigate to 'https://katalon-demo-cura.herokuapp.com/profile.php#login' successfully

28-05-2024T21:44:20 - [MESSAGE][PASSED] - Navigate to 'https://katalon-demo-cura.herokuapp.com/profile.php#login' successfully

28-05-2024T21:44:20 - [TEST_STEP][PASSED] - click(findTestObject("Object Repository/Page_CURA Healthcare Service/button_Login")): Object: 'Object Repository/Page_CURA Healthcare Service/button_Login' is clicked on

28-05-2024T21:44:22 - [MESSAGE][PASSED] - Object: 'Object Repository/Page_CURA Healthcare Service/button_Login' is clicked on

28-05-2024T21:44:22 - [TEST_STEP][PASSED] - verifyElementText(findTestObject("Object Repository/Page_CURA Healthcare Service/p_Login failed Please ensure the username a_eb55b5"), "Login failed! Please ensure the username and password are valid."): Actual text and expected text of test object 'Object Repository/Page_CURA Healthcare Service/p_Login failed Please ensure the username a_eb55b5' are matched.

28-05-2024T21:44:22 - [MESSAGE][PASSED] - Actual text and expected text of test object 'Object Repository/Page_CURA Healthcare Service/p_Login failed Please ensure the username a_eb55b5' are matched.

28-05-2024T21:44:22 - [TEST_STEP][PASSED] - closeBrowser(): Browser is closed

28-05-2024T21:44:23 - [MESSAGE][PASSED] - Browser is closed]]></system-out>
         <system-err><![CDATA[]]></system-err>
      </testcase>
      <testcase name="Test Cases/CURA Healthcare/Verify_Login_Empty_Username" time="11.362" classname="Test Cases/CURA Healthcare/Verify_Login_Empty_Username" status="PASSED">
         <system-out><![CDATA[28-05-2024T21:44:23 - [TEST_CASE][PASSED] - Test Cases/CURA Healthcare/Verify_Login_Empty_Username: Test Cases/CURA Healthcare/Verify_Login_Empty_Username

28-05-2024T21:44:23 - [TEST_STEP][PASSED] - openBrowser(""): Browser is opened with url: ''

28-05-2024T21:44:23 - [MESSAGE][INFO] - Starting 'Chrome' driver

28-05-2024T21:44:23 - [MESSAGE][INFO] - Action delay is set to 0 milliseconds

28-05-2024T21:44:25 - [MESSAGE][PASSED] - Browser is opened with url: ''

28-05-2024T21:44:25 - [TEST_STEP][PASSED] - navigateToUrl("https://katalon-demo-cura.herokuapp.com/profile.php#login"): Navigate to 'https://katalon-demo-cura.herokuapp.com/profile.php#login' successfully

28-05-2024T21:44:28 - [MESSAGE][PASSED] - Navigate to 'https://katalon-demo-cura.herokuapp.com/profile.php#login' successfully

28-05-2024T21:44:28 - [TEST_STEP][PASSED] - setText(findTestObject("Page_CURA Healthcare Service/input_Username_username"), ""): Text '' is set on object 'Object Repository/Page_CURA Healthcare Service/input_Username_username'

28-05-2024T21:44:29 - [MESSAGE][PASSED] - Text '' is set on object 'Object Repository/Page_CURA Healthcare Service/input_Username_username'

28-05-2024T21:44:29 - [TEST_STEP][PASSED] - setText(findTestObject("Page_CURA Healthcare Service/input_Password_password"), "ThisIsNotAPassword"): Text 'ThisIsNotAPassword' is set on object 'Object Repository/Page_CURA Healthcare Service/input_Password_password'

28-05-2024T21:44:31 - [MESSAGE][PASSED] - Text 'ThisIsNotAPassword' is set on object 'Object Repository/Page_CURA Healthcare Service/input_Password_password'

28-05-2024T21:44:31 - [TEST_STEP][PASSED] - click(findTestObject("Object Repository/Page_CURA Healthcare Service/button_Login")): Object: 'Object Repository/Page_CURA Healthcare Service/button_Login' is clicked on

28-05-2024T21:44:33 - [MESSAGE][PASSED] - Object: 'Object Repository/Page_CURA Healthcare Service/button_Login' is clicked on

28-05-2024T21:44:33 - [TEST_STEP][PASSED] - verifyElementText(findTestObject("Object Repository/Page_CURA Healthcare Service/p_Login failed Please ensure the username a_eb55b5"), "Login failed! Please ensure the username and password are valid."): Actual text and expected text of test object 'Object Repository/Page_CURA Healthcare Service/p_Login failed Please ensure the username a_eb55b5' are matched.

28-05-2024T21:44:33 - [MESSAGE][PASSED] - Actual text and expected text of test object 'Object Repository/Page_CURA Healthcare Service/p_Login failed Please ensure the username a_eb55b5' are matched.

28-05-2024T21:44:33 - [TEST_STEP][PASSED] - closeBrowser(): Browser is closed

28-05-2024T21:44:34 - [MESSAGE][PASSED] - Browser is closed]]></system-out>
         <system-err><![CDATA[]]></system-err>
      </testcase>
      <testcase name="Test Cases/CURA Healthcare/Verify_Login_Page_Containers_And_Text" time="9.784" classname="Test Cases/CURA Healthcare/Verify_Login_Page_Containers_And_Text" status="PASSED">
         <system-out><![CDATA[28-05-2024T21:44:34 - [TEST_CASE][PASSED] - Test Cases/CURA Healthcare/Verify_Login_Page_Containers_And_Text: Test Cases/CURA Healthcare/Verify_Login_Page_Containers_And_Text

28-05-2024T21:44:34 - [TEST_STEP][PASSED] - openBrowser(""): Browser is opened with url: ''

28-05-2024T21:44:34 - [MESSAGE][INFO] - Starting 'Chrome' driver

28-05-2024T21:44:34 - [MESSAGE][INFO] - Action delay is set to 0 milliseconds

28-05-2024T21:44:37 - [MESSAGE][PASSED] - Browser is opened with url: ''

28-05-2024T21:44:37 - [TEST_STEP][PASSED] - navigateToUrl("https://katalon-demo-cura.herokuapp.com/profile.php#login"): Navigate to 'https://katalon-demo-cura.herokuapp.com/profile.php#login' successfully

28-05-2024T21:44:40 - [MESSAGE][PASSED] - Navigate to 'https://katalon-demo-cura.herokuapp.com/profile.php#login' successfully

28-05-2024T21:44:40 - [TEST_STEP][PASSED] - verifyElementVisible(findTestObject("Object Repository/Page_CURA Healthcare Service/div_Login                Please login to ma_5151a8")): Object 'Object Repository/Page_CURA Healthcare Service/div_Login                Please login to ma_5151a8' is visible

28-05-2024T21:44:40 - [MESSAGE][PASSED] - Object 'Object Repository/Page_CURA Healthcare Service/div_Login                Please login to ma_5151a8' is visible

28-05-2024T21:44:40 - [TEST_STEP][PASSED] - verifyElementText(findTestObject("Object Repository/Page_CURA Healthcare Service/h2_Login"), "Login"): Actual text and expected text of test object 'Object Repository/Page_CURA Healthcare Service/h2_Login' are matched.

28-05-2024T21:44:41 - [MESSAGE][PASSED] - Actual text and expected text of test object 'Object Repository/Page_CURA Healthcare Service/h2_Login' are matched.

28-05-2024T21:44:41 - [TEST_STEP][PASSED] - verifyElementText(findTestObject("Object Repository/Page_CURA Healthcare Service/p_Please login to make appointment"), "Please login to make appointment."): Actual text and expected text of test object 'Object Repository/Page_CURA Healthcare Service/p_Please login to make appointment' are matched.

28-05-2024T21:44:42 - [MESSAGE][PASSED] - Actual text and expected text of test object 'Object Repository/Page_CURA Healthcare Service/p_Please login to make appointment' are matched.

28-05-2024T21:44:42 - [TEST_STEP][PASSED] - verifyElementVisible(findTestObject("Object Repository/Page_CURA Healthcare Service/div_Demo account                           _56eb59")): Object 'Object Repository/Page_CURA Healthcare Service/div_Demo account                           _56eb59' is visible

28-05-2024T21:44:43 - [MESSAGE][PASSED] - Object 'Object Repository/Page_CURA Healthcare Service/div_Demo account                           _56eb59' is visible

28-05-2024T21:44:43 - [TEST_STEP][PASSED] - verifyElementVisible(findTestObject("Object Repository/Page_CURA Healthcare Service/div_Demo account")): Object 'Object Repository/Page_CURA Healthcare Service/div_Demo account' is visible

28-05-2024T21:44:43 - [MESSAGE][PASSED] - Object 'Object Repository/Page_CURA Healthcare Service/div_Demo account' is visible

28-05-2024T21:44:43 - [TEST_STEP][PASSED] - closeBrowser(): Browser is closed

28-05-2024T21:44:44 - [MESSAGE][PASSED] - Browser is closed]]></system-out>
         <system-err><![CDATA[]]></system-err>
      </testcase>
      <testcase name="Test Cases/CURA Healthcare/Verify_Login_Successful" time="14.516" classname="Test Cases/CURA Healthcare/Verify_Login_Successful" status="PASSED">
         <system-out><![CDATA[28-05-2024T21:44:44 - [TEST_CASE][PASSED] - Test Cases/CURA Healthcare/Verify_Login_Successful: Test Cases/CURA Healthcare/Verify_Login_Successful

28-05-2024T21:44:44 - [TEST_STEP][PASSED] - openBrowser(""): Browser is opened with url: ''

28-05-2024T21:44:44 - [MESSAGE][INFO] - Starting 'Chrome' driver

28-05-2024T21:44:44 - [MESSAGE][INFO] - Action delay is set to 0 milliseconds

28-05-2024T21:44:46 - [MESSAGE][PASSED] - Browser is opened with url: ''

28-05-2024T21:44:46 - [TEST_STEP][PASSED] - navigateToUrl("https://katalon-demo-cura.herokuapp.com/profile.php#login"): Navigate to 'https://katalon-demo-cura.herokuapp.com/profile.php#login' successfully

28-05-2024T21:44:48 - [MESSAGE][PASSED] - Navigate to 'https://katalon-demo-cura.herokuapp.com/profile.php#login' successfully

28-05-2024T21:44:48 - [TEST_STEP][PASSED] - setText(findTestObject("Object Repository/Page_CURA Healthcare Service/input_Username_username"), "John Doe"): Text 'John Doe' is set on object 'Object Repository/Page_CURA Healthcare Service/input_Username_username'

28-05-2024T21:44:52 - [MESSAGE][PASSED] - Text 'John Doe' is set on object 'Object Repository/Page_CURA Healthcare Service/input_Username_username'

28-05-2024T21:44:52 - [TEST_STEP][PASSED] - setEncryptedText(findTestObject("Object Repository/Page_CURA Healthcare Service/input_Password_password"), "g3/DOGG74jC3Flrr3yH+3D/yKbOqqUNM"): Text ****** has been set on object 'Object Repository/Page_CURA Healthcare Service/input_Password_password'

28-05-2024T21:44:53 - [MESSAGE][PASSED] - Text ****** has been set on object 'Object Repository/Page_CURA Healthcare Service/input_Password_password'

28-05-2024T21:44:53 - [TEST_STEP][PASSED] - click(findTestObject("Object Repository/Page_CURA Healthcare Service/button_Login")): Object: 'Object Repository/Page_CURA Healthcare Service/button_Login' is clicked on

28-05-2024T21:44:55 - [MESSAGE][PASSED] - Object: 'Object Repository/Page_CURA Healthcare Service/button_Login' is clicked on

28-05-2024T21:44:55 - [TEST_STEP][PASSED] - verifyElementVisible(findTestObject("Object Repository/Page_CURA Healthcare Service/form_Facility                              _20adf0")): Object 'Object Repository/Page_CURA Healthcare Service/form_Facility                              _20adf0' is visible

28-05-2024T21:44:56 - [MESSAGE][PASSED] - Object 'Object Repository/Page_CURA Healthcare Service/form_Facility                              _20adf0' is visible

28-05-2024T21:44:56 - [TEST_STEP][PASSED] - verifyElementText(findTestObject("Object Repository/Page_CURA Healthcare Service/h2_Make Appointment"), "Make Appointment"): Actual text and expected text of test object 'Object Repository/Page_CURA Healthcare Service/h2_Make Appointment' are matched.

28-05-2024T21:44:57 - [MESSAGE][PASSED] - Actual text and expected text of test object 'Object Repository/Page_CURA Healthcare Service/h2_Make Appointment' are matched.

28-05-2024T21:44:57 - [TEST_STEP][PASSED] - closeBrowser(): Browser is closed

28-05-2024T21:44:58 - [MESSAGE][PASSED] - Browser is closed]]></system-out>
         <system-err><![CDATA[]]></system-err>
      </testcase>
      <testcase name="Test Cases/CURA Healthcare/Verify_Navigateable_To_Login_Page" time="10.197" classname="Test Cases/CURA Healthcare/Verify_Navigateable_To_Login_Page" status="PASSED">
         <system-out><![CDATA[28-05-2024T21:44:58 - [TEST_CASE][PASSED] - Test Cases/CURA Healthcare/Verify_Navigateable_To_Login_Page: Test Cases/CURA Healthcare/Verify_Navigateable_To_Login_Page

28-05-2024T21:44:58 - [TEST_STEP][PASSED] - openBrowser(""): Browser is opened with url: ''

28-05-2024T21:44:58 - [MESSAGE][INFO] - Starting 'Chrome' driver

28-05-2024T21:44:58 - [MESSAGE][INFO] - Action delay is set to 0 milliseconds

28-05-2024T21:45:01 - [MESSAGE][PASSED] - Browser is opened with url: ''

28-05-2024T21:45:01 - [TEST_STEP][PASSED] - navigateToUrl("https://katalon-demo-cura.herokuapp.com/"): Navigate to 'https://katalon-demo-cura.herokuapp.com/' successfully

28-05-2024T21:45:02 - [MESSAGE][PASSED] - Navigate to 'https://katalon-demo-cura.herokuapp.com/' successfully

28-05-2024T21:45:02 - [TEST_STEP][PASSED] - click(findTestObject("Object Repository/Page_CURA Healthcare Service/i_infokatalon.com_fa fa-dribbble fa-fw fa-3x")): Object: 'Object Repository/Page_CURA Healthcare Service/i_infokatalon.com_fa fa-dribbble fa-fw fa-3x' is clicked on

28-05-2024T21:45:05 - [MESSAGE][PASSED] - Object: 'Object Repository/Page_CURA Healthcare Service/i_infokatalon.com_fa fa-dribbble fa-fw fa-3x' is clicked on

28-05-2024T21:45:05 - [TEST_STEP][PASSED] - click(findTestObject("Object Repository/Page_CURA Healthcare Service/a_Login")): Object: 'Object Repository/Page_CURA Healthcare Service/a_Login' is clicked on

28-05-2024T21:45:06 - [MESSAGE][PASSED] - Object: 'Object Repository/Page_CURA Healthcare Service/a_Login' is clicked on

28-05-2024T21:45:06 - [TEST_STEP][PASSED] - verifyElementText(findTestObject("Object Repository/Page_CURA Healthcare Service/h2_Login"), "Login"): Actual text and expected text of test object 'Object Repository/Page_CURA Healthcare Service/h2_Login' are matched.

28-05-2024T21:45:07 - [MESSAGE][PASSED] - Actual text and expected text of test object 'Object Repository/Page_CURA Healthcare Service/h2_Login' are matched.

28-05-2024T21:45:07 - [TEST_STEP][PASSED] - verifyElementText(findTestObject("Object Repository/Page_CURA Healthcare Service/p_Please login to make appointment"), "Please login to make appointment."): Actual text and expected text of test object 'Object Repository/Page_CURA Healthcare Service/p_Please login to make appointment' are matched.

28-05-2024T21:45:08 - [MESSAGE][PASSED] - Actual text and expected text of test object 'Object Repository/Page_CURA Healthcare Service/p_Please login to make appointment' are matched.

28-05-2024T21:45:08 - [TEST_STEP][PASSED] - closeBrowser(): Browser is closed

28-05-2024T21:45:08 - [MESSAGE][PASSED] - Browser is closed]]></system-out>
         <system-err><![CDATA[]]></system-err>
      </testcase>
      <system-out><![CDATA[28-05-2024T21:43:33 - [TEST_SUITE][PASSED] - Verify_Login_Form: Test Cases/CURA Healthcare/Verify_Navigateable_To_Login_Page]]></system-out>
      <system-err><![CDATA[]]></system-err>
   </testsuite>
   <testsuite name="Verify_Social_Icon" tests="3" failures="0" errors="0" time="20.314" skipped="0" timestamp="28-05-2024T21:43:37" hostname="ToanLa - DESKTOP-QSIPVT9" id="Test Suites/CURA Healthcare/Verify_Social_Icon">
      <properties>
         <property name="deviceName" value=""/>
         <property name="devicePlatform" value=""/>
         <property name="logFolder" value="C:\\Users\\ToanLa\\git\\katalon\\Reports\\20240528_214204\\CURA Healthcare\\Verify_Social_Icon\\20240528_214219"/>
         <property name="logFiles" value="C:\\Users\\ToanLa\\git\\katalon\\Reports\\20240528_214204\\CURA Healthcare\\Verify_Social_Icon\\20240528_214219\\execution0.log"/>
         <property name="attachments" value=""/>
         <property name="hostName" value="ToanLa - DESKTOP-QSIPVT9"/>
         <property name="os" value="Windows 11 64bit"/>
         <property name="katalonVersion" value="9.4.0.212"/>
         <property name="browser" value="Chrome 125.0.0.0"/>
         <property name="hostAddress" value="192.168.1.8"/>
         <property name="sessionId" value="edb3cc24dc26edf8982873ba114d5251"/>
         <property name="seleniumVersion" value="3.141.59"/>
         <property name="proxyInformation" value="ProxyInformation { proxyOption=NO_PROXY, proxyServerType=HTTP, username=, password=********, proxyServerAddress=, proxyServerPort=0, executionList=&quot;&quot;, isApplyToDesiredCapabilities=true }"/>
         <property name="platform" value="Windows 11"/>
      </properties>
      <testcase name="Test Cases/CURA Healthcare/Verify_Dribbble_Ico" time="7.493" classname="Test Cases/CURA Healthcare/Verify_Dribbble_Ico" status="PASSED">
         <system-out><![CDATA[28-05-2024T21:43:38 - [TEST_CASE][PASSED] - Test Cases/CURA Healthcare/Verify_Dribbble_Ico: Test Cases/CURA Healthcare/Verify_Dribbble_Ico

28-05-2024T21:43:38 - [TEST_STEP][PASSED] - openBrowser(""): Browser is opened with url: ''

28-05-2024T21:43:39 - [MESSAGE][INFO] - Starting 'Chrome' driver

28-05-2024T21:43:39 - [MESSAGE][INFO] - Action delay is set to 0 milliseconds

28-05-2024T21:43:41 - [MESSAGE][PASSED] - Browser is opened with url: ''

28-05-2024T21:43:41 - [TEST_STEP][PASSED] - navigateToUrl("https://katalon-demo-cura.herokuapp.com/"): Navigate to 'https://katalon-demo-cura.herokuapp.com/' successfully

28-05-2024T21:43:44 - [MESSAGE][PASSED] - Navigate to 'https://katalon-demo-cura.herokuapp.com/' successfully

28-05-2024T21:43:44 - [TEST_STEP][PASSED] - verifyElementPresent(findTestObject("Page_CURA Healthcare Service/i_infokatalon.com_fa fa-dribbble fa-fw fa-3x"), 0): Object 'Object Repository/Page_CURA Healthcare Service/i_infokatalon.com_fa fa-dribbble fa-fw fa-3x' is present

28-05-2024T21:43:44 - [MESSAGE][WARNING] - Timeout '0' is invalid. Using default page load timeout: '30'

28-05-2024T21:43:45 - [MESSAGE][PASSED] - Object 'Object Repository/Page_CURA Healthcare Service/i_infokatalon.com_fa fa-dribbble fa-fw fa-3x' is present

28-05-2024T21:43:45 - [TEST_STEP][PASSED] - closeBrowser(): Browser is closed

28-05-2024T21:43:45 - [MESSAGE][PASSED] - Browser is closed]]></system-out>
         <system-err><![CDATA[]]></system-err>
      </testcase>
      <testcase name="Test Cases/CURA Healthcare/Verify_Facebook_Ico" time="6.433" classname="Test Cases/CURA Healthcare/Verify_Facebook_Ico" status="PASSED">
         <system-out><![CDATA[28-05-2024T21:43:45 - [TEST_CASE][PASSED] - Test Cases/CURA Healthcare/Verify_Facebook_Ico: Test Cases/CURA Healthcare/Verify_Facebook_Ico

28-05-2024T21:43:45 - [TEST_STEP][PASSED] - openBrowser(""): Browser is opened with url: ''

28-05-2024T21:43:45 - [MESSAGE][INFO] - Starting 'Chrome' driver

28-05-2024T21:43:45 - [MESSAGE][INFO] - Action delay is set to 0 milliseconds

28-05-2024T21:43:47 - [MESSAGE][PASSED] - Browser is opened with url: ''

28-05-2024T21:43:47 - [TEST_STEP][PASSED] - navigateToUrl("https://katalon-demo-cura.herokuapp.com/"): Navigate to 'https://katalon-demo-cura.herokuapp.com/' successfully

28-05-2024T21:43:50 - [MESSAGE][PASSED] - Navigate to 'https://katalon-demo-cura.herokuapp.com/' successfully

28-05-2024T21:43:50 - [TEST_STEP][PASSED] - verifyElementPresent(findTestObject("Object Repository/Page_CURA Healthcare Service/i_infokatalon.com_fa fa-facebook fa-fw fa-3x"), 0): Object 'Object Repository/Page_CURA Healthcare Service/i_infokatalon.com_fa fa-facebook fa-fw fa-3x' is present

28-05-2024T21:43:50 - [MESSAGE][WARNING] - Timeout '0' is invalid. Using default page load timeout: '30'

28-05-2024T21:43:51 - [MESSAGE][PASSED] - Object 'Object Repository/Page_CURA Healthcare Service/i_infokatalon.com_fa fa-facebook fa-fw fa-3x' is present

28-05-2024T21:43:51 - [TEST_STEP][PASSED] - closeBrowser(): Browser is closed

28-05-2024T21:43:52 - [MESSAGE][PASSED] - Browser is closed]]></system-out>
         <system-err><![CDATA[]]></system-err>
      </testcase>
      <testcase name="Test Cases/CURA Healthcare/Verify_Twitter_Ico" time="5.996" classname="Test Cases/CURA Healthcare/Verify_Twitter_Ico" status="PASSED">
         <system-out><![CDATA[28-05-2024T21:43:52 - [TEST_CASE][PASSED] - Test Cases/CURA Healthcare/Verify_Twitter_Ico: Test Cases/CURA Healthcare/Verify_Twitter_Ico

28-05-2024T21:43:52 - [TEST_STEP][PASSED] - openBrowser(""): Browser is opened with url: ''

28-05-2024T21:43:52 - [MESSAGE][INFO] - Starting 'Chrome' driver

28-05-2024T21:43:52 - [MESSAGE][INFO] - Action delay is set to 0 milliseconds

28-05-2024T21:43:53 - [MESSAGE][PASSED] - Browser is opened with url: ''

28-05-2024T21:43:53 - [TEST_STEP][PASSED] - navigateToUrl("https://katalon-demo-cura.herokuapp.com/"): Navigate to 'https://katalon-demo-cura.herokuapp.com/' successfully

28-05-2024T21:43:56 - [MESSAGE][PASSED] - Navigate to 'https://katalon-demo-cura.herokuapp.com/' successfully

28-05-2024T21:43:56 - [TEST_STEP][PASSED] - verifyElementPresent(findTestObject("Object Repository/Page_CURA Healthcare Service/i_infokatalon.com_fa fa-facebook fa-fw fa-3x"), 0): Object 'Object Repository/Page_CURA Healthcare Service/i_infokatalon.com_fa fa-facebook fa-fw fa-3x' is present

28-05-2024T21:43:56 - [MESSAGE][WARNING] - Timeout '0' is invalid. Using default page load timeout: '30'

28-05-2024T21:43:56 - [MESSAGE][PASSED] - Object 'Object Repository/Page_CURA Healthcare Service/i_infokatalon.com_fa fa-facebook fa-fw fa-3x' is present

28-05-2024T21:43:56 - [TEST_STEP][PASSED] - closeBrowser(): Browser is closed

28-05-2024T21:43:58 - [MESSAGE][PASSED] - Browser is closed]]></system-out>
         <system-err><![CDATA[]]></system-err>
      </testcase>
      <system-out><![CDATA[28-05-2024T21:43:37 - [TEST_SUITE][PASSED] - Verify_Social_Icon: Test Cases/CURA Healthcare/Verify_Twitter_Ico]]></system-out>
      <system-err><![CDATA[]]></system-err>
   </testsuite>
   <testsuite name="Verify_Something" tests="2" failures="0" errors="0" time="61.211" skipped="0" timestamp="28-05-2024T21:43:57" hostname="ToanLa - DESKTOP-QSIPVT9" id="Test Suites/CURA Healthcare/Verify_Something">
      <properties>
         <property name="deviceName" value=""/>
         <property name="devicePlatform" value=""/>
         <property name="logFolder" value="C:\\Users\\ToanLa\\git\\katalon\\Reports\\20240528_214204\\CURA Healthcare\\Verify_Something\\20240528_214221"/>
         <property name="logFiles" value="C:\\Users\\ToanLa\\git\\katalon\\Reports\\20240528_214204\\CURA Healthcare\\Verify_Something\\20240528_214221\\execution0.log"/>
         <property name="attachments" value=""/>
         <property name="hostName" value="ToanLa - DESKTOP-QSIPVT9"/>
         <property name="os" value="Windows 11 64bit"/>
         <property name="katalonVersion" value="9.4.0.212"/>
         <property name="browser" value="Chrome 125.0.0.0"/>
         <property name="hostAddress" value="192.168.1.8"/>
         <property name="sessionId" value="08a207b45d243a64fbb57da1e6a9ff16"/>
         <property name="seleniumVersion" value="3.141.59"/>
         <property name="proxyInformation" value="ProxyInformation { proxyOption=NO_PROXY, proxyServerType=HTTP, username=, password=********, proxyServerAddress=, proxyServerPort=0, executionList=&quot;&quot;, isApplyToDesiredCapabilities=true }"/>
         <property name="platform" value="Windows 11"/>
      </properties>
      <testcase name="Test Cases/CURA Healthcare/Make_Appointment_And_Verify_Info" time="31.627" classname="Test Cases/CURA Healthcare/Make_Appointment_And_Verify_Info" status="PASSED">
         <system-out><![CDATA[28-05-2024T21:43:58 - [TEST_CASE][PASSED] - Test Cases/CURA Healthcare/Make_Appointment_And_Verify_Info: Test Cases/CURA Healthcare/Make_Appointment_And_Verify_Info

28-05-2024T21:43:59 - [TEST_STEP][PASSED] - openBrowser(""): Browser is opened with url: ''

28-05-2024T21:44:00 - [MESSAGE][INFO] - Starting 'Chrome' driver

28-05-2024T21:44:00 - [MESSAGE][INFO] - Action delay is set to 0 milliseconds

28-05-2024T21:44:05 - [MESSAGE][PASSED] - Browser is opened with url: ''

28-05-2024T21:44:05 - [TEST_STEP][PASSED] - navigateToUrl("https://katalon-demo-cura.herokuapp.com/"): Navigate to 'https://katalon-demo-cura.herokuapp.com/' successfully

28-05-2024T21:44:08 - [MESSAGE][PASSED] - Navigate to 'https://katalon-demo-cura.herokuapp.com/' successfully

28-05-2024T21:44:08 - [TEST_STEP][PASSED] - click(findTestObject("Object Repository/Page_CURA Healthcare Service/a_Make Appointment")): Object: 'Object Repository/Page_CURA Healthcare Service/a_Make Appointment' is clicked on

28-05-2024T21:44:10 - [MESSAGE][PASSED] - Object: 'Object Repository/Page_CURA Healthcare Service/a_Make Appointment' is clicked on

28-05-2024T21:44:10 - [TEST_STEP][PASSED] - setText(findTestObject("Object Repository/Page_CURA Healthcare Service/input_Username_username"), "John Doe"): Text 'John Doe' is set on object 'Object Repository/Page_CURA Healthcare Service/input_Username_username'

28-05-2024T21:44:12 - [MESSAGE][PASSED] - Text 'John Doe' is set on object 'Object Repository/Page_CURA Healthcare Service/input_Username_username'

28-05-2024T21:44:12 - [TEST_STEP][PASSED] - setEncryptedText(findTestObject("Object Repository/Page_CURA Healthcare Service/input_Password_password"), "g3/DOGG74jC3Flrr3yH+3D/yKbOqqUNM"): Text ****** has been set on object 'Object Repository/Page_CURA Healthcare Service/input_Password_password'

28-05-2024T21:44:13 - [MESSAGE][PASSED] - Text ****** has been set on object 'Object Repository/Page_CURA Healthcare Service/input_Password_password'

28-05-2024T21:44:13 - [TEST_STEP][PASSED] - click(findTestObject("Object Repository/Page_CURA Healthcare Service/button_Login")): Object: 'Object Repository/Page_CURA Healthcare Service/button_Login' is clicked on

28-05-2024T21:44:17 - [MESSAGE][PASSED] - Object: 'Object Repository/Page_CURA Healthcare Service/button_Login' is clicked on

28-05-2024T21:44:17 - [TEST_STEP][PASSED] - selectOptionByValue(findTestObject("Object Repository/Page_CURA Healthcare Service/select_Tokyo CURA Healthcare Center        _5b4107"), "Hongkong CURA Healthcare Center", true): All options with value 'Hongkong CURA Healthcare Center' are selected in object 'Object Repository/Page_CURA Healthcare Service/select_Tokyo CURA Healthcare Center        _5b4107'  using regular expression

28-05-2024T21:44:19 - [MESSAGE][PASSED] - All options with value 'Hongkong CURA Healthcare Center' are selected in object 'Object Repository/Page_CURA Healthcare Service/select_Tokyo CURA Healthcare Center        _5b4107'  using regular expression

28-05-2024T21:44:19 - [TEST_STEP][PASSED] - click(findTestObject("Object Repository/Page_CURA Healthcare Service/input_Apply for hospital readmission_hospit_63901f")): Object: 'Object Repository/Page_CURA Healthcare Service/input_Apply for hospital readmission_hospit_63901f' is clicked on

28-05-2024T21:44:20 - [MESSAGE][PASSED] - Object: 'Object Repository/Page_CURA Healthcare Service/input_Apply for hospital readmission_hospit_63901f' is clicked on

28-05-2024T21:44:20 - [TEST_STEP][PASSED] - click(findTestObject("Object Repository/Page_CURA Healthcare Service/input_Medicaid_programs")): Object: 'Object Repository/Page_CURA Healthcare Service/input_Medicaid_programs' is clicked on

28-05-2024T21:44:20 - [MESSAGE][PASSED] - Object: 'Object Repository/Page_CURA Healthcare Service/input_Medicaid_programs' is clicked on

28-05-2024T21:44:20 - [TEST_STEP][PASSED] - click(findTestObject("Object Repository/Page_CURA Healthcare Service/span_Visit Date (Required)_glyphicon glyphi_cada34")): Object: 'Object Repository/Page_CURA Healthcare Service/span_Visit Date (Required)_glyphicon glyphi_cada34' is clicked on

28-05-2024T21:44:21 - [MESSAGE][PASSED] - Object: 'Object Repository/Page_CURA Healthcare Service/span_Visit Date (Required)_glyphicon glyphi_cada34' is clicked on

28-05-2024T21:44:21 - [TEST_STEP][PASSED] - click(findTestObject("Object Repository/Page_CURA Healthcare Service/td_31")): Object: 'Object Repository/Page_CURA Healthcare Service/td_31' is clicked on

28-05-2024T21:44:22 - [MESSAGE][PASSED] - Object: 'Object Repository/Page_CURA Healthcare Service/td_31' is clicked on

28-05-2024T21:44:22 - [TEST_STEP][PASSED] - setText(findTestObject("Object Repository/Page_CURA Healthcare Service/textarea_Comment_comment"), "HetTV"): Text 'HetTV' is set on object 'Object Repository/Page_CURA Healthcare Service/textarea_Comment_comment'

28-05-2024T21:44:24 - [MESSAGE][PASSED] - Text 'HetTV' is set on object 'Object Repository/Page_CURA Healthcare Service/textarea_Comment_comment'

28-05-2024T21:44:24 - [TEST_STEP][PASSED] - click(findTestObject("Object Repository/Page_CURA Healthcare Service/button_Book Appointment")): Object: 'Object Repository/Page_CURA Healthcare Service/button_Book Appointment' is clicked on

28-05-2024T21:44:26 - [MESSAGE][PASSED] - Object: 'Object Repository/Page_CURA Healthcare Service/button_Book Appointment' is clicked on

28-05-2024T21:44:26 - [TEST_STEP][PASSED] - verifyElementText(findTestObject("Object Repository/Page_CURA Healthcare Service/p_Hongkong CURA Healthcare Center"), "Hongkong CURA Healthcare Center"): Actual text and expected text of test object 'Object Repository/Page_CURA Healthcare Service/p_Hongkong CURA Healthcare Center' are matched.

28-05-2024T21:44:26 - [MESSAGE][PASSED] - Actual text and expected text of test object 'Object Repository/Page_CURA Healthcare Service/p_Hongkong CURA Healthcare Center' are matched.

28-05-2024T21:44:26 - [TEST_STEP][PASSED] - verifyElementText(findTestObject("Object Repository/Page_CURA Healthcare Service/p_Medicaid"), "Medicaid"): Actual text and expected text of test object 'Object Repository/Page_CURA Healthcare Service/p_Medicaid' are matched.

28-05-2024T21:44:27 - [MESSAGE][PASSED] - Actual text and expected text of test object 'Object Repository/Page_CURA Healthcare Service/p_Medicaid' are matched.

28-05-2024T21:44:27 - [TEST_STEP][PASSED] - verifyElementText(findTestObject("Object Repository/Page_CURA Healthcare Service/p_HetTV"), "HetTV"): Actual text and expected text of test object 'Object Repository/Page_CURA Healthcare Service/p_HetTV' are matched.

28-05-2024T21:44:27 - [MESSAGE][PASSED] - Actual text and expected text of test object 'Object Repository/Page_CURA Healthcare Service/p_HetTV' are matched.

28-05-2024T21:44:27 - [TEST_STEP][PASSED] - click(findTestObject("Object Repository/Page_CURA Healthcare Service/a_Go to Homepage")): Object: 'Object Repository/Page_CURA Healthcare Service/a_Go to Homepage' is clicked on

28-05-2024T21:44:29 - [MESSAGE][PASSED] - Object: 'Object Repository/Page_CURA Healthcare Service/a_Go to Homepage' is clicked on

28-05-2024T21:44:29 - [TEST_STEP][PASSED] - closeBrowser(): Browser is closed

28-05-2024T21:44:29 - [MESSAGE][PASSED] - Browser is closed]]></system-out>
         <system-err><![CDATA[]]></system-err>
      </testcase>
      <testcase name="Test Cases/CURA Healthcare/Verify_Book_Appointment_Seoul" time="29.158" classname="Test Cases/CURA Healthcare/Verify_Book_Appointment_Seoul" status="PASSED">
         <system-out><![CDATA[28-05-2024T21:44:29 - [TEST_CASE][PASSED] - Test Cases/CURA Healthcare/Verify_Book_Appointment_Seoul: Test Cases/CURA Healthcare/Verify_Book_Appointment_Seoul

28-05-2024T21:44:30 - [TEST_STEP][PASSED] - openBrowser(""): Browser is opened with url: ''

28-05-2024T21:44:30 - [MESSAGE][INFO] - Starting 'Chrome' driver

28-05-2024T21:44:30 - [MESSAGE][INFO] - Action delay is set to 0 milliseconds

28-05-2024T21:44:31 - [MESSAGE][PASSED] - Browser is opened with url: ''

28-05-2024T21:44:31 - [TEST_STEP][PASSED] - navigateToUrl("https://katalon-demo-cura.herokuapp.com/"): Navigate to 'https://katalon-demo-cura.herokuapp.com/' successfully

28-05-2024T21:44:34 - [MESSAGE][PASSED] - Navigate to 'https://katalon-demo-cura.herokuapp.com/' successfully

28-05-2024T21:44:34 - [TEST_STEP][PASSED] - click(findTestObject("Object Repository/Page_CURA Healthcare Service/a_CURA Healthcare_menu-toggle")): Object: 'Object Repository/Page_CURA Healthcare Service/a_CURA Healthcare_menu-toggle' is clicked on

28-05-2024T21:44:36 - [MESSAGE][PASSED] - Object: 'Object Repository/Page_CURA Healthcare Service/a_CURA Healthcare_menu-toggle' is clicked on

28-05-2024T21:44:36 - [TEST_STEP][PASSED] - click(findTestObject("Object Repository/Page_CURA Healthcare Service/a_Login")): Object: 'Object Repository/Page_CURA Healthcare Service/a_Login' is clicked on

28-05-2024T21:44:37 - [MESSAGE][PASSED] - Object: 'Object Repository/Page_CURA Healthcare Service/a_Login' is clicked on

28-05-2024T21:44:37 - [TEST_STEP][PASSED] - setText(findTestObject("Object Repository/Page_CURA Healthcare Service/input_Username_username"), "John Doe"): Text 'John Doe' is set on object 'Object Repository/Page_CURA Healthcare Service/input_Username_username'

28-05-2024T21:44:39 - [MESSAGE][PASSED] - Text 'John Doe' is set on object 'Object Repository/Page_CURA Healthcare Service/input_Username_username'

28-05-2024T21:44:39 - [TEST_STEP][PASSED] - setEncryptedText(findTestObject("Object Repository/Page_CURA Healthcare Service/input_Password_password"), "g3/DOGG74jC3Flrr3yH+3D/yKbOqqUNM"): Text ****** has been set on object 'Object Repository/Page_CURA Healthcare Service/input_Password_password'

28-05-2024T21:44:40 - [MESSAGE][PASSED] - Text ****** has been set on object 'Object Repository/Page_CURA Healthcare Service/input_Password_password'

28-05-2024T21:44:40 - [TEST_STEP][PASSED] - click(findTestObject("Object Repository/Page_CURA Healthcare Service/button_Login")): Object: 'Object Repository/Page_CURA Healthcare Service/button_Login' is clicked on

28-05-2024T21:44:41 - [MESSAGE][PASSED] - Object: 'Object Repository/Page_CURA Healthcare Service/button_Login' is clicked on

28-05-2024T21:44:41 - [TEST_STEP][PASSED] - selectOptionByValue(findTestObject("Object Repository/Page_CURA Healthcare Service/select_Tokyo CURA Healthcare Center        _5b4107"), "Seoul CURA Healthcare Center", true): All options with value 'Seoul CURA Healthcare Center' are selected in object 'Object Repository/Page_CURA Healthcare Service/select_Tokyo CURA Healthcare Center        _5b4107'  using regular expression

28-05-2024T21:44:44 - [MESSAGE][PASSED] - All options with value 'Seoul CURA Healthcare Center' are selected in object 'Object Repository/Page_CURA Healthcare Service/select_Tokyo CURA Healthcare Center        _5b4107'  using regular expression

28-05-2024T21:44:44 - [TEST_STEP][PASSED] - click(findTestObject("Object Repository/Page_CURA Healthcare Service/label_None")): Object: 'Object Repository/Page_CURA Healthcare Service/label_None' is clicked on

28-05-2024T21:44:44 - [MESSAGE][PASSED] - Object: 'Object Repository/Page_CURA Healthcare Service/label_None' is clicked on

28-05-2024T21:44:44 - [TEST_STEP][PASSED] - click(findTestObject("Object Repository/Page_CURA Healthcare Service/span_Visit Date (Required)_glyphicon glyphi_cada34")): Object: 'Object Repository/Page_CURA Healthcare Service/span_Visit Date (Required)_glyphicon glyphi_cada34' is clicked on

28-05-2024T21:44:46 - [MESSAGE][PASSED] - Object: 'Object Repository/Page_CURA Healthcare Service/span_Visit Date (Required)_glyphicon glyphi_cada34' is clicked on

28-05-2024T21:44:46 - [TEST_STEP][PASSED] - click(findTestObject("Object Repository/Page_CURA Healthcare Service/td_30")): Object: 'Object Repository/Page_CURA Healthcare Service/td_30' is clicked on

28-05-2024T21:44:48 - [MESSAGE][PASSED] - Object: 'Object Repository/Page_CURA Healthcare Service/td_30' is clicked on

28-05-2024T21:44:48 - [TEST_STEP][PASSED] - setText(findTestObject("Object Repository/Page_CURA Healthcare Service/textarea_Comment_comment"), "30/05/2024"): Text '30/05/2024' is set on object 'Object Repository/Page_CURA Healthcare Service/textarea_Comment_comment'

28-05-2024T21:44:49 - [MESSAGE][PASSED] - Text '30/05/2024' is set on object 'Object Repository/Page_CURA Healthcare Service/textarea_Comment_comment'

28-05-2024T21:44:49 - [TEST_STEP][PASSED] - click(findTestObject("Object Repository/Page_CURA Healthcare Service/button_Book Appointment")): Object: 'Object Repository/Page_CURA Healthcare Service/button_Book Appointment' is clicked on

28-05-2024T21:44:51 - [MESSAGE][PASSED] - Object: 'Object Repository/Page_CURA Healthcare Service/button_Book Appointment' is clicked on

28-05-2024T21:44:51 - [TEST_STEP][PASSED] - rightClick(findTestObject("Object Repository/Page_CURA Healthcare Service/p_Seoul CURA Healthcare Center")): Object: 'Object Repository/Page_CURA Healthcare Service/p_Seoul CURA Healthcare Center' is right clicked on

28-05-2024T21:44:52 - [MESSAGE][PASSED] - Object: 'Object Repository/Page_CURA Healthcare Service/p_Seoul CURA Healthcare Center' is right clicked on

28-05-2024T21:44:52 - [TEST_STEP][PASSED] - verifyElementText(findTestObject("Object Repository/Page_CURA Healthcare Service/p_Seoul CURA Healthcare Center"), "Seoul CURA Healthcare Center"): Actual text and expected text of test object 'Object Repository/Page_CURA Healthcare Service/p_Seoul CURA Healthcare Center' are matched.

28-05-2024T21:44:53 - [MESSAGE][PASSED] - Actual text and expected text of test object 'Object Repository/Page_CURA Healthcare Service/p_Seoul CURA Healthcare Center' are matched.

28-05-2024T21:44:53 - [TEST_STEP][PASSED] - verifyElementText(findTestObject("Object Repository/Page_CURA Healthcare Service/p_None"), "None"): Actual text and expected text of test object 'Object Repository/Page_CURA Healthcare Service/p_None' are matched.

28-05-2024T21:44:54 - [MESSAGE][PASSED] - Actual text and expected text of test object 'Object Repository/Page_CURA Healthcare Service/p_None' are matched.

28-05-2024T21:44:54 - [TEST_STEP][PASSED] - verifyElementText(findTestObject("Object Repository/Page_CURA Healthcare Service/p_30052024"), "30/05/2024"): Actual text and expected text of test object 'Object Repository/Page_CURA Healthcare Service/p_30052024' are matched.

28-05-2024T21:44:54 - [MESSAGE][PASSED] - Actual text and expected text of test object 'Object Repository/Page_CURA Healthcare Service/p_30052024' are matched.

28-05-2024T21:44:54 - [TEST_STEP][PASSED] - verifyElementText(findTestObject("Object Repository/Page_CURA Healthcare Service/p_30052024_1"), "30/05/2024"): Actual text and expected text of test object 'Object Repository/Page_CURA Healthcare Service/p_30052024_1' are matched.

28-05-2024T21:44:55 - [MESSAGE][PASSED] - Actual text and expected text of test object 'Object Repository/Page_CURA Healthcare Service/p_30052024_1' are matched.

28-05-2024T21:44:55 - [TEST_STEP][PASSED] - click(findTestObject("Object Repository/Page_CURA Healthcare Service/a_Go to Homepage")): Object: 'Object Repository/Page_CURA Healthcare Service/a_Go to Homepage' is clicked on

28-05-2024T21:44:58 - [MESSAGE][PASSED] - Object: 'Object Repository/Page_CURA Healthcare Service/a_Go to Homepage' is clicked on

28-05-2024T21:44:58 - [TEST_STEP][PASSED] - closeBrowser(): Browser is closed

28-05-2024T21:44:58 - [MESSAGE][PASSED] - Browser is closed]]></system-out>
         <system-err><![CDATA[]]></system-err>
      </testcase>
      <system-out><![CDATA[28-05-2024T21:43:57 - [TEST_SUITE][PASSED] - Verify_Something: Test Cases/CURA Healthcare/Verify_Book_Appointment_Seoul]]></system-out>
      <system-err><![CDATA[]]></system-err>
   </testsuite>
   <testsuite name="Verify_Toogle_Menu_Bar" tests="3" failures="0" errors="0" time="30.326" skipped="0" timestamp="28-05-2024T21:43:59" hostname="ToanLa - DESKTOP-QSIPVT9" id="Test Suites/CURA Healthcare/Verify_Toogle_Menu_Bar">
      <properties>
         <property name="deviceName" value=""/>
         <property name="devicePlatform" value=""/>
         <property name="logFolder" value="C:\\Users\\ToanLa\\git\\katalon\\Reports\\20240528_214204\\CURA Healthcare\\Verify_Toogle_Menu_Bar\\20240528_214223"/>
         <property name="logFiles" value="C:\\Users\\ToanLa\\git\\katalon\\Reports\\20240528_214204\\CURA Healthcare\\Verify_Toogle_Menu_Bar\\20240528_214223\\execution0.log"/>
         <property name="attachments" value=""/>
         <property name="hostName" value="ToanLa - DESKTOP-QSIPVT9"/>
         <property name="os" value="Windows 11 64bit"/>
         <property name="katalonVersion" value="9.4.0.212"/>
         <property name="browser" value="Chrome 125.0.0.0"/>
         <property name="hostAddress" value="192.168.1.8"/>
         <property name="sessionId" value="7f13cded23c0556fd1c5679e966a4111"/>
         <property name="seleniumVersion" value="3.141.59"/>
         <property name="proxyInformation" value="ProxyInformation { proxyOption=NO_PROXY, proxyServerType=HTTP, username=, password=********, proxyServerAddress=, proxyServerPort=0, executionList=&quot;&quot;, isApplyToDesiredCapabilities=true }"/>
         <property name="platform" value="Windows 11"/>
      </properties>
      <testcase name="Test Cases/CURA Healthcare/Verify_Toogle_Menu_Items" time="13.967" classname="Test Cases/CURA Healthcare/Verify_Toogle_Menu_Items" status="PASSED">
         <system-out><![CDATA[28-05-2024T21:44:00 - [TEST_CASE][PASSED] - Test Cases/CURA Healthcare/Verify_Toogle_Menu_Items: Test Cases/CURA Healthcare/Verify_Toogle_Menu_Items

28-05-2024T21:44:01 - [TEST_STEP][PASSED] - openBrowser(""): Browser is opened with url: ''

28-05-2024T21:44:02 - [MESSAGE][INFO] - Starting 'Chrome' driver

28-05-2024T21:44:02 - [MESSAGE][INFO] - Action delay is set to 0 milliseconds

28-05-2024T21:44:06 - [MESSAGE][PASSED] - Browser is opened with url: ''

28-05-2024T21:44:06 - [TEST_STEP][PASSED] - navigateToUrl("https://katalon-demo-cura.herokuapp.com/"): Navigate to 'https://katalon-demo-cura.herokuapp.com/' successfully

28-05-2024T21:44:10 - [MESSAGE][PASSED] - Navigate to 'https://katalon-demo-cura.herokuapp.com/' successfully

28-05-2024T21:44:10 - [TEST_STEP][PASSED] - click(findTestObject("Object Repository/Page_CURA Healthcare Service/a_CURA Healthcare_menu-toggle")): Object: 'Object Repository/Page_CURA Healthcare Service/a_CURA Healthcare_menu-toggle' is clicked on

28-05-2024T21:44:11 - [MESSAGE][PASSED] - Object: 'Object Repository/Page_CURA Healthcare Service/a_CURA Healthcare_menu-toggle' is clicked on

28-05-2024T21:44:11 - [TEST_STEP][PASSED] - verifyElementText(findTestObject("Object Repository/Page_CURA Healthcare Service/a_CURA Healthcare"), "CURA Healthcare"): Actual text and expected text of test object 'Object Repository/Page_CURA Healthcare Service/a_CURA Healthcare' are matched.

28-05-2024T21:44:12 - [MESSAGE][PASSED] - Actual text and expected text of test object 'Object Repository/Page_CURA Healthcare Service/a_CURA Healthcare' are matched.

28-05-2024T21:44:12 - [TEST_STEP][PASSED] - verifyElementText(findTestObject("Object Repository/Page_CURA Healthcare Service/a_Home"), "Home"): Actual text and expected text of test object 'Object Repository/Page_CURA Healthcare Service/a_Home' are matched.

28-05-2024T21:44:13 - [MESSAGE][PASSED] - Actual text and expected text of test object 'Object Repository/Page_CURA Healthcare Service/a_Home' are matched.

28-05-2024T21:44:13 - [TEST_STEP][PASSED] - verifyElementText(findTestObject("Object Repository/Page_CURA Healthcare Service/a_Login"), "Login"): Actual text and expected text of test object 'Object Repository/Page_CURA Healthcare Service/a_Login' are matched.

28-05-2024T21:44:13 - [MESSAGE][PASSED] - Actual text and expected text of test object 'Object Repository/Page_CURA Healthcare Service/a_Login' are matched.

28-05-2024T21:44:13 - [TEST_STEP][PASSED] - closeBrowser(): Browser is closed

28-05-2024T21:44:14 - [MESSAGE][PASSED] - Browser is closed]]></system-out>
         <system-err><![CDATA[]]></system-err>
      </testcase>
      <testcase name="Test Cases/CURA Healthcare/Verify_Toggle_Menu" time="7.656" classname="Test Cases/CURA Healthcare/Verify_Toggle_Menu" status="PASSED">
         <system-out><![CDATA[28-05-2024T21:44:14 - [TEST_CASE][PASSED] - Test Cases/CURA Healthcare/Verify_Toggle_Menu: Test Cases/CURA Healthcare/Verify_Toggle_Menu

28-05-2024T21:44:14 - [TEST_STEP][PASSED] - openBrowser(""): Browser is opened with url: ''

28-05-2024T21:44:14 - [MESSAGE][INFO] - Starting 'Chrome' driver

28-05-2024T21:44:14 - [MESSAGE][INFO] - Action delay is set to 0 milliseconds

28-05-2024T21:44:17 - [MESSAGE][PASSED] - Browser is opened with url: ''

28-05-2024T21:44:17 - [TEST_STEP][PASSED] - navigateToUrl("https://katalon-demo-cura.herokuapp.com/"): Navigate to 'https://katalon-demo-cura.herokuapp.com/' successfully

28-05-2024T21:44:19 - [MESSAGE][PASSED] - Navigate to 'https://katalon-demo-cura.herokuapp.com/' successfully

28-05-2024T21:44:19 - [TEST_STEP][PASSED] - verifyElementVisible(findTestObject("Object Repository/Page_CURA Healthcare Service/a_CURA Healthcare_menu-toggle")): Object 'Object Repository/Page_CURA Healthcare Service/a_CURA Healthcare_menu-toggle' is visible

28-05-2024T21:44:21 - [MESSAGE][PASSED] - Object 'Object Repository/Page_CURA Healthcare Service/a_CURA Healthcare_menu-toggle' is visible

28-05-2024T21:44:21 - [TEST_STEP][PASSED] - closeBrowser(): Browser is closed

28-05-2024T21:44:22 - [MESSAGE][PASSED] - Browser is closed]]></system-out>
         <system-err><![CDATA[]]></system-err>
      </testcase>
      <testcase name="Test Cases/CURA Healthcare/Verify_Clickable_Toggle_Menu" time="8.029" classname="Test Cases/CURA Healthcare/Verify_Clickable_Toggle_Menu" status="PASSED">
         <system-out><![CDATA[28-05-2024T21:44:22 - [TEST_CASE][PASSED] - Test Cases/CURA Healthcare/Verify_Clickable_Toggle_Menu: Test Cases/CURA Healthcare/Verify_Clickable_Toggle_Menu

28-05-2024T21:44:22 - [TEST_STEP][PASSED] - openBrowser(""): Browser is opened with url: ''

28-05-2024T21:44:22 - [MESSAGE][INFO] - Starting 'Chrome' driver

28-05-2024T21:44:22 - [MESSAGE][INFO] - Action delay is set to 0 milliseconds

28-05-2024T21:44:24 - [MESSAGE][PASSED] - Browser is opened with url: ''

28-05-2024T21:44:24 - [TEST_STEP][PASSED] - navigateToUrl("https://katalon-demo-cura.herokuapp.com/"): Navigate to 'https://katalon-demo-cura.herokuapp.com/' successfully

28-05-2024T21:44:27 - [MESSAGE][PASSED] - Navigate to 'https://katalon-demo-cura.herokuapp.com/' successfully

28-05-2024T21:44:27 - [TEST_STEP][PASSED] - click(findTestObject("Object Repository/Page_CURA Healthcare Service/a_CURA Healthcare_menu-toggle")): Object: 'Object Repository/Page_CURA Healthcare Service/a_CURA Healthcare_menu-toggle' is clicked on

28-05-2024T21:44:28 - [MESSAGE][PASSED] - Object: 'Object Repository/Page_CURA Healthcare Service/a_CURA Healthcare_menu-toggle' is clicked on

28-05-2024T21:44:28 - [TEST_STEP][PASSED] - verifyElementVisible(findTestObject("Object Repository/Page_CURA Healthcare Service/nav_CURA Healthcare                        _1b5e83")): Object 'Object Repository/Page_CURA Healthcare Service/nav_CURA Healthcare                        _1b5e83' is visible

28-05-2024T21:44:29 - [MESSAGE][PASSED] - Object 'Object Repository/Page_CURA Healthcare Service/nav_CURA Healthcare                        _1b5e83' is visible

28-05-2024T21:44:29 - [TEST_STEP][PASSED] - closeBrowser(): Browser is closed

28-05-2024T21:44:30 - [MESSAGE][PASSED] - Browser is closed]]></system-out>
         <system-err><![CDATA[]]></system-err>
      </testcase>
      <system-out><![CDATA[28-05-2024T21:43:59 - [TEST_SUITE][PASSED] - Verify_Toogle_Menu_Bar: Test Cases/CURA Healthcare/Verify_Clickable_Toggle_Menu]]></system-out>
      <system-err><![CDATA[]]></system-err>
   </testsuite>
   <testsuite name="ddv-suites" tests="10" failures="0" errors="0" time="124.628" skipped="0" timestamp="28-05-2024T21:44:14" hostname="ToanLa - DESKTOP-QSIPVT9" id="Test Suites/DDV/ddv-suites">
      <properties>
         <property name="deviceName" value=""/>
         <property name="devicePlatform" value=""/>
         <property name="logFolder" value="C:\\Users\\ToanLa\\git\\katalon\\Reports\\20240528_214204\\DDV\\ddv-suites\\20240528_214225"/>
         <property name="logFiles" value="C:\\Users\\ToanLa\\git\\katalon\\Reports\\20240528_214204\\DDV\\ddv-suites\\20240528_214225\\execution0.log"/>
         <property name="attachments" value=""/>
         <property name="hostName" value="ToanLa - DESKTOP-QSIPVT9"/>
         <property name="os" value="Windows 11 64bit"/>
         <property name="katalonVersion" value="9.4.0.212"/>
         <property name="browser" value="Chrome 125.0.0.0"/>
         <property name="hostAddress" value="192.168.1.8"/>
         <property name="sessionId" value="af3c8c814a75d6420583bc7f5e244442"/>
         <property name="seleniumVersion" value="3.141.59"/>
         <property name="proxyInformation" value="ProxyInformation { proxyOption=NO_PROXY, proxyServerType=HTTP, username=, password=********, proxyServerAddress=, proxyServerPort=0, executionList=&quot;&quot;, isApplyToDesiredCapabilities=true }"/>
         <property name="platform" value="Windows 11"/>
      </properties>
      <testcase name="Test Cases/DDV/check-categories" time="14.361" classname="Test Cases/DDV/check-categories" status="PASSED">
         <system-out><![CDATA[28-05-2024T21:44:14 - [TEST_CASE][PASSED] - Test Cases/DDV/check-categories: Test Cases/DDV/check-categories

28-05-2024T21:44:15 - [TEST_STEP][PASSED] - openBrowser(""): Browser is opened with url: ''

28-05-2024T21:44:17 - [MESSAGE][INFO] - Starting 'Chrome' driver

28-05-2024T21:44:17 - [MESSAGE][INFO] - Action delay is set to 0 milliseconds

28-05-2024T21:44:20 - [MESSAGE][PASSED] - Browser is opened with url: ''

28-05-2024T21:44:20 - [TEST_STEP][PASSED] - navigateToUrl("https://didongviet.vn/"): Navigate to 'https://didongviet.vn/' successfully

28-05-2024T21:44:27 - [MESSAGE][PASSED] - Navigate to 'https://didongviet.vn/' successfully

28-05-2024T21:44:27 - [TEST_STEP][PASSED] - verifyElementVisible(findTestObject("Object Repository/DDV/Page_Didongviet.vn - in thoi, Tablet, ng h,_4e2c42/div_Galaxy S24 UltraiPhone 15 Pro MaxiPad G_4b7227")): Object 'Object Repository/DDV/Page_Didongviet.vn - in thoi, Tablet, ng h,_4e2c42/div_Galaxy S24 UltraiPhone 15 Pro MaxiPad G_4b7227' is visible

28-05-2024T21:44:28 - [MESSAGE][PASSED] - Object 'Object Repository/DDV/Page_Didongviet.vn - in thoi, Tablet, ng h,_4e2c42/div_Galaxy S24 UltraiPhone 15 Pro MaxiPad G_4b7227' is visible

28-05-2024T21:44:28 - [TEST_STEP][PASSED] - closeBrowser(): Browser is closed

28-05-2024T21:44:29 - [MESSAGE][PASSED] - Browser is closed]]></system-out>
         <system-err><![CDATA[]]></system-err>
      </testcase>
      <testcase name="Test Cases/DDV/check-hotline" time="12.818" classname="Test Cases/DDV/check-hotline" status="PASSED">
         <system-out><![CDATA[28-05-2024T21:44:29 - [TEST_CASE][PASSED] - Test Cases/DDV/check-hotline: Test Cases/DDV/check-hotline

28-05-2024T21:44:29 - [TEST_STEP][PASSED] - openBrowser(""): Browser is opened with url: ''

28-05-2024T21:44:29 - [MESSAGE][INFO] - Starting 'Chrome' driver

28-05-2024T21:44:29 - [MESSAGE][INFO] - Action delay is set to 0 milliseconds

28-05-2024T21:44:31 - [MESSAGE][PASSED] - Browser is opened with url: ''

28-05-2024T21:44:31 - [TEST_STEP][PASSED] - navigateToUrl("https://didongviet.vn/"): Navigate to 'https://didongviet.vn/' successfully

28-05-2024T21:44:38 - [MESSAGE][PASSED] - Navigate to 'https://didongviet.vn/' successfully

28-05-2024T21:44:38 - [TEST_STEP][PASSED] - verifyElementText(findTestObject("Object Repository/DDV/Page_Didongviet.vn - in thoi, Tablet, ng h,_4e2c42/p_1800.6018"), "1800.6018"): Actual text and expected text of test object 'Object Repository/DDV/Page_Didongviet.vn - in thoi, Tablet, ng h,_4e2c42/p_1800.6018' are matched.

28-05-2024T21:44:40 - [MESSAGE][PASSED] - Actual text and expected text of test object 'Object Repository/DDV/Page_Didongviet.vn - in thoi, Tablet, ng h,_4e2c42/p_1800.6018' are matched.

28-05-2024T21:44:40 - [TEST_STEP][PASSED] - verifyElementVisible(findTestObject("Object Repository/DDV/Page_Didongviet.vn - in thoi, Tablet, ng h,_4e2c42/p_1800.6018")): Object 'Object Repository/DDV/Page_Didongviet.vn - in thoi, Tablet, ng h,_4e2c42/p_1800.6018' is visible

28-05-2024T21:44:41 - [MESSAGE][PASSED] - Object 'Object Repository/DDV/Page_Didongviet.vn - in thoi, Tablet, ng h,_4e2c42/p_1800.6018' is visible

28-05-2024T21:44:41 - [TEST_STEP][PASSED] - closeBrowser(): Browser is closed

28-05-2024T21:44:42 - [MESSAGE][PASSED] - Browser is closed]]></system-out>
         <system-err><![CDATA[]]></system-err>
      </testcase>
      <testcase name="Test Cases/DDV/check-left-menu" time="11.945" classname="Test Cases/DDV/check-left-menu" status="PASSED">
         <system-out><![CDATA[28-05-2024T21:44:42 - [TEST_CASE][PASSED] - Test Cases/DDV/check-left-menu: Test Cases/DDV/check-left-menu

28-05-2024T21:44:42 - [TEST_STEP][PASSED] - openBrowser(""): Browser is opened with url: ''

28-05-2024T21:44:42 - [MESSAGE][INFO] - Starting 'Chrome' driver

28-05-2024T21:44:42 - [MESSAGE][INFO] - Action delay is set to 0 milliseconds

28-05-2024T21:44:44 - [MESSAGE][PASSED] - Browser is opened with url: ''

28-05-2024T21:44:44 - [TEST_STEP][PASSED] - navigateToUrl("https://didongviet.vn/"): Navigate to 'https://didongviet.vn/' successfully

28-05-2024T21:44:44 - [MESSAGE][PASSED] - Navigate to 'https://didongviet.vn/' successfully

28-05-2024T21:44:44 - [TEST_STEP][PASSED] - verifyElementVisible(findTestObject("Object Repository/DDV/Page_Didongviet.vn - in thoi, Tablet, ng h,_4e2c42/div_in thoiApple (AAR)Laptop  TabletMy c gi_2921c4")): Object 'Object Repository/DDV/Page_Didongviet.vn - in thoi, Tablet, ng h,_4e2c42/div_in thoiApple (AAR)Laptop  TabletMy c gi_2921c4' is visible

28-05-2024T21:44:52 - [MESSAGE][PASSED] - Object 'Object Repository/DDV/Page_Didongviet.vn - in thoi, Tablet, ng h,_4e2c42/div_in thoiApple (AAR)Laptop  TabletMy c gi_2921c4' is visible

28-05-2024T21:44:52 - [TEST_STEP][PASSED] - closeBrowser(): Browser is closed

28-05-2024T21:44:54 - [MESSAGE][PASSED] - Browser is closed]]></system-out>
         <system-err><![CDATA[]]></system-err>
      </testcase>
      <testcase name="Test Cases/DDV/check-logo-available" time="12.716" classname="Test Cases/DDV/check-logo-available" status="PASSED">
         <system-out><![CDATA[28-05-2024T21:44:54 - [TEST_CASE][PASSED] - Test Cases/DDV/check-logo-available: Test Cases/DDV/check-logo-available

28-05-2024T21:44:54 - [TEST_STEP][PASSED] - openBrowser(""): Browser is opened with url: ''

28-05-2024T21:44:54 - [MESSAGE][INFO] - Starting 'Chrome' driver

28-05-2024T21:44:54 - [MESSAGE][INFO] - Action delay is set to 0 milliseconds

28-05-2024T21:44:56 - [MESSAGE][PASSED] - Browser is opened with url: ''

28-05-2024T21:44:56 - [TEST_STEP][PASSED] - navigateToUrl("https://didongviet.vn/"): Navigate to 'https://didongviet.vn/' successfully

28-05-2024T21:45:04 - [MESSAGE][PASSED] - Navigate to 'https://didongviet.vn/' successfully

28-05-2024T21:45:04 - [TEST_STEP][PASSED] - verifyElementVisible(findTestObject("Object Repository/DDV/Page_Didongviet.vn - in thoi, Tablet, ng h,_4e2c42/img")): Object 'Object Repository/DDV/Page_Didongviet.vn - in thoi, Tablet, ng h,_4e2c42/img' is visible

28-05-2024T21:45:06 - [MESSAGE][PASSED] - Object 'Object Repository/DDV/Page_Didongviet.vn - in thoi, Tablet, ng h,_4e2c42/img' is visible

28-05-2024T21:45:06 - [TEST_STEP][PASSED] - closeBrowser(): Browser is closed

28-05-2024T21:45:06 - [MESSAGE][PASSED] - Browser is closed]]></system-out>
         <system-err><![CDATA[]]></system-err>
      </testcase>
      <testcase name="Test Cases/DDV/check-main-banner" time="10.539" classname="Test Cases/DDV/check-main-banner" status="PASSED">
         <system-out><![CDATA[28-05-2024T21:45:06 - [TEST_CASE][PASSED] - Test Cases/DDV/check-main-banner: Test Cases/DDV/check-main-banner

28-05-2024T21:45:06 - [TEST_STEP][PASSED] - openBrowser(""): Browser is opened with url: ''

28-05-2024T21:45:06 - [MESSAGE][INFO] - Starting 'Chrome' driver

28-05-2024T21:45:06 - [MESSAGE][INFO] - Action delay is set to 0 milliseconds

28-05-2024T21:45:08 - [MESSAGE][PASSED] - Browser is opened with url: ''

28-05-2024T21:45:08 - [TEST_STEP][PASSED] - navigateToUrl("https://didongviet.vn/"): Navigate to 'https://didongviet.vn/' successfully

28-05-2024T21:45:15 - [MESSAGE][PASSED] - Navigate to 'https://didongviet.vn/' successfully

28-05-2024T21:45:15 - [TEST_STEP][PASSED] - verifyElementVisible(findTestObject("Object Repository/DDV/Page_Didongviet.vn - in thoi, Tablet, ng h,_4e2c42/div_in thoiApple (AAR)Laptop  TabletMy c gi_2921c4")): Object 'Object Repository/DDV/Page_Didongviet.vn - in thoi, Tablet, ng h,_4e2c42/div_in thoiApple (AAR)Laptop  TabletMy c gi_2921c4' is visible

28-05-2024T21:45:16 - [MESSAGE][PASSED] - Object 'Object Repository/DDV/Page_Didongviet.vn - in thoi, Tablet, ng h,_4e2c42/div_in thoiApple (AAR)Laptop  TabletMy c gi_2921c4' is visible

28-05-2024T21:45:16 - [TEST_STEP][PASSED] - closeBrowser(): Browser is closed

28-05-2024T21:45:17 - [MESSAGE][PASSED] - Browser is closed]]></system-out>
         <system-err><![CDATA[]]></system-err>
      </testcase>
      <testcase name="Test Cases/DDV/check-others-show-room" time="15.001" classname="Test Cases/DDV/check-others-show-room" status="PASSED">
         <system-out><![CDATA[28-05-2024T21:45:17 - [TEST_CASE][PASSED] - Test Cases/DDV/check-others-show-room: Test Cases/DDV/check-others-show-room

28-05-2024T21:45:17 - [TEST_STEP][PASSED] - openBrowser(""): Browser is opened with url: ''

28-05-2024T21:45:17 - [MESSAGE][INFO] - Starting 'Chrome' driver

28-05-2024T21:45:17 - [MESSAGE][INFO] - Action delay is set to 0 milliseconds

28-05-2024T21:45:19 - [MESSAGE][PASSED] - Browser is opened with url: ''

28-05-2024T21:45:19 - [TEST_STEP][PASSED] - navigateToUrl("https://didongviet.vn/"): Navigate to 'https://didongviet.vn/' successfully

28-05-2024T21:45:28 - [MESSAGE][PASSED] - Navigate to 'https://didongviet.vn/' successfully

28-05-2024T21:45:28 - [TEST_STEP][PASSED] - verifyElementVisible(findTestObject("Object Repository/DDV/Page_Didongviet.vn - in thoi, Tablet, ng h,_4e2c42/div_Oppo  Xiaomi  realme  HONOR Chnh HngOPP_34c939")): Object 'Object Repository/DDV/Page_Didongviet.vn - in thoi, Tablet, ng h,_4e2c42/div_Oppo  Xiaomi  realme  HONOR Chnh HngOPP_34c939' is visible

28-05-2024T21:45:31 - [MESSAGE][PASSED] - Object 'Object Repository/DDV/Page_Didongviet.vn - in thoi, Tablet, ng h,_4e2c42/div_Oppo  Xiaomi  realme  HONOR Chnh HngOPP_34c939' is visible

28-05-2024T21:45:31 - [TEST_STEP][PASSED] - verifyElementText(findTestObject("Object Repository/DDV/Page_Didongviet.vn - in thoi, Tablet, ng h,_4e2c42/a_Oppo  Xiaomi  realme  HONOR Chnh Hng"), "Oppo | Xiaomi | realme | HONOR Chính Hãng"): Actual text and expected text of test object 'Object Repository/DDV/Page_Didongviet.vn - in thoi, Tablet, ng h,_4e2c42/a_Oppo  Xiaomi  realme  HONOR Chnh Hng' are matched.

28-05-2024T21:45:31 - [MESSAGE][PASSED] - Actual text and expected text of test object 'Object Repository/DDV/Page_Didongviet.vn - in thoi, Tablet, ng h,_4e2c42/a_Oppo  Xiaomi  realme  HONOR Chnh Hng' are matched.

28-05-2024T21:45:31 - [TEST_STEP][PASSED] - closeBrowser(): Browser is closed

28-05-2024T21:45:32 - [MESSAGE][PASSED] - Browser is closed]]></system-out>
         <system-err><![CDATA[]]></system-err>
      </testcase>
      <testcase name="Test Cases/DDV/check-page-can-connect" time="10.433" classname="Test Cases/DDV/check-page-can-connect" status="PASSED">
         <system-out><![CDATA[28-05-2024T21:45:32 - [TEST_CASE][PASSED] - Test Cases/DDV/check-page-can-connect: Test Cases/DDV/check-page-can-connect

28-05-2024T21:45:32 - [TEST_STEP][PASSED] - openBrowser(""): Browser is opened with url: ''

28-05-2024T21:45:32 - [MESSAGE][INFO] - Starting 'Chrome' driver

28-05-2024T21:45:32 - [MESSAGE][INFO] - Action delay is set to 0 milliseconds

28-05-2024T21:45:33 - [MESSAGE][PASSED] - Browser is opened with url: ''

28-05-2024T21:45:33 - [TEST_STEP][PASSED] - navigateToUrl("https://didongviet.vn/"): Navigate to 'https://didongviet.vn/' successfully

28-05-2024T21:45:40 - [MESSAGE][PASSED] - Navigate to 'https://didongviet.vn/' successfully

28-05-2024T21:45:40 - [TEST_STEP][PASSED] - verifyElementVisible(findTestObject("Object Repository/DDV/Page_Didongviet.vn - in thoi, Tablet, ng h,_4e2c42/div_iPhone 15 Pro MaxGalaxy S24 UltraXiaomi_875374")): Object 'Object Repository/DDV/Page_Didongviet.vn - in thoi, Tablet, ng h,_4e2c42/div_iPhone 15 Pro MaxGalaxy S24 UltraXiaomi_875374' is visible

28-05-2024T21:45:42 - [MESSAGE][PASSED] - Object 'Object Repository/DDV/Page_Didongviet.vn - in thoi, Tablet, ng h,_4e2c42/div_iPhone 15 Pro MaxGalaxy S24 UltraXiaomi_875374' is visible

28-05-2024T21:45:42 - [TEST_STEP][PASSED] - closeBrowser(): Browser is closed

28-05-2024T21:45:42 - [MESSAGE][PASSED] - Browser is closed]]></system-out>
         <system-err><![CDATA[]]></system-err>
      </testcase>
      <testcase name="Test Cases/DDV/check-right-side-bar" time="9.582" classname="Test Cases/DDV/check-right-side-bar" status="PASSED">
         <system-out><![CDATA[28-05-2024T21:45:42 - [TEST_CASE][PASSED] - Test Cases/DDV/check-right-side-bar: Test Cases/DDV/check-right-side-bar

28-05-2024T21:45:43 - [TEST_STEP][PASSED] - openBrowser(""): Browser is opened with url: ''

28-05-2024T21:45:43 - [MESSAGE][INFO] - Starting 'Chrome' driver

28-05-2024T21:45:43 - [MESSAGE][INFO] - Action delay is set to 0 milliseconds

28-05-2024T21:45:44 - [MESSAGE][PASSED] - Browser is opened with url: ''

28-05-2024T21:45:44 - [TEST_STEP][PASSED] - navigateToUrl("https://didongviet.vn/"): Navigate to 'https://didongviet.vn/' successfully

28-05-2024T21:45:50 - [MESSAGE][PASSED] - Navigate to 'https://didongviet.vn/' successfully

28-05-2024T21:45:50 - [TEST_STEP][PASSED] - verifyElementVisible(findTestObject("Object Repository/DDV/Page_Didongviet.vn - in thoi, Tablet, ng h,_4e2c42/div_ng k_flex h-full flex-col justify-betwe_6cc556")): Object 'Object Repository/DDV/Page_Didongviet.vn - in thoi, Tablet, ng h,_4e2c42/div_ng k_flex h-full flex-col justify-betwe_6cc556' is visible

28-05-2024T21:45:51 - [MESSAGE][PASSED] - Object 'Object Repository/DDV/Page_Didongviet.vn - in thoi, Tablet, ng h,_4e2c42/div_ng k_flex h-full flex-col justify-betwe_6cc556' is visible

28-05-2024T21:45:51 - [TEST_STEP][PASSED] - closeBrowser(): Browser is closed

28-05-2024T21:45:52 - [MESSAGE][PASSED] - Browser is closed]]></system-out>
         <system-err><![CDATA[]]></system-err>
      </testcase>
      <testcase name="Test Cases/DDV/check-samsung" time="12.088" classname="Test Cases/DDV/check-samsung" status="PASSED">
         <system-out><![CDATA[28-05-2024T21:45:52 - [TEST_CASE][PASSED] - Test Cases/DDV/check-samsung: Test Cases/DDV/check-samsung

28-05-2024T21:45:52 - [TEST_STEP][PASSED] - openBrowser(""): Browser is opened with url: ''

28-05-2024T21:45:52 - [MESSAGE][INFO] - Starting 'Chrome' driver

28-05-2024T21:45:52 - [MESSAGE][INFO] - Action delay is set to 0 milliseconds

28-05-2024T21:45:53 - [MESSAGE][PASSED] - Browser is opened with url: ''

28-05-2024T21:45:53 - [TEST_STEP][PASSED] - navigateToUrl("https://didongviet.vn/"): Navigate to 'https://didongviet.vn/' successfully

28-05-2024T21:45:59 - [MESSAGE][PASSED] - Navigate to 'https://didongviet.vn/' successfully

28-05-2024T21:45:59 - [TEST_STEP][PASSED] - verifyElementVisible(findTestObject("Object Repository/DDV/Page_Didongviet.vn - in thoi, Tablet, ng h,_4e2c42/div_Samsung Chnh HngGalaxy Z Flip5Galaxy Z _6d232a")): Object 'Object Repository/DDV/Page_Didongviet.vn - in thoi, Tablet, ng h,_4e2c42/div_Samsung Chnh HngGalaxy Z Flip5Galaxy Z _6d232a' is visible

28-05-2024T21:46:01 - [MESSAGE][PASSED] - Object 'Object Repository/DDV/Page_Didongviet.vn - in thoi, Tablet, ng h,_4e2c42/div_Samsung Chnh HngGalaxy Z Flip5Galaxy Z _6d232a' is visible

28-05-2024T21:46:01 - [TEST_STEP][PASSED] - verifyElementText(findTestObject("Object Repository/DDV/Page_Didongviet.vn - in thoi, Tablet, ng h,_4e2c42/a_Samsung Chnh Hng"), "Samsung Chính Hãng"): Actual text and expected text of test object 'Object Repository/DDV/Page_Didongviet.vn - in thoi, Tablet, ng h,_4e2c42/a_Samsung Chnh Hng' are matched.

28-05-2024T21:46:03 - [MESSAGE][PASSED] - Actual text and expected text of test object 'Object Repository/DDV/Page_Didongviet.vn - in thoi, Tablet, ng h,_4e2c42/a_Samsung Chnh Hng' are matched.

28-05-2024T21:46:03 - [TEST_STEP][PASSED] - closeBrowser(): Browser is closed

28-05-2024T21:46:04 - [MESSAGE][PASSED] - Browser is closed]]></system-out>
         <system-err><![CDATA[]]></system-err>
      </testcase>
      <testcase name="Test Cases/DDV/check-show-room" time="14.431" classname="Test Cases/DDV/check-show-room" status="PASSED">
         <system-out><![CDATA[28-05-2024T21:46:04 - [TEST_CASE][PASSED] - Test Cases/DDV/check-show-room: Test Cases/DDV/check-show-room

28-05-2024T21:46:04 - [TEST_STEP][PASSED] - openBrowser(""): Browser is opened with url: ''

28-05-2024T21:46:04 - [MESSAGE][INFO] - Starting 'Chrome' driver

28-05-2024T21:46:04 - [MESSAGE][INFO] - Action delay is set to 0 milliseconds

28-05-2024T21:46:06 - [MESSAGE][PASSED] - Browser is opened with url: ''

28-05-2024T21:46:06 - [TEST_STEP][PASSED] - navigateToUrl("https://didongviet.vn/"): Navigate to 'https://didongviet.vn/' successfully

28-05-2024T21:46:06 - [MESSAGE][PASSED] - Navigate to 'https://didongviet.vn/' successfully

28-05-2024T21:46:06 - [TEST_STEP][PASSED] - verifyElementPresent(findTestObject("Object Repository/DDV/Page_Didongviet.vn - in thoi, Tablet, ng h,_4e2c42/div_iPhone VNA Chnh ThngiPhone 15 SeriesiPh_f6f959"), 0): Object 'Object Repository/DDV/Page_Didongviet.vn - in thoi, Tablet, ng h,_4e2c42/div_iPhone VNA Chnh ThngiPhone 15 SeriesiPh_f6f959' is present

28-05-2024T21:46:06 - [MESSAGE][WARNING] - Timeout '0' is invalid. Using default page load timeout: '30'

28-05-2024T21:46:16 - [MESSAGE][PASSED] - Object 'Object Repository/DDV/Page_Didongviet.vn - in thoi, Tablet, ng h,_4e2c42/div_iPhone VNA Chnh ThngiPhone 15 SeriesiPh_f6f959' is present

28-05-2024T21:46:16 - [TEST_STEP][PASSED] - verifyElementText(findTestObject("Object Repository/DDV/Page_Didongviet.vn - in thoi, Tablet, ng h,_4e2c42/a_iPhone VNA Chnh Thng"), "iPhone VN/A Chính Thống"): Actual text and expected text of test object 'Object Repository/DDV/Page_Didongviet.vn - in thoi, Tablet, ng h,_4e2c42/a_iPhone VNA Chnh Thng' are matched.

28-05-2024T21:46:17 - [MESSAGE][PASSED] - Actual text and expected text of test object 'Object Repository/DDV/Page_Didongviet.vn - in thoi, Tablet, ng h,_4e2c42/a_iPhone VNA Chnh Thng' are matched.

28-05-2024T21:46:17 - [TEST_STEP][PASSED] - closeBrowser(): Browser is closed

28-05-2024T21:46:18 - [MESSAGE][PASSED] - Browser is closed]]></system-out>
         <system-err><![CDATA[]]></system-err>
      </testcase>
      <system-out><![CDATA[28-05-2024T21:44:14 - [TEST_SUITE][PASSED] - ddv-suites: Test Cases/DDV/check-show-room]]></system-out>
      <system-err><![CDATA[]]></system-err>
   </testsuite>
   <testsuite name="all-kbb" tests="15" failures="2" errors="0" time="573.807" skipped="0" timestamp="28-05-2024T21:44:19" hostname="ToanLa - DESKTOP-QSIPVT9" id="Test Suites/KBB/all-kbb">
      <properties>
         <property name="deviceName" value=""/>
         <property name="devicePlatform" value=""/>
         <property name="logFolder" value="C:\\Users\\ToanLa\\git\\katalon\\Reports\\20240528_214204\\KBB\\all-kbb\\20240528_214227"/>
         <property name="logFiles" value="C:\\Users\\ToanLa\\git\\katalon\\Reports\\20240528_214204\\KBB\\all-kbb\\20240528_214227\\execution0.log"/>
         <property name="attachments" value="C:\\Users\\ToanLa\\git\\katalon\\Reports\\20240528_214204\\KBB\\all-kbb\\20240528_214227\\1716907693956.png, C:\\Users\\ToanLa\\git\\katalon\\Reports\\20240528_214204\\KBB\\all-kbb\\20240528_214227\\1716907694518.png, C:\\Users\\ToanLa\\git\\katalon\\Reports\\20240528_214204\\KBB\\all-kbb\\20240528_214227\\1716907801382.png, C:\\Users\\ToanLa\\git\\katalon\\Reports\\20240528_214204\\KBB\\all-kbb\\20240528_214227\\1716907802195.png, C:\\Users\\ToanLa\\git\\katalon\\Reports\\20240528_214204\\KBB\\all-kbb\\20240528_214227\\1716907858621.png, C:\\Users\\ToanLa\\git\\katalon\\Reports\\20240528_214204\\KBB\\all-kbb\\20240528_214227\\1716907859636.png, C:\\Users\\ToanLa\\git\\katalon\\Reports\\20240528_214204\\KBB\\all-kbb\\20240528_214227\\1716907948379.png, C:\\Users\\ToanLa\\git\\katalon\\Reports\\20240528_214204\\KBB\\all-kbb\\20240528_214227\\1716907948844.png, C:\\Users\\ToanLa\\git\\katalon\\Reports\\20240528_214204\\KBB\\all-kbb\\20240528_214227\\1716907970490.png, C:\\Users\\ToanLa\\git\\katalon\\Reports\\20240528_214204\\KBB\\all-kbb\\20240528_214227\\1716907973665.png, C:\\Users\\ToanLa\\git\\katalon\\Reports\\20240528_214204\\KBB\\all-kbb\\20240528_214227\\1716907992664.png, C:\\Users\\ToanLa\\git\\katalon\\Reports\\20240528_214204\\KBB\\all-kbb\\20240528_214227\\1716907993586.png, C:\\Users\\ToanLa\\git\\katalon\\Reports\\20240528_214204\\KBB\\all-kbb\\20240528_214227\\1716908010544.png, C:\\Users\\ToanLa\\git\\katalon\\Reports\\20240528_214204\\KBB\\all-kbb\\20240528_214227\\1716908011681.png"/>
         <property name="hostName" value="ToanLa - DESKTOP-QSIPVT9"/>
         <property name="os" value="Windows 11 64bit"/>
         <property name="katalonVersion" value="9.4.0.212"/>
         <property name="browser" value="Chrome 125.0.0.0"/>
         <property name="hostAddress" value="192.168.1.8"/>
         <property name="sessionId" value="eeb05cbb62659ffc6782553f64587063"/>
         <property name="seleniumVersion" value="3.141.59"/>
         <property name="proxyInformation" value="ProxyInformation { proxyOption=NO_PROXY, proxyServerType=HTTP, username=, password=********, proxyServerAddress=, proxyServerPort=0, executionList=&quot;&quot;, isApplyToDesiredCapabilities=true }"/>
         <property name="platform" value="Windows 11"/>
      </properties>
      <testcase name="Test Cases/KBB/check-connections" time="21.852" classname="Test Cases/KBB/check-connections" status="PASSED">
         <system-out><![CDATA[28-05-2024T21:44:19 - [TEST_CASE][PASSED] - Test Cases/KBB/check-connections: Test Cases/KBB/check-connections

28-05-2024T21:44:20 - [TEST_STEP][PASSED] - openBrowser(""): Browser is opened with url: ''

28-05-2024T21:44:21 - [MESSAGE][INFO] - Starting 'Chrome' driver

28-05-2024T21:44:21 - [MESSAGE][INFO] - Action delay is set to 0 milliseconds

28-05-2024T21:44:25 - [MESSAGE][PASSED] - Browser is opened with url: ''

28-05-2024T21:44:25 - [TEST_STEP][PASSED] - navigateToUrl("https://www.kbb.com/"): Navigate to 'https://www.kbb.com/' successfully

28-05-2024T21:44:27 - [MESSAGE][PASSED] - Navigate to 'https://www.kbb.com/' successfully

28-05-2024T21:44:27 - [TEST_STEP][PASSED] - scrollToPosition(0, 0): Browser is scrolled to position x = 0, y = 0

28-05-2024T21:44:35 - [MESSAGE][PASSED] - Browser is scrolled to position x = 0, y = 0

28-05-2024T21:44:35 - [TEST_STEP][PASSED] - verifyElementVisible(findTestObject("Object Repository/Page_Kelley Blue Book  New and Used Car Pri_e90311/div_FacebookTwitterRSSLinkedInYouTube 1995-_981592")): Object 'Object Repository/Page_Kelley Blue Book  New and Used Car Pri_e90311/div_FacebookTwitterRSSLinkedInYouTube 1995-_981592' is visible

28-05-2024T21:44:40 - [MESSAGE][PASSED] - Object 'Object Repository/Page_Kelley Blue Book  New and Used Car Pri_e90311/div_FacebookTwitterRSSLinkedInYouTube 1995-_981592' is visible

28-05-2024T21:44:40 - [TEST_STEP][PASSED] - closeBrowser(): Browser is closed

28-05-2024T21:44:41 - [MESSAGE][PASSED] - Browser is closed]]></system-out>
         <system-err><![CDATA[]]></system-err>
      </testcase>
      <testcase name="Test Cases/KBB/check_button_3" time="20.527" classname="Test Cases/KBB/check_button_3" status="PASSED">
         <system-out><![CDATA[28-05-2024T21:44:41 - [TEST_CASE][PASSED] - Test Cases/KBB/check_button_3: Test Cases/KBB/check_button_3

28-05-2024T21:44:41 - [TEST_STEP][PASSED] - openBrowser(""): Browser is opened with url: ''

28-05-2024T21:44:41 - [MESSAGE][INFO] - Starting 'Chrome' driver

28-05-2024T21:44:41 - [MESSAGE][INFO] - Action delay is set to 0 milliseconds

28-05-2024T21:44:43 - [MESSAGE][PASSED] - Browser is opened with url: ''

28-05-2024T21:44:43 - [TEST_STEP][PASSED] - navigateToUrl("https://www.kbb.com/"): Navigate to 'https://www.kbb.com/' successfully

28-05-2024T21:44:55 - [MESSAGE][PASSED] - Navigate to 'https://www.kbb.com/' successfully

28-05-2024T21:44:55 - [TEST_STEP][PASSED] - verifyElementText(findTestObject("Object Repository/KBB/Page_Kelley Blue Book  New and Used Car Pri_e90311/h2_Shop Best Cars"), "Shop Best Cars"): Actual text and expected text of test object 'Object Repository/KBB/Page_Kelley Blue Book  New and Used Car Pri_e90311/h2_Shop Best Cars' are matched.

28-05-2024T21:45:00 - [MESSAGE][PASSED] - Actual text and expected text of test object 'Object Repository/KBB/Page_Kelley Blue Book  New and Used Car Pri_e90311/h2_Shop Best Cars' are matched.

28-05-2024T21:45:00 - [TEST_STEP][PASSED] - closeBrowser(): Browser is closed

28-05-2024T21:45:02 - [MESSAGE][PASSED] - Browser is closed]]></system-out>
         <system-err><![CDATA[]]></system-err>
      </testcase>
      <testcase name="Test Cases/KBB/click-about-us" time="18.755" classname="Test Cases/KBB/click-about-us" status="PASSED">
         <system-out><![CDATA[28-05-2024T21:45:02 - [TEST_CASE][PASSED] - Test Cases/KBB/click-about-us: Test Cases/KBB/click-about-us

28-05-2024T21:45:02 - [TEST_STEP][PASSED] - openBrowser(""): Browser is opened with url: ''

28-05-2024T21:45:02 - [MESSAGE][INFO] - Starting 'Chrome' driver

28-05-2024T21:45:02 - [MESSAGE][INFO] - Action delay is set to 0 milliseconds

28-05-2024T21:45:03 - [MESSAGE][PASSED] - Browser is opened with url: ''

28-05-2024T21:45:03 - [TEST_STEP][PASSED] - navigateToUrl("https://www.kbb.com/"): Navigate to 'https://www.kbb.com/' successfully

28-05-2024T21:45:14 - [MESSAGE][PASSED] - Navigate to 'https://www.kbb.com/' successfully

28-05-2024T21:45:14 - [TEST_STEP][PASSED] - scrollToPosition(9999999, 9999999): Browser is scrolled to position x = 9999999, y = 9999999

28-05-2024T21:45:14 - [MESSAGE][PASSED] - Browser is scrolled to position x = 9999999, y = 9999999

28-05-2024T21:45:14 - [TEST_STEP][PASSED] - click(findTestObject("Object Repository/Page_Kelley Blue Book  New and Used Car Pri_e90311/a_About Us")): Object: 'Object Repository/Page_Kelley Blue Book  New and Used Car Pri_e90311/a_About Us' is clicked on

28-05-2024T21:45:19 - [MESSAGE][PASSED] - Object: 'Object Repository/Page_Kelley Blue Book  New and Used Car Pri_e90311/a_About Us' is clicked on

28-05-2024T21:45:19 - [TEST_STEP][PASSED] - closeBrowser(): Browser is closed

28-05-2024T21:45:20 - [MESSAGE][PASSED] - Browser is closed]]></system-out>
         <system-err><![CDATA[]]></system-err>
      </testcase>
      <testcase name="Test Cases/KBB/click-careers" time="52.979" classname="Test Cases/KBB/click-careers" status="PASSED">
         <system-out><![CDATA[28-05-2024T21:45:20 - [TEST_CASE][PASSED] - Test Cases/KBB/click-careers: Test Cases/KBB/click-careers

28-05-2024T21:45:21 - [TEST_STEP][PASSED] - openBrowser(""): Browser is opened with url: ''

28-05-2024T21:45:21 - [MESSAGE][INFO] - Starting 'Chrome' driver

28-05-2024T21:45:21 - [MESSAGE][INFO] - Action delay is set to 0 milliseconds

28-05-2024T21:45:24 - [MESSAGE][PASSED] - Browser is opened with url: ''

28-05-2024T21:45:24 - [TEST_STEP][PASSED] - navigateToUrl("https://www.kbb.com/"): Navigate to 'https://www.kbb.com/' successfully

28-05-2024T21:46:03 - [MESSAGE][PASSED] - Navigate to 'https://www.kbb.com/' successfully

28-05-2024T21:46:03 - [TEST_STEP][PASSED] - scrollToPosition(9999999, 9999999): Browser is scrolled to position x = 9999999, y = 9999999

28-05-2024T21:46:03 - [MESSAGE][PASSED] - Browser is scrolled to position x = 9999999, y = 9999999

28-05-2024T21:46:03 - [TEST_STEP][PASSED] - click(findTestObject("Object Repository/Page_Kelley Blue Book  New and Used Car Pri_e90311/a_Do Not Sell My Personal Information")): Object: 'Object Repository/Page_Kelley Blue Book  New and Used Car Pri_e90311/a_Do Not Sell My Personal Information' is clicked on

28-05-2024T21:46:12 - [MESSAGE][PASSED] - Object: 'Object Repository/Page_Kelley Blue Book  New and Used Car Pri_e90311/a_Do Not Sell My Personal Information' is clicked on

28-05-2024T21:46:12 - [TEST_STEP][PASSED] - closeBrowser(): Browser is closed

28-05-2024T21:46:13 - [MESSAGE][PASSED] - Browser is closed]]></system-out>
         <system-err><![CDATA[]]></system-err>
      </testcase>
      <testcase name="Test Cases/KBB/click-privacy" time="19.536" classname="Test Cases/KBB/click-privacy" status="PASSED">
         <system-out><![CDATA[28-05-2024T21:46:13 - [TEST_CASE][PASSED] - Test Cases/KBB/click-privacy: Test Cases/KBB/click-privacy

28-05-2024T21:46:14 - [TEST_STEP][PASSED] - openBrowser(""): Browser is opened with url: ''

28-05-2024T21:46:14 - [MESSAGE][INFO] - Starting 'Chrome' driver

28-05-2024T21:46:14 - [MESSAGE][INFO] - Action delay is set to 0 milliseconds

28-05-2024T21:46:16 - [MESSAGE][PASSED] - Browser is opened with url: ''

28-05-2024T21:46:16 - [TEST_STEP][PASSED] - navigateToUrl("https://www.kbb.com/"): Navigate to 'https://www.kbb.com/' successfully

28-05-2024T21:46:26 - [MESSAGE][PASSED] - Navigate to 'https://www.kbb.com/' successfully

28-05-2024T21:46:26 - [TEST_STEP][PASSED] - scrollToPosition(0, 0): Browser is scrolled to position x = 0, y = 0

28-05-2024T21:46:26 - [MESSAGE][PASSED] - Browser is scrolled to position x = 0, y = 0

28-05-2024T21:46:26 - [TEST_STEP][PASSED] - click(findTestObject("Object Repository/Page_Kelley Blue Book  New and Used Car Pri_e90311/a_Do Not Process My Sensitive Information")): Object: 'Object Repository/Page_Kelley Blue Book  New and Used Car Pri_e90311/a_Do Not Process My Sensitive Information' is clicked on

28-05-2024T21:46:32 - [MESSAGE][PASSED] - Object: 'Object Repository/Page_Kelley Blue Book  New and Used Car Pri_e90311/a_Do Not Process My Sensitive Information' is clicked on

28-05-2024T21:46:32 - [TEST_STEP][PASSED] - closeBrowser(): Browser is closed

28-05-2024T21:46:33 - [MESSAGE][PASSED] - Browser is closed]]></system-out>
         <system-err><![CDATA[]]></system-err>
      </testcase>
      <testcase name="Test Cases/KBB/test-copyright" time="18.251" classname="Test Cases/KBB/test-copyright" status="PASSED">
         <system-out><![CDATA[28-05-2024T21:46:33 - [TEST_CASE][PASSED] - Test Cases/KBB/test-copyright: Test Cases/KBB/test-copyright

28-05-2024T21:46:33 - [TEST_STEP][PASSED] - openBrowser(""): Browser is opened with url: ''

28-05-2024T21:46:33 - [MESSAGE][INFO] - Starting 'Chrome' driver

28-05-2024T21:46:33 - [MESSAGE][INFO] - Action delay is set to 0 milliseconds

28-05-2024T21:46:34 - [MESSAGE][PASSED] - Browser is opened with url: ''

28-05-2024T21:46:34 - [TEST_STEP][PASSED] - navigateToUrl("https://www.kbb.com/"): Navigate to 'https://www.kbb.com/' successfully

28-05-2024T21:46:47 - [MESSAGE][PASSED] - Navigate to 'https://www.kbb.com/' successfully

28-05-2024T21:46:47 - [TEST_STEP][PASSED] - scrollToPosition(9999999, 9999999): Browser is scrolled to position x = 9999999, y = 9999999

28-05-2024T21:46:48 - [MESSAGE][PASSED] - Browser is scrolled to position x = 9999999, y = 9999999

28-05-2024T21:46:48 - [TEST_STEP][PASSED] - verifyElementVisible(findTestObject("Object Repository/Page_Kelley Blue Book  New and Used Car Pri_e90311/div_FAQContact UsDo Not Sell My Personal In_2db4c4")): Object 'Object Repository/Page_Kelley Blue Book  New and Used Car Pri_e90311/div_FAQContact UsDo Not Sell My Personal In_2db4c4' is visible

28-05-2024T21:46:50 - [MESSAGE][PASSED] - Object 'Object Repository/Page_Kelley Blue Book  New and Used Car Pri_e90311/div_FAQContact UsDo Not Sell My Personal In_2db4c4' is visible

28-05-2024T21:46:50 - [TEST_STEP][PASSED] - closeBrowser(): Browser is closed

28-05-2024T21:46:51 - [MESSAGE][PASSED] - Browser is closed]]></system-out>
         <system-err><![CDATA[]]></system-err>
      </testcase>
      <testcase name="Test Cases/KBB/test-licking-footer" time="20.514" classname="Test Cases/KBB/test-licking-footer" status="PASSED">
         <system-out><![CDATA[28-05-2024T21:46:51 - [TEST_CASE][PASSED] - Test Cases/KBB/test-licking-footer: Test Cases/KBB/test-licking-footer

28-05-2024T21:46:52 - [TEST_STEP][PASSED] - openBrowser(""): Browser is opened with url: ''

28-05-2024T21:46:52 - [MESSAGE][INFO] - Starting 'Chrome' driver

28-05-2024T21:46:52 - [MESSAGE][INFO] - Action delay is set to 0 milliseconds

28-05-2024T21:46:54 - [MESSAGE][PASSED] - Browser is opened with url: ''

28-05-2024T21:46:54 - [TEST_STEP][PASSED] - navigateToUrl("https://www.kbb.com/"): Navigate to 'https://www.kbb.com/' successfully

28-05-2024T21:46:55 - [MESSAGE][PASSED] - Navigate to 'https://www.kbb.com/' successfully

28-05-2024T21:46:55 - [TEST_STEP][PASSED] - scrollToPosition(9999999, 9999999): Browser is scrolled to position x = 9999999, y = 9999999

28-05-2024T21:46:59 - [MESSAGE][PASSED] - Browser is scrolled to position x = 9999999, y = 9999999

28-05-2024T21:46:59 - [TEST_STEP][PASSED] - click(findTestObject("Object Repository/Page_Kelley Blue Book  New and Used Car Pri_e90311/a_Contact Us")): Object: 'Object Repository/Page_Kelley Blue Book  New and Used Car Pri_e90311/a_Contact Us' is clicked on

28-05-2024T21:47:11 - [MESSAGE][PASSED] - Object: 'Object Repository/Page_Kelley Blue Book  New and Used Car Pri_e90311/a_Contact Us' is clicked on

28-05-2024T21:47:11 - [TEST_STEP][PASSED] - closeBrowser(): Browser is closed

28-05-2024T21:47:12 - [MESSAGE][PASSED] - Browser is closed]]></system-out>
         <system-err><![CDATA[]]></system-err>
      </testcase>
      <testcase name="Test Cases/KBB/test_button_4" time="19.001" classname="Test Cases/KBB/test_button_4" status="PASSED">
         <system-out><![CDATA[28-05-2024T21:47:12 - [TEST_CASE][PASSED] - Test Cases/KBB/test_button_4: Test Cases/KBB/test_button_4

28-05-2024T21:47:12 - [TEST_STEP][PASSED] - openBrowser(""): Browser is opened with url: ''

28-05-2024T21:47:12 - [MESSAGE][INFO] - Starting 'Chrome' driver

28-05-2024T21:47:12 - [MESSAGE][INFO] - Action delay is set to 0 milliseconds

28-05-2024T21:47:13 - [MESSAGE][PASSED] - Browser is opened with url: ''

28-05-2024T21:47:13 - [TEST_STEP][PASSED] - navigateToUrl("https://www.kbb.com/"): Navigate to 'https://www.kbb.com/' successfully

28-05-2024T21:47:25 - [MESSAGE][PASSED] - Navigate to 'https://www.kbb.com/' successfully

28-05-2024T21:47:25 - [TEST_STEP][PASSED] - scrollToPosition(9999999, 9999999): Browser is scrolled to position x = 9999999, y = 9999999

28-05-2024T21:47:25 - [MESSAGE][PASSED] - Browser is scrolled to position x = 9999999, y = 9999999

28-05-2024T21:47:25 - [TEST_STEP][PASSED] - verifyElementText(findTestObject("Object Repository/Page_Kelley Blue Book  New and Used Car Pri_e90311/h2_Your Car Guide"), "Your Car Guide"): Actual text and expected text of test object 'Object Repository/Page_Kelley Blue Book  New and Used Car Pri_e90311/h2_Your Car Guide' are matched.

28-05-2024T21:47:30 - [MESSAGE][PASSED] - Actual text and expected text of test object 'Object Repository/Page_Kelley Blue Book  New and Used Car Pri_e90311/h2_Your Car Guide' are matched.

28-05-2024T21:47:30 - [TEST_STEP][PASSED] - closeBrowser(): Browser is closed

28-05-2024T21:47:31 - [MESSAGE][PASSED] - Browser is closed]]></system-out>
         <system-err><![CDATA[]]></system-err>
      </testcase>
      <testcase name="Test Cases/KBB/test_click-button-1" time="57.312" classname="Test Cases/KBB/test_click-button-1" status="FAILED">
         <failure type="FAILED" message="Test Cases/KBB/test_click-button-1 FAILED.&#xa;Reason:&#xa;com.kms.katalon.core.exception.StepFailedException: Verify element text of test object 'Object Repository/KBB/Page_Kelley Blue Book  New and Used Car Pri_e90311/h2_New Cars by Make' FAILED.&#xa;	at com.kms.katalon.core.webui.keyword.internal.WebUIKeywordMain.stepFailed(WebUIKeywordMain.groovy:64)&#xa;	at com.kms.katalon.core.webui.keyword.internal.WebUIKeywordMain.runKeyword(WebUIKeywordMain.groovy:26)&#xa;	at com.kms.katalon.core.webui.keyword.builtin.VerifyElementTextKeyword.verifyElementText(VerifyElementTextKeyword.groovy:72)&#xa;	at com.kms.katalon.core.webui.keyword.builtin.VerifyElementTextKeyword.execute(VerifyElementTextKeyword.groovy:40)&#xa;	at com.kms.katalon.core.keyword.internal.KeywordExecutor.executeKeywordForPlatform(KeywordExecutor.groovy:74)&#xa;	at com.kms.katalon.core.webui.keyword.WebUiBuiltInKeywords.verifyElementText(WebUiBuiltInKeywords.groovy:4835)&#xa;	at test_click-button-1.run(test_click-button-1:24)&#xa;	at com.kms.katalon.core.main.ScriptEngine.run(ScriptEngine.java:194)&#xa;	at com.kms.katalon.core.main.ScriptEngine.runScriptAsRawText(ScriptEngine.java:119)&#xa;	at com.kms.katalon.core.main.TestCaseExecutor.runScript(TestCaseExecutor.java:448)&#xa;	at com.kms.katalon.core.main.TestCaseExecutor.doExecute(TestCaseExecutor.java:439)&#xa;	at com.kms.katalon.core.main.TestCaseExecutor.processExecutionPhase(TestCaseExecutor.java:418)&#xa;	at com.kms.katalon.core.main.TestCaseExecutor.accessMainPhase(TestCaseExecutor.java:410)&#xa;	at com.kms.katalon.core.main.TestCaseExecutor.execute(TestCaseExecutor.java:285)&#xa;	at com.kms.katalon.core.main.TestCaseExecutor.execute(TestCaseExecutor.java:369)&#xa;	at com.kms.katalon.core.main.TestCaseExecutor.execute(TestCaseExecutor.java:369)&#xa;	at com.kms.katalon.core.main.TestCaseExecutor.execute(TestCaseExecutor.java:369)&#xa;	at com.kms.katalon.core.common.CommonExecutor.accessTestCaseMainPhase(CommonExecutor.java:65)&#xa;	at com.kms.katalon.core.main.TestSuiteExecutor.accessTestSuiteMainPhase(TestSuiteExecutor.java:150)&#xa;	at com.kms.katalon.core.main.TestSuiteExecutor.execute(TestSuiteExecutor.java:106)&#xa;	at com.kms.katalon.core.main.TestCaseMain.startTestSuite(TestCaseMain.java:180)&#xa;	at TempTestSuite1716907347330.run(TempTestSuite1716907347330.groovy:35)&#xa;	at java.base/jdk.internal.reflect.NativeMethodAccessorImpl.invoke0(Native Method)&#xa;	at java.base/jdk.internal.reflect.NativeMethodAccessorImpl.invoke(NativeMethodAccessorImpl.java:77)&#xa;	at java.base/jdk.internal.reflect.DelegatingMethodAccessorImpl.invoke(DelegatingMethodAccessorImpl.java:43)&#xa;Caused by: com.kms.katalon.core.exception.StepFailedException: com.kms.katalon.core.webui.exception.WebElementNotFoundException: Web element with id: 'Object Repository/KBB/Page_Kelley Blue Book  New and Used Car Pri_e90311/h2_New Cars by Make' located by '//main[@id='content']/div[4]/div/div/div/div/h2' not found&#xa;	at com.kms.katalon.core.webui.keyword.internal.WebUIKeywordMain.stepFailed(WebUIKeywordMain.groovy:64)&#xa;	at com.kms.katalon.core.webui.keyword.builtin.VerifyElementTextKeyword$_verifyElementText_closure1.doCall(VerifyElementTextKeyword.groovy:64)&#xa;	at com.kms.katalon.core.webui.keyword.builtin.VerifyElementTextKeyword$_verifyElementText_closure1.call(VerifyElementTextKeyword.groovy)&#xa;	at com.kms.katalon.core.webui.keyword.internal.WebUIKeywordMain.runKeyword(WebUIKeywordMain.groovy:20)&#xa;	... 23 more&#xa;"/>
         <system-out><![CDATA[28-05-2024T21:50:03 - [TEST_CASE][FAILED] - Test Cases/KBB/test_click-button-1: Test Cases/KBB/test_click-button-1 FAILED.
Reason:
com.kms.katalon.core.exception.StepFailedException: Verify element text of test object 'Object Repository/KBB/Page_Kelley Blue Book  New and Used Car Pri_e90311/h2_New Cars by Make' FAILED.
	at com.kms.katalon.core.webui.keyword.internal.WebUIKeywordMain.stepFailed(WebUIKeywordMain.groovy:64)
	at com.kms.katalon.core.webui.keyword.internal.WebUIKeywordMain.runKeyword(WebUIKeywordMain.groovy:26)
	at com.kms.katalon.core.webui.keyword.builtin.VerifyElementTextKeyword.verifyElementText(VerifyElementTextKeyword.groovy:72)
	at com.kms.katalon.core.webui.keyword.builtin.VerifyElementTextKeyword.execute(VerifyElementTextKeyword.groovy:40)
	at com.kms.katalon.core.keyword.internal.KeywordExecutor.executeKeywordForPlatform(KeywordExecutor.groovy:74)
	at com.kms.katalon.core.webui.keyword.WebUiBuiltInKeywords.verifyElementText(WebUiBuiltInKeywords.groovy:4835)
	at test_click-button-1.run(test_click-button-1:24)
	at com.kms.katalon.core.main.ScriptEngine.run(ScriptEngine.java:194)
	at com.kms.katalon.core.main.ScriptEngine.runScriptAsRawText(ScriptEngine.java:119)
	at com.kms.katalon.core.main.TestCaseExecutor.runScript(TestCaseExecutor.java:448)
	at com.kms.katalon.core.main.TestCaseExecutor.doExecute(TestCaseExecutor.java:439)
	at com.kms.katalon.core.main.TestCaseExecutor.processExecutionPhase(TestCaseExecutor.java:418)
	at com.kms.katalon.core.main.TestCaseExecutor.accessMainPhase(TestCaseExecutor.java:410)
	at com.kms.katalon.core.main.TestCaseExecutor.execute(TestCaseExecutor.java:285)
	at com.kms.katalon.core.main.TestCaseExecutor.execute(TestCaseExecutor.java:369)
	at com.kms.katalon.core.main.TestCaseExecutor.execute(TestCaseExecutor.java:369)
	at com.kms.katalon.core.main.TestCaseExecutor.execute(TestCaseExecutor.java:369)
	at com.kms.katalon.core.common.CommonExecutor.accessTestCaseMainPhase(CommonExecutor.java:65)
	at com.kms.katalon.core.main.TestSuiteExecutor.accessTestSuiteMainPhase(TestSuiteExecutor.java:150)
	at com.kms.katalon.core.main.TestSuiteExecutor.execute(TestSuiteExecutor.java:106)
	at com.kms.katalon.core.main.TestCaseMain.startTestSuite(TestCaseMain.java:180)
	at TempTestSuite1716907347330.run(TempTestSuite1716907347330.groovy:35)
	at java.base/jdk.internal.reflect.NativeMethodAccessorImpl.invoke0(Native Method)
	at java.base/jdk.internal.reflect.NativeMethodAccessorImpl.invoke(NativeMethodAccessorImpl.java:77)
	at java.base/jdk.internal.reflect.DelegatingMethodAccessorImpl.invoke(DelegatingMethodAccessorImpl.java:43)
Caused by: com.kms.katalon.core.exception.StepFailedException: com.kms.katalon.core.webui.exception.WebElementNotFoundException: Web element with id: 'Object Repository/KBB/Page_Kelley Blue Book  New and Used Car Pri_e90311/h2_New Cars by Make' located by '//main[@id='content']/div[4]/div/div/div/div/h2' not found
	at com.kms.katalon.core.webui.keyword.internal.WebUIKeywordMain.stepFailed(WebUIKeywordMain.groovy:64)
	at com.kms.katalon.core.webui.keyword.builtin.VerifyElementTextKeyword$_verifyElementText_closure1.doCall(VerifyElementTextKeyword.groovy:64)
	at com.kms.katalon.core.webui.keyword.builtin.VerifyElementTextKeyword$_verifyElementText_closure1.call(VerifyElementTextKeyword.groovy)
	at com.kms.katalon.core.webui.keyword.internal.WebUIKeywordMain.runKeyword(WebUIKeywordMain.groovy:20)
	... 23 more


28-05-2024T21:50:03 - [TEST_STEP][PASSED] - openBrowser(""): Browser is opened with url: ''

28-05-2024T21:50:03 - [MESSAGE][WARNING] - A browser is already opened. Closing browser and opening a new one

28-05-2024T21:50:04 - [MESSAGE][INFO] - Starting 'Chrome' driver

28-05-2024T21:50:04 - [MESSAGE][INFO] - Action delay is set to 0 milliseconds

28-05-2024T21:50:06 - [MESSAGE][PASSED] - Browser is opened with url: ''

28-05-2024T21:50:06 - [TEST_STEP][PASSED] - navigateToUrl("https://www.kbb.com/whats-my-car-worth/"): Navigate to 'https://www.kbb.com/whats-my-car-worth/' successfully

28-05-2024T21:50:18 - [MESSAGE][PASSED] - Navigate to 'https://www.kbb.com/whats-my-car-worth/' successfully

28-05-2024T21:50:18 - [TEST_STEP][FAILED] - verifyElementText(findTestObject("Object Repository/KBB/Page_Kelley Blue Book  New and Used Car Pri_e90311/h2_New Cars by Make"), "New Cars by Make"): Verify element text of test object 'Object Repository/KBB/Page_Kelley Blue Book  New and Used Car Pri_e90311/h2_New Cars by Make' FAILED. (Root cause: com.kms.katalon.core.exception.StepFailedException: Verify element text of test object 'Object Repository/KBB/Page_Kelley Blue Book  New and Used Car Pri_e90311/h2_New Cars by Make' FAILED.
	at com.kms.katalon.core.webui.keyword.internal.WebUIKeywordMain.stepFailed(WebUIKeywordMain.groovy:64)
	at com.kms.katalon.core.webui.keyword.internal.WebUIKeywordMain.runKeyword(WebUIKeywordMain.groovy:26)
	at com.kms.katalon.core.webui.keyword.builtin.VerifyElementTextKeyword.verifyElementText(VerifyElementTextKeyword.groovy:72)
	at com.kms.katalon.core.webui.keyword.builtin.VerifyElementTextKeyword.execute(VerifyElementTextKeyword.groovy:40)
	at com.kms.katalon.core.keyword.internal.KeywordExecutor.executeKeywordForPlatform(KeywordExecutor.groovy:74)
	at com.kms.katalon.core.webui.keyword.WebUiBuiltInKeywords.verifyElementText(WebUiBuiltInKeywords.groovy:4835)
	at test_click-button-1.run(test_click-button-1:24)
	at com.kms.katalon.core.main.ScriptEngine.run(ScriptEngine.java:194)
	at com.kms.katalon.core.main.ScriptEngine.runScriptAsRawText(ScriptEngine.java:119)
	at com.kms.katalon.core.main.TestCaseExecutor.runScript(TestCaseExecutor.java:448)
	at com.kms.katalon.core.main.TestCaseExecutor.doExecute(TestCaseExecutor.java:439)
	at com.kms.katalon.core.main.TestCaseExecutor.processExecutionPhase(TestCaseExecutor.java:418)
	at com.kms.katalon.core.main.TestCaseExecutor.accessMainPhase(TestCaseExecutor.java:410)
	at com.kms.katalon.core.main.TestCaseExecutor.execute(TestCaseExecutor.java:285)
	at com.kms.katalon.core.main.TestCaseExecutor.execute(TestCaseExecutor.java:369)
	at com.kms.katalon.core.main.TestCaseExecutor.execute(TestCaseExecutor.java:369)
	at com.kms.katalon.core.main.TestCaseExecutor.execute(TestCaseExecutor.java:369)
	at com.kms.katalon.core.common.CommonExecutor.accessTestCaseMainPhase(CommonExecutor.java:65)
	at com.kms.katalon.core.main.TestSuiteExecutor.accessTestSuiteMainPhase(TestSuiteExecutor.java:150)
	at com.kms.katalon.core.main.TestSuiteExecutor.execute(TestSuiteExecutor.java:106)
	at com.kms.katalon.core.main.TestCaseMain.startTestSuite(TestCaseMain.java:180)
	at TempTestSuite1716907347330.run(TempTestSuite1716907347330.groovy:35)
	at java.base/jdk.internal.reflect.NativeMethodAccessorImpl.invoke0(Native Method)
	at java.base/jdk.internal.reflect.NativeMethodAccessorImpl.invoke(NativeMethodAccessorImpl.java:77)
	at java.base/jdk.internal.reflect.DelegatingMethodAccessorImpl.invoke(DelegatingMethodAccessorImpl.java:43)
Caused by: com.kms.katalon.core.exception.StepFailedException: com.kms.katalon.core.webui.exception.WebElementNotFoundException: Web element with id: 'Object Repository/KBB/Page_Kelley Blue Book  New and Used Car Pri_e90311/h2_New Cars by Make' located by '//main[@id='content']/div[4]/div/div/div/div/h2' not found
	at com.kms.katalon.core.webui.keyword.internal.WebUIKeywordMain.stepFailed(WebUIKeywordMain.groovy:64)
	at com.kms.katalon.core.webui.keyword.builtin.VerifyElementTextKeyword$_verifyElementText_closure1.doCall(VerifyElementTextKeyword.groovy:64)
	at com.kms.katalon.core.webui.keyword.builtin.VerifyElementTextKeyword$_verifyElementText_closure1.call(VerifyElementTextKeyword.groovy)
	at com.kms.katalon.core.webui.keyword.internal.WebUIKeywordMain.runKeyword(WebUIKeywordMain.groovy:20)
	... 23 more
)

28-05-2024T21:50:50 - [MESSAGE][INFO] - Unable to find the element located by 'By.xpath: //main[@id='content']/div[4]/div/div/div/div/h2'. Please recheck the objects properties to make sure the desired element is located. 

28-05-2024T21:50:50 - [MESSAGE][WARNING] - [SELF-HEALING] Failed to find element with id 'Object Repository/KBB/Page_Kelley Blue Book  New and Used Car Pri_e90311/h2_New Cars by Make'. Try using Self-healing.

28-05-2024T21:50:50 - [MESSAGE][INFO] - [SELF-HEALING] Failed Locator: '//main[@id='content']/div[4]/div/div/div/div/h2'.

28-05-2024T21:50:51 - [MESSAGE][INFO] - [SELF-HEALING] Failed Locator: '(.//*[normalize-space(text()) and normalize-space(.)='Best Fullsize Trucks'])[2]/following::h2[1]'.

28-05-2024T21:50:52 - [MESSAGE][INFO] - [SELF-HEALING] Failed Locator: '(.//*[normalize-space(text()) and normalize-space(.)='Best Fullsize SUVs'])[2]/following::h2[1]'.

28-05-2024T21:50:52 - [MESSAGE][INFO] - [SELF-HEALING] Failed Locator: '(.//*[normalize-space(text()) and normalize-space(.)='Filter by Make'])[1]/preceding::h2[1]'.

28-05-2024T21:50:52 - [MESSAGE][INFO] - [SELF-HEALING] Failed Locator: '(.//*[normalize-space(text()) and normalize-space(.)='Recommended for You'])[2]/preceding::h2[1]'.

28-05-2024T21:50:53 - [MESSAGE][INFO] - [SELF-HEALING] Failed Locator: '//*/text()[normalize-space(.)='New Cars by Make']/parent::*'.

28-05-2024T21:50:53 - [MESSAGE][INFO] - [SELF-HEALING] Failed Locator: '//div[4]/div/div/div/div/h2'.

28-05-2024T21:50:54 - [MESSAGE][INFO] - [SELF-HEALING] Failed Locator: '//h2[(text() = 'New Cars by Make' or . = 'New Cars by Make')]'.

28-05-2024T21:50:56 - [MESSAGE][INFO] - Unable to find the element located by 'By.xpath: //*[(text() = 'New Cars by Make' or . = 'New Cars by Make')]'. Please recheck the objects properties to make sure the desired element is located. 

28-05-2024T21:50:58 - [MESSAGE][INFO] - Unable to find the element located by 'By.cssSelector: div.css-1hjysog.ej71frw1 > h2.css-1eagefn.e148eed12'. Please recheck the objects properties to make sure the desired element is located. 

28-05-2024T21:50:59 - [MESSAGE][FAILED] - com.kms.katalon.core.webui.exception.WebElementNotFoundException: Web element with id: 'Object Repository/KBB/Page_Kelley Blue Book  New and Used Car Pri_e90311/h2_New Cars by Make' located by '//main[@id='content']/div[4]/div/div/div/div/h2' not found (Root cause: com.kms.katalon.core.exception.StepFailedException: com.kms.katalon.core.webui.exception.WebElementNotFoundException: Web element with id: 'Object Repository/KBB/Page_Kelley Blue Book  New and Used Car Pri_e90311/h2_New Cars by Make' located by '//main[@id='content']/div[4]/div/div/div/div/h2' not found
	at com.kms.katalon.core.webui.keyword.internal.WebUIKeywordMain.stepFailed(WebUIKeywordMain.groovy:64)
	at com.kms.katalon.core.webui.keyword.builtin.VerifyElementTextKeyword$_verifyElementText_closure1.doCall(VerifyElementTextKeyword.groovy:64)
	at com.kms.katalon.core.webui.keyword.builtin.VerifyElementTextKeyword$_verifyElementText_closure1.call(VerifyElementTextKeyword.groovy)
	at com.kms.katalon.core.webui.keyword.internal.WebUIKeywordMain.runKeyword(WebUIKeywordMain.groovy:20)
	at com.kms.katalon.core.webui.keyword.builtin.VerifyElementTextKeyword.verifyElementText(VerifyElementTextKeyword.groovy:72)
	at com.kms.katalon.core.webui.keyword.builtin.VerifyElementTextKeyword.execute(VerifyElementTextKeyword.groovy:40)
	at com.kms.katalon.core.keyword.internal.KeywordExecutor.executeKeywordForPlatform(KeywordExecutor.groovy:74)
	at com.kms.katalon.core.webui.keyword.WebUiBuiltInKeywords.verifyElementText(WebUiBuiltInKeywords.groovy:4835)
	at test_click-button-1.run(test_click-button-1:24)
	at com.kms.katalon.core.main.ScriptEngine.run(ScriptEngine.java:194)
	at com.kms.katalon.core.main.ScriptEngine.runScriptAsRawText(ScriptEngine.java:119)
	at com.kms.katalon.core.main.TestCaseExecutor.runScript(TestCaseExecutor.java:448)
	at com.kms.katalon.core.main.TestCaseExecutor.doExecute(TestCaseExecutor.java:439)
	at com.kms.katalon.core.main.TestCaseExecutor.processExecutionPhase(TestCaseExecutor.java:418)
	at com.kms.katalon.core.main.TestCaseExecutor.accessMainPhase(TestCaseExecutor.java:410)
	at com.kms.katalon.core.main.TestCaseExecutor.execute(TestCaseExecutor.java:285)
	at com.kms.katalon.core.main.TestCaseExecutor.execute(TestCaseExecutor.java:369)
	at com.kms.katalon.core.main.TestCaseExecutor.execute(TestCaseExecutor.java:369)
	at com.kms.katalon.core.main.TestCaseExecutor.execute(TestCaseExecutor.java:369)
	at com.kms.katalon.core.common.CommonExecutor.accessTestCaseMainPhase(CommonExecutor.java:65)
	at com.kms.katalon.core.main.TestSuiteExecutor.accessTestSuiteMainPhase(TestSuiteExecutor.java:150)
	at com.kms.katalon.core.main.TestSuiteExecutor.execute(TestSuiteExecutor.java:106)
	at com.kms.katalon.core.main.TestCaseMain.startTestSuite(TestCaseMain.java:180)
	at TempTestSuite1716907347330.run(TempTestSuite1716907347330.groovy:35)
	at java.base/jdk.internal.reflect.NativeMethodAccessorImpl.invoke0(Native Method)
	at java.base/jdk.internal.reflect.NativeMethodAccessorImpl.invoke(NativeMethodAccessorImpl.java:77)
	at java.base/jdk.internal.reflect.DelegatingMethodAccessorImpl.invoke(DelegatingMethodAccessorImpl.java:43)
)
[[ATTACHMENT|C:\\Users\\ToanLa\\git\\katalon\\Reports\\20240528_214204\\KBB\\all-kbb\\20240528_214227\\1716907858621.png]]

28-05-2024T21:51:00 - [MESSAGE][FAILED] - Verify element text of test object 'Object Repository/KBB/Page_Kelley Blue Book  New and Used Car Pri_e90311/h2_New Cars by Make' FAILED. (Root cause: com.kms.katalon.core.exception.StepFailedException: Verify element text of test object 'Object Repository/KBB/Page_Kelley Blue Book  New and Used Car Pri_e90311/h2_New Cars by Make' FAILED.
	at com.kms.katalon.core.webui.keyword.internal.WebUIKeywordMain.stepFailed(WebUIKeywordMain.groovy:64)
	at com.kms.katalon.core.webui.keyword.internal.WebUIKeywordMain.runKeyword(WebUIKeywordMain.groovy:26)
	at com.kms.katalon.core.webui.keyword.builtin.VerifyElementTextKeyword.verifyElementText(VerifyElementTextKeyword.groovy:72)
	at com.kms.katalon.core.webui.keyword.builtin.VerifyElementTextKeyword.execute(VerifyElementTextKeyword.groovy:40)
	at com.kms.katalon.core.keyword.internal.KeywordExecutor.executeKeywordForPlatform(KeywordExecutor.groovy:74)
	at com.kms.katalon.core.webui.keyword.WebUiBuiltInKeywords.verifyElementText(WebUiBuiltInKeywords.groovy:4835)
	at test_click-button-1.run(test_click-button-1:24)
	at com.kms.katalon.core.main.ScriptEngine.run(ScriptEngine.java:194)
	at com.kms.katalon.core.main.ScriptEngine.runScriptAsRawText(ScriptEngine.java:119)
	at com.kms.katalon.core.main.TestCaseExecutor.runScript(TestCaseExecutor.java:448)
	at com.kms.katalon.core.main.TestCaseExecutor.doExecute(TestCaseExecutor.java:439)
	at com.kms.katalon.core.main.TestCaseExecutor.processExecutionPhase(TestCaseExecutor.java:418)
	at com.kms.katalon.core.main.TestCaseExecutor.accessMainPhase(TestCaseExecutor.java:410)
	at com.kms.katalon.core.main.TestCaseExecutor.execute(TestCaseExecutor.java:285)
	at com.kms.katalon.core.main.TestCaseExecutor.execute(TestCaseExecutor.java:369)
	at com.kms.katalon.core.main.TestCaseExecutor.execute(TestCaseExecutor.java:369)
	at com.kms.katalon.core.main.TestCaseExecutor.execute(TestCaseExecutor.java:369)
	at com.kms.katalon.core.common.CommonExecutor.accessTestCaseMainPhase(CommonExecutor.java:65)
	at com.kms.katalon.core.main.TestSuiteExecutor.accessTestSuiteMainPhase(TestSuiteExecutor.java:150)
	at com.kms.katalon.core.main.TestSuiteExecutor.execute(TestSuiteExecutor.java:106)
	at com.kms.katalon.core.main.TestCaseMain.startTestSuite(TestCaseMain.java:180)
	at TempTestSuite1716907347330.run(TempTestSuite1716907347330.groovy:35)
	at java.base/jdk.internal.reflect.NativeMethodAccessorImpl.invoke0(Native Method)
	at java.base/jdk.internal.reflect.NativeMethodAccessorImpl.invoke(NativeMethodAccessorImpl.java:77)
	at java.base/jdk.internal.reflect.DelegatingMethodAccessorImpl.invoke(DelegatingMethodAccessorImpl.java:43)
Caused by: com.kms.katalon.core.exception.StepFailedException: com.kms.katalon.core.webui.exception.WebElementNotFoundException: Web element with id: 'Object Repository/KBB/Page_Kelley Blue Book  New and Used Car Pri_e90311/h2_New Cars by Make' located by '//main[@id='content']/div[4]/div/div/div/div/h2' not found
	at com.kms.katalon.core.webui.keyword.internal.WebUIKeywordMain.stepFailed(WebUIKeywordMain.groovy:64)
	at com.kms.katalon.core.webui.keyword.builtin.VerifyElementTextKeyword$_verifyElementText_closure1.doCall(VerifyElementTextKeyword.groovy:64)
	at com.kms.katalon.core.webui.keyword.builtin.VerifyElementTextKeyword$_verifyElementText_closure1.call(VerifyElementTextKeyword.groovy)
	at com.kms.katalon.core.webui.keyword.internal.WebUIKeywordMain.runKeyword(WebUIKeywordMain.groovy:20)
	... 23 more
)
[[ATTACHMENT|C:\\Users\\ToanLa\\git\\katalon\\Reports\\20240528_214204\\KBB\\all-kbb\\20240528_214227\\1716907859636.png]]]]></system-out>
         <system-err><![CDATA[28-05-2024T21:50:03 - [TEST_CASE][FAILED] - Test Cases/KBB/test_click-button-1: Test Cases/KBB/test_click-button-1 FAILED.
Reason:
com.kms.katalon.core.exception.StepFailedException: Verify element text of test object 'Object Repository/KBB/Page_Kelley Blue Book  New and Used Car Pri_e90311/h2_New Cars by Make' FAILED.
	at com.kms.katalon.core.webui.keyword.internal.WebUIKeywordMain.stepFailed(WebUIKeywordMain.groovy:64)
	at com.kms.katalon.core.webui.keyword.internal.WebUIKeywordMain.runKeyword(WebUIKeywordMain.groovy:26)
	at com.kms.katalon.core.webui.keyword.builtin.VerifyElementTextKeyword.verifyElementText(VerifyElementTextKeyword.groovy:72)
	at com.kms.katalon.core.webui.keyword.builtin.VerifyElementTextKeyword.execute(VerifyElementTextKeyword.groovy:40)
	at com.kms.katalon.core.keyword.internal.KeywordExecutor.executeKeywordForPlatform(KeywordExecutor.groovy:74)
	at com.kms.katalon.core.webui.keyword.WebUiBuiltInKeywords.verifyElementText(WebUiBuiltInKeywords.groovy:4835)
	at test_click-button-1.run(test_click-button-1:24)
	at com.kms.katalon.core.main.ScriptEngine.run(ScriptEngine.java:194)
	at com.kms.katalon.core.main.ScriptEngine.runScriptAsRawText(ScriptEngine.java:119)
	at com.kms.katalon.core.main.TestCaseExecutor.runScript(TestCaseExecutor.java:448)
	at com.kms.katalon.core.main.TestCaseExecutor.doExecute(TestCaseExecutor.java:439)
	at com.kms.katalon.core.main.TestCaseExecutor.processExecutionPhase(TestCaseExecutor.java:418)
	at com.kms.katalon.core.main.TestCaseExecutor.accessMainPhase(TestCaseExecutor.java:410)
	at com.kms.katalon.core.main.TestCaseExecutor.execute(TestCaseExecutor.java:285)
	at com.kms.katalon.core.main.TestCaseExecutor.execute(TestCaseExecutor.java:369)
	at com.kms.katalon.core.main.TestCaseExecutor.execute(TestCaseExecutor.java:369)
	at com.kms.katalon.core.main.TestCaseExecutor.execute(TestCaseExecutor.java:369)
	at com.kms.katalon.core.common.CommonExecutor.accessTestCaseMainPhase(CommonExecutor.java:65)
	at com.kms.katalon.core.main.TestSuiteExecutor.accessTestSuiteMainPhase(TestSuiteExecutor.java:150)
	at com.kms.katalon.core.main.TestSuiteExecutor.execute(TestSuiteExecutor.java:106)
	at com.kms.katalon.core.main.TestCaseMain.startTestSuite(TestCaseMain.java:180)
	at TempTestSuite1716907347330.run(TempTestSuite1716907347330.groovy:35)
	at java.base/jdk.internal.reflect.NativeMethodAccessorImpl.invoke0(Native Method)
	at java.base/jdk.internal.reflect.NativeMethodAccessorImpl.invoke(NativeMethodAccessorImpl.java:77)
	at java.base/jdk.internal.reflect.DelegatingMethodAccessorImpl.invoke(DelegatingMethodAccessorImpl.java:43)
Caused by: com.kms.katalon.core.exception.StepFailedException: com.kms.katalon.core.webui.exception.WebElementNotFoundException: Web element with id: 'Object Repository/KBB/Page_Kelley Blue Book  New and Used Car Pri_e90311/h2_New Cars by Make' located by '//main[@id='content']/div[4]/div/div/div/div/h2' not found
	at com.kms.katalon.core.webui.keyword.internal.WebUIKeywordMain.stepFailed(WebUIKeywordMain.groovy:64)
	at com.kms.katalon.core.webui.keyword.builtin.VerifyElementTextKeyword$_verifyElementText_closure1.doCall(VerifyElementTextKeyword.groovy:64)
	at com.kms.katalon.core.webui.keyword.builtin.VerifyElementTextKeyword$_verifyElementText_closure1.call(VerifyElementTextKeyword.groovy)
	at com.kms.katalon.core.webui.keyword.internal.WebUIKeywordMain.runKeyword(WebUIKeywordMain.groovy:20)
	... 23 more]]></system-err>
      </testcase>
      <testcase name="Test Cases/KBB/test_click_button" time="24.971" classname="Test Cases/KBB/test_click_button" status="PASSED">
         <system-out><![CDATA[28-05-2024T21:51:00 - [TEST_CASE][PASSED] - Test Cases/KBB/test_click_button: Test Cases/KBB/test_click_button

28-05-2024T21:51:01 - [TEST_STEP][PASSED] - openBrowser(""): Browser is opened with url: ''

28-05-2024T21:51:01 - [MESSAGE][WARNING] - A browser is already opened. Closing browser and opening a new one

28-05-2024T21:51:02 - [MESSAGE][INFO] - Starting 'Chrome' driver

28-05-2024T21:51:02 - [MESSAGE][INFO] - Action delay is set to 0 milliseconds

28-05-2024T21:51:04 - [MESSAGE][PASSED] - Browser is opened with url: ''

28-05-2024T21:51:04 - [TEST_STEP][PASSED] - navigateToUrl("https://www.kbb.com/"): Navigate to 'https://www.kbb.com/' successfully

28-05-2024T21:51:19 - [MESSAGE][PASSED] - Navigate to 'https://www.kbb.com/' successfully

28-05-2024T21:51:19 - [TEST_STEP][PASSED] - click(findTestObject("Object Repository/KBB/Page_Kelley Blue Book  New and Used Car Pri_e90311/span_Price NewUsed")): Object: 'Object Repository/KBB/Page_Kelley Blue Book  New and Used Car Pri_e90311/span_Price NewUsed' is clicked on

28-05-2024T21:51:24 - [MESSAGE][PASSED] - Object: 'Object Repository/KBB/Page_Kelley Blue Book  New and Used Car Pri_e90311/span_Price NewUsed' is clicked on

28-05-2024T21:51:24 - [TEST_STEP][PASSED] - closeBrowser(): Browser is closed

28-05-2024T21:51:25 - [MESSAGE][PASSED] - Browser is closed]]></system-out>
         <system-err><![CDATA[]]></system-err>
      </testcase>
      <testcase name="Test Cases/KBB/test_footer" time="22.201" classname="Test Cases/KBB/test_footer" status="PASSED">
         <system-out><![CDATA[28-05-2024T21:51:25 - [TEST_CASE][PASSED] - Test Cases/KBB/test_footer: Test Cases/KBB/test_footer

28-05-2024T21:51:25 - [TEST_STEP][PASSED] - openBrowser(""): Browser is opened with url: ''

28-05-2024T21:51:25 - [MESSAGE][INFO] - Starting 'Chrome' driver

28-05-2024T21:51:25 - [MESSAGE][INFO] - Action delay is set to 0 milliseconds

28-05-2024T21:51:27 - [MESSAGE][PASSED] - Browser is opened with url: ''

28-05-2024T21:51:27 - [TEST_STEP][PASSED] - navigateToUrl("https://www.kbb.com/"): Navigate to 'https://www.kbb.com/' successfully

28-05-2024T21:51:43 - [MESSAGE][PASSED] - Navigate to 'https://www.kbb.com/' successfully

28-05-2024T21:51:43 - [TEST_STEP][PASSED] - scrollToPosition(9999999, 9999999): Browser is scrolled to position x = 9999999, y = 9999999

28-05-2024T21:51:43 - [MESSAGE][PASSED] - Browser is scrolled to position x = 9999999, y = 9999999

28-05-2024T21:51:43 - [TEST_STEP][PASSED] - click(findTestObject("Object Repository/Page_Kelley Blue Book  New and Used Car Pri_e90311/a_FAQ")): Object: 'Object Repository/Page_Kelley Blue Book  New and Used Car Pri_e90311/a_FAQ' is clicked on

28-05-2024T21:51:47 - [MESSAGE][PASSED] - Object: 'Object Repository/Page_Kelley Blue Book  New and Used Car Pri_e90311/a_FAQ' is clicked on

28-05-2024T21:51:47 - [TEST_STEP][PASSED] - closeBrowser(): Browser is closed

28-05-2024T21:51:47 - [MESSAGE][PASSED] - Browser is closed]]></system-out>
         <system-err><![CDATA[]]></system-err>
      </testcase>
      <testcase name="Test Cases/KBB/test_logo" time="18.737" classname="Test Cases/KBB/test_logo" status="PASSED">
         <system-out><![CDATA[28-05-2024T21:51:47 - [TEST_CASE][PASSED] - Test Cases/KBB/test_logo: Test Cases/KBB/test_logo

28-05-2024T21:51:47 - [TEST_STEP][PASSED] - openBrowser(""): Browser is opened with url: ''

28-05-2024T21:51:47 - [MESSAGE][INFO] - Starting 'Chrome' driver

28-05-2024T21:51:47 - [MESSAGE][INFO] - Action delay is set to 0 milliseconds

28-05-2024T21:51:49 - [MESSAGE][PASSED] - Browser is opened with url: ''

28-05-2024T21:51:49 - [TEST_STEP][PASSED] - navigateToUrl("https://www.kbb.com/"): Navigate to 'https://www.kbb.com/' successfully

28-05-2024T21:52:04 - [MESSAGE][PASSED] - Navigate to 'https://www.kbb.com/' successfully

28-05-2024T21:52:04 - [TEST_STEP][PASSED] - verifyElementText(findTestObject("Object Repository/KBB/Page_Kelley Blue Book  New and Used Car Pri_e90311/h2_Shop Best Cars"), "Shop Best Cars"): Actual text and expected text of test object 'Object Repository/KBB/Page_Kelley Blue Book  New and Used Car Pri_e90311/h2_Shop Best Cars' are matched.

28-05-2024T21:52:05 - [MESSAGE][PASSED] - Actual text and expected text of test object 'Object Repository/KBB/Page_Kelley Blue Book  New and Used Car Pri_e90311/h2_Shop Best Cars' are matched.

28-05-2024T21:52:05 - [TEST_STEP][PASSED] - closeBrowser(): Browser is closed

28-05-2024T21:52:06 - [MESSAGE][PASSED] - Browser is closed]]></system-out>
         <system-err><![CDATA[]]></system-err>
      </testcase>
      <testcase name="Test Cases/KBB/test_menu_1" time="15.43" classname="Test Cases/KBB/test_menu_1" status="PASSED">
         <system-out><![CDATA[28-05-2024T21:52:06 - [TEST_CASE][PASSED] - Test Cases/KBB/test_menu_1: Test Cases/KBB/test_menu_1

28-05-2024T21:52:06 - [TEST_STEP][PASSED] - openBrowser(""): Browser is opened with url: ''

28-05-2024T21:52:06 - [MESSAGE][INFO] - Starting 'Chrome' driver

28-05-2024T21:52:06 - [MESSAGE][INFO] - Action delay is set to 0 milliseconds

28-05-2024T21:52:08 - [MESSAGE][PASSED] - Browser is opened with url: ''

28-05-2024T21:52:08 - [TEST_STEP][PASSED] - navigateToUrl("https://www.kbb.com/"): Navigate to 'https://www.kbb.com/' successfully

28-05-2024T21:52:18 - [MESSAGE][PASSED] - Navigate to 'https://www.kbb.com/' successfully

28-05-2024T21:52:18 - [TEST_STEP][PASSED] - scrollToPosition(9999999, 9999999): Browser is scrolled to position x = 9999999, y = 9999999

28-05-2024T21:52:18 - [MESSAGE][PASSED] - Browser is scrolled to position x = 9999999, y = 9999999

28-05-2024T21:52:18 - [TEST_STEP][PASSED] - click(findTestObject("Object Repository/Page_Kelley Blue Book  New and Used Car Pri_e90311/a_Contact Us")): Object: 'Object Repository/Page_Kelley Blue Book  New and Used Car Pri_e90311/a_Contact Us' is clicked on

28-05-2024T21:52:22 - [MESSAGE][PASSED] - Object: 'Object Repository/Page_Kelley Blue Book  New and Used Car Pri_e90311/a_Contact Us' is clicked on]]></system-out>
         <system-err><![CDATA[]]></system-err>
      </testcase>
      <testcase name="Test Cases/KBB/test_menu_2" time="18.429" classname="Test Cases/KBB/test_menu_2" status="FAILED">
         <failure type="FAILED" message="Test Cases/KBB/test_menu_2 FAILED.&#xa;Reason:&#xa;com.kms.katalon.core.exception.StepFailedException: Unable to accept alert&#xa;	at com.kms.katalon.core.webui.keyword.internal.WebUIKeywordMain.stepFailed(WebUIKeywordMain.groovy:64)&#xa;	at com.kms.katalon.core.webui.keyword.internal.WebUIKeywordMain.runKeyword(WebUIKeywordMain.groovy:26)&#xa;	at com.kms.katalon.core.webui.keyword.builtin.AcceptAlertKeyword.acceptAlert(AcceptAlertKeyword.groovy:71)&#xa;	at com.kms.katalon.core.webui.keyword.builtin.AcceptAlertKeyword.execute(AcceptAlertKeyword.groovy:66)&#xa;	at com.kms.katalon.core.keyword.internal.KeywordExecutor.executeKeywordForPlatform(KeywordExecutor.groovy:74)&#xa;	at com.kms.katalon.core.webui.keyword.WebUiBuiltInKeywords.acceptAlert(WebUiBuiltInKeywords.groovy:1561)&#xa;	at test_menu_2.run(test_menu_2:26)&#xa;	at com.kms.katalon.core.main.ScriptEngine.run(ScriptEngine.java:194)&#xa;	at com.kms.katalon.core.main.ScriptEngine.runScriptAsRawText(ScriptEngine.java:119)&#xa;	at com.kms.katalon.core.main.TestCaseExecutor.runScript(TestCaseExecutor.java:448)&#xa;	at com.kms.katalon.core.main.TestCaseExecutor.doExecute(TestCaseExecutor.java:439)&#xa;	at com.kms.katalon.core.main.TestCaseExecutor.processExecutionPhase(TestCaseExecutor.java:418)&#xa;	at com.kms.katalon.core.main.TestCaseExecutor.accessMainPhase(TestCaseExecutor.java:410)&#xa;	at com.kms.katalon.core.main.TestCaseExecutor.execute(TestCaseExecutor.java:285)&#xa;	at com.kms.katalon.core.main.TestCaseExecutor.execute(TestCaseExecutor.java:369)&#xa;	at com.kms.katalon.core.main.TestCaseExecutor.execute(TestCaseExecutor.java:369)&#xa;	at com.kms.katalon.core.main.TestCaseExecutor.execute(TestCaseExecutor.java:369)&#xa;	at com.kms.katalon.core.common.CommonExecutor.accessTestCaseMainPhase(CommonExecutor.java:65)&#xa;	at com.kms.katalon.core.main.TestSuiteExecutor.accessTestSuiteMainPhase(TestSuiteExecutor.java:150)&#xa;	at com.kms.katalon.core.main.TestSuiteExecutor.execute(TestSuiteExecutor.java:106)&#xa;	at com.kms.katalon.core.main.TestCaseMain.startTestSuite(TestCaseMain.java:180)&#xa;	at TempTestSuite1716907347330.run(TempTestSuite1716907347330.groovy:35)&#xa;	at java.base/jdk.internal.reflect.NativeMethodAccessorImpl.invoke0(Native Method)&#xa;	at java.base/jdk.internal.reflect.NativeMethodAccessorImpl.invoke(NativeMethodAccessorImpl.java:77)&#xa;	at java.base/jdk.internal.reflect.DelegatingMethodAccessorImpl.invoke(DelegatingMethodAccessorImpl.java:43)&#xa;Caused by: com.kms.katalon.core.exception.StepFailedException: No alert found&#xa;	at com.kms.katalon.core.webui.keyword.internal.WebUIKeywordMain.stepFailed(WebUIKeywordMain.groovy:64)&#xa;	at com.kms.katalon.core.webui.keyword.builtin.AcceptAlertKeyword$_acceptAlert_closure1.doCall(AcceptAlertKeyword.groovy:78)&#xa;	at com.kms.katalon.core.webui.keyword.builtin.AcceptAlertKeyword$_acceptAlert_closure1.call(AcceptAlertKeyword.groovy)&#xa;	at com.kms.katalon.core.webui.keyword.internal.WebUIKeywordMain.runKeyword(WebUIKeywordMain.groovy:20)&#xa;	... 23 more&#xa;"/>
         <system-out><![CDATA[28-05-2024T21:53:14 - [TEST_CASE][FAILED] - Test Cases/KBB/test_menu_2: Test Cases/KBB/test_menu_2 FAILED.
Reason:
com.kms.katalon.core.exception.StepFailedException: Unable to accept alert
	at com.kms.katalon.core.webui.keyword.internal.WebUIKeywordMain.stepFailed(WebUIKeywordMain.groovy:64)
	at com.kms.katalon.core.webui.keyword.internal.WebUIKeywordMain.runKeyword(WebUIKeywordMain.groovy:26)
	at com.kms.katalon.core.webui.keyword.builtin.AcceptAlertKeyword.acceptAlert(AcceptAlertKeyword.groovy:71)
	at com.kms.katalon.core.webui.keyword.builtin.AcceptAlertKeyword.execute(AcceptAlertKeyword.groovy:66)
	at com.kms.katalon.core.keyword.internal.KeywordExecutor.executeKeywordForPlatform(KeywordExecutor.groovy:74)
	at com.kms.katalon.core.webui.keyword.WebUiBuiltInKeywords.acceptAlert(WebUiBuiltInKeywords.groovy:1561)
	at test_menu_2.run(test_menu_2:26)
	at com.kms.katalon.core.main.ScriptEngine.run(ScriptEngine.java:194)
	at com.kms.katalon.core.main.ScriptEngine.runScriptAsRawText(ScriptEngine.java:119)
	at com.kms.katalon.core.main.TestCaseExecutor.runScript(TestCaseExecutor.java:448)
	at com.kms.katalon.core.main.TestCaseExecutor.doExecute(TestCaseExecutor.java:439)
	at com.kms.katalon.core.main.TestCaseExecutor.processExecutionPhase(TestCaseExecutor.java:418)
	at com.kms.katalon.core.main.TestCaseExecutor.accessMainPhase(TestCaseExecutor.java:410)
	at com.kms.katalon.core.main.TestCaseExecutor.execute(TestCaseExecutor.java:285)
	at com.kms.katalon.core.main.TestCaseExecutor.execute(TestCaseExecutor.java:369)
	at com.kms.katalon.core.main.TestCaseExecutor.execute(TestCaseExecutor.java:369)
	at com.kms.katalon.core.main.TestCaseExecutor.execute(TestCaseExecutor.java:369)
	at com.kms.katalon.core.common.CommonExecutor.accessTestCaseMainPhase(CommonExecutor.java:65)
	at com.kms.katalon.core.main.TestSuiteExecutor.accessTestSuiteMainPhase(TestSuiteExecutor.java:150)
	at com.kms.katalon.core.main.TestSuiteExecutor.execute(TestSuiteExecutor.java:106)
	at com.kms.katalon.core.main.TestCaseMain.startTestSuite(TestCaseMain.java:180)
	at TempTestSuite1716907347330.run(TempTestSuite1716907347330.groovy:35)
	at java.base/jdk.internal.reflect.NativeMethodAccessorImpl.invoke0(Native Method)
	at java.base/jdk.internal.reflect.NativeMethodAccessorImpl.invoke(NativeMethodAccessorImpl.java:77)
	at java.base/jdk.internal.reflect.DelegatingMethodAccessorImpl.invoke(DelegatingMethodAccessorImpl.java:43)
Caused by: com.kms.katalon.core.exception.StepFailedException: No alert found
	at com.kms.katalon.core.webui.keyword.internal.WebUIKeywordMain.stepFailed(WebUIKeywordMain.groovy:64)
	at com.kms.katalon.core.webui.keyword.builtin.AcceptAlertKeyword$_acceptAlert_closure1.doCall(AcceptAlertKeyword.groovy:78)
	at com.kms.katalon.core.webui.keyword.builtin.AcceptAlertKeyword$_acceptAlert_closure1.call(AcceptAlertKeyword.groovy)
	at com.kms.katalon.core.webui.keyword.internal.WebUIKeywordMain.runKeyword(WebUIKeywordMain.groovy:20)
	... 23 more


28-05-2024T21:53:14 - [TEST_STEP][PASSED] - openBrowser(""): Browser is opened with url: ''

28-05-2024T21:53:14 - [MESSAGE][WARNING] - A browser is already opened. Closing browser and opening a new one

28-05-2024T21:53:14 - [MESSAGE][INFO] - Starting 'Chrome' driver

28-05-2024T21:53:14 - [MESSAGE][INFO] - Action delay is set to 0 milliseconds

28-05-2024T21:53:16 - [MESSAGE][PASSED] - Browser is opened with url: ''

28-05-2024T21:53:16 - [TEST_STEP][PASSED] - navigateToUrl("https://www.kbb.com/"): Navigate to 'https://www.kbb.com/' successfully

28-05-2024T21:53:30 - [MESSAGE][PASSED] - Navigate to 'https://www.kbb.com/' successfully

28-05-2024T21:53:30 - [TEST_STEP][PASSED] - scrollToPosition(9999999, 9999999): Browser is scrolled to position x = 9999999, y = 9999999

28-05-2024T21:53:30 - [MESSAGE][PASSED] - Browser is scrolled to position x = 9999999, y = 9999999

28-05-2024T21:53:30 - [TEST_STEP][FAILED] - acceptAlert(): Unable to accept alert (Root cause: com.kms.katalon.core.exception.StepFailedException: Unable to accept alert
	at com.kms.katalon.core.webui.keyword.internal.WebUIKeywordMain.stepFailed(WebUIKeywordMain.groovy:64)
	at com.kms.katalon.core.webui.keyword.internal.WebUIKeywordMain.runKeyword(WebUIKeywordMain.groovy:26)
	at com.kms.katalon.core.webui.keyword.builtin.AcceptAlertKeyword.acceptAlert(AcceptAlertKeyword.groovy:71)
	at com.kms.katalon.core.webui.keyword.builtin.AcceptAlertKeyword.execute(AcceptAlertKeyword.groovy:66)
	at com.kms.katalon.core.keyword.internal.KeywordExecutor.executeKeywordForPlatform(KeywordExecutor.groovy:74)
	at com.kms.katalon.core.webui.keyword.WebUiBuiltInKeywords.acceptAlert(WebUiBuiltInKeywords.groovy:1561)
	at test_menu_2.run(test_menu_2:26)
	at com.kms.katalon.core.main.ScriptEngine.run(ScriptEngine.java:194)
	at com.kms.katalon.core.main.ScriptEngine.runScriptAsRawText(ScriptEngine.java:119)
	at com.kms.katalon.core.main.TestCaseExecutor.runScript(TestCaseExecutor.java:448)
	at com.kms.katalon.core.main.TestCaseExecutor.doExecute(TestCaseExecutor.java:439)
	at com.kms.katalon.core.main.TestCaseExecutor.processExecutionPhase(TestCaseExecutor.java:418)
	at com.kms.katalon.core.main.TestCaseExecutor.accessMainPhase(TestCaseExecutor.java:410)
	at com.kms.katalon.core.main.TestCaseExecutor.execute(TestCaseExecutor.java:285)
	at com.kms.katalon.core.main.TestCaseExecutor.execute(TestCaseExecutor.java:369)
	at com.kms.katalon.core.main.TestCaseExecutor.execute(TestCaseExecutor.java:369)
	at com.kms.katalon.core.main.TestCaseExecutor.execute(TestCaseExecutor.java:369)
	at com.kms.katalon.core.common.CommonExecutor.accessTestCaseMainPhase(CommonExecutor.java:65)
	at com.kms.katalon.core.main.TestSuiteExecutor.accessTestSuiteMainPhase(TestSuiteExecutor.java:150)
	at com.kms.katalon.core.main.TestSuiteExecutor.execute(TestSuiteExecutor.java:106)
	at com.kms.katalon.core.main.TestCaseMain.startTestSuite(TestCaseMain.java:180)
	at TempTestSuite1716907347330.run(TempTestSuite1716907347330.groovy:35)
	at java.base/jdk.internal.reflect.NativeMethodAccessorImpl.invoke0(Native Method)
	at java.base/jdk.internal.reflect.NativeMethodAccessorImpl.invoke(NativeMethodAccessorImpl.java:77)
	at java.base/jdk.internal.reflect.DelegatingMethodAccessorImpl.invoke(DelegatingMethodAccessorImpl.java:43)
Caused by: com.kms.katalon.core.exception.StepFailedException: No alert found
	at com.kms.katalon.core.webui.keyword.internal.WebUIKeywordMain.stepFailed(WebUIKeywordMain.groovy:64)
	at com.kms.katalon.core.webui.keyword.builtin.AcceptAlertKeyword$_acceptAlert_closure1.doCall(AcceptAlertKeyword.groovy:78)
	at com.kms.katalon.core.webui.keyword.builtin.AcceptAlertKeyword$_acceptAlert_closure1.call(AcceptAlertKeyword.groovy)
	at com.kms.katalon.core.webui.keyword.internal.WebUIKeywordMain.runKeyword(WebUIKeywordMain.groovy:20)
	... 23 more
)

28-05-2024T21:53:31 - [MESSAGE][FAILED] - No alert found (Root cause: com.kms.katalon.core.exception.StepFailedException: No alert found
	at com.kms.katalon.core.webui.keyword.internal.WebUIKeywordMain.stepFailed(WebUIKeywordMain.groovy:64)
	at com.kms.katalon.core.webui.keyword.builtin.AcceptAlertKeyword$_acceptAlert_closure1.doCall(AcceptAlertKeyword.groovy:78)
	at com.kms.katalon.core.webui.keyword.builtin.AcceptAlertKeyword$_acceptAlert_closure1.call(AcceptAlertKeyword.groovy)
	at com.kms.katalon.core.webui.keyword.internal.WebUIKeywordMain.runKeyword(WebUIKeywordMain.groovy:20)
	at com.kms.katalon.core.webui.keyword.builtin.AcceptAlertKeyword.acceptAlert(AcceptAlertKeyword.groovy:71)
	at com.kms.katalon.core.webui.keyword.builtin.AcceptAlertKeyword.execute(AcceptAlertKeyword.groovy:66)
	at com.kms.katalon.core.keyword.internal.KeywordExecutor.executeKeywordForPlatform(KeywordExecutor.groovy:74)
	at com.kms.katalon.core.webui.keyword.WebUiBuiltInKeywords.acceptAlert(WebUiBuiltInKeywords.groovy:1561)
	at test_menu_2.run(test_menu_2:26)
	at com.kms.katalon.core.main.ScriptEngine.run(ScriptEngine.java:194)
	at com.kms.katalon.core.main.ScriptEngine.runScriptAsRawText(ScriptEngine.java:119)
	at com.kms.katalon.core.main.TestCaseExecutor.runScript(TestCaseExecutor.java:448)
	at com.kms.katalon.core.main.TestCaseExecutor.doExecute(TestCaseExecutor.java:439)
	at com.kms.katalon.core.main.TestCaseExecutor.processExecutionPhase(TestCaseExecutor.java:418)
	at com.kms.katalon.core.main.TestCaseExecutor.accessMainPhase(TestCaseExecutor.java:410)
	at com.kms.katalon.core.main.TestCaseExecutor.execute(TestCaseExecutor.java:285)
	at com.kms.katalon.core.main.TestCaseExecutor.execute(TestCaseExecutor.java:369)
	at com.kms.katalon.core.main.TestCaseExecutor.execute(TestCaseExecutor.java:369)
	at com.kms.katalon.core.main.TestCaseExecutor.execute(TestCaseExecutor.java:369)
	at com.kms.katalon.core.common.CommonExecutor.accessTestCaseMainPhase(CommonExecutor.java:65)
	at com.kms.katalon.core.main.TestSuiteExecutor.accessTestSuiteMainPhase(TestSuiteExecutor.java:150)
	at com.kms.katalon.core.main.TestSuiteExecutor.execute(TestSuiteExecutor.java:106)
	at com.kms.katalon.core.main.TestCaseMain.startTestSuite(TestCaseMain.java:180)
	at TempTestSuite1716907347330.run(TempTestSuite1716907347330.groovy:35)
	at java.base/jdk.internal.reflect.NativeMethodAccessorImpl.invoke0(Native Method)
	at java.base/jdk.internal.reflect.NativeMethodAccessorImpl.invoke(NativeMethodAccessorImpl.java:77)
	at java.base/jdk.internal.reflect.DelegatingMethodAccessorImpl.invoke(DelegatingMethodAccessorImpl.java:43)
)
[[ATTACHMENT|C:\\Users\\ToanLa\\git\\katalon\\Reports\\20240528_214204\\KBB\\all-kbb\\20240528_214227\\1716908010544.png]]

28-05-2024T21:53:32 - [MESSAGE][FAILED] - Unable to accept alert (Root cause: com.kms.katalon.core.exception.StepFailedException: Unable to accept alert
	at com.kms.katalon.core.webui.keyword.internal.WebUIKeywordMain.stepFailed(WebUIKeywordMain.groovy:64)
	at com.kms.katalon.core.webui.keyword.internal.WebUIKeywordMain.runKeyword(WebUIKeywordMain.groovy:26)
	at com.kms.katalon.core.webui.keyword.builtin.AcceptAlertKeyword.acceptAlert(AcceptAlertKeyword.groovy:71)
	at com.kms.katalon.core.webui.keyword.builtin.AcceptAlertKeyword.execute(AcceptAlertKeyword.groovy:66)
	at com.kms.katalon.core.keyword.internal.KeywordExecutor.executeKeywordForPlatform(KeywordExecutor.groovy:74)
	at com.kms.katalon.core.webui.keyword.WebUiBuiltInKeywords.acceptAlert(WebUiBuiltInKeywords.groovy:1561)
	at test_menu_2.run(test_menu_2:26)
	at com.kms.katalon.core.main.ScriptEngine.run(ScriptEngine.java:194)
	at com.kms.katalon.core.main.ScriptEngine.runScriptAsRawText(ScriptEngine.java:119)
	at com.kms.katalon.core.main.TestCaseExecutor.runScript(TestCaseExecutor.java:448)
	at com.kms.katalon.core.main.TestCaseExecutor.doExecute(TestCaseExecutor.java:439)
	at com.kms.katalon.core.main.TestCaseExecutor.processExecutionPhase(TestCaseExecutor.java:418)
	at com.kms.katalon.core.main.TestCaseExecutor.accessMainPhase(TestCaseExecutor.java:410)
	at com.kms.katalon.core.main.TestCaseExecutor.execute(TestCaseExecutor.java:285)
	at com.kms.katalon.core.main.TestCaseExecutor.execute(TestCaseExecutor.java:369)
	at com.kms.katalon.core.main.TestCaseExecutor.execute(TestCaseExecutor.java:369)
	at com.kms.katalon.core.main.TestCaseExecutor.execute(TestCaseExecutor.java:369)
	at com.kms.katalon.core.common.CommonExecutor.accessTestCaseMainPhase(CommonExecutor.java:65)
	at com.kms.katalon.core.main.TestSuiteExecutor.accessTestSuiteMainPhase(TestSuiteExecutor.java:150)
	at com.kms.katalon.core.main.TestSuiteExecutor.execute(TestSuiteExecutor.java:106)
	at com.kms.katalon.core.main.TestCaseMain.startTestSuite(TestCaseMain.java:180)
	at TempTestSuite1716907347330.run(TempTestSuite1716907347330.groovy:35)
	at java.base/jdk.internal.reflect.NativeMethodAccessorImpl.invoke0(Native Method)
	at java.base/jdk.internal.reflect.NativeMethodAccessorImpl.invoke(NativeMethodAccessorImpl.java:77)
	at java.base/jdk.internal.reflect.DelegatingMethodAccessorImpl.invoke(DelegatingMethodAccessorImpl.java:43)
Caused by: com.kms.katalon.core.exception.StepFailedException: No alert found
	at com.kms.katalon.core.webui.keyword.internal.WebUIKeywordMain.stepFailed(WebUIKeywordMain.groovy:64)
	at com.kms.katalon.core.webui.keyword.builtin.AcceptAlertKeyword$_acceptAlert_closure1.doCall(AcceptAlertKeyword.groovy:78)
	at com.kms.katalon.core.webui.keyword.builtin.AcceptAlertKeyword$_acceptAlert_closure1.call(AcceptAlertKeyword.groovy)
	at com.kms.katalon.core.webui.keyword.internal.WebUIKeywordMain.runKeyword(WebUIKeywordMain.groovy:20)
	... 23 more
)
[[ATTACHMENT|C:\\Users\\ToanLa\\git\\katalon\\Reports\\20240528_214204\\KBB\\all-kbb\\20240528_214227\\1716908011681.png]]]]></system-out>
         <system-err><![CDATA[28-05-2024T21:53:14 - [TEST_CASE][FAILED] - Test Cases/KBB/test_menu_2: Test Cases/KBB/test_menu_2 FAILED.
Reason:
com.kms.katalon.core.exception.StepFailedException: Unable to accept alert
	at com.kms.katalon.core.webui.keyword.internal.WebUIKeywordMain.stepFailed(WebUIKeywordMain.groovy:64)
	at com.kms.katalon.core.webui.keyword.internal.WebUIKeywordMain.runKeyword(WebUIKeywordMain.groovy:26)
	at com.kms.katalon.core.webui.keyword.builtin.AcceptAlertKeyword.acceptAlert(AcceptAlertKeyword.groovy:71)
	at com.kms.katalon.core.webui.keyword.builtin.AcceptAlertKeyword.execute(AcceptAlertKeyword.groovy:66)
	at com.kms.katalon.core.keyword.internal.KeywordExecutor.executeKeywordForPlatform(KeywordExecutor.groovy:74)
	at com.kms.katalon.core.webui.keyword.WebUiBuiltInKeywords.acceptAlert(WebUiBuiltInKeywords.groovy:1561)
	at test_menu_2.run(test_menu_2:26)
	at com.kms.katalon.core.main.ScriptEngine.run(ScriptEngine.java:194)
	at com.kms.katalon.core.main.ScriptEngine.runScriptAsRawText(ScriptEngine.java:119)
	at com.kms.katalon.core.main.TestCaseExecutor.runScript(TestCaseExecutor.java:448)
	at com.kms.katalon.core.main.TestCaseExecutor.doExecute(TestCaseExecutor.java:439)
	at com.kms.katalon.core.main.TestCaseExecutor.processExecutionPhase(TestCaseExecutor.java:418)
	at com.kms.katalon.core.main.TestCaseExecutor.accessMainPhase(TestCaseExecutor.java:410)
	at com.kms.katalon.core.main.TestCaseExecutor.execute(TestCaseExecutor.java:285)
	at com.kms.katalon.core.main.TestCaseExecutor.execute(TestCaseExecutor.java:369)
	at com.kms.katalon.core.main.TestCaseExecutor.execute(TestCaseExecutor.java:369)
	at com.kms.katalon.core.main.TestCaseExecutor.execute(TestCaseExecutor.java:369)
	at com.kms.katalon.core.common.CommonExecutor.accessTestCaseMainPhase(CommonExecutor.java:65)
	at com.kms.katalon.core.main.TestSuiteExecutor.accessTestSuiteMainPhase(TestSuiteExecutor.java:150)
	at com.kms.katalon.core.main.TestSuiteExecutor.execute(TestSuiteExecutor.java:106)
	at com.kms.katalon.core.main.TestCaseMain.startTestSuite(TestCaseMain.java:180)
	at TempTestSuite1716907347330.run(TempTestSuite1716907347330.groovy:35)
	at java.base/jdk.internal.reflect.NativeMethodAccessorImpl.invoke0(Native Method)
	at java.base/jdk.internal.reflect.NativeMethodAccessorImpl.invoke(NativeMethodAccessorImpl.java:77)
	at java.base/jdk.internal.reflect.DelegatingMethodAccessorImpl.invoke(DelegatingMethodAccessorImpl.java:43)
Caused by: com.kms.katalon.core.exception.StepFailedException: No alert found
	at com.kms.katalon.core.webui.keyword.internal.WebUIKeywordMain.stepFailed(WebUIKeywordMain.groovy:64)
	at com.kms.katalon.core.webui.keyword.builtin.AcceptAlertKeyword$_acceptAlert_closure1.doCall(AcceptAlertKeyword.groovy:78)
	at com.kms.katalon.core.webui.keyword.builtin.AcceptAlertKeyword$_acceptAlert_closure1.call(AcceptAlertKeyword.groovy)
	at com.kms.katalon.core.webui.keyword.internal.WebUIKeywordMain.runKeyword(WebUIKeywordMain.groovy:20)
	... 23 more]]></system-err>
      </testcase>
      <testcase name="Test Cases/KBB/test_title_text" time="20.464" classname="Test Cases/KBB/test_title_text" status="PASSED">
         <system-out><![CDATA[28-05-2024T21:53:32 - [TEST_CASE][PASSED] - Test Cases/KBB/test_title_text: Test Cases/KBB/test_title_text

28-05-2024T21:53:32 - [TEST_STEP][PASSED] - openBrowser(""): Browser is opened with url: ''

28-05-2024T21:53:32 - [MESSAGE][WARNING] - A browser is already opened. Closing browser and opening a new one

28-05-2024T21:53:33 - [MESSAGE][INFO] - Starting 'Chrome' driver

28-05-2024T21:53:33 - [MESSAGE][INFO] - Action delay is set to 0 milliseconds

28-05-2024T21:53:34 - [MESSAGE][PASSED] - Browser is opened with url: ''

28-05-2024T21:53:34 - [TEST_STEP][PASSED] - navigateToUrl("https://www.kbb.com/"): Navigate to 'https://www.kbb.com/' successfully

28-05-2024T21:53:44 - [MESSAGE][PASSED] - Navigate to 'https://www.kbb.com/' successfully

28-05-2024T21:53:44 - [TEST_STEP][PASSED] - verifyElementText(findTestObject("Object Repository/KBB/Page_Kelley Blue Book  New and Used Car Pri_e90311/div_Sign In-fe7-68a-fe4"), "Sign In"): Actual text and expected text of test object 'Object Repository/KBB/Page_Kelley Blue Book  New and Used Car Pri_e90311/div_Sign In-fe7-68a-fe4' are matched.

28-05-2024T21:53:46 - [MESSAGE][WARNING] - [SELF-HEALING] Failed to find element with id 'Object Repository/KBB/Page_Kelley Blue Book  New and Used Car Pri_e90311/div_Sign In-fe7-68a-fe4'. Try using Self-healing.

28-05-2024T21:53:47 - [MESSAGE][WARNING] - Timeout '0' is invalid. Using default page load timeout: '30'

28-05-2024T21:53:49 - [MESSAGE][WARNING] - [SELF-HEALING] javascript error: {"status":12,"value":"Failed to execute 'querySelectorAll' on 'DocumentFragment': 'nav.nav__main.flex.flex-col.items-end.text-argo-clrs-primarywhite.font-open-sans.h-[64px].w-[77px].xl:w-[129px].mr-[8px].xl:mr-[0px].false > button.menu-toggle.h-full.w-full.font-open-sans.text-center.self-center.justify-center.bg-transparent.py-[20px].px-[12px].xl:px-[0px].xl:py-[0px].logged-out-menu > div.flex.h-full.w-full.items-center.justify-start > div.text-white.argo-typographyXSMedium.self-center.w-[53px].xl:pl-[24px].xl:py-[24px].false' is not a valid selector."}
  (Session info: chrome=125.0.6422.112)
Build info: version: '3.141.59', revision: 'e82be7d358', time: '2018-11-14T08:25:53'
System info: host: 'DESKTOP-QSIPVT9', ip: '192.168.1.8', os.name: 'Windows 11', os.arch: 'amd64', os.version: '10.0', java.version: '17.0.7'
Driver info: com.kms.katalon.selenium.driver.CChromeDriver
Capabilities {acceptInsecureCerts: false, browserName: chrome, browserVersion: 125.0.6422.112, chrome: {chromedriverVersion: 125.0.6422.78 (14db42ec38ad..., userDataDir: C:\Users\ToanLa\AppData\Loc...}, fedcm:accounts: true, goog:chromeOptions: {debuggerAddress: localhost:58092}, javascriptEnabled: true, networkConnectionEnabled: false, pageLoadStrategy: normal, platform: WINDOWS, platformName: WINDOWS, proxy: Proxy(), setWindowRect: true, strictFileInteractability: false, timeouts: {implicit: 0, pageLoad: 300000, script: 30000}, unhandledPromptBehavior: dismiss and notify, webauthn:extension:credBlob: true, webauthn:extension:largeBlob: true, webauthn:extension:minPinLength: true, webauthn:extension:prf: true, webauthn:virtualAuthenticators: true}
Session ID: eeb05cbb62659ffc6782553f64587063

28-05-2024T21:53:49 - [MESSAGE][INFO] - [SELF-HEALING] Screenshot: C:/Users/ToanLa/git/katalon/Reports/Self-healing/Object Repository/KBB/Page_Kelley Blue Book  New and Used Car Pri_e90311/div_Sign In-fe7-68a-fe4_SMART_LOCATOR.png

28-05-2024T21:53:49 - [MESSAGE][WARNING] - [SELF-HEALING] The current locator of test object 'Object Repository/KBB/Page_Kelley Blue Book  New and Used Car Pri_e90311/div_Sign In-fe7-68a-fe4' was broken. Propose an alternative one: 'internal:label="Open menu"i'.

28-05-2024T21:53:49 - [MESSAGE][PASSED] - Actual text and expected text of test object 'Object Repository/KBB/Page_Kelley Blue Book  New and Used Car Pri_e90311/div_Sign In-fe7-68a-fe4' are matched.

28-05-2024T21:53:49 - [TEST_STEP][PASSED] - click(findTestObject("Object Repository/KBB/Page_Kelley Blue Book  New and Used Car Pri_e90311/div_Sign In-fe7-68a-fe4")): Object: 'Object Repository/KBB/Page_Kelley Blue Book  New and Used Car Pri_e90311/div_Sign In-fe7-68a-fe4' is clicked on

28-05-2024T21:53:50 - [MESSAGE][WARNING] - [SELF-HEALING] Failed to find element with id 'Object Repository/KBB/Page_Kelley Blue Book  New and Used Car Pri_e90311/div_Sign In-fe7-68a-fe4'. Try using Self-healing.

28-05-2024T21:53:51 - [MESSAGE][WARNING] - Timeout '0' is invalid. Using default page load timeout: '30'

28-05-2024T21:53:51 - [MESSAGE][WARNING] - [SELF-HEALING] javascript error: {"status":12,"value":"Failed to execute 'querySelectorAll' on 'DocumentFragment': 'nav.nav__main.flex.flex-col.items-end.text-argo-clrs-primarywhite.font-open-sans.h-[64px].w-[77px].xl:w-[129px].mr-[8px].xl:mr-[0px].false > button.menu-toggle.h-full.w-full.font-open-sans.text-center.self-center.justify-center.bg-transparent.py-[20px].px-[12px].xl:px-[0px].xl:py-[0px].logged-out-menu > div.flex.h-full.w-full.items-center.justify-start > div.text-white.argo-typographyXSMedium.self-center.w-[53px].xl:pl-[24px].xl:py-[24px].false' is not a valid selector."}
  (Session info: chrome=125.0.6422.112)
Build info: version: '3.141.59', revision: 'e82be7d358', time: '2018-11-14T08:25:53'
System info: host: 'DESKTOP-QSIPVT9', ip: '192.168.1.8', os.name: 'Windows 11', os.arch: 'amd64', os.version: '10.0', java.version: '17.0.7'
Driver info: com.kms.katalon.selenium.driver.CChromeDriver
Capabilities {acceptInsecureCerts: false, browserName: chrome, browserVersion: 125.0.6422.112, chrome: {chromedriverVersion: 125.0.6422.78 (14db42ec38ad..., userDataDir: C:\Users\ToanLa\AppData\Loc...}, fedcm:accounts: true, goog:chromeOptions: {debuggerAddress: localhost:58092}, javascriptEnabled: true, networkConnectionEnabled: false, pageLoadStrategy: normal, platform: WINDOWS, platformName: WINDOWS, proxy: Proxy(), setWindowRect: true, strictFileInteractability: false, timeouts: {implicit: 0, pageLoad: 300000, script: 30000}, unhandledPromptBehavior: dismiss and notify, webauthn:extension:credBlob: true, webauthn:extension:largeBlob: true, webauthn:extension:minPinLength: true, webauthn:extension:prf: true, webauthn:virtualAuthenticators: true}
Session ID: eeb05cbb62659ffc6782553f64587063

28-05-2024T21:53:52 - [MESSAGE][INFO] - [SELF-HEALING] Screenshot: C:/Users/ToanLa/git/katalon/Reports/Self-healing/Object Repository/KBB/Page_Kelley Blue Book  New and Used Car Pri_e90311/div_Sign In-fe7-68a-fe4_SMART_LOCATOR.png

28-05-2024T21:53:52 - [MESSAGE][WARNING] - [SELF-HEALING] The current locator of test object 'Object Repository/KBB/Page_Kelley Blue Book  New and Used Car Pri_e90311/div_Sign In-fe7-68a-fe4' was broken. Propose an alternative one: 'internal:label="Open menu"i'.

28-05-2024T21:53:52 - [MESSAGE][PASSED] - Object: 'Object Repository/KBB/Page_Kelley Blue Book  New and Used Car Pri_e90311/div_Sign In-fe7-68a-fe4' is clicked on

28-05-2024T21:53:52 - [TEST_STEP][PASSED] - closeBrowser(): Browser is closed

28-05-2024T21:53:52 - [MESSAGE][PASSED] - Browser is closed]]></system-out>
         <system-err><![CDATA[]]></system-err>
      </testcase>
      <system-out><![CDATA[28-05-2024T21:44:19 - [TEST_SUITE][FAILED] - all-kbb: Test Cases/KBB/test_click-button-1 FAILED.
Reason:
com.kms.katalon.core.exception.StepFailedException: Verify element text of test object 'Object Repository/KBB/Page_Kelley Blue Book  New and Used Car Pri_e90311/h2_New Cars by Make' FAILED.
	at com.kms.katalon.core.webui.keyword.internal.WebUIKeywordMain.stepFailed(WebUIKeywordMain.groovy:64)
	at com.kms.katalon.core.webui.keyword.internal.WebUIKeywordMain.runKeyword(WebUIKeywordMain.groovy:26)
	at com.kms.katalon.core.webui.keyword.builtin.VerifyElementTextKeyword.verifyElementText(VerifyElementTextKeyword.groovy:72)
	at com.kms.katalon.core.webui.keyword.builtin.VerifyElementTextKeyword.execute(VerifyElementTextKeyword.groovy:40)
	at com.kms.katalon.core.keyword.internal.KeywordExecutor.executeKeywordForPlatform(KeywordExecutor.groovy:74)
	at com.kms.katalon.core.webui.keyword.WebUiBuiltInKeywords.verifyElementText(WebUiBuiltInKeywords.groovy:4835)
	at test_click-button-1.run(test_click-button-1:24)
	at com.kms.katalon.core.main.ScriptEngine.run(ScriptEngine.java:194)
	at com.kms.katalon.core.main.ScriptEngine.runScriptAsRawText(ScriptEngine.java:119)
	at com.kms.katalon.core.main.TestCaseExecutor.runScript(TestCaseExecutor.java:448)
	at com.kms.katalon.core.main.TestCaseExecutor.doExecute(TestCaseExecutor.java:439)
	at com.kms.katalon.core.main.TestCaseExecutor.processExecutionPhase(TestCaseExecutor.java:418)
	at com.kms.katalon.core.main.TestCaseExecutor.accessMainPhase(TestCaseExecutor.java:410)
	at com.kms.katalon.core.main.TestCaseExecutor.execute(TestCaseExecutor.java:285)
	at com.kms.katalon.core.common.CommonExecutor.accessTestCaseMainPhase(CommonExecutor.java:65)
	at com.kms.katalon.core.main.TestSuiteExecutor.accessTestSuiteMainPhase(TestSuiteExecutor.java:150)
	at com.kms.katalon.core.main.TestSuiteExecutor.execute(TestSuiteExecutor.java:106)
	at com.kms.katalon.core.main.TestCaseMain.startTestSuite(TestCaseMain.java:180)
	at TempTestSuite1716907347330.run(TempTestSuite1716907347330.groovy:35)
	at java.base/jdk.internal.reflect.NativeMethodAccessorImpl.invoke0(Native Method)
	at java.base/jdk.internal.reflect.NativeMethodAccessorImpl.invoke(NativeMethodAccessorImpl.java:77)
	at java.base/jdk.internal.reflect.DelegatingMethodAccessorImpl.invoke(DelegatingMethodAccessorImpl.java:43)
Caused by: com.kms.katalon.core.exception.StepFailedException: com.kms.katalon.core.webui.exception.WebElementNotFoundException: Web element with id: 'Object Repository/KBB/Page_Kelley Blue Book  New and Used Car Pri_e90311/h2_New Cars by Make' located by '//main[@id='content']/div[4]/div/div/div/div/h2' not found
	at com.kms.katalon.core.webui.keyword.internal.WebUIKeywordMain.stepFailed(WebUIKeywordMain.groovy:64)
	at com.kms.katalon.core.webui.keyword.builtin.VerifyElementTextKeyword$_verifyElementText_closure1.doCall(VerifyElementTextKeyword.groovy:64)
	at com.kms.katalon.core.webui.keyword.builtin.VerifyElementTextKeyword$_verifyElementText_closure1.call(VerifyElementTextKeyword.groovy)
	at com.kms.katalon.core.webui.keyword.internal.WebUIKeywordMain.runKeyword(WebUIKeywordMain.groovy:20)
	... 20 more]]></system-out>
      <system-err><![CDATA[28-05-2024T21:44:19 - [TEST_SUITE][FAILED] - all-kbb: Test Cases/KBB/test_click-button-1 FAILED.
Reason:
com.kms.katalon.core.exception.StepFailedException: Verify element text of test object 'Object Repository/KBB/Page_Kelley Blue Book  New and Used Car Pri_e90311/h2_New Cars by Make' FAILED.
	at com.kms.katalon.core.webui.keyword.internal.WebUIKeywordMain.stepFailed(WebUIKeywordMain.groovy:64)
	at com.kms.katalon.core.webui.keyword.internal.WebUIKeywordMain.runKeyword(WebUIKeywordMain.groovy:26)
	at com.kms.katalon.core.webui.keyword.builtin.VerifyElementTextKeyword.verifyElementText(VerifyElementTextKeyword.groovy:72)
	at com.kms.katalon.core.webui.keyword.builtin.VerifyElementTextKeyword.execute(VerifyElementTextKeyword.groovy:40)
	at com.kms.katalon.core.keyword.internal.KeywordExecutor.executeKeywordForPlatform(KeywordExecutor.groovy:74)
	at com.kms.katalon.core.webui.keyword.WebUiBuiltInKeywords.verifyElementText(WebUiBuiltInKeywords.groovy:4835)
	at test_click-button-1.run(test_click-button-1:24)
	at com.kms.katalon.core.main.ScriptEngine.run(ScriptEngine.java:194)
	at com.kms.katalon.core.main.ScriptEngine.runScriptAsRawText(ScriptEngine.java:119)
	at com.kms.katalon.core.main.TestCaseExecutor.runScript(TestCaseExecutor.java:448)
	at com.kms.katalon.core.main.TestCaseExecutor.doExecute(TestCaseExecutor.java:439)
	at com.kms.katalon.core.main.TestCaseExecutor.processExecutionPhase(TestCaseExecutor.java:418)
	at com.kms.katalon.core.main.TestCaseExecutor.accessMainPhase(TestCaseExecutor.java:410)
	at com.kms.katalon.core.main.TestCaseExecutor.execute(TestCaseExecutor.java:285)
	at com.kms.katalon.core.common.CommonExecutor.accessTestCaseMainPhase(CommonExecutor.java:65)
	at com.kms.katalon.core.main.TestSuiteExecutor.accessTestSuiteMainPhase(TestSuiteExecutor.java:150)
	at com.kms.katalon.core.main.TestSuiteExecutor.execute(TestSuiteExecutor.java:106)
	at com.kms.katalon.core.main.TestCaseMain.startTestSuite(TestCaseMain.java:180)
	at TempTestSuite1716907347330.run(TempTestSuite1716907347330.groovy:35)
	at java.base/jdk.internal.reflect.NativeMethodAccessorImpl.invoke0(Native Method)
	at java.base/jdk.internal.reflect.NativeMethodAccessorImpl.invoke(NativeMethodAccessorImpl.java:77)
	at java.base/jdk.internal.reflect.DelegatingMethodAccessorImpl.invoke(DelegatingMethodAccessorImpl.java:43)
Caused by: com.kms.katalon.core.exception.StepFailedException: com.kms.katalon.core.webui.exception.WebElementNotFoundException: Web element with id: 'Object Repository/KBB/Page_Kelley Blue Book  New and Used Car Pri_e90311/h2_New Cars by Make' located by '//main[@id='content']/div[4]/div/div/div/div/h2' not found
	at com.kms.katalon.core.webui.keyword.internal.WebUIKeywordMain.stepFailed(WebUIKeywordMain.groovy:64)
	at com.kms.katalon.core.webui.keyword.builtin.VerifyElementTextKeyword$_verifyElementText_closure1.doCall(VerifyElementTextKeyword.groovy:64)
	at com.kms.katalon.core.webui.keyword.builtin.VerifyElementTextKeyword$_verifyElementText_closure1.call(VerifyElementTextKeyword.groovy)
	at com.kms.katalon.core.webui.keyword.internal.WebUIKeywordMain.runKeyword(WebUIKeywordMain.groovy:20)
	... 20 more]]></system-err>
   </testsuite>
   <testsuite name="fpt-suites" tests="15" failures="8" errors="0" time="2437.926" skipped="0" timestamp="28-05-2024T21:44:53" hostname="ToanLa - DESKTOP-QSIPVT9" id="Test Suites/FPT/fpt-suites">
      <properties>
         <property name="deviceName" value=""/>
         <property name="devicePlatform" value=""/>
         <property name="logFolder" value="C:\\Users\\ToanLa\\git\\katalon\\Reports\\20240528_214204\\FPT\\fpt-suites\\20240528_214229"/>
         <property name="logFiles" value="C:\\Users\\ToanLa\\git\\katalon\\Reports\\20240528_214204\\FPT\\fpt-suites\\20240528_214229\\execution0.log"/>
         <property name="attachments" value="C:\\Users\\ToanLa\\git\\katalon\\Reports\\20240528_214204\\FPT\\fpt-suites\\20240528_214229\\1716907562450.png, C:\\Users\\ToanLa\\git\\katalon\\Reports\\20240528_214204\\FPT\\fpt-suites\\20240528_214229\\1716907642610.png, C:\\Users\\ToanLa\\git\\katalon\\Reports\\20240528_214204\\FPT\\fpt-suites\\20240528_214229\\1716907801419.png, C:\\Users\\ToanLa\\git\\katalon\\Reports\\20240528_214204\\FPT\\fpt-suites\\20240528_214229\\1716907879893.png, C:\\Users\\ToanLa\\git\\katalon\\Reports\\20240528_214204\\FPT\\fpt-suites\\20240528_214229\\1716907988036.png, C:\\Users\\ToanLa\\git\\katalon\\Reports\\20240528_214204\\FPT\\fpt-suites\\20240528_214229\\1716908066141.png, C:\\Users\\ToanLa\\git\\katalon\\Reports\\20240528_214204\\FPT\\fpt-suites\\20240528_214229\\1716908199532.png, C:\\Users\\ToanLa\\git\\katalon\\Reports\\20240528_214204\\FPT\\fpt-suites\\20240528_214229\\1716908485244.png, C:\\Users\\ToanLa\\git\\katalon\\Reports\\20240528_214204\\FPT\\fpt-suites\\20240528_214229\\1716908485955.png, C:\\Users\\ToanLa\\git\\katalon\\Reports\\20240528_214204\\FPT\\fpt-suites\\20240528_214229\\1716908542373.png, C:\\Users\\ToanLa\\git\\katalon\\Reports\\20240528_214204\\FPT\\fpt-suites\\20240528_214229\\1716908543205.png, C:\\Users\\ToanLa\\git\\katalon\\Reports\\20240528_214204\\FPT\\fpt-suites\\20240528_214229\\1716908599366.png, C:\\Users\\ToanLa\\git\\katalon\\Reports\\20240528_214204\\FPT\\fpt-suites\\20240528_214229\\1716908600120.png, C:\\Users\\ToanLa\\git\\katalon\\Reports\\20240528_214204\\FPT\\fpt-suites\\20240528_214229\\1716908671791.png, C:\\Users\\ToanLa\\git\\katalon\\Reports\\20240528_214204\\FPT\\fpt-suites\\20240528_214229\\1716908672475.png, C:\\Users\\ToanLa\\git\\katalon\\Reports\\20240528_214204\\FPT\\fpt-suites\\20240528_214229\\1716908724749.png, C:\\Users\\ToanLa\\git\\katalon\\Reports\\20240528_214204\\FPT\\fpt-suites\\20240528_214229\\1716908725172.png, C:\\Users\\ToanLa\\git\\katalon\\Reports\\20240528_214204\\FPT\\fpt-suites\\20240528_214229\\1716908777368.png, C:\\Users\\ToanLa\\git\\katalon\\Reports\\20240528_214204\\FPT\\fpt-suites\\20240528_214229\\1716908777907.png, C:\\Users\\ToanLa\\git\\katalon\\Reports\\20240528_214204\\FPT\\fpt-suites\\20240528_214229\\1716908828231.png, C:\\Users\\ToanLa\\git\\katalon\\Reports\\20240528_214204\\FPT\\fpt-suites\\20240528_214229\\1716908828712.png, C:\\Users\\ToanLa\\git\\katalon\\Reports\\20240528_214204\\FPT\\fpt-suites\\20240528_214229\\1716908879097.png, C:\\Users\\ToanLa\\git\\katalon\\Reports\\20240528_214204\\FPT\\fpt-suites\\20240528_214229\\1716908879591.png, C:\\Users\\ToanLa\\git\\katalon\\Reports\\20240528_214204\\FPT\\fpt-suites\\20240528_214229\\1716908978825.png, C:\\Users\\ToanLa\\git\\katalon\\Reports\\20240528_214204\\FPT\\fpt-suites\\20240528_214229\\1716909045379.png, C:\\Users\\ToanLa\\git\\katalon\\Reports\\20240528_214204\\FPT\\fpt-suites\\20240528_214229\\1716909096864.png, C:\\Users\\ToanLa\\git\\katalon\\Reports\\20240528_214204\\FPT\\fpt-suites\\20240528_214229\\1716909150372.png, C:\\Users\\ToanLa\\git\\katalon\\Reports\\20240528_214204\\FPT\\fpt-suites\\20240528_214229\\1716909200849.png, C:\\Users\\ToanLa\\git\\katalon\\Reports\\20240528_214204\\FPT\\fpt-suites\\20240528_214229\\1716909251020.png, C:\\Users\\ToanLa\\git\\katalon\\Reports\\20240528_214204\\FPT\\fpt-suites\\20240528_214229\\1716909301530.png, C:\\Users\\ToanLa\\git\\katalon\\Reports\\20240528_214204\\FPT\\fpt-suites\\20240528_214229\\1716909350904.png, C:\\Users\\ToanLa\\git\\katalon\\Reports\\20240528_214204\\FPT\\fpt-suites\\20240528_214229\\1716909462949.png, C:\\Users\\ToanLa\\git\\katalon\\Reports\\20240528_214204\\FPT\\fpt-suites\\20240528_214229\\1716909463467.png, C:\\Users\\ToanLa\\git\\katalon\\Reports\\20240528_214204\\FPT\\fpt-suites\\20240528_214229\\1716909516266.png, C:\\Users\\ToanLa\\git\\katalon\\Reports\\20240528_214204\\FPT\\fpt-suites\\20240528_214229\\1716909516764.png, C:\\Users\\ToanLa\\git\\katalon\\Reports\\20240528_214204\\FPT\\fpt-suites\\20240528_214229\\1716909569279.png, C:\\Users\\ToanLa\\git\\katalon\\Reports\\20240528_214204\\FPT\\fpt-suites\\20240528_214229\\1716909570127.png, C:\\Users\\ToanLa\\git\\katalon\\Reports\\20240528_214204\\FPT\\fpt-suites\\20240528_214229\\1716909620861.png, C:\\Users\\ToanLa\\git\\katalon\\Reports\\20240528_214204\\FPT\\fpt-suites\\20240528_214229\\1716909621319.png, C:\\Users\\ToanLa\\git\\katalon\\Reports\\20240528_214204\\FPT\\fpt-suites\\20240528_214229\\1716909777269.png, C:\\Users\\ToanLa\\git\\katalon\\Reports\\20240528_214204\\FPT\\fpt-suites\\20240528_214229\\1716909828713.png, C:\\Users\\ToanLa\\git\\katalon\\Reports\\20240528_214204\\FPT\\fpt-suites\\20240528_214229\\1716909881428.png, C:\\Users\\ToanLa\\git\\katalon\\Reports\\20240528_214204\\FPT\\fpt-suites\\20240528_214229\\1716909929365.png"/>
         <property name="hostName" value="ToanLa - DESKTOP-QSIPVT9"/>
         <property name="os" value="Windows 11 64bit"/>
         <property name="katalonVersion" value="9.4.0.212"/>
         <property name="browser" value="Chrome 125.0.0.0"/>
         <property name="hostAddress" value="192.168.1.8"/>
         <property name="sessionId" value="66cc60aa9d79fb95aedf773319281ce6"/>
         <property name="seleniumVersion" value="3.141.59"/>
         <property name="proxyInformation" value="ProxyInformation { proxyOption=NO_PROXY, proxyServerType=HTTP, username=, password=********, proxyServerAddress=, proxyServerPort=0, executionList=&quot;&quot;, isApplyToDesiredCapabilities=true }"/>
         <property name="platform" value="Windows 11"/>
      </properties>
      <testcase name="Test Cases/FPT-TC-16-Journey-Clickable" time="60.438" classname="Test Cases/FPT-TC-16-Journey-Clickable" status="FAILED">
         <failure type="FAILED" message="Test Cases/FPT-TC-16-Journey-Clickable FAILED.&#xa;Reason:&#xa;com.kms.katalon.core.exception.StepFailedException: Unable to click on object 'Object Repository/FPT/Page_Accompany You on Your Transformation J_93dfc8/a_Accompany You on Your Transformation Journey'&#xa;	at com.kms.katalon.core.webui.keyword.internal.WebUIKeywordMain.stepFailed(WebUIKeywordMain.groovy:64)&#xa;	at com.kms.katalon.core.webui.keyword.internal.WebUIKeywordMain.runKeyword(WebUIKeywordMain.groovy:26)&#xa;	at com.kms.katalon.core.webui.keyword.builtin.ClickKeyword.click(ClickKeyword.groovy:74)&#xa;	at com.kms.katalon.core.webui.keyword.builtin.ClickKeyword.execute(ClickKeyword.groovy:40)&#xa;	at com.kms.katalon.core.keyword.internal.KeywordExecutor.executeKeywordForPlatform(KeywordExecutor.groovy:74)&#xa;	at com.kms.katalon.core.webui.keyword.WebUiBuiltInKeywords.click(WebUiBuiltInKeywords.groovy:659)&#xa;	at FPT-TC-16-Journey-Clickable.run(FPT-TC-16-Journey-Clickable:24)&#xa;	at com.kms.katalon.core.main.ScriptEngine.run(ScriptEngine.java:194)&#xa;	at com.kms.katalon.core.main.ScriptEngine.runScriptAsRawText(ScriptEngine.java:119)&#xa;	at com.kms.katalon.core.main.TestCaseExecutor.runScript(TestCaseExecutor.java:448)&#xa;	at com.kms.katalon.core.main.TestCaseExecutor.doExecute(TestCaseExecutor.java:439)&#xa;	at com.kms.katalon.core.main.TestCaseExecutor.processExecutionPhase(TestCaseExecutor.java:418)&#xa;	at com.kms.katalon.core.main.TestCaseExecutor.accessMainPhase(TestCaseExecutor.java:410)&#xa;	at com.kms.katalon.core.main.TestCaseExecutor.execute(TestCaseExecutor.java:285)&#xa;	at com.kms.katalon.core.main.TestCaseExecutor.execute(TestCaseExecutor.java:369)&#xa;	at com.kms.katalon.core.main.TestCaseExecutor.execute(TestCaseExecutor.java:369)&#xa;	at com.kms.katalon.core.main.TestCaseExecutor.execute(TestCaseExecutor.java:369)&#xa;	at com.kms.katalon.core.common.CommonExecutor.accessTestCaseMainPhase(CommonExecutor.java:65)&#xa;	at com.kms.katalon.core.main.TestSuiteExecutor.accessTestSuiteMainPhase(TestSuiteExecutor.java:150)&#xa;	at com.kms.katalon.core.main.TestSuiteExecutor.execute(TestSuiteExecutor.java:106)&#xa;	at com.kms.katalon.core.main.TestCaseMain.startTestSuite(TestCaseMain.java:180)&#xa;	at TempTestSuite1716907349717.run(TempTestSuite1716907349717.groovy:35)&#xa;	at java.base/jdk.internal.reflect.NativeMethodAccessorImpl.invoke0(Native Method)&#xa;	at java.base/jdk.internal.reflect.NativeMethodAccessorImpl.invoke(NativeMethodAccessorImpl.java:77)&#xa;	at java.base/jdk.internal.reflect.DelegatingMethodAccessorImpl.invoke(DelegatingMethodAccessorImpl.java:43)&#xa;Caused by: org.openqa.selenium.ElementNotInteractableException: element not interactable&#xa;  (Session info: chrome=125.0.6422.112)&#xa;Build info: version: '3.141.59', revision: 'e82be7d358', time: '2018-11-14T08:25:53'&#xa;System info: host: 'DESKTOP-QSIPVT9', ip: '192.168.1.8', os.name: 'Windows 11', os.arch: 'amd64', os.version: '10.0', java.version: '17.0.7'&#xa;Driver info: com.kms.katalon.selenium.driver.CChromeDriver&#xa;Capabilities {acceptInsecureCerts: false, browserName: chrome, browserVersion: 125.0.6422.112, chrome: {chromedriverVersion: 125.0.6422.78 (14db42ec38ad..., userDataDir: C:\Users\ToanLa\AppData\Loc...}, fedcm:accounts: true, goog:chromeOptions: {debuggerAddress: localhost:53744}, javascriptEnabled: true, networkConnectionEnabled: false, pageLoadStrategy: normal, platform: WINDOWS, platformName: WINDOWS, proxy: Proxy(), setWindowRect: true, strictFileInteractability: false, timeouts: {implicit: 0, pageLoad: 300000, script: 30000}, unhandledPromptBehavior: dismiss and notify, webauthn:extension:credBlob: true, webauthn:extension:largeBlob: true, webauthn:extension:minPinLength: true, webauthn:extension:prf: true, webauthn:virtualAuthenticators: true}&#xa;Session ID: 633531495696015840a1c350b3de1094&#xa;	at java.base/jdk.internal.reflect.NativeConstructorAccessorImpl.newInstance0(Native Method)&#xa;	at java.base/jdk.internal.reflect.NativeConstructorAccessorImpl.newInstance(NativeConstructorAccessorImpl.java:77)&#xa;	at java.base/jdk.internal.reflect.DelegatingConstructorAccessorImpl.newInstance(DelegatingConstructorAccessorImpl.java:45)&#xa;	at org.openqa.selenium.remote.http.W3CHttpResponseCodec.createException(W3CHttpResponseCodec.java:187)&#xa;	at org.openqa.selenium.remote.http.W3CHttpResponseCodec.decode(W3CHttpResponseCodec.java:122)&#xa;	at org.openqa.selenium.remote.http.W3CHttpResponseCodec.decode(W3CHttpResponseCodec.java:49)&#xa;	at org.openqa.selenium.remote.HttpCommandExecutor.execute(HttpCommandExecutor.java:158)&#xa;	at org.openqa.selenium.remote.service.DriverCommandExecutor.execute(DriverCommandExecutor.java:83)&#xa;	at org.openqa.selenium.remote.RemoteWebDriver.execute(RemoteWebDriver.java:552)&#xa;	at com.kms.katalon.selenium.driver.CChromeDriver.execute(CChromeDriver.java:19)&#xa;	at org.openqa.selenium.remote.RemoteWebElement.execute(RemoteWebElement.java:285)&#xa;	at org.openqa.selenium.remote.RemoteWebElement.click(RemoteWebElement.java:84)&#xa;	at java.base/jdk.internal.reflect.NativeMethodAccessorImpl.invoke0(Native Method)&#xa;	at java.base/jdk.internal.reflect.NativeMethodAccessorImpl.invoke(NativeMethodAccessorImpl.java:77)&#xa;	at java.base/jdk.internal.reflect.DelegatingMethodAccessorImpl.invoke(DelegatingMethodAccessorImpl.java:43)&#xa;	at org.openqa.selenium.support.events.EventFiringWebDriver$EventFiringWebElement.lambda$new$0(EventFiringWebDriver.java:404)&#xa;	at jdk.proxy2/jdk.proxy2.$Proxy26.click(Unknown Source)&#xa;	at org.openqa.selenium.support.events.EventFiringWebDriver$EventFiringWebElement.click(EventFiringWebDriver.java:417)&#xa;	at org.openqa.selenium.WebElement$click.call(Unknown Source)&#xa;	at com.kms.katalon.core.webui.keyword.builtin.ClickKeyword.clickUntilSuccessWithTimeout(ClickKeyword.groovy:81)&#xa;	at com.kms.katalon.core.webui.keyword.builtin.ClickKeyword.clickUntilSuccessWithTimeout(ClickKeyword.groovy)&#xa;	at java.base/jdk.internal.reflect.NativeMethodAccessorImpl.invoke0(Native Method)&#xa;	at java.base/jdk.internal.reflect.NativeMethodAccessorImpl.invoke(NativeMethodAccessorImpl.java:77)&#xa;	at java.base/jdk.internal.reflect.DelegatingMethodAccessorImpl.invoke(DelegatingMethodAccessorImpl.java:43)&#xa;	at com.kms.katalon.core.webui.keyword.builtin.ClickKeyword$_click_closure1.doCall(ClickKeyword.groovy:67)&#xa;	at com.kms.katalon.core.webui.keyword.builtin.ClickKeyword$_click_closure1.call(ClickKeyword.groovy)&#xa;	at com.kms.katalon.core.webui.keyword.internal.WebUIKeywordMain.runKeyword(WebUIKeywordMain.groovy:20)&#xa;	... 23 more&#xa;"/>
         <system-out><![CDATA[28-05-2024T21:49:02 - [TEST_CASE][FAILED] - Test Cases/FPT-TC-16-Journey-Clickable: Test Cases/FPT-TC-16-Journey-Clickable FAILED.
Reason:
com.kms.katalon.core.exception.StepFailedException: Unable to click on object 'Object Repository/FPT/Page_Accompany You on Your Transformation J_93dfc8/a_Accompany You on Your Transformation Journey'
	at com.kms.katalon.core.webui.keyword.internal.WebUIKeywordMain.stepFailed(WebUIKeywordMain.groovy:64)
	at com.kms.katalon.core.webui.keyword.internal.WebUIKeywordMain.runKeyword(WebUIKeywordMain.groovy:26)
	at com.kms.katalon.core.webui.keyword.builtin.ClickKeyword.click(ClickKeyword.groovy:74)
	at com.kms.katalon.core.webui.keyword.builtin.ClickKeyword.execute(ClickKeyword.groovy:40)
	at com.kms.katalon.core.keyword.internal.KeywordExecutor.executeKeywordForPlatform(KeywordExecutor.groovy:74)
	at com.kms.katalon.core.webui.keyword.WebUiBuiltInKeywords.click(WebUiBuiltInKeywords.groovy:659)
	at FPT-TC-16-Journey-Clickable.run(FPT-TC-16-Journey-Clickable:24)
	at com.kms.katalon.core.main.ScriptEngine.run(ScriptEngine.java:194)
	at com.kms.katalon.core.main.ScriptEngine.runScriptAsRawText(ScriptEngine.java:119)
	at com.kms.katalon.core.main.TestCaseExecutor.runScript(TestCaseExecutor.java:448)
	at com.kms.katalon.core.main.TestCaseExecutor.doExecute(TestCaseExecutor.java:439)
	at com.kms.katalon.core.main.TestCaseExecutor.processExecutionPhase(TestCaseExecutor.java:418)
	at com.kms.katalon.core.main.TestCaseExecutor.accessMainPhase(TestCaseExecutor.java:410)
	at com.kms.katalon.core.main.TestCaseExecutor.execute(TestCaseExecutor.java:285)
	at com.kms.katalon.core.main.TestCaseExecutor.execute(TestCaseExecutor.java:369)
	at com.kms.katalon.core.main.TestCaseExecutor.execute(TestCaseExecutor.java:369)
	at com.kms.katalon.core.main.TestCaseExecutor.execute(TestCaseExecutor.java:369)
	at com.kms.katalon.core.common.CommonExecutor.accessTestCaseMainPhase(CommonExecutor.java:65)
	at com.kms.katalon.core.main.TestSuiteExecutor.accessTestSuiteMainPhase(TestSuiteExecutor.java:150)
	at com.kms.katalon.core.main.TestSuiteExecutor.execute(TestSuiteExecutor.java:106)
	at com.kms.katalon.core.main.TestCaseMain.startTestSuite(TestCaseMain.java:180)
	at TempTestSuite1716907349717.run(TempTestSuite1716907349717.groovy:35)
	at java.base/jdk.internal.reflect.NativeMethodAccessorImpl.invoke0(Native Method)
	at java.base/jdk.internal.reflect.NativeMethodAccessorImpl.invoke(NativeMethodAccessorImpl.java:77)
	at java.base/jdk.internal.reflect.DelegatingMethodAccessorImpl.invoke(DelegatingMethodAccessorImpl.java:43)
Caused by: org.openqa.selenium.ElementNotInteractableException: element not interactable
  (Session info: chrome=125.0.6422.112)
Build info: version: '3.141.59', revision: 'e82be7d358', time: '2018-11-14T08:25:53'
System info: host: 'DESKTOP-QSIPVT9', ip: '192.168.1.8', os.name: 'Windows 11', os.arch: 'amd64', os.version: '10.0', java.version: '17.0.7'
Driver info: com.kms.katalon.selenium.driver.CChromeDriver
Capabilities {acceptInsecureCerts: false, browserName: chrome, browserVersion: 125.0.6422.112, chrome: {chromedriverVersion: 125.0.6422.78 (14db42ec38ad..., userDataDir: C:\Users\ToanLa\AppData\Loc...}, fedcm:accounts: true, goog:chromeOptions: {debuggerAddress: localhost:53744}, javascriptEnabled: true, networkConnectionEnabled: false, pageLoadStrategy: normal, platform: WINDOWS, platformName: WINDOWS, proxy: Proxy(), setWindowRect: true, strictFileInteractability: false, timeouts: {implicit: 0, pageLoad: 300000, script: 30000}, unhandledPromptBehavior: dismiss and notify, webauthn:extension:credBlob: true, webauthn:extension:largeBlob: true, webauthn:extension:minPinLength: true, webauthn:extension:prf: true, webauthn:virtualAuthenticators: true}
Session ID: 633531495696015840a1c350b3de1094
	at java.base/jdk.internal.reflect.NativeConstructorAccessorImpl.newInstance0(Native Method)
	at java.base/jdk.internal.reflect.NativeConstructorAccessorImpl.newInstance(NativeConstructorAccessorImpl.java:77)
	at java.base/jdk.internal.reflect.DelegatingConstructorAccessorImpl.newInstance(DelegatingConstructorAccessorImpl.java:45)
	at org.openqa.selenium.remote.http.W3CHttpResponseCodec.createException(W3CHttpResponseCodec.java:187)
	at org.openqa.selenium.remote.http.W3CHttpResponseCodec.decode(W3CHttpResponseCodec.java:122)
	at org.openqa.selenium.remote.http.W3CHttpResponseCodec.decode(W3CHttpResponseCodec.java:49)
	at org.openqa.selenium.remote.HttpCommandExecutor.execute(HttpCommandExecutor.java:158)
	at org.openqa.selenium.remote.service.DriverCommandExecutor.execute(DriverCommandExecutor.java:83)
	at org.openqa.selenium.remote.RemoteWebDriver.execute(RemoteWebDriver.java:552)
	at com.kms.katalon.selenium.driver.CChromeDriver.execute(CChromeDriver.java:19)
	at org.openqa.selenium.remote.RemoteWebElement.execute(RemoteWebElement.java:285)
	at org.openqa.selenium.remote.RemoteWebElement.click(RemoteWebElement.java:84)
	at java.base/jdk.internal.reflect.NativeMethodAccessorImpl.invoke0(Native Method)
	at java.base/jdk.internal.reflect.NativeMethodAccessorImpl.invoke(NativeMethodAccessorImpl.java:77)
	at java.base/jdk.internal.reflect.DelegatingMethodAccessorImpl.invoke(DelegatingMethodAccessorImpl.java:43)
	at org.openqa.selenium.support.events.EventFiringWebDriver$EventFiringWebElement.lambda$new$0(EventFiringWebDriver.java:404)
	at jdk.proxy2/jdk.proxy2.$Proxy26.click(Unknown Source)
	at org.openqa.selenium.support.events.EventFiringWebDriver$EventFiringWebElement.click(EventFiringWebDriver.java:417)
	at org.openqa.selenium.WebElement$click.call(Unknown Source)
	at com.kms.katalon.core.webui.keyword.builtin.ClickKeyword.clickUntilSuccessWithTimeout(ClickKeyword.groovy:81)
	at com.kms.katalon.core.webui.keyword.builtin.ClickKeyword.clickUntilSuccessWithTimeout(ClickKeyword.groovy)
	at java.base/jdk.internal.reflect.NativeMethodAccessorImpl.invoke0(Native Method)
	at java.base/jdk.internal.reflect.NativeMethodAccessorImpl.invoke(NativeMethodAccessorImpl.java:77)
	at java.base/jdk.internal.reflect.DelegatingMethodAccessorImpl.invoke(DelegatingMethodAccessorImpl.java:43)
	at com.kms.katalon.core.webui.keyword.builtin.ClickKeyword$_click_closure1.doCall(ClickKeyword.groovy:67)
	at com.kms.katalon.core.webui.keyword.builtin.ClickKeyword$_click_closure1.call(ClickKeyword.groovy)
	at com.kms.katalon.core.webui.keyword.internal.WebUIKeywordMain.runKeyword(WebUIKeywordMain.groovy:20)
	... 23 more


28-05-2024T21:49:02 - [TEST_STEP][PASSED] - openBrowser(""): Browser is opened with url: ''

28-05-2024T21:49:02 - [MESSAGE][WARNING] - A browser is already opened. Closing browser and opening a new one

28-05-2024T21:49:14 - [MESSAGE][INFO] - Starting 'Chrome' driver

28-05-2024T21:49:14 - [MESSAGE][INFO] - Action delay is set to 0 milliseconds

28-05-2024T21:49:19 - [MESSAGE][PASSED] - Browser is opened with url: ''

28-05-2024T21:49:19 - [TEST_STEP][PASSED] - navigateToUrl("https://fptsoftware.com/"): Navigate to 'https://fptsoftware.com/' successfully

28-05-2024T21:49:19 - [MESSAGE][PASSED] - Navigate to 'https://fptsoftware.com/' successfully

28-05-2024T21:49:19 - [TEST_STEP][FAILED] - click(findTestObject("Object Repository/FPT/Page_Accompany You on Your Transformation J_93dfc8/a_Accompany You on Your Transformation Journey")): Unable to click on object 'Object Repository/FPT/Page_Accompany You on Your Transformation J_93dfc8/a_Accompany You on Your Transformation Journey' (Root cause: com.kms.katalon.core.exception.StepFailedException: Unable to click on object 'Object Repository/FPT/Page_Accompany You on Your Transformation J_93dfc8/a_Accompany You on Your Transformation Journey'
	at com.kms.katalon.core.webui.keyword.internal.WebUIKeywordMain.stepFailed(WebUIKeywordMain.groovy:64)
	at com.kms.katalon.core.webui.keyword.internal.WebUIKeywordMain.runKeyword(WebUIKeywordMain.groovy:26)
	at com.kms.katalon.core.webui.keyword.builtin.ClickKeyword.click(ClickKeyword.groovy:74)
	at com.kms.katalon.core.webui.keyword.builtin.ClickKeyword.execute(ClickKeyword.groovy:40)
	at com.kms.katalon.core.keyword.internal.KeywordExecutor.executeKeywordForPlatform(KeywordExecutor.groovy:74)
	at com.kms.katalon.core.webui.keyword.WebUiBuiltInKeywords.click(WebUiBuiltInKeywords.groovy:659)
	at FPT-TC-16-Journey-Clickable.run(FPT-TC-16-Journey-Clickable:24)
	at com.kms.katalon.core.main.ScriptEngine.run(ScriptEngine.java:194)
	at com.kms.katalon.core.main.ScriptEngine.runScriptAsRawText(ScriptEngine.java:119)
	at com.kms.katalon.core.main.TestCaseExecutor.runScript(TestCaseExecutor.java:448)
	at com.kms.katalon.core.main.TestCaseExecutor.doExecute(TestCaseExecutor.java:439)
	at com.kms.katalon.core.main.TestCaseExecutor.processExecutionPhase(TestCaseExecutor.java:418)
	at com.kms.katalon.core.main.TestCaseExecutor.accessMainPhase(TestCaseExecutor.java:410)
	at com.kms.katalon.core.main.TestCaseExecutor.execute(TestCaseExecutor.java:285)
	at com.kms.katalon.core.main.TestCaseExecutor.execute(TestCaseExecutor.java:369)
	at com.kms.katalon.core.main.TestCaseExecutor.execute(TestCaseExecutor.java:369)
	at com.kms.katalon.core.main.TestCaseExecutor.execute(TestCaseExecutor.java:369)
	at com.kms.katalon.core.common.CommonExecutor.accessTestCaseMainPhase(CommonExecutor.java:65)
	at com.kms.katalon.core.main.TestSuiteExecutor.accessTestSuiteMainPhase(TestSuiteExecutor.java:150)
	at com.kms.katalon.core.main.TestSuiteExecutor.execute(TestSuiteExecutor.java:106)
	at com.kms.katalon.core.main.TestCaseMain.startTestSuite(TestCaseMain.java:180)
	at TempTestSuite1716907349717.run(TempTestSuite1716907349717.groovy:35)
	at java.base/jdk.internal.reflect.NativeMethodAccessorImpl.invoke0(Native Method)
	at java.base/jdk.internal.reflect.NativeMethodAccessorImpl.invoke(NativeMethodAccessorImpl.java:77)
	at java.base/jdk.internal.reflect.DelegatingMethodAccessorImpl.invoke(DelegatingMethodAccessorImpl.java:43)
Caused by: org.openqa.selenium.ElementNotInteractableException: element not interactable
  (Session info: chrome=125.0.6422.112)
Build info: version: '3.141.59', revision: 'e82be7d358', time: '2018-11-14T08:25:53'
System info: host: 'DESKTOP-QSIPVT9', ip: '192.168.1.8', os.name: 'Windows 11', os.arch: 'amd64', os.version: '10.0', java.version: '17.0.7'
Driver info: com.kms.katalon.selenium.driver.CChromeDriver
Capabilities {acceptInsecureCerts: false, browserName: chrome, browserVersion: 125.0.6422.112, chrome: {chromedriverVersion: 125.0.6422.78 (14db42ec38ad..., userDataDir: C:\Users\ToanLa\AppData\Loc...}, fedcm:accounts: true, goog:chromeOptions: {debuggerAddress: localhost:53744}, javascriptEnabled: true, networkConnectionEnabled: false, pageLoadStrategy: normal, platform: WINDOWS, platformName: WINDOWS, proxy: Proxy(), setWindowRect: true, strictFileInteractability: false, timeouts: {implicit: 0, pageLoad: 300000, script: 30000}, unhandledPromptBehavior: dismiss and notify, webauthn:extension:credBlob: true, webauthn:extension:largeBlob: true, webauthn:extension:minPinLength: true, webauthn:extension:prf: true, webauthn:virtualAuthenticators: true}
Session ID: 633531495696015840a1c350b3de1094
	at java.base/jdk.internal.reflect.NativeConstructorAccessorImpl.newInstance0(Native Method)
	at java.base/jdk.internal.reflect.NativeConstructorAccessorImpl.newInstance(NativeConstructorAccessorImpl.java:77)
	at java.base/jdk.internal.reflect.DelegatingConstructorAccessorImpl.newInstance(DelegatingConstructorAccessorImpl.java:45)
	at org.openqa.selenium.remote.http.W3CHttpResponseCodec.createException(W3CHttpResponseCodec.java:187)
	at org.openqa.selenium.remote.http.W3CHttpResponseCodec.decode(W3CHttpResponseCodec.java:122)
	at org.openqa.selenium.remote.http.W3CHttpResponseCodec.decode(W3CHttpResponseCodec.java:49)
	at org.openqa.selenium.remote.HttpCommandExecutor.execute(HttpCommandExecutor.java:158)
	at org.openqa.selenium.remote.service.DriverCommandExecutor.execute(DriverCommandExecutor.java:83)
	at org.openqa.selenium.remote.RemoteWebDriver.execute(RemoteWebDriver.java:552)
	at com.kms.katalon.selenium.driver.CChromeDriver.execute(CChromeDriver.java:19)
	at org.openqa.selenium.remote.RemoteWebElement.execute(RemoteWebElement.java:285)
	at org.openqa.selenium.remote.RemoteWebElement.click(RemoteWebElement.java:84)
	at java.base/jdk.internal.reflect.NativeMethodAccessorImpl.invoke0(Native Method)
	at java.base/jdk.internal.reflect.NativeMethodAccessorImpl.invoke(NativeMethodAccessorImpl.java:77)
	at java.base/jdk.internal.reflect.DelegatingMethodAccessorImpl.invoke(DelegatingMethodAccessorImpl.java:43)
	at org.openqa.selenium.support.events.EventFiringWebDriver$EventFiringWebElement.lambda$new$0(EventFiringWebDriver.java:404)
	at jdk.proxy2/jdk.proxy2.$Proxy26.click(Unknown Source)
	at org.openqa.selenium.support.events.EventFiringWebDriver$EventFiringWebElement.click(EventFiringWebDriver.java:417)
	at org.openqa.selenium.WebElement$click.call(Unknown Source)
	at com.kms.katalon.core.webui.keyword.builtin.ClickKeyword.clickUntilSuccessWithTimeout(ClickKeyword.groovy:81)
	at com.kms.katalon.core.webui.keyword.builtin.ClickKeyword.clickUntilSuccessWithTimeout(ClickKeyword.groovy)
	at java.base/jdk.internal.reflect.NativeMethodAccessorImpl.invoke0(Native Method)
	at java.base/jdk.internal.reflect.NativeMethodAccessorImpl.invoke(NativeMethodAccessorImpl.java:77)
	at java.base/jdk.internal.reflect.DelegatingMethodAccessorImpl.invoke(DelegatingMethodAccessorImpl.java:43)
	at com.kms.katalon.core.webui.keyword.builtin.ClickKeyword$_click_closure1.doCall(ClickKeyword.groovy:67)
	at com.kms.katalon.core.webui.keyword.builtin.ClickKeyword$_click_closure1.call(ClickKeyword.groovy)
	at com.kms.katalon.core.webui.keyword.internal.WebUIKeywordMain.runKeyword(WebUIKeywordMain.groovy:20)
	at com.kms.katalon.core.webui.keyword.builtin.ClickKeyword.click(ClickKeyword.groovy:74)
	at com.kms.katalon.core.webui.keyword.builtin.ClickKeyword.execute(ClickKeyword.groovy:40)
	at com.kms.katalon.core.keyword.internal.KeywordExecutor.executeKeywordForPlatform(KeywordExecutor.groovy:74)
	at com.kms.katalon.core.webui.keyword.WebUiBuiltInKeywords.click(WebUiBuiltInKeywords.groovy:659)
	at Script1716257488621.run(Script1716257488621.groovy:24)
	... 18 more
)

28-05-2024T21:50:00 - [MESSAGE][INFO] - Unable to find the element located by 'By.xpath: //div[@id='header']/div/div/div[2]/div/div[3]/div/nav/ul/li/a'. Please recheck the objects properties to make sure the desired element is located. 

28-05-2024T21:50:00 - [MESSAGE][WARNING] - [SELF-HEALING] Failed to find element with id 'Object Repository/FPT/Page_Accompany You on Your Transformation J_93dfc8/a_Accompany You on Your Transformation Journey'. Try using Self-healing.

28-05-2024T21:50:01 - [MESSAGE][WARNING] - [SELF-HEALING] The current locator of test object 'Object Repository/FPT/Page_Accompany You on Your Transformation J_93dfc8/a_Accompany You on Your Transformation Journey' was broken. Propose an alternative one: '(.//*[normalize-space(text()) and normalize-space(.)='Singapore (English)'])[1]/following::a[2]'.

28-05-2024T21:50:02 - [MESSAGE][FAILED] - Unable to click on object 'Object Repository/FPT/Page_Accompany You on Your Transformation J_93dfc8/a_Accompany You on Your Transformation Journey' (Root cause: com.kms.katalon.core.exception.StepFailedException: Unable to click on object 'Object Repository/FPT/Page_Accompany You on Your Transformation J_93dfc8/a_Accompany You on Your Transformation Journey'
	at com.kms.katalon.core.webui.keyword.internal.WebUIKeywordMain.stepFailed(WebUIKeywordMain.groovy:64)
	at com.kms.katalon.core.webui.keyword.internal.WebUIKeywordMain.runKeyword(WebUIKeywordMain.groovy:26)
	at com.kms.katalon.core.webui.keyword.builtin.ClickKeyword.click(ClickKeyword.groovy:74)
	at com.kms.katalon.core.webui.keyword.builtin.ClickKeyword.execute(ClickKeyword.groovy:40)
	at com.kms.katalon.core.keyword.internal.KeywordExecutor.executeKeywordForPlatform(KeywordExecutor.groovy:74)
	at com.kms.katalon.core.webui.keyword.WebUiBuiltInKeywords.click(WebUiBuiltInKeywords.groovy:659)
	at FPT-TC-16-Journey-Clickable.run(FPT-TC-16-Journey-Clickable:24)
	at com.kms.katalon.core.main.ScriptEngine.run(ScriptEngine.java:194)
	at com.kms.katalon.core.main.ScriptEngine.runScriptAsRawText(ScriptEngine.java:119)
	at com.kms.katalon.core.main.TestCaseExecutor.runScript(TestCaseExecutor.java:448)
	at com.kms.katalon.core.main.TestCaseExecutor.doExecute(TestCaseExecutor.java:439)
	at com.kms.katalon.core.main.TestCaseExecutor.processExecutionPhase(TestCaseExecutor.java:418)
	at com.kms.katalon.core.main.TestCaseExecutor.accessMainPhase(TestCaseExecutor.java:410)
	at com.kms.katalon.core.main.TestCaseExecutor.execute(TestCaseExecutor.java:285)
	at com.kms.katalon.core.main.TestCaseExecutor.execute(TestCaseExecutor.java:369)
	at com.kms.katalon.core.main.TestCaseExecutor.execute(TestCaseExecutor.java:369)
	at com.kms.katalon.core.main.TestCaseExecutor.execute(TestCaseExecutor.java:369)
	at com.kms.katalon.core.common.CommonExecutor.accessTestCaseMainPhase(CommonExecutor.java:65)
	at com.kms.katalon.core.main.TestSuiteExecutor.accessTestSuiteMainPhase(TestSuiteExecutor.java:150)
	at com.kms.katalon.core.main.TestSuiteExecutor.execute(TestSuiteExecutor.java:106)
	at com.kms.katalon.core.main.TestCaseMain.startTestSuite(TestCaseMain.java:180)
	at TempTestSuite1716907349717.run(TempTestSuite1716907349717.groovy:35)
	at java.base/jdk.internal.reflect.NativeMethodAccessorImpl.invoke0(Native Method)
	at java.base/jdk.internal.reflect.NativeMethodAccessorImpl.invoke(NativeMethodAccessorImpl.java:77)
	at java.base/jdk.internal.reflect.DelegatingMethodAccessorImpl.invoke(DelegatingMethodAccessorImpl.java:43)
Caused by: org.openqa.selenium.ElementNotInteractableException: element not interactable
  (Session info: chrome=125.0.6422.112)
Build info: version: '3.141.59', revision: 'e82be7d358', time: '2018-11-14T08:25:53'
System info: host: 'DESKTOP-QSIPVT9', ip: '192.168.1.8', os.name: 'Windows 11', os.arch: 'amd64', os.version: '10.0', java.version: '17.0.7'
Driver info: com.kms.katalon.selenium.driver.CChromeDriver
Capabilities {acceptInsecureCerts: false, browserName: chrome, browserVersion: 125.0.6422.112, chrome: {chromedriverVersion: 125.0.6422.78 (14db42ec38ad..., userDataDir: C:\Users\ToanLa\AppData\Loc...}, fedcm:accounts: true, goog:chromeOptions: {debuggerAddress: localhost:53744}, javascriptEnabled: true, networkConnectionEnabled: false, pageLoadStrategy: normal, platform: WINDOWS, platformName: WINDOWS, proxy: Proxy(), setWindowRect: true, strictFileInteractability: false, timeouts: {implicit: 0, pageLoad: 300000, script: 30000}, unhandledPromptBehavior: dismiss and notify, webauthn:extension:credBlob: true, webauthn:extension:largeBlob: true, webauthn:extension:minPinLength: true, webauthn:extension:prf: true, webauthn:virtualAuthenticators: true}
Session ID: 633531495696015840a1c350b3de1094
	at java.base/jdk.internal.reflect.NativeConstructorAccessorImpl.newInstance0(Native Method)
	at java.base/jdk.internal.reflect.NativeConstructorAccessorImpl.newInstance(NativeConstructorAccessorImpl.java:77)
	at java.base/jdk.internal.reflect.DelegatingConstructorAccessorImpl.newInstance(DelegatingConstructorAccessorImpl.java:45)
	at org.openqa.selenium.remote.http.W3CHttpResponseCodec.createException(W3CHttpResponseCodec.java:187)
	at org.openqa.selenium.remote.http.W3CHttpResponseCodec.decode(W3CHttpResponseCodec.java:122)
	at org.openqa.selenium.remote.http.W3CHttpResponseCodec.decode(W3CHttpResponseCodec.java:49)
	at org.openqa.selenium.remote.HttpCommandExecutor.execute(HttpCommandExecutor.java:158)
	at org.openqa.selenium.remote.service.DriverCommandExecutor.execute(DriverCommandExecutor.java:83)
	at org.openqa.selenium.remote.RemoteWebDriver.execute(RemoteWebDriver.java:552)
	at com.kms.katalon.selenium.driver.CChromeDriver.execute(CChromeDriver.java:19)
	at org.openqa.selenium.remote.RemoteWebElement.execute(RemoteWebElement.java:285)
	at org.openqa.selenium.remote.RemoteWebElement.click(RemoteWebElement.java:84)
	at java.base/jdk.internal.reflect.NativeMethodAccessorImpl.invoke0(Native Method)
	at java.base/jdk.internal.reflect.NativeMethodAccessorImpl.invoke(NativeMethodAccessorImpl.java:77)
	at java.base/jdk.internal.reflect.DelegatingMethodAccessorImpl.invoke(DelegatingMethodAccessorImpl.java:43)
	at org.openqa.selenium.support.events.EventFiringWebDriver$EventFiringWebElement.lambda$new$0(EventFiringWebDriver.java:404)
	at jdk.proxy2/jdk.proxy2.$Proxy26.click(Unknown Source)
	at org.openqa.selenium.support.events.EventFiringWebDriver$EventFiringWebElement.click(EventFiringWebDriver.java:417)
	at org.openqa.selenium.WebElement$click.call(Unknown Source)
	at com.kms.katalon.core.webui.keyword.builtin.ClickKeyword.clickUntilSuccessWithTimeout(ClickKeyword.groovy:81)
	at com.kms.katalon.core.webui.keyword.builtin.ClickKeyword.clickUntilSuccessWithTimeout(ClickKeyword.groovy)
	at java.base/jdk.internal.reflect.NativeMethodAccessorImpl.invoke0(Native Method)
	at java.base/jdk.internal.reflect.NativeMethodAccessorImpl.invoke(NativeMethodAccessorImpl.java:77)
	at java.base/jdk.internal.reflect.DelegatingMethodAccessorImpl.invoke(DelegatingMethodAccessorImpl.java:43)
	at com.kms.katalon.core.webui.keyword.builtin.ClickKeyword$_click_closure1.doCall(ClickKeyword.groovy:67)
	at com.kms.katalon.core.webui.keyword.builtin.ClickKeyword$_click_closure1.call(ClickKeyword.groovy)
	at com.kms.katalon.core.webui.keyword.internal.WebUIKeywordMain.runKeyword(WebUIKeywordMain.groovy:20)
	at com.kms.katalon.core.webui.keyword.builtin.ClickKeyword.click(ClickKeyword.groovy:74)
	at com.kms.katalon.core.webui.keyword.builtin.ClickKeyword.execute(ClickKeyword.groovy:40)
	at com.kms.katalon.core.keyword.internal.KeywordExecutor.executeKeywordForPlatform(KeywordExecutor.groovy:74)
	at com.kms.katalon.core.webui.keyword.WebUiBuiltInKeywords.click(WebUiBuiltInKeywords.groovy:659)
	at Script1716257488621.run(Script1716257488621.groovy:24)
	... 18 more
)
[[ATTACHMENT|C:\\Users\\ToanLa\\git\\katalon\\Reports\\20240528_214204\\FPT\\fpt-suites\\20240528_214229\\1716907801419.png]]]]></system-out>
         <system-err><![CDATA[28-05-2024T21:49:02 - [TEST_CASE][FAILED] - Test Cases/FPT-TC-16-Journey-Clickable: Test Cases/FPT-TC-16-Journey-Clickable FAILED.
Reason:
com.kms.katalon.core.exception.StepFailedException: Unable to click on object 'Object Repository/FPT/Page_Accompany You on Your Transformation J_93dfc8/a_Accompany You on Your Transformation Journey'
	at com.kms.katalon.core.webui.keyword.internal.WebUIKeywordMain.stepFailed(WebUIKeywordMain.groovy:64)
	at com.kms.katalon.core.webui.keyword.internal.WebUIKeywordMain.runKeyword(WebUIKeywordMain.groovy:26)
	at com.kms.katalon.core.webui.keyword.builtin.ClickKeyword.click(ClickKeyword.groovy:74)
	at com.kms.katalon.core.webui.keyword.builtin.ClickKeyword.execute(ClickKeyword.groovy:40)
	at com.kms.katalon.core.keyword.internal.KeywordExecutor.executeKeywordForPlatform(KeywordExecutor.groovy:74)
	at com.kms.katalon.core.webui.keyword.WebUiBuiltInKeywords.click(WebUiBuiltInKeywords.groovy:659)
	at FPT-TC-16-Journey-Clickable.run(FPT-TC-16-Journey-Clickable:24)
	at com.kms.katalon.core.main.ScriptEngine.run(ScriptEngine.java:194)
	at com.kms.katalon.core.main.ScriptEngine.runScriptAsRawText(ScriptEngine.java:119)
	at com.kms.katalon.core.main.TestCaseExecutor.runScript(TestCaseExecutor.java:448)
	at com.kms.katalon.core.main.TestCaseExecutor.doExecute(TestCaseExecutor.java:439)
	at com.kms.katalon.core.main.TestCaseExecutor.processExecutionPhase(TestCaseExecutor.java:418)
	at com.kms.katalon.core.main.TestCaseExecutor.accessMainPhase(TestCaseExecutor.java:410)
	at com.kms.katalon.core.main.TestCaseExecutor.execute(TestCaseExecutor.java:285)
	at com.kms.katalon.core.main.TestCaseExecutor.execute(TestCaseExecutor.java:369)
	at com.kms.katalon.core.main.TestCaseExecutor.execute(TestCaseExecutor.java:369)
	at com.kms.katalon.core.main.TestCaseExecutor.execute(TestCaseExecutor.java:369)
	at com.kms.katalon.core.common.CommonExecutor.accessTestCaseMainPhase(CommonExecutor.java:65)
	at com.kms.katalon.core.main.TestSuiteExecutor.accessTestSuiteMainPhase(TestSuiteExecutor.java:150)
	at com.kms.katalon.core.main.TestSuiteExecutor.execute(TestSuiteExecutor.java:106)
	at com.kms.katalon.core.main.TestCaseMain.startTestSuite(TestCaseMain.java:180)
	at TempTestSuite1716907349717.run(TempTestSuite1716907349717.groovy:35)
	at java.base/jdk.internal.reflect.NativeMethodAccessorImpl.invoke0(Native Method)
	at java.base/jdk.internal.reflect.NativeMethodAccessorImpl.invoke(NativeMethodAccessorImpl.java:77)
	at java.base/jdk.internal.reflect.DelegatingMethodAccessorImpl.invoke(DelegatingMethodAccessorImpl.java:43)
Caused by: org.openqa.selenium.ElementNotInteractableException: element not interactable
  (Session info: chrome=125.0.6422.112)
Build info: version: '3.141.59', revision: 'e82be7d358', time: '2018-11-14T08:25:53'
System info: host: 'DESKTOP-QSIPVT9', ip: '192.168.1.8', os.name: 'Windows 11', os.arch: 'amd64', os.version: '10.0', java.version: '17.0.7'
Driver info: com.kms.katalon.selenium.driver.CChromeDriver
Capabilities {acceptInsecureCerts: false, browserName: chrome, browserVersion: 125.0.6422.112, chrome: {chromedriverVersion: 125.0.6422.78 (14db42ec38ad..., userDataDir: C:\Users\ToanLa\AppData\Loc...}, fedcm:accounts: true, goog:chromeOptions: {debuggerAddress: localhost:53744}, javascriptEnabled: true, networkConnectionEnabled: false, pageLoadStrategy: normal, platform: WINDOWS, platformName: WINDOWS, proxy: Proxy(), setWindowRect: true, strictFileInteractability: false, timeouts: {implicit: 0, pageLoad: 300000, script: 30000}, unhandledPromptBehavior: dismiss and notify, webauthn:extension:credBlob: true, webauthn:extension:largeBlob: true, webauthn:extension:minPinLength: true, webauthn:extension:prf: true, webauthn:virtualAuthenticators: true}
Session ID: 633531495696015840a1c350b3de1094
	at java.base/jdk.internal.reflect.NativeConstructorAccessorImpl.newInstance0(Native Method)
	at java.base/jdk.internal.reflect.NativeConstructorAccessorImpl.newInstance(NativeConstructorAccessorImpl.java:77)
	at java.base/jdk.internal.reflect.DelegatingConstructorAccessorImpl.newInstance(DelegatingConstructorAccessorImpl.java:45)
	at org.openqa.selenium.remote.http.W3CHttpResponseCodec.createException(W3CHttpResponseCodec.java:187)
	at org.openqa.selenium.remote.http.W3CHttpResponseCodec.decode(W3CHttpResponseCodec.java:122)
	at org.openqa.selenium.remote.http.W3CHttpResponseCodec.decode(W3CHttpResponseCodec.java:49)
	at org.openqa.selenium.remote.HttpCommandExecutor.execute(HttpCommandExecutor.java:158)
	at org.openqa.selenium.remote.service.DriverCommandExecutor.execute(DriverCommandExecutor.java:83)
	at org.openqa.selenium.remote.RemoteWebDriver.execute(RemoteWebDriver.java:552)
	at com.kms.katalon.selenium.driver.CChromeDriver.execute(CChromeDriver.java:19)
	at org.openqa.selenium.remote.RemoteWebElement.execute(RemoteWebElement.java:285)
	at org.openqa.selenium.remote.RemoteWebElement.click(RemoteWebElement.java:84)
	at java.base/jdk.internal.reflect.NativeMethodAccessorImpl.invoke0(Native Method)
	at java.base/jdk.internal.reflect.NativeMethodAccessorImpl.invoke(NativeMethodAccessorImpl.java:77)
	at java.base/jdk.internal.reflect.DelegatingMethodAccessorImpl.invoke(DelegatingMethodAccessorImpl.java:43)
	at org.openqa.selenium.support.events.EventFiringWebDriver$EventFiringWebElement.lambda$new$0(EventFiringWebDriver.java:404)
	at jdk.proxy2/jdk.proxy2.$Proxy26.click(Unknown Source)
	at org.openqa.selenium.support.events.EventFiringWebDriver$EventFiringWebElement.click(EventFiringWebDriver.java:417)
	at org.openqa.selenium.WebElement$click.call(Unknown Source)
	at com.kms.katalon.core.webui.keyword.builtin.ClickKeyword.clickUntilSuccessWithTimeout(ClickKeyword.groovy:81)
	at com.kms.katalon.core.webui.keyword.builtin.ClickKeyword.clickUntilSuccessWithTimeout(ClickKeyword.groovy)
	at java.base/jdk.internal.reflect.NativeMethodAccessorImpl.invoke0(Native Method)
	at java.base/jdk.internal.reflect.NativeMethodAccessorImpl.invoke(NativeMethodAccessorImpl.java:77)
	at java.base/jdk.internal.reflect.DelegatingMethodAccessorImpl.invoke(DelegatingMethodAccessorImpl.java:43)
	at com.kms.katalon.core.webui.keyword.builtin.ClickKeyword$_click_closure1.doCall(ClickKeyword.groovy:67)
	at com.kms.katalon.core.webui.keyword.builtin.ClickKeyword$_click_closure1.call(ClickKeyword.groovy)
	at com.kms.katalon.core.webui.keyword.internal.WebUIKeywordMain.runKeyword(WebUIKeywordMain.groovy:20)
	... 23 more]]></system-err>
      </testcase>
      <testcase name="Test Cases/FPT-TC05-Verify-ContactUS-From" time="132.864" classname="Test Cases/FPT-TC05-Verify-ContactUS-From" status="FAILED">
         <failure type="FAILED" message="Test Cases/FPT-TC05-Verify-ContactUS-From FAILED.&#xa;Reason:&#xa;com.kms.katalon.core.exception.StepFailedException: Unable to click on object 'Object Repository/FPT/Page_FPT Software  Leading in Digital trans_9e9e5c/a_Contact us'&#xa;	at com.kms.katalon.core.webui.keyword.internal.WebUIKeywordMain.stepFailed(WebUIKeywordMain.groovy:64)&#xa;	at com.kms.katalon.core.webui.keyword.internal.WebUIKeywordMain.runKeyword(WebUIKeywordMain.groovy:26)&#xa;	at com.kms.katalon.core.webui.keyword.builtin.ClickKeyword.click(ClickKeyword.groovy:74)&#xa;	at com.kms.katalon.core.webui.keyword.builtin.ClickKeyword.execute(ClickKeyword.groovy:40)&#xa;	at com.kms.katalon.core.keyword.internal.KeywordExecutor.executeKeywordForPlatform(KeywordExecutor.groovy:74)&#xa;	at com.kms.katalon.core.webui.keyword.WebUiBuiltInKeywords.click(WebUiBuiltInKeywords.groovy:659)&#xa;	at FPT-TC05-Verify-ContactUS-From.run(FPT-TC05-Verify-ContactUS-From:24)&#xa;	at com.kms.katalon.core.main.ScriptEngine.run(ScriptEngine.java:194)&#xa;	at com.kms.katalon.core.main.ScriptEngine.runScriptAsRawText(ScriptEngine.java:119)&#xa;	at com.kms.katalon.core.main.TestCaseExecutor.runScript(TestCaseExecutor.java:448)&#xa;	at com.kms.katalon.core.main.TestCaseExecutor.doExecute(TestCaseExecutor.java:439)&#xa;	at com.kms.katalon.core.main.TestCaseExecutor.processExecutionPhase(TestCaseExecutor.java:418)&#xa;	at com.kms.katalon.core.main.TestCaseExecutor.accessMainPhase(TestCaseExecutor.java:410)&#xa;	at com.kms.katalon.core.main.TestCaseExecutor.execute(TestCaseExecutor.java:285)&#xa;	at com.kms.katalon.core.main.TestCaseExecutor.execute(TestCaseExecutor.java:369)&#xa;	at com.kms.katalon.core.main.TestCaseExecutor.execute(TestCaseExecutor.java:369)&#xa;	at com.kms.katalon.core.main.TestCaseExecutor.execute(TestCaseExecutor.java:369)&#xa;	at com.kms.katalon.core.common.CommonExecutor.accessTestCaseMainPhase(CommonExecutor.java:65)&#xa;	at com.kms.katalon.core.main.TestSuiteExecutor.accessTestSuiteMainPhase(TestSuiteExecutor.java:150)&#xa;	at com.kms.katalon.core.main.TestSuiteExecutor.execute(TestSuiteExecutor.java:106)&#xa;	at com.kms.katalon.core.main.TestCaseMain.startTestSuite(TestCaseMain.java:180)&#xa;	at TempTestSuite1716907349717.run(TempTestSuite1716907349717.groovy:35)&#xa;	at java.base/jdk.internal.reflect.NativeMethodAccessorImpl.invoke0(Native Method)&#xa;	at java.base/jdk.internal.reflect.NativeMethodAccessorImpl.invoke(NativeMethodAccessorImpl.java:77)&#xa;	at java.base/jdk.internal.reflect.DelegatingMethodAccessorImpl.invoke(DelegatingMethodAccessorImpl.java:43)&#xa;Caused by: org.openqa.selenium.ElementNotInteractableException: element not interactable&#xa;  (Session info: chrome=125.0.6422.112)&#xa;Build info: version: '3.141.59', revision: 'e82be7d358', time: '2018-11-14T08:25:53'&#xa;System info: host: 'DESKTOP-QSIPVT9', ip: '192.168.1.8', os.name: 'Windows 11', os.arch: 'amd64', os.version: '10.0', java.version: '17.0.7'&#xa;Driver info: com.kms.katalon.selenium.driver.CChromeDriver&#xa;Capabilities {acceptInsecureCerts: false, browserName: chrome, browserVersion: 125.0.6422.112, chrome: {chromedriverVersion: 125.0.6422.78 (14db42ec38ad..., userDataDir: C:\Users\ToanLa\AppData\Loc...}, fedcm:accounts: true, goog:chromeOptions: {debuggerAddress: localhost:58810}, javascriptEnabled: true, networkConnectionEnabled: false, pageLoadStrategy: normal, platform: WINDOWS, platformName: WINDOWS, proxy: Proxy(), setWindowRect: true, strictFileInteractability: false, timeouts: {implicit: 0, pageLoad: 300000, script: 30000}, unhandledPromptBehavior: dismiss and notify, webauthn:extension:credBlob: true, webauthn:extension:largeBlob: true, webauthn:extension:minPinLength: true, webauthn:extension:prf: true, webauthn:virtualAuthenticators: true}&#xa;Session ID: 5bb79749d051a2d4b2ac980ad4f3f6af&#xa;	at java.base/jdk.internal.reflect.NativeConstructorAccessorImpl.newInstance0(Native Method)&#xa;	at java.base/jdk.internal.reflect.NativeConstructorAccessorImpl.newInstance(NativeConstructorAccessorImpl.java:77)&#xa;	at java.base/jdk.internal.reflect.DelegatingConstructorAccessorImpl.newInstance(DelegatingConstructorAccessorImpl.java:45)&#xa;	at org.openqa.selenium.remote.http.W3CHttpResponseCodec.createException(W3CHttpResponseCodec.java:187)&#xa;	at org.openqa.selenium.remote.http.W3CHttpResponseCodec.decode(W3CHttpResponseCodec.java:122)&#xa;	at org.openqa.selenium.remote.http.W3CHttpResponseCodec.decode(W3CHttpResponseCodec.java:49)&#xa;	at org.openqa.selenium.remote.HttpCommandExecutor.execute(HttpCommandExecutor.java:158)&#xa;	at org.openqa.selenium.remote.service.DriverCommandExecutor.execute(DriverCommandExecutor.java:83)&#xa;	at org.openqa.selenium.remote.RemoteWebDriver.execute(RemoteWebDriver.java:552)&#xa;	at com.kms.katalon.selenium.driver.CChromeDriver.execute(CChromeDriver.java:19)&#xa;	at org.openqa.selenium.remote.RemoteWebElement.execute(RemoteWebElement.java:285)&#xa;	at org.openqa.selenium.remote.RemoteWebElement.click(RemoteWebElement.java:84)&#xa;	at java.base/jdk.internal.reflect.NativeMethodAccessorImpl.invoke0(Native Method)&#xa;	at java.base/jdk.internal.reflect.NativeMethodAccessorImpl.invoke(NativeMethodAccessorImpl.java:77)&#xa;	at java.base/jdk.internal.reflect.DelegatingMethodAccessorImpl.invoke(DelegatingMethodAccessorImpl.java:43)&#xa;	at org.openqa.selenium.support.events.EventFiringWebDriver$EventFiringWebElement.lambda$new$0(EventFiringWebDriver.java:404)&#xa;	at jdk.proxy2/jdk.proxy2.$Proxy26.click(Unknown Source)&#xa;	at org.openqa.selenium.support.events.EventFiringWebDriver$EventFiringWebElement.click(EventFiringWebDriver.java:417)&#xa;	at org.openqa.selenium.WebElement$click.call(Unknown Source)&#xa;	at com.kms.katalon.core.webui.keyword.builtin.ClickKeyword.clickUntilSuccessWithTimeout(ClickKeyword.groovy:81)&#xa;	at com.kms.katalon.core.webui.keyword.builtin.ClickKeyword.clickUntilSuccessWithTimeout(ClickKeyword.groovy)&#xa;	at java.base/jdk.internal.reflect.NativeMethodAccessorImpl.invoke0(Native Method)&#xa;	at java.base/jdk.internal.reflect.NativeMethodAccessorImpl.invoke(NativeMethodAccessorImpl.java:77)&#xa;	at java.base/jdk.internal.reflect.DelegatingMethodAccessorImpl.invoke(DelegatingMethodAccessorImpl.java:43)&#xa;	at com.kms.katalon.core.webui.keyword.builtin.ClickKeyword$_click_closure1.doCall(ClickKeyword.groovy:67)&#xa;	at com.kms.katalon.core.webui.keyword.builtin.ClickKeyword$_click_closure1.call(ClickKeyword.groovy)&#xa;	at com.kms.katalon.core.webui.keyword.internal.WebUIKeywordMain.runKeyword(WebUIKeywordMain.groovy:20)&#xa;	... 23 more&#xa;"/>
         <system-out><![CDATA[28-05-2024T21:54:27 - [TEST_CASE][FAILED] - Test Cases/FPT-TC05-Verify-ContactUS-From: Test Cases/FPT-TC05-Verify-ContactUS-From FAILED.
Reason:
com.kms.katalon.core.exception.StepFailedException: Unable to click on object 'Object Repository/FPT/Page_FPT Software  Leading in Digital trans_9e9e5c/a_Contact us'
	at com.kms.katalon.core.webui.keyword.internal.WebUIKeywordMain.stepFailed(WebUIKeywordMain.groovy:64)
	at com.kms.katalon.core.webui.keyword.internal.WebUIKeywordMain.runKeyword(WebUIKeywordMain.groovy:26)
	at com.kms.katalon.core.webui.keyword.builtin.ClickKeyword.click(ClickKeyword.groovy:74)
	at com.kms.katalon.core.webui.keyword.builtin.ClickKeyword.execute(ClickKeyword.groovy:40)
	at com.kms.katalon.core.keyword.internal.KeywordExecutor.executeKeywordForPlatform(KeywordExecutor.groovy:74)
	at com.kms.katalon.core.webui.keyword.WebUiBuiltInKeywords.click(WebUiBuiltInKeywords.groovy:659)
	at FPT-TC05-Verify-ContactUS-From.run(FPT-TC05-Verify-ContactUS-From:24)
	at com.kms.katalon.core.main.ScriptEngine.run(ScriptEngine.java:194)
	at com.kms.katalon.core.main.ScriptEngine.runScriptAsRawText(ScriptEngine.java:119)
	at com.kms.katalon.core.main.TestCaseExecutor.runScript(TestCaseExecutor.java:448)
	at com.kms.katalon.core.main.TestCaseExecutor.doExecute(TestCaseExecutor.java:439)
	at com.kms.katalon.core.main.TestCaseExecutor.processExecutionPhase(TestCaseExecutor.java:418)
	at com.kms.katalon.core.main.TestCaseExecutor.accessMainPhase(TestCaseExecutor.java:410)
	at com.kms.katalon.core.main.TestCaseExecutor.execute(TestCaseExecutor.java:285)
	at com.kms.katalon.core.main.TestCaseExecutor.execute(TestCaseExecutor.java:369)
	at com.kms.katalon.core.main.TestCaseExecutor.execute(TestCaseExecutor.java:369)
	at com.kms.katalon.core.main.TestCaseExecutor.execute(TestCaseExecutor.java:369)
	at com.kms.katalon.core.common.CommonExecutor.accessTestCaseMainPhase(CommonExecutor.java:65)
	at com.kms.katalon.core.main.TestSuiteExecutor.accessTestSuiteMainPhase(TestSuiteExecutor.java:150)
	at com.kms.katalon.core.main.TestSuiteExecutor.execute(TestSuiteExecutor.java:106)
	at com.kms.katalon.core.main.TestCaseMain.startTestSuite(TestCaseMain.java:180)
	at TempTestSuite1716907349717.run(TempTestSuite1716907349717.groovy:35)
	at java.base/jdk.internal.reflect.NativeMethodAccessorImpl.invoke0(Native Method)
	at java.base/jdk.internal.reflect.NativeMethodAccessorImpl.invoke(NativeMethodAccessorImpl.java:77)
	at java.base/jdk.internal.reflect.DelegatingMethodAccessorImpl.invoke(DelegatingMethodAccessorImpl.java:43)
Caused by: org.openqa.selenium.ElementNotInteractableException: element not interactable
  (Session info: chrome=125.0.6422.112)
Build info: version: '3.141.59', revision: 'e82be7d358', time: '2018-11-14T08:25:53'
System info: host: 'DESKTOP-QSIPVT9', ip: '192.168.1.8', os.name: 'Windows 11', os.arch: 'amd64', os.version: '10.0', java.version: '17.0.7'
Driver info: com.kms.katalon.selenium.driver.CChromeDriver
Capabilities {acceptInsecureCerts: false, browserName: chrome, browserVersion: 125.0.6422.112, chrome: {chromedriverVersion: 125.0.6422.78 (14db42ec38ad..., userDataDir: C:\Users\ToanLa\AppData\Loc...}, fedcm:accounts: true, goog:chromeOptions: {debuggerAddress: localhost:58810}, javascriptEnabled: true, networkConnectionEnabled: false, pageLoadStrategy: normal, platform: WINDOWS, platformName: WINDOWS, proxy: Proxy(), setWindowRect: true, strictFileInteractability: false, timeouts: {implicit: 0, pageLoad: 300000, script: 30000}, unhandledPromptBehavior: dismiss and notify, webauthn:extension:credBlob: true, webauthn:extension:largeBlob: true, webauthn:extension:minPinLength: true, webauthn:extension:prf: true, webauthn:virtualAuthenticators: true}
Session ID: 5bb79749d051a2d4b2ac980ad4f3f6af
	at java.base/jdk.internal.reflect.NativeConstructorAccessorImpl.newInstance0(Native Method)
	at java.base/jdk.internal.reflect.NativeConstructorAccessorImpl.newInstance(NativeConstructorAccessorImpl.java:77)
	at java.base/jdk.internal.reflect.DelegatingConstructorAccessorImpl.newInstance(DelegatingConstructorAccessorImpl.java:45)
	at org.openqa.selenium.remote.http.W3CHttpResponseCodec.createException(W3CHttpResponseCodec.java:187)
	at org.openqa.selenium.remote.http.W3CHttpResponseCodec.decode(W3CHttpResponseCodec.java:122)
	at org.openqa.selenium.remote.http.W3CHttpResponseCodec.decode(W3CHttpResponseCodec.java:49)
	at org.openqa.selenium.remote.HttpCommandExecutor.execute(HttpCommandExecutor.java:158)
	at org.openqa.selenium.remote.service.DriverCommandExecutor.execute(DriverCommandExecutor.java:83)
	at org.openqa.selenium.remote.RemoteWebDriver.execute(RemoteWebDriver.java:552)
	at com.kms.katalon.selenium.driver.CChromeDriver.execute(CChromeDriver.java:19)
	at org.openqa.selenium.remote.RemoteWebElement.execute(RemoteWebElement.java:285)
	at org.openqa.selenium.remote.RemoteWebElement.click(RemoteWebElement.java:84)
	at java.base/jdk.internal.reflect.NativeMethodAccessorImpl.invoke0(Native Method)
	at java.base/jdk.internal.reflect.NativeMethodAccessorImpl.invoke(NativeMethodAccessorImpl.java:77)
	at java.base/jdk.internal.reflect.DelegatingMethodAccessorImpl.invoke(DelegatingMethodAccessorImpl.java:43)
	at org.openqa.selenium.support.events.EventFiringWebDriver$EventFiringWebElement.lambda$new$0(EventFiringWebDriver.java:404)
	at jdk.proxy2/jdk.proxy2.$Proxy26.click(Unknown Source)
	at org.openqa.selenium.support.events.EventFiringWebDriver$EventFiringWebElement.click(EventFiringWebDriver.java:417)
	at org.openqa.selenium.WebElement$click.call(Unknown Source)
	at com.kms.katalon.core.webui.keyword.builtin.ClickKeyword.clickUntilSuccessWithTimeout(ClickKeyword.groovy:81)
	at com.kms.katalon.core.webui.keyword.builtin.ClickKeyword.clickUntilSuccessWithTimeout(ClickKeyword.groovy)
	at java.base/jdk.internal.reflect.NativeMethodAccessorImpl.invoke0(Native Method)
	at java.base/jdk.internal.reflect.NativeMethodAccessorImpl.invoke(NativeMethodAccessorImpl.java:77)
	at java.base/jdk.internal.reflect.DelegatingMethodAccessorImpl.invoke(DelegatingMethodAccessorImpl.java:43)
	at com.kms.katalon.core.webui.keyword.builtin.ClickKeyword$_click_closure1.doCall(ClickKeyword.groovy:67)
	at com.kms.katalon.core.webui.keyword.builtin.ClickKeyword$_click_closure1.call(ClickKeyword.groovy)
	at com.kms.katalon.core.webui.keyword.internal.WebUIKeywordMain.runKeyword(WebUIKeywordMain.groovy:20)
	... 23 more


28-05-2024T21:54:27 - [TEST_STEP][PASSED] - openBrowser(""): Browser is opened with url: ''

28-05-2024T21:54:27 - [MESSAGE][WARNING] - A browser is already opened. Closing browser and opening a new one

28-05-2024T21:54:28 - [MESSAGE][INFO] - Starting 'Chrome' driver

28-05-2024T21:54:28 - [MESSAGE][INFO] - Action delay is set to 0 milliseconds

28-05-2024T21:54:29 - [MESSAGE][PASSED] - Browser is opened with url: ''

28-05-2024T21:54:29 - [TEST_STEP][PASSED] - navigateToUrl("https://fptsoftware.com/"): Navigate to 'https://fptsoftware.com/' successfully

28-05-2024T21:56:07 - [MESSAGE][PASSED] - Navigate to 'https://fptsoftware.com/' successfully

28-05-2024T21:56:07 - [TEST_STEP][FAILED] - click(findTestObject("Object Repository/FPT/Page_FPT Software  Leading in Digital trans_9e9e5c/a_Contact us")): Unable to click on object 'Object Repository/FPT/Page_FPT Software  Leading in Digital trans_9e9e5c/a_Contact us' (Root cause: com.kms.katalon.core.exception.StepFailedException: Unable to click on object 'Object Repository/FPT/Page_FPT Software  Leading in Digital trans_9e9e5c/a_Contact us'
	at com.kms.katalon.core.webui.keyword.internal.WebUIKeywordMain.stepFailed(WebUIKeywordMain.groovy:64)
	at com.kms.katalon.core.webui.keyword.internal.WebUIKeywordMain.runKeyword(WebUIKeywordMain.groovy:26)
	at com.kms.katalon.core.webui.keyword.builtin.ClickKeyword.click(ClickKeyword.groovy:74)
	at com.kms.katalon.core.webui.keyword.builtin.ClickKeyword.execute(ClickKeyword.groovy:40)
	at com.kms.katalon.core.keyword.internal.KeywordExecutor.executeKeywordForPlatform(KeywordExecutor.groovy:74)
	at com.kms.katalon.core.webui.keyword.WebUiBuiltInKeywords.click(WebUiBuiltInKeywords.groovy:659)
	at FPT-TC05-Verify-ContactUS-From.run(FPT-TC05-Verify-ContactUS-From:24)
	at com.kms.katalon.core.main.ScriptEngine.run(ScriptEngine.java:194)
	at com.kms.katalon.core.main.ScriptEngine.runScriptAsRawText(ScriptEngine.java:119)
	at com.kms.katalon.core.main.TestCaseExecutor.runScript(TestCaseExecutor.java:448)
	at com.kms.katalon.core.main.TestCaseExecutor.doExecute(TestCaseExecutor.java:439)
	at com.kms.katalon.core.main.TestCaseExecutor.processExecutionPhase(TestCaseExecutor.java:418)
	at com.kms.katalon.core.main.TestCaseExecutor.accessMainPhase(TestCaseExecutor.java:410)
	at com.kms.katalon.core.main.TestCaseExecutor.execute(TestCaseExecutor.java:285)
	at com.kms.katalon.core.main.TestCaseExecutor.execute(TestCaseExecutor.java:369)
	at com.kms.katalon.core.main.TestCaseExecutor.execute(TestCaseExecutor.java:369)
	at com.kms.katalon.core.main.TestCaseExecutor.execute(TestCaseExecutor.java:369)
	at com.kms.katalon.core.common.CommonExecutor.accessTestCaseMainPhase(CommonExecutor.java:65)
	at com.kms.katalon.core.main.TestSuiteExecutor.accessTestSuiteMainPhase(TestSuiteExecutor.java:150)
	at com.kms.katalon.core.main.TestSuiteExecutor.execute(TestSuiteExecutor.java:106)
	at com.kms.katalon.core.main.TestCaseMain.startTestSuite(TestCaseMain.java:180)
	at TempTestSuite1716907349717.run(TempTestSuite1716907349717.groovy:35)
	at java.base/jdk.internal.reflect.NativeMethodAccessorImpl.invoke0(Native Method)
	at java.base/jdk.internal.reflect.NativeMethodAccessorImpl.invoke(NativeMethodAccessorImpl.java:77)
	at java.base/jdk.internal.reflect.DelegatingMethodAccessorImpl.invoke(DelegatingMethodAccessorImpl.java:43)
Caused by: org.openqa.selenium.ElementNotInteractableException: element not interactable
  (Session info: chrome=125.0.6422.112)
Build info: version: '3.141.59', revision: 'e82be7d358', time: '2018-11-14T08:25:53'
System info: host: 'DESKTOP-QSIPVT9', ip: '192.168.1.8', os.name: 'Windows 11', os.arch: 'amd64', os.version: '10.0', java.version: '17.0.7'
Driver info: com.kms.katalon.selenium.driver.CChromeDriver
Capabilities {acceptInsecureCerts: false, browserName: chrome, browserVersion: 125.0.6422.112, chrome: {chromedriverVersion: 125.0.6422.78 (14db42ec38ad..., userDataDir: C:\Users\ToanLa\AppData\Loc...}, fedcm:accounts: true, goog:chromeOptions: {debuggerAddress: localhost:58810}, javascriptEnabled: true, networkConnectionEnabled: false, pageLoadStrategy: normal, platform: WINDOWS, platformName: WINDOWS, proxy: Proxy(), setWindowRect: true, strictFileInteractability: false, timeouts: {implicit: 0, pageLoad: 300000, script: 30000}, unhandledPromptBehavior: dismiss and notify, webauthn:extension:credBlob: true, webauthn:extension:largeBlob: true, webauthn:extension:minPinLength: true, webauthn:extension:prf: true, webauthn:virtualAuthenticators: true}
Session ID: 5bb79749d051a2d4b2ac980ad4f3f6af
	at java.base/jdk.internal.reflect.NativeConstructorAccessorImpl.newInstance0(Native Method)
	at java.base/jdk.internal.reflect.NativeConstructorAccessorImpl.newInstance(NativeConstructorAccessorImpl.java:77)
	at java.base/jdk.internal.reflect.DelegatingConstructorAccessorImpl.newInstance(DelegatingConstructorAccessorImpl.java:45)
	at org.openqa.selenium.remote.http.W3CHttpResponseCodec.createException(W3CHttpResponseCodec.java:187)
	at org.openqa.selenium.remote.http.W3CHttpResponseCodec.decode(W3CHttpResponseCodec.java:122)
	at org.openqa.selenium.remote.http.W3CHttpResponseCodec.decode(W3CHttpResponseCodec.java:49)
	at org.openqa.selenium.remote.HttpCommandExecutor.execute(HttpCommandExecutor.java:158)
	at org.openqa.selenium.remote.service.DriverCommandExecutor.execute(DriverCommandExecutor.java:83)
	at org.openqa.selenium.remote.RemoteWebDriver.execute(RemoteWebDriver.java:552)
	at com.kms.katalon.selenium.driver.CChromeDriver.execute(CChromeDriver.java:19)
	at org.openqa.selenium.remote.RemoteWebElement.execute(RemoteWebElement.java:285)
	at org.openqa.selenium.remote.RemoteWebElement.click(RemoteWebElement.java:84)
	at java.base/jdk.internal.reflect.NativeMethodAccessorImpl.invoke0(Native Method)
	at java.base/jdk.internal.reflect.NativeMethodAccessorImpl.invoke(NativeMethodAccessorImpl.java:77)
	at java.base/jdk.internal.reflect.DelegatingMethodAccessorImpl.invoke(DelegatingMethodAccessorImpl.java:43)
	at org.openqa.selenium.support.events.EventFiringWebDriver$EventFiringWebElement.lambda$new$0(EventFiringWebDriver.java:404)
	at jdk.proxy2/jdk.proxy2.$Proxy26.click(Unknown Source)
	at org.openqa.selenium.support.events.EventFiringWebDriver$EventFiringWebElement.click(EventFiringWebDriver.java:417)
	at org.openqa.selenium.WebElement$click.call(Unknown Source)
	at com.kms.katalon.core.webui.keyword.builtin.ClickKeyword.clickUntilSuccessWithTimeout(ClickKeyword.groovy:81)
	at com.kms.katalon.core.webui.keyword.builtin.ClickKeyword.clickUntilSuccessWithTimeout(ClickKeyword.groovy)
	at java.base/jdk.internal.reflect.NativeMethodAccessorImpl.invoke0(Native Method)
	at java.base/jdk.internal.reflect.NativeMethodAccessorImpl.invoke(NativeMethodAccessorImpl.java:77)
	at java.base/jdk.internal.reflect.DelegatingMethodAccessorImpl.invoke(DelegatingMethodAccessorImpl.java:43)
	at com.kms.katalon.core.webui.keyword.builtin.ClickKeyword$_click_closure1.doCall(ClickKeyword.groovy:67)
	at com.kms.katalon.core.webui.keyword.builtin.ClickKeyword$_click_closure1.call(ClickKeyword.groovy)
	at com.kms.katalon.core.webui.keyword.internal.WebUIKeywordMain.runKeyword(WebUIKeywordMain.groovy:20)
	at com.kms.katalon.core.webui.keyword.builtin.ClickKeyword.click(ClickKeyword.groovy:74)
	at com.kms.katalon.core.webui.keyword.builtin.ClickKeyword.execute(ClickKeyword.groovy:40)
	at com.kms.katalon.core.keyword.internal.KeywordExecutor.executeKeywordForPlatform(KeywordExecutor.groovy:74)
	at com.kms.katalon.core.webui.keyword.WebUiBuiltInKeywords.click(WebUiBuiltInKeywords.groovy:659)
	at Script1716255733944.run(Script1716255733944.groovy:24)
	... 18 more
)

28-05-2024T21:56:39 - [MESSAGE][INFO] - Unable to find the element located by 'By.xpath: //div[@id='header']/div/div/div/div/div/div/ul/li/div/a'. Please recheck the objects properties to make sure the desired element is located. 

28-05-2024T21:56:39 - [MESSAGE][WARNING] - [SELF-HEALING] Failed to find element with id 'Object Repository/FPT/Page_FPT Software  Leading in Digital trans_9e9e5c/a_Contact us'. Try using Self-healing.

28-05-2024T21:56:39 - [MESSAGE][WARNING] - [SELF-HEALING] The current locator of test object 'Object Repository/FPT/Page_FPT Software  Leading in Digital trans_9e9e5c/a_Contact us' was broken. Propose an alternative one: '(.//*[normalize-space(text()) and normalize-space(.)='Newsroom'])[1]/preceding::a[2]'.

28-05-2024T21:56:40 - [MESSAGE][FAILED] - Unable to click on object 'Object Repository/FPT/Page_FPT Software  Leading in Digital trans_9e9e5c/a_Contact us' (Root cause: com.kms.katalon.core.exception.StepFailedException: Unable to click on object 'Object Repository/FPT/Page_FPT Software  Leading in Digital trans_9e9e5c/a_Contact us'
	at com.kms.katalon.core.webui.keyword.internal.WebUIKeywordMain.stepFailed(WebUIKeywordMain.groovy:64)
	at com.kms.katalon.core.webui.keyword.internal.WebUIKeywordMain.runKeyword(WebUIKeywordMain.groovy:26)
	at com.kms.katalon.core.webui.keyword.builtin.ClickKeyword.click(ClickKeyword.groovy:74)
	at com.kms.katalon.core.webui.keyword.builtin.ClickKeyword.execute(ClickKeyword.groovy:40)
	at com.kms.katalon.core.keyword.internal.KeywordExecutor.executeKeywordForPlatform(KeywordExecutor.groovy:74)
	at com.kms.katalon.core.webui.keyword.WebUiBuiltInKeywords.click(WebUiBuiltInKeywords.groovy:659)
	at FPT-TC05-Verify-ContactUS-From.run(FPT-TC05-Verify-ContactUS-From:24)
	at com.kms.katalon.core.main.ScriptEngine.run(ScriptEngine.java:194)
	at com.kms.katalon.core.main.ScriptEngine.runScriptAsRawText(ScriptEngine.java:119)
	at com.kms.katalon.core.main.TestCaseExecutor.runScript(TestCaseExecutor.java:448)
	at com.kms.katalon.core.main.TestCaseExecutor.doExecute(TestCaseExecutor.java:439)
	at com.kms.katalon.core.main.TestCaseExecutor.processExecutionPhase(TestCaseExecutor.java:418)
	at com.kms.katalon.core.main.TestCaseExecutor.accessMainPhase(TestCaseExecutor.java:410)
	at com.kms.katalon.core.main.TestCaseExecutor.execute(TestCaseExecutor.java:285)
	at com.kms.katalon.core.main.TestCaseExecutor.execute(TestCaseExecutor.java:369)
	at com.kms.katalon.core.main.TestCaseExecutor.execute(TestCaseExecutor.java:369)
	at com.kms.katalon.core.main.TestCaseExecutor.execute(TestCaseExecutor.java:369)
	at com.kms.katalon.core.common.CommonExecutor.accessTestCaseMainPhase(CommonExecutor.java:65)
	at com.kms.katalon.core.main.TestSuiteExecutor.accessTestSuiteMainPhase(TestSuiteExecutor.java:150)
	at com.kms.katalon.core.main.TestSuiteExecutor.execute(TestSuiteExecutor.java:106)
	at com.kms.katalon.core.main.TestCaseMain.startTestSuite(TestCaseMain.java:180)
	at TempTestSuite1716907349717.run(TempTestSuite1716907349717.groovy:35)
	at java.base/jdk.internal.reflect.NativeMethodAccessorImpl.invoke0(Native Method)
	at java.base/jdk.internal.reflect.NativeMethodAccessorImpl.invoke(NativeMethodAccessorImpl.java:77)
	at java.base/jdk.internal.reflect.DelegatingMethodAccessorImpl.invoke(DelegatingMethodAccessorImpl.java:43)
Caused by: org.openqa.selenium.ElementNotInteractableException: element not interactable
  (Session info: chrome=125.0.6422.112)
Build info: version: '3.141.59', revision: 'e82be7d358', time: '2018-11-14T08:25:53'
System info: host: 'DESKTOP-QSIPVT9', ip: '192.168.1.8', os.name: 'Windows 11', os.arch: 'amd64', os.version: '10.0', java.version: '17.0.7'
Driver info: com.kms.katalon.selenium.driver.CChromeDriver
Capabilities {acceptInsecureCerts: false, browserName: chrome, browserVersion: 125.0.6422.112, chrome: {chromedriverVersion: 125.0.6422.78 (14db42ec38ad..., userDataDir: C:\Users\ToanLa\AppData\Loc...}, fedcm:accounts: true, goog:chromeOptions: {debuggerAddress: localhost:58810}, javascriptEnabled: true, networkConnectionEnabled: false, pageLoadStrategy: normal, platform: WINDOWS, platformName: WINDOWS, proxy: Proxy(), setWindowRect: true, strictFileInteractability: false, timeouts: {implicit: 0, pageLoad: 300000, script: 30000}, unhandledPromptBehavior: dismiss and notify, webauthn:extension:credBlob: true, webauthn:extension:largeBlob: true, webauthn:extension:minPinLength: true, webauthn:extension:prf: true, webauthn:virtualAuthenticators: true}
Session ID: 5bb79749d051a2d4b2ac980ad4f3f6af
	at java.base/jdk.internal.reflect.NativeConstructorAccessorImpl.newInstance0(Native Method)
	at java.base/jdk.internal.reflect.NativeConstructorAccessorImpl.newInstance(NativeConstructorAccessorImpl.java:77)
	at java.base/jdk.internal.reflect.DelegatingConstructorAccessorImpl.newInstance(DelegatingConstructorAccessorImpl.java:45)
	at org.openqa.selenium.remote.http.W3CHttpResponseCodec.createException(W3CHttpResponseCodec.java:187)
	at org.openqa.selenium.remote.http.W3CHttpResponseCodec.decode(W3CHttpResponseCodec.java:122)
	at org.openqa.selenium.remote.http.W3CHttpResponseCodec.decode(W3CHttpResponseCodec.java:49)
	at org.openqa.selenium.remote.HttpCommandExecutor.execute(HttpCommandExecutor.java:158)
	at org.openqa.selenium.remote.service.DriverCommandExecutor.execute(DriverCommandExecutor.java:83)
	at org.openqa.selenium.remote.RemoteWebDriver.execute(RemoteWebDriver.java:552)
	at com.kms.katalon.selenium.driver.CChromeDriver.execute(CChromeDriver.java:19)
	at org.openqa.selenium.remote.RemoteWebElement.execute(RemoteWebElement.java:285)
	at org.openqa.selenium.remote.RemoteWebElement.click(RemoteWebElement.java:84)
	at java.base/jdk.internal.reflect.NativeMethodAccessorImpl.invoke0(Native Method)
	at java.base/jdk.internal.reflect.NativeMethodAccessorImpl.invoke(NativeMethodAccessorImpl.java:77)
	at java.base/jdk.internal.reflect.DelegatingMethodAccessorImpl.invoke(DelegatingMethodAccessorImpl.java:43)
	at org.openqa.selenium.support.events.EventFiringWebDriver$EventFiringWebElement.lambda$new$0(EventFiringWebDriver.java:404)
	at jdk.proxy2/jdk.proxy2.$Proxy26.click(Unknown Source)
	at org.openqa.selenium.support.events.EventFiringWebDriver$EventFiringWebElement.click(EventFiringWebDriver.java:417)
	at org.openqa.selenium.WebElement$click.call(Unknown Source)
	at com.kms.katalon.core.webui.keyword.builtin.ClickKeyword.clickUntilSuccessWithTimeout(ClickKeyword.groovy:81)
	at com.kms.katalon.core.webui.keyword.builtin.ClickKeyword.clickUntilSuccessWithTimeout(ClickKeyword.groovy)
	at java.base/jdk.internal.reflect.NativeMethodAccessorImpl.invoke0(Native Method)
	at java.base/jdk.internal.reflect.NativeMethodAccessorImpl.invoke(NativeMethodAccessorImpl.java:77)
	at java.base/jdk.internal.reflect.DelegatingMethodAccessorImpl.invoke(DelegatingMethodAccessorImpl.java:43)
	at com.kms.katalon.core.webui.keyword.builtin.ClickKeyword$_click_closure1.doCall(ClickKeyword.groovy:67)
	at com.kms.katalon.core.webui.keyword.builtin.ClickKeyword$_click_closure1.call(ClickKeyword.groovy)
	at com.kms.katalon.core.webui.keyword.internal.WebUIKeywordMain.runKeyword(WebUIKeywordMain.groovy:20)
	at com.kms.katalon.core.webui.keyword.builtin.ClickKeyword.click(ClickKeyword.groovy:74)
	at com.kms.katalon.core.webui.keyword.builtin.ClickKeyword.execute(ClickKeyword.groovy:40)
	at com.kms.katalon.core.keyword.internal.KeywordExecutor.executeKeywordForPlatform(KeywordExecutor.groovy:74)
	at com.kms.katalon.core.webui.keyword.WebUiBuiltInKeywords.click(WebUiBuiltInKeywords.groovy:659)
	at Script1716255733944.run(Script1716255733944.groovy:24)
	... 18 more
)
[[ATTACHMENT|C:\\Users\\ToanLa\\git\\katalon\\Reports\\20240528_214204\\FPT\\fpt-suites\\20240528_214229\\1716908199532.png]]]]></system-out>
         <system-err><![CDATA[28-05-2024T21:54:27 - [TEST_CASE][FAILED] - Test Cases/FPT-TC05-Verify-ContactUS-From: Test Cases/FPT-TC05-Verify-ContactUS-From FAILED.
Reason:
com.kms.katalon.core.exception.StepFailedException: Unable to click on object 'Object Repository/FPT/Page_FPT Software  Leading in Digital trans_9e9e5c/a_Contact us'
	at com.kms.katalon.core.webui.keyword.internal.WebUIKeywordMain.stepFailed(WebUIKeywordMain.groovy:64)
	at com.kms.katalon.core.webui.keyword.internal.WebUIKeywordMain.runKeyword(WebUIKeywordMain.groovy:26)
	at com.kms.katalon.core.webui.keyword.builtin.ClickKeyword.click(ClickKeyword.groovy:74)
	at com.kms.katalon.core.webui.keyword.builtin.ClickKeyword.execute(ClickKeyword.groovy:40)
	at com.kms.katalon.core.keyword.internal.KeywordExecutor.executeKeywordForPlatform(KeywordExecutor.groovy:74)
	at com.kms.katalon.core.webui.keyword.WebUiBuiltInKeywords.click(WebUiBuiltInKeywords.groovy:659)
	at FPT-TC05-Verify-ContactUS-From.run(FPT-TC05-Verify-ContactUS-From:24)
	at com.kms.katalon.core.main.ScriptEngine.run(ScriptEngine.java:194)
	at com.kms.katalon.core.main.ScriptEngine.runScriptAsRawText(ScriptEngine.java:119)
	at com.kms.katalon.core.main.TestCaseExecutor.runScript(TestCaseExecutor.java:448)
	at com.kms.katalon.core.main.TestCaseExecutor.doExecute(TestCaseExecutor.java:439)
	at com.kms.katalon.core.main.TestCaseExecutor.processExecutionPhase(TestCaseExecutor.java:418)
	at com.kms.katalon.core.main.TestCaseExecutor.accessMainPhase(TestCaseExecutor.java:410)
	at com.kms.katalon.core.main.TestCaseExecutor.execute(TestCaseExecutor.java:285)
	at com.kms.katalon.core.main.TestCaseExecutor.execute(TestCaseExecutor.java:369)
	at com.kms.katalon.core.main.TestCaseExecutor.execute(TestCaseExecutor.java:369)
	at com.kms.katalon.core.main.TestCaseExecutor.execute(TestCaseExecutor.java:369)
	at com.kms.katalon.core.common.CommonExecutor.accessTestCaseMainPhase(CommonExecutor.java:65)
	at com.kms.katalon.core.main.TestSuiteExecutor.accessTestSuiteMainPhase(TestSuiteExecutor.java:150)
	at com.kms.katalon.core.main.TestSuiteExecutor.execute(TestSuiteExecutor.java:106)
	at com.kms.katalon.core.main.TestCaseMain.startTestSuite(TestCaseMain.java:180)
	at TempTestSuite1716907349717.run(TempTestSuite1716907349717.groovy:35)
	at java.base/jdk.internal.reflect.NativeMethodAccessorImpl.invoke0(Native Method)
	at java.base/jdk.internal.reflect.NativeMethodAccessorImpl.invoke(NativeMethodAccessorImpl.java:77)
	at java.base/jdk.internal.reflect.DelegatingMethodAccessorImpl.invoke(DelegatingMethodAccessorImpl.java:43)
Caused by: org.openqa.selenium.ElementNotInteractableException: element not interactable
  (Session info: chrome=125.0.6422.112)
Build info: version: '3.141.59', revision: 'e82be7d358', time: '2018-11-14T08:25:53'
System info: host: 'DESKTOP-QSIPVT9', ip: '192.168.1.8', os.name: 'Windows 11', os.arch: 'amd64', os.version: '10.0', java.version: '17.0.7'
Driver info: com.kms.katalon.selenium.driver.CChromeDriver
Capabilities {acceptInsecureCerts: false, browserName: chrome, browserVersion: 125.0.6422.112, chrome: {chromedriverVersion: 125.0.6422.78 (14db42ec38ad..., userDataDir: C:\Users\ToanLa\AppData\Loc...}, fedcm:accounts: true, goog:chromeOptions: {debuggerAddress: localhost:58810}, javascriptEnabled: true, networkConnectionEnabled: false, pageLoadStrategy: normal, platform: WINDOWS, platformName: WINDOWS, proxy: Proxy(), setWindowRect: true, strictFileInteractability: false, timeouts: {implicit: 0, pageLoad: 300000, script: 30000}, unhandledPromptBehavior: dismiss and notify, webauthn:extension:credBlob: true, webauthn:extension:largeBlob: true, webauthn:extension:minPinLength: true, webauthn:extension:prf: true, webauthn:virtualAuthenticators: true}
Session ID: 5bb79749d051a2d4b2ac980ad4f3f6af
	at java.base/jdk.internal.reflect.NativeConstructorAccessorImpl.newInstance0(Native Method)
	at java.base/jdk.internal.reflect.NativeConstructorAccessorImpl.newInstance(NativeConstructorAccessorImpl.java:77)
	at java.base/jdk.internal.reflect.DelegatingConstructorAccessorImpl.newInstance(DelegatingConstructorAccessorImpl.java:45)
	at org.openqa.selenium.remote.http.W3CHttpResponseCodec.createException(W3CHttpResponseCodec.java:187)
	at org.openqa.selenium.remote.http.W3CHttpResponseCodec.decode(W3CHttpResponseCodec.java:122)
	at org.openqa.selenium.remote.http.W3CHttpResponseCodec.decode(W3CHttpResponseCodec.java:49)
	at org.openqa.selenium.remote.HttpCommandExecutor.execute(HttpCommandExecutor.java:158)
	at org.openqa.selenium.remote.service.DriverCommandExecutor.execute(DriverCommandExecutor.java:83)
	at org.openqa.selenium.remote.RemoteWebDriver.execute(RemoteWebDriver.java:552)
	at com.kms.katalon.selenium.driver.CChromeDriver.execute(CChromeDriver.java:19)
	at org.openqa.selenium.remote.RemoteWebElement.execute(RemoteWebElement.java:285)
	at org.openqa.selenium.remote.RemoteWebElement.click(RemoteWebElement.java:84)
	at java.base/jdk.internal.reflect.NativeMethodAccessorImpl.invoke0(Native Method)
	at java.base/jdk.internal.reflect.NativeMethodAccessorImpl.invoke(NativeMethodAccessorImpl.java:77)
	at java.base/jdk.internal.reflect.DelegatingMethodAccessorImpl.invoke(DelegatingMethodAccessorImpl.java:43)
	at org.openqa.selenium.support.events.EventFiringWebDriver$EventFiringWebElement.lambda$new$0(EventFiringWebDriver.java:404)
	at jdk.proxy2/jdk.proxy2.$Proxy26.click(Unknown Source)
	at org.openqa.selenium.support.events.EventFiringWebDriver$EventFiringWebElement.click(EventFiringWebDriver.java:417)
	at org.openqa.selenium.WebElement$click.call(Unknown Source)
	at com.kms.katalon.core.webui.keyword.builtin.ClickKeyword.clickUntilSuccessWithTimeout(ClickKeyword.groovy:81)
	at com.kms.katalon.core.webui.keyword.builtin.ClickKeyword.clickUntilSuccessWithTimeout(ClickKeyword.groovy)
	at java.base/jdk.internal.reflect.NativeMethodAccessorImpl.invoke0(Native Method)
	at java.base/jdk.internal.reflect.NativeMethodAccessorImpl.invoke(NativeMethodAccessorImpl.java:77)
	at java.base/jdk.internal.reflect.DelegatingMethodAccessorImpl.invoke(DelegatingMethodAccessorImpl.java:43)
	at com.kms.katalon.core.webui.keyword.builtin.ClickKeyword$_click_closure1.doCall(ClickKeyword.groovy:67)
	at com.kms.katalon.core.webui.keyword.builtin.ClickKeyword$_click_closure1.call(ClickKeyword.groovy)
	at com.kms.katalon.core.webui.keyword.internal.WebUIKeywordMain.runKeyword(WebUIKeywordMain.groovy:20)
	... 23 more]]></system-err>
      </testcase>
      <testcase name="Test Cases/FPT-TC06-Verify-Career-Clickable" time="89.67" classname="Test Cases/FPT-TC06-Verify-Career-Clickable" status="PASSED">
         <system-out><![CDATA[28-05-2024T21:56:40 - [TEST_CASE][PASSED] - Test Cases/FPT-TC06-Verify-Career-Clickable: Test Cases/FPT-TC06-Verify-Career-Clickable

28-05-2024T21:56:40 - [TEST_STEP][PASSED] - openBrowser(""): Browser is opened with url: ''

28-05-2024T21:56:40 - [MESSAGE][WARNING] - A browser is already opened. Closing browser and opening a new one

28-05-2024T21:56:41 - [MESSAGE][INFO] - Starting 'Chrome' driver

28-05-2024T21:56:41 - [MESSAGE][INFO] - Action delay is set to 0 milliseconds

28-05-2024T21:56:42 - [MESSAGE][PASSED] - Browser is opened with url: ''

28-05-2024T21:56:42 - [TEST_STEP][PASSED] - navigateToUrl("https://fptsoftware.com/"): Navigate to 'https://fptsoftware.com/' successfully

28-05-2024T21:57:37 - [MESSAGE][PASSED] - Navigate to 'https://fptsoftware.com/' successfully

28-05-2024T21:57:37 - [TEST_STEP][PASSED] - click(findTestObject("Object Repository/FPT/Page_FPT Software  Leading in Digital trans_9e9e5c/a_Career")): Object: 'Object Repository/FPT/Page_FPT Software  Leading in Digital trans_9e9e5c/a_Career' is clicked on

28-05-2024T21:58:09 - [MESSAGE][INFO] - Unable to find the element located by 'By.xpath: //div[@id='header']/div/div/div/div/div/div/ul/li[2]/div/a'. Please recheck the objects properties to make sure the desired element is located. 

28-05-2024T21:58:09 - [MESSAGE][WARNING] - [SELF-HEALING] Failed to find element with id 'Object Repository/FPT/Page_FPT Software  Leading in Digital trans_9e9e5c/a_Career'. Try using Self-healing.

28-05-2024T21:58:09 - [MESSAGE][WARNING] - [SELF-HEALING] The current locator of test object 'Object Repository/FPT/Page_FPT Software  Leading in Digital trans_9e9e5c/a_Career' was broken. Propose an alternative one: '//a[contains(text(),'Career')]'.

28-05-2024T21:58:09 - [MESSAGE][PASSED] - Object: 'Object Repository/FPT/Page_FPT Software  Leading in Digital trans_9e9e5c/a_Career' is clicked on

28-05-2024T21:58:09 - [TEST_STEP][PASSED] - closeBrowser(): Browser is closed

28-05-2024T21:58:10 - [MESSAGE][PASSED] - Browser is closed]]></system-out>
         <system-err><![CDATA[]]></system-err>
      </testcase>
      <testcase name="Test Cases/FPT-TC19-Mission-Visibility" time="82.994" classname="Test Cases/FPT-TC19-Mission-Visibility" status="PASSED">
         <system-out><![CDATA[28-05-2024T21:58:10 - [TEST_CASE][PASSED] - Test Cases/FPT-TC19-Mission-Visibility: Test Cases/FPT-TC19-Mission-Visibility

28-05-2024T21:58:10 - [TEST_STEP][PASSED] - openBrowser(""): Browser is opened with url: ''

28-05-2024T21:58:10 - [MESSAGE][INFO] - Starting 'Chrome' driver

28-05-2024T21:58:10 - [MESSAGE][INFO] - Action delay is set to 0 milliseconds

28-05-2024T21:58:10 - [MESSAGE][PASSED] - Browser is opened with url: ''

28-05-2024T21:58:10 - [TEST_STEP][PASSED] - navigateToUrl("https://fptsoftware.com/"): Navigate to 'https://fptsoftware.com/' successfully

28-05-2024T21:59:00 - [MESSAGE][PASSED] - Navigate to 'https://fptsoftware.com/' successfully

28-05-2024T21:59:00 - [TEST_STEP][PASSED] - verifyElementVisible(findTestObject("Object Repository/FPT/Page_FPT Software  Leading in Digital trans_9e9e5c/div_WE ARE                              a c_6fe479")): Object 'Object Repository/FPT/Page_FPT Software  Leading in Digital trans_9e9e5c/div_WE ARE                              a c_6fe479' is visible

28-05-2024T21:59:32 - [MESSAGE][INFO] - Unable to find the element located by 'By.xpath: //div[@id='our-missions']/div/div/div/div'. Please recheck the objects properties to make sure the desired element is located. 

28-05-2024T21:59:32 - [MESSAGE][WARNING] - [SELF-HEALING] Failed to find element with id 'Object Repository/FPT/Page_FPT Software  Leading in Digital trans_9e9e5c/div_WE ARE                              a c_6fe479'. Try using Self-healing.

28-05-2024T21:59:32 - [MESSAGE][WARNING] - [SELF-HEALING] The current locator of test object 'Object Repository/FPT/Page_FPT Software  Leading in Digital trans_9e9e5c/div_WE ARE                              a c_6fe479' was broken. Propose an alternative one: '//main/div/div[2]/div/div/div/div'.

28-05-2024T21:59:32 - [MESSAGE][PASSED] - Object 'Object Repository/FPT/Page_FPT Software  Leading in Digital trans_9e9e5c/div_WE ARE                              a c_6fe479' is visible

28-05-2024T21:59:32 - [TEST_STEP][PASSED] - closeBrowser(): Browser is closed

28-05-2024T21:59:33 - [MESSAGE][PASSED] - Browser is closed]]></system-out>
         <system-err><![CDATA[]]></system-err>
      </testcase>
      <testcase name="Test Cases/FPT-TC18-Check-Banner-Visibility" time="37.122" classname="Test Cases/FPT-TC18-Check-Banner-Visibility" status="PASSED">
         <system-out><![CDATA[28-05-2024T21:59:33 - [TEST_CASE][PASSED] - Test Cases/FPT-TC18-Check-Banner-Visibility: Test Cases/FPT-TC18-Check-Banner-Visibility

28-05-2024T21:59:33 - [TEST_STEP][PASSED] - openBrowser(""): Browser is opened with url: ''

28-05-2024T21:59:33 - [MESSAGE][INFO] - Starting 'Chrome' driver

28-05-2024T21:59:33 - [MESSAGE][INFO] - Action delay is set to 0 milliseconds

28-05-2024T21:59:34 - [MESSAGE][PASSED] - Browser is opened with url: ''

28-05-2024T21:59:34 - [TEST_STEP][PASSED] - navigateToUrl("https://fptsoftware.com/"): Navigate to 'https://fptsoftware.com/' successfully

28-05-2024T22:00:10 - [MESSAGE][PASSED] - Navigate to 'https://fptsoftware.com/' successfully

28-05-2024T22:00:10 - [TEST_STEP][PASSED] - closeBrowser(): Browser is closed

28-05-2024T22:00:10 - [MESSAGE][PASSED] - Browser is closed]]></system-out>
         <system-err><![CDATA[]]></system-err>
      </testcase>
      <testcase name="Test Cases/FPT-TC17-Verify-OurServices" time="72.328" classname="Test Cases/FPT-TC17-Verify-OurServices" status="FAILED">
         <failure type="FAILED" message="Test Cases/FPT-TC17-Verify-OurServices FAILED.&#xa;Reason:&#xa;com.kms.katalon.core.exception.StepFailedException: Verify element text of test object 'Object Repository/FPT/Page_FPT Software  Leading in Digital trans_9e9e5c/span_Our services' FAILED.&#xa;	at com.kms.katalon.core.webui.keyword.internal.WebUIKeywordMain.stepFailed(WebUIKeywordMain.groovy:64)&#xa;	at com.kms.katalon.core.webui.keyword.internal.WebUIKeywordMain.runKeyword(WebUIKeywordMain.groovy:26)&#xa;	at com.kms.katalon.core.webui.keyword.builtin.VerifyElementTextKeyword.verifyElementText(VerifyElementTextKeyword.groovy:72)&#xa;	at com.kms.katalon.core.webui.keyword.builtin.VerifyElementTextKeyword.execute(VerifyElementTextKeyword.groovy:40)&#xa;	at com.kms.katalon.core.keyword.internal.KeywordExecutor.executeKeywordForPlatform(KeywordExecutor.groovy:74)&#xa;	at com.kms.katalon.core.webui.keyword.WebUiBuiltInKeywords.verifyElementText(WebUiBuiltInKeywords.groovy:4835)&#xa;	at FPT-TC17-Verify-OurServices.run(FPT-TC17-Verify-OurServices:24)&#xa;	at com.kms.katalon.core.main.ScriptEngine.run(ScriptEngine.java:194)&#xa;	at com.kms.katalon.core.main.ScriptEngine.runScriptAsRawText(ScriptEngine.java:119)&#xa;	at com.kms.katalon.core.main.TestCaseExecutor.runScript(TestCaseExecutor.java:448)&#xa;	at com.kms.katalon.core.main.TestCaseExecutor.doExecute(TestCaseExecutor.java:439)&#xa;	at com.kms.katalon.core.main.TestCaseExecutor.processExecutionPhase(TestCaseExecutor.java:418)&#xa;	at com.kms.katalon.core.main.TestCaseExecutor.accessMainPhase(TestCaseExecutor.java:410)&#xa;	at com.kms.katalon.core.main.TestCaseExecutor.execute(TestCaseExecutor.java:285)&#xa;	at com.kms.katalon.core.main.TestCaseExecutor.execute(TestCaseExecutor.java:369)&#xa;	at com.kms.katalon.core.main.TestCaseExecutor.execute(TestCaseExecutor.java:369)&#xa;	at com.kms.katalon.core.main.TestCaseExecutor.execute(TestCaseExecutor.java:369)&#xa;	at com.kms.katalon.core.common.CommonExecutor.accessTestCaseMainPhase(CommonExecutor.java:65)&#xa;	at com.kms.katalon.core.main.TestSuiteExecutor.accessTestSuiteMainPhase(TestSuiteExecutor.java:150)&#xa;	at com.kms.katalon.core.main.TestSuiteExecutor.execute(TestSuiteExecutor.java:106)&#xa;	at com.kms.katalon.core.main.TestCaseMain.startTestSuite(TestCaseMain.java:180)&#xa;	at TempTestSuite1716907349717.run(TempTestSuite1716907349717.groovy:35)&#xa;	at java.base/jdk.internal.reflect.NativeMethodAccessorImpl.invoke0(Native Method)&#xa;	at java.base/jdk.internal.reflect.NativeMethodAccessorImpl.invoke(NativeMethodAccessorImpl.java:77)&#xa;	at java.base/jdk.internal.reflect.DelegatingMethodAccessorImpl.invoke(DelegatingMethodAccessorImpl.java:43)&#xa;Caused by: com.kms.katalon.core.exception.StepFailedException: com.kms.katalon.core.webui.exception.WebElementNotFoundException: Web element with id: 'Object Repository/FPT/Page_FPT Software  Leading in Digital trans_9e9e5c/span_Our services' located by '//div[@id='our-services']/div/div/div/div/div/span' not found&#xa;	at com.kms.katalon.core.webui.keyword.internal.WebUIKeywordMain.stepFailed(WebUIKeywordMain.groovy:64)&#xa;	at com.kms.katalon.core.webui.keyword.builtin.VerifyElementTextKeyword$_verifyElementText_closure1.doCall(VerifyElementTextKeyword.groovy:64)&#xa;	at com.kms.katalon.core.webui.keyword.builtin.VerifyElementTextKeyword$_verifyElementText_closure1.call(VerifyElementTextKeyword.groovy)&#xa;	at com.kms.katalon.core.webui.keyword.internal.WebUIKeywordMain.runKeyword(WebUIKeywordMain.groovy:20)&#xa;	... 23 more&#xa;"/>
         <system-out><![CDATA[28-05-2024T22:03:20 - [TEST_CASE][FAILED] - Test Cases/FPT-TC17-Verify-OurServices: Test Cases/FPT-TC17-Verify-OurServices FAILED.
Reason:
com.kms.katalon.core.exception.StepFailedException: Verify element text of test object 'Object Repository/FPT/Page_FPT Software  Leading in Digital trans_9e9e5c/span_Our services' FAILED.
	at com.kms.katalon.core.webui.keyword.internal.WebUIKeywordMain.stepFailed(WebUIKeywordMain.groovy:64)
	at com.kms.katalon.core.webui.keyword.internal.WebUIKeywordMain.runKeyword(WebUIKeywordMain.groovy:26)
	at com.kms.katalon.core.webui.keyword.builtin.VerifyElementTextKeyword.verifyElementText(VerifyElementTextKeyword.groovy:72)
	at com.kms.katalon.core.webui.keyword.builtin.VerifyElementTextKeyword.execute(VerifyElementTextKeyword.groovy:40)
	at com.kms.katalon.core.keyword.internal.KeywordExecutor.executeKeywordForPlatform(KeywordExecutor.groovy:74)
	at com.kms.katalon.core.webui.keyword.WebUiBuiltInKeywords.verifyElementText(WebUiBuiltInKeywords.groovy:4835)
	at FPT-TC17-Verify-OurServices.run(FPT-TC17-Verify-OurServices:24)
	at com.kms.katalon.core.main.ScriptEngine.run(ScriptEngine.java:194)
	at com.kms.katalon.core.main.ScriptEngine.runScriptAsRawText(ScriptEngine.java:119)
	at com.kms.katalon.core.main.TestCaseExecutor.runScript(TestCaseExecutor.java:448)
	at com.kms.katalon.core.main.TestCaseExecutor.doExecute(TestCaseExecutor.java:439)
	at com.kms.katalon.core.main.TestCaseExecutor.processExecutionPhase(TestCaseExecutor.java:418)
	at com.kms.katalon.core.main.TestCaseExecutor.accessMainPhase(TestCaseExecutor.java:410)
	at com.kms.katalon.core.main.TestCaseExecutor.execute(TestCaseExecutor.java:285)
	at com.kms.katalon.core.main.TestCaseExecutor.execute(TestCaseExecutor.java:369)
	at com.kms.katalon.core.main.TestCaseExecutor.execute(TestCaseExecutor.java:369)
	at com.kms.katalon.core.main.TestCaseExecutor.execute(TestCaseExecutor.java:369)
	at com.kms.katalon.core.common.CommonExecutor.accessTestCaseMainPhase(CommonExecutor.java:65)
	at com.kms.katalon.core.main.TestSuiteExecutor.accessTestSuiteMainPhase(TestSuiteExecutor.java:150)
	at com.kms.katalon.core.main.TestSuiteExecutor.execute(TestSuiteExecutor.java:106)
	at com.kms.katalon.core.main.TestCaseMain.startTestSuite(TestCaseMain.java:180)
	at TempTestSuite1716907349717.run(TempTestSuite1716907349717.groovy:35)
	at java.base/jdk.internal.reflect.NativeMethodAccessorImpl.invoke0(Native Method)
	at java.base/jdk.internal.reflect.NativeMethodAccessorImpl.invoke(NativeMethodAccessorImpl.java:77)
	at java.base/jdk.internal.reflect.DelegatingMethodAccessorImpl.invoke(DelegatingMethodAccessorImpl.java:43)
Caused by: com.kms.katalon.core.exception.StepFailedException: com.kms.katalon.core.webui.exception.WebElementNotFoundException: Web element with id: 'Object Repository/FPT/Page_FPT Software  Leading in Digital trans_9e9e5c/span_Our services' located by '//div[@id='our-services']/div/div/div/div/div/span' not found
	at com.kms.katalon.core.webui.keyword.internal.WebUIKeywordMain.stepFailed(WebUIKeywordMain.groovy:64)
	at com.kms.katalon.core.webui.keyword.builtin.VerifyElementTextKeyword$_verifyElementText_closure1.doCall(VerifyElementTextKeyword.groovy:64)
	at com.kms.katalon.core.webui.keyword.builtin.VerifyElementTextKeyword$_verifyElementText_closure1.call(VerifyElementTextKeyword.groovy)
	at com.kms.katalon.core.webui.keyword.internal.WebUIKeywordMain.runKeyword(WebUIKeywordMain.groovy:20)
	... 23 more


28-05-2024T22:03:20 - [TEST_STEP][PASSED] - openBrowser(""): Browser is opened with url: ''

28-05-2024T22:03:20 - [MESSAGE][WARNING] - A browser is already opened. Closing browser and opening a new one

28-05-2024T22:03:21 - [MESSAGE][INFO] - Starting 'Chrome' driver

28-05-2024T22:03:21 - [MESSAGE][INFO] - Action delay is set to 0 milliseconds

28-05-2024T22:03:22 - [MESSAGE][PASSED] - Browser is opened with url: ''

28-05-2024T22:03:22 - [TEST_STEP][PASSED] - navigateToUrl("https://fptsoftware.com/"): Navigate to 'https://fptsoftware.com/' successfully

28-05-2024T22:03:54 - [MESSAGE][PASSED] - Navigate to 'https://fptsoftware.com/' successfully

28-05-2024T22:03:54 - [TEST_STEP][FAILED] - verifyElementText(findTestObject("Object Repository/FPT/Page_FPT Software  Leading in Digital trans_9e9e5c/span_Our services"), "OUR SERVICES"): Verify element text of test object 'Object Repository/FPT/Page_FPT Software  Leading in Digital trans_9e9e5c/span_Our services' FAILED. (Root cause: com.kms.katalon.core.exception.StepFailedException: Verify element text of test object 'Object Repository/FPT/Page_FPT Software  Leading in Digital trans_9e9e5c/span_Our services' FAILED.
	at com.kms.katalon.core.webui.keyword.internal.WebUIKeywordMain.stepFailed(WebUIKeywordMain.groovy:64)
	at com.kms.katalon.core.webui.keyword.internal.WebUIKeywordMain.runKeyword(WebUIKeywordMain.groovy:26)
	at com.kms.katalon.core.webui.keyword.builtin.VerifyElementTextKeyword.verifyElementText(VerifyElementTextKeyword.groovy:72)
	at com.kms.katalon.core.webui.keyword.builtin.VerifyElementTextKeyword.execute(VerifyElementTextKeyword.groovy:40)
	at com.kms.katalon.core.keyword.internal.KeywordExecutor.executeKeywordForPlatform(KeywordExecutor.groovy:74)
	at com.kms.katalon.core.webui.keyword.WebUiBuiltInKeywords.verifyElementText(WebUiBuiltInKeywords.groovy:4835)
	at FPT-TC17-Verify-OurServices.run(FPT-TC17-Verify-OurServices:24)
	at com.kms.katalon.core.main.ScriptEngine.run(ScriptEngine.java:194)
	at com.kms.katalon.core.main.ScriptEngine.runScriptAsRawText(ScriptEngine.java:119)
	at com.kms.katalon.core.main.TestCaseExecutor.runScript(TestCaseExecutor.java:448)
	at com.kms.katalon.core.main.TestCaseExecutor.doExecute(TestCaseExecutor.java:439)
	at com.kms.katalon.core.main.TestCaseExecutor.processExecutionPhase(TestCaseExecutor.java:418)
	at com.kms.katalon.core.main.TestCaseExecutor.accessMainPhase(TestCaseExecutor.java:410)
	at com.kms.katalon.core.main.TestCaseExecutor.execute(TestCaseExecutor.java:285)
	at com.kms.katalon.core.main.TestCaseExecutor.execute(TestCaseExecutor.java:369)
	at com.kms.katalon.core.main.TestCaseExecutor.execute(TestCaseExecutor.java:369)
	at com.kms.katalon.core.main.TestCaseExecutor.execute(TestCaseExecutor.java:369)
	at com.kms.katalon.core.common.CommonExecutor.accessTestCaseMainPhase(CommonExecutor.java:65)
	at com.kms.katalon.core.main.TestSuiteExecutor.accessTestSuiteMainPhase(TestSuiteExecutor.java:150)
	at com.kms.katalon.core.main.TestSuiteExecutor.execute(TestSuiteExecutor.java:106)
	at com.kms.katalon.core.main.TestCaseMain.startTestSuite(TestCaseMain.java:180)
	at TempTestSuite1716907349717.run(TempTestSuite1716907349717.groovy:35)
	at java.base/jdk.internal.reflect.NativeMethodAccessorImpl.invoke0(Native Method)
	at java.base/jdk.internal.reflect.NativeMethodAccessorImpl.invoke(NativeMethodAccessorImpl.java:77)
	at java.base/jdk.internal.reflect.DelegatingMethodAccessorImpl.invoke(DelegatingMethodAccessorImpl.java:43)
Caused by: com.kms.katalon.core.exception.StepFailedException: com.kms.katalon.core.webui.exception.WebElementNotFoundException: Web element with id: 'Object Repository/FPT/Page_FPT Software  Leading in Digital trans_9e9e5c/span_Our services' located by '//div[@id='our-services']/div/div/div/div/div/span' not found
	at com.kms.katalon.core.webui.keyword.internal.WebUIKeywordMain.stepFailed(WebUIKeywordMain.groovy:64)
	at com.kms.katalon.core.webui.keyword.builtin.VerifyElementTextKeyword$_verifyElementText_closure1.doCall(VerifyElementTextKeyword.groovy:64)
	at com.kms.katalon.core.webui.keyword.builtin.VerifyElementTextKeyword$_verifyElementText_closure1.call(VerifyElementTextKeyword.groovy)
	at com.kms.katalon.core.webui.keyword.internal.WebUIKeywordMain.runKeyword(WebUIKeywordMain.groovy:20)
	... 23 more
)

28-05-2024T22:04:25 - [MESSAGE][INFO] - Unable to find the element located by 'By.xpath: //div[@id='our-services']/div/div/div/div/div/span'. Please recheck the objects properties to make sure the desired element is located. 

28-05-2024T22:04:25 - [MESSAGE][WARNING] - [SELF-HEALING] Failed to find element with id 'Object Repository/FPT/Page_FPT Software  Leading in Digital trans_9e9e5c/span_Our services'. Try using Self-healing.

28-05-2024T22:04:26 - [MESSAGE][INFO] - [SELF-HEALING] Failed Locator: '//div[@id='our-services']/div/div/div/div/div/span'.

28-05-2024T22:04:26 - [MESSAGE][INFO] - [SELF-HEALING] Failed Locator: '(.//*[normalize-space(text()) and normalize-space(.)='Our Mission'])[1]/following::span[1]'.

28-05-2024T22:04:26 - [MESSAGE][INFO] - [SELF-HEALING] Failed Locator: '(.//*[normalize-space(text()) and normalize-space(.)='Speed, Scale, Global Presence, Quality and Compliance.'])[1]/following::span[1]'.

28-05-2024T22:04:26 - [MESSAGE][INFO] - [SELF-HEALING] Failed Locator: '(.//*[normalize-space(text()) and normalize-space(.)='Accompany clients through every step of the digital journey.'])[1]/preceding::span[1]'.

28-05-2024T22:04:27 - [MESSAGE][INFO] - [SELF-HEALING] Failed Locator: '(.//*[normalize-space(text()) and normalize-space(.)='Stay Current with the Latest Technology Trends'])[1]/preceding::span[2]'.

28-05-2024T22:04:27 - [MESSAGE][INFO] - [SELF-HEALING] Failed Locator: '//*/text()[normalize-space(.)='Our services']/parent::*'.

28-05-2024T22:04:27 - [MESSAGE][INFO] - [SELF-HEALING] Failed Locator: '//div[3]/div/div/div/div/div/span'.

28-05-2024T22:04:28 - [MESSAGE][INFO] - [SELF-HEALING] Failed Locator: '//span[(text() = 'Our services' or . = 'Our services')]'.

28-05-2024T22:04:30 - [MESSAGE][INFO] - Unable to find the element located by 'By.xpath: //*[(text() = 'Our services' or . = 'Our services')]'. Please recheck the objects properties to make sure the desired element is located. 

28-05-2024T22:04:31 - [MESSAGE][INFO] - Unable to find the element located by 'By.cssSelector: span.our-service-slider__heading-subtitle'. Please recheck the objects properties to make sure the desired element is located. 

28-05-2024T22:04:32 - [MESSAGE][FAILED] - com.kms.katalon.core.webui.exception.WebElementNotFoundException: Web element with id: 'Object Repository/FPT/Page_FPT Software  Leading in Digital trans_9e9e5c/span_Our services' located by '//div[@id='our-services']/div/div/div/div/div/span' not found (Root cause: com.kms.katalon.core.exception.StepFailedException: com.kms.katalon.core.webui.exception.WebElementNotFoundException: Web element with id: 'Object Repository/FPT/Page_FPT Software  Leading in Digital trans_9e9e5c/span_Our services' located by '//div[@id='our-services']/div/div/div/div/div/span' not found
	at com.kms.katalon.core.webui.keyword.internal.WebUIKeywordMain.stepFailed(WebUIKeywordMain.groovy:64)
	at com.kms.katalon.core.webui.keyword.builtin.VerifyElementTextKeyword$_verifyElementText_closure1.doCall(VerifyElementTextKeyword.groovy:64)
	at com.kms.katalon.core.webui.keyword.builtin.VerifyElementTextKeyword$_verifyElementText_closure1.call(VerifyElementTextKeyword.groovy)
	at com.kms.katalon.core.webui.keyword.internal.WebUIKeywordMain.runKeyword(WebUIKeywordMain.groovy:20)
	at com.kms.katalon.core.webui.keyword.builtin.VerifyElementTextKeyword.verifyElementText(VerifyElementTextKeyword.groovy:72)
	at com.kms.katalon.core.webui.keyword.builtin.VerifyElementTextKeyword.execute(VerifyElementTextKeyword.groovy:40)
	at com.kms.katalon.core.keyword.internal.KeywordExecutor.executeKeywordForPlatform(KeywordExecutor.groovy:74)
	at com.kms.katalon.core.webui.keyword.WebUiBuiltInKeywords.verifyElementText(WebUiBuiltInKeywords.groovy:4835)
	at FPT-TC17-Verify-OurServices.run(FPT-TC17-Verify-OurServices:24)
	at com.kms.katalon.core.main.ScriptEngine.run(ScriptEngine.java:194)
	at com.kms.katalon.core.main.ScriptEngine.runScriptAsRawText(ScriptEngine.java:119)
	at com.kms.katalon.core.main.TestCaseExecutor.runScript(TestCaseExecutor.java:448)
	at com.kms.katalon.core.main.TestCaseExecutor.doExecute(TestCaseExecutor.java:439)
	at com.kms.katalon.core.main.TestCaseExecutor.processExecutionPhase(TestCaseExecutor.java:418)
	at com.kms.katalon.core.main.TestCaseExecutor.accessMainPhase(TestCaseExecutor.java:410)
	at com.kms.katalon.core.main.TestCaseExecutor.execute(TestCaseExecutor.java:285)
	at com.kms.katalon.core.main.TestCaseExecutor.execute(TestCaseExecutor.java:369)
	at com.kms.katalon.core.main.TestCaseExecutor.execute(TestCaseExecutor.java:369)
	at com.kms.katalon.core.main.TestCaseExecutor.execute(TestCaseExecutor.java:369)
	at com.kms.katalon.core.common.CommonExecutor.accessTestCaseMainPhase(CommonExecutor.java:65)
	at com.kms.katalon.core.main.TestSuiteExecutor.accessTestSuiteMainPhase(TestSuiteExecutor.java:150)
	at com.kms.katalon.core.main.TestSuiteExecutor.execute(TestSuiteExecutor.java:106)
	at com.kms.katalon.core.main.TestCaseMain.startTestSuite(TestCaseMain.java:180)
	at TempTestSuite1716907349717.run(TempTestSuite1716907349717.groovy:35)
	at java.base/jdk.internal.reflect.NativeMethodAccessorImpl.invoke0(Native Method)
	at java.base/jdk.internal.reflect.NativeMethodAccessorImpl.invoke(NativeMethodAccessorImpl.java:77)
	at java.base/jdk.internal.reflect.DelegatingMethodAccessorImpl.invoke(DelegatingMethodAccessorImpl.java:43)
)
[[ATTACHMENT|C:\\Users\\ToanLa\\git\\katalon\\Reports\\20240528_214204\\FPT\\fpt-suites\\20240528_214229\\1716908671791.png]]

28-05-2024T22:04:33 - [MESSAGE][FAILED] - Verify element text of test object 'Object Repository/FPT/Page_FPT Software  Leading in Digital trans_9e9e5c/span_Our services' FAILED. (Root cause: com.kms.katalon.core.exception.StepFailedException: Verify element text of test object 'Object Repository/FPT/Page_FPT Software  Leading in Digital trans_9e9e5c/span_Our services' FAILED.
	at com.kms.katalon.core.webui.keyword.internal.WebUIKeywordMain.stepFailed(WebUIKeywordMain.groovy:64)
	at com.kms.katalon.core.webui.keyword.internal.WebUIKeywordMain.runKeyword(WebUIKeywordMain.groovy:26)
	at com.kms.katalon.core.webui.keyword.builtin.VerifyElementTextKeyword.verifyElementText(VerifyElementTextKeyword.groovy:72)
	at com.kms.katalon.core.webui.keyword.builtin.VerifyElementTextKeyword.execute(VerifyElementTextKeyword.groovy:40)
	at com.kms.katalon.core.keyword.internal.KeywordExecutor.executeKeywordForPlatform(KeywordExecutor.groovy:74)
	at com.kms.katalon.core.webui.keyword.WebUiBuiltInKeywords.verifyElementText(WebUiBuiltInKeywords.groovy:4835)
	at FPT-TC17-Verify-OurServices.run(FPT-TC17-Verify-OurServices:24)
	at com.kms.katalon.core.main.ScriptEngine.run(ScriptEngine.java:194)
	at com.kms.katalon.core.main.ScriptEngine.runScriptAsRawText(ScriptEngine.java:119)
	at com.kms.katalon.core.main.TestCaseExecutor.runScript(TestCaseExecutor.java:448)
	at com.kms.katalon.core.main.TestCaseExecutor.doExecute(TestCaseExecutor.java:439)
	at com.kms.katalon.core.main.TestCaseExecutor.processExecutionPhase(TestCaseExecutor.java:418)
	at com.kms.katalon.core.main.TestCaseExecutor.accessMainPhase(TestCaseExecutor.java:410)
	at com.kms.katalon.core.main.TestCaseExecutor.execute(TestCaseExecutor.java:285)
	at com.kms.katalon.core.main.TestCaseExecutor.execute(TestCaseExecutor.java:369)
	at com.kms.katalon.core.main.TestCaseExecutor.execute(TestCaseExecutor.java:369)
	at com.kms.katalon.core.main.TestCaseExecutor.execute(TestCaseExecutor.java:369)
	at com.kms.katalon.core.common.CommonExecutor.accessTestCaseMainPhase(CommonExecutor.java:65)
	at com.kms.katalon.core.main.TestSuiteExecutor.accessTestSuiteMainPhase(TestSuiteExecutor.java:150)
	at com.kms.katalon.core.main.TestSuiteExecutor.execute(TestSuiteExecutor.java:106)
	at com.kms.katalon.core.main.TestCaseMain.startTestSuite(TestCaseMain.java:180)
	at TempTestSuite1716907349717.run(TempTestSuite1716907349717.groovy:35)
	at java.base/jdk.internal.reflect.NativeMethodAccessorImpl.invoke0(Native Method)
	at java.base/jdk.internal.reflect.NativeMethodAccessorImpl.invoke(NativeMethodAccessorImpl.java:77)
	at java.base/jdk.internal.reflect.DelegatingMethodAccessorImpl.invoke(DelegatingMethodAccessorImpl.java:43)
Caused by: com.kms.katalon.core.exception.StepFailedException: com.kms.katalon.core.webui.exception.WebElementNotFoundException: Web element with id: 'Object Repository/FPT/Page_FPT Software  Leading in Digital trans_9e9e5c/span_Our services' located by '//div[@id='our-services']/div/div/div/div/div/span' not found
	at com.kms.katalon.core.webui.keyword.internal.WebUIKeywordMain.stepFailed(WebUIKeywordMain.groovy:64)
	at com.kms.katalon.core.webui.keyword.builtin.VerifyElementTextKeyword$_verifyElementText_closure1.doCall(VerifyElementTextKeyword.groovy:64)
	at com.kms.katalon.core.webui.keyword.builtin.VerifyElementTextKeyword$_verifyElementText_closure1.call(VerifyElementTextKeyword.groovy)
	at com.kms.katalon.core.webui.keyword.internal.WebUIKeywordMain.runKeyword(WebUIKeywordMain.groovy:20)
	... 23 more
)
[[ATTACHMENT|C:\\Users\\ToanLa\\git\\katalon\\Reports\\20240528_214204\\FPT\\fpt-suites\\20240528_214229\\1716908672475.png]]]]></system-out>
         <system-err><![CDATA[28-05-2024T22:03:20 - [TEST_CASE][FAILED] - Test Cases/FPT-TC17-Verify-OurServices: Test Cases/FPT-TC17-Verify-OurServices FAILED.
Reason:
com.kms.katalon.core.exception.StepFailedException: Verify element text of test object 'Object Repository/FPT/Page_FPT Software  Leading in Digital trans_9e9e5c/span_Our services' FAILED.
	at com.kms.katalon.core.webui.keyword.internal.WebUIKeywordMain.stepFailed(WebUIKeywordMain.groovy:64)
	at com.kms.katalon.core.webui.keyword.internal.WebUIKeywordMain.runKeyword(WebUIKeywordMain.groovy:26)
	at com.kms.katalon.core.webui.keyword.builtin.VerifyElementTextKeyword.verifyElementText(VerifyElementTextKeyword.groovy:72)
	at com.kms.katalon.core.webui.keyword.builtin.VerifyElementTextKeyword.execute(VerifyElementTextKeyword.groovy:40)
	at com.kms.katalon.core.keyword.internal.KeywordExecutor.executeKeywordForPlatform(KeywordExecutor.groovy:74)
	at com.kms.katalon.core.webui.keyword.WebUiBuiltInKeywords.verifyElementText(WebUiBuiltInKeywords.groovy:4835)
	at FPT-TC17-Verify-OurServices.run(FPT-TC17-Verify-OurServices:24)
	at com.kms.katalon.core.main.ScriptEngine.run(ScriptEngine.java:194)
	at com.kms.katalon.core.main.ScriptEngine.runScriptAsRawText(ScriptEngine.java:119)
	at com.kms.katalon.core.main.TestCaseExecutor.runScript(TestCaseExecutor.java:448)
	at com.kms.katalon.core.main.TestCaseExecutor.doExecute(TestCaseExecutor.java:439)
	at com.kms.katalon.core.main.TestCaseExecutor.processExecutionPhase(TestCaseExecutor.java:418)
	at com.kms.katalon.core.main.TestCaseExecutor.accessMainPhase(TestCaseExecutor.java:410)
	at com.kms.katalon.core.main.TestCaseExecutor.execute(TestCaseExecutor.java:285)
	at com.kms.katalon.core.main.TestCaseExecutor.execute(TestCaseExecutor.java:369)
	at com.kms.katalon.core.main.TestCaseExecutor.execute(TestCaseExecutor.java:369)
	at com.kms.katalon.core.main.TestCaseExecutor.execute(TestCaseExecutor.java:369)
	at com.kms.katalon.core.common.CommonExecutor.accessTestCaseMainPhase(CommonExecutor.java:65)
	at com.kms.katalon.core.main.TestSuiteExecutor.accessTestSuiteMainPhase(TestSuiteExecutor.java:150)
	at com.kms.katalon.core.main.TestSuiteExecutor.execute(TestSuiteExecutor.java:106)
	at com.kms.katalon.core.main.TestCaseMain.startTestSuite(TestCaseMain.java:180)
	at TempTestSuite1716907349717.run(TempTestSuite1716907349717.groovy:35)
	at java.base/jdk.internal.reflect.NativeMethodAccessorImpl.invoke0(Native Method)
	at java.base/jdk.internal.reflect.NativeMethodAccessorImpl.invoke(NativeMethodAccessorImpl.java:77)
	at java.base/jdk.internal.reflect.DelegatingMethodAccessorImpl.invoke(DelegatingMethodAccessorImpl.java:43)
Caused by: com.kms.katalon.core.exception.StepFailedException: com.kms.katalon.core.webui.exception.WebElementNotFoundException: Web element with id: 'Object Repository/FPT/Page_FPT Software  Leading in Digital trans_9e9e5c/span_Our services' located by '//div[@id='our-services']/div/div/div/div/div/span' not found
	at com.kms.katalon.core.webui.keyword.internal.WebUIKeywordMain.stepFailed(WebUIKeywordMain.groovy:64)
	at com.kms.katalon.core.webui.keyword.builtin.VerifyElementTextKeyword$_verifyElementText_closure1.doCall(VerifyElementTextKeyword.groovy:64)
	at com.kms.katalon.core.webui.keyword.builtin.VerifyElementTextKeyword$_verifyElementText_closure1.call(VerifyElementTextKeyword.groovy)
	at com.kms.katalon.core.webui.keyword.internal.WebUIKeywordMain.runKeyword(WebUIKeywordMain.groovy:20)
	... 23 more]]></system-err>
      </testcase>
      <testcase name="Test Cases/FPT-TC15-Verify_Journey" time="50.831" classname="Test Cases/FPT-TC15-Verify_Journey" status="FAILED">
         <failure type="FAILED" message="Test Cases/FPT-TC15-Verify_Journey FAILED.&#xa;Reason:&#xa;com.kms.katalon.core.exception.StepFailedException: Verify element text of test object 'Object Repository/FPT/Page_FPT Software  Leading in Digital trans_9e9e5c/a_Accompany You on Your Transformation Journey' FAILED.&#xa;	at com.kms.katalon.core.webui.keyword.internal.WebUIKeywordMain.stepFailed(WebUIKeywordMain.groovy:64)&#xa;	at com.kms.katalon.core.webui.keyword.internal.WebUIKeywordMain.runKeyword(WebUIKeywordMain.groovy:26)&#xa;	at com.kms.katalon.core.webui.keyword.builtin.VerifyElementTextKeyword.verifyElementText(VerifyElementTextKeyword.groovy:72)&#xa;	at com.kms.katalon.core.webui.keyword.builtin.VerifyElementTextKeyword.execute(VerifyElementTextKeyword.groovy:40)&#xa;	at com.kms.katalon.core.keyword.internal.KeywordExecutor.executeKeywordForPlatform(KeywordExecutor.groovy:74)&#xa;	at com.kms.katalon.core.webui.keyword.WebUiBuiltInKeywords.verifyElementText(WebUiBuiltInKeywords.groovy:4835)&#xa;	at FPT-TC15-Verify_Journey.run(FPT-TC15-Verify_Journey:24)&#xa;	at com.kms.katalon.core.main.ScriptEngine.run(ScriptEngine.java:194)&#xa;	at com.kms.katalon.core.main.ScriptEngine.runScriptAsRawText(ScriptEngine.java:119)&#xa;	at com.kms.katalon.core.main.TestCaseExecutor.runScript(TestCaseExecutor.java:448)&#xa;	at com.kms.katalon.core.main.TestCaseExecutor.doExecute(TestCaseExecutor.java:439)&#xa;	at com.kms.katalon.core.main.TestCaseExecutor.processExecutionPhase(TestCaseExecutor.java:418)&#xa;	at com.kms.katalon.core.main.TestCaseExecutor.accessMainPhase(TestCaseExecutor.java:410)&#xa;	at com.kms.katalon.core.main.TestCaseExecutor.execute(TestCaseExecutor.java:285)&#xa;	at com.kms.katalon.core.main.TestCaseExecutor.execute(TestCaseExecutor.java:369)&#xa;	at com.kms.katalon.core.main.TestCaseExecutor.execute(TestCaseExecutor.java:369)&#xa;	at com.kms.katalon.core.main.TestCaseExecutor.execute(TestCaseExecutor.java:369)&#xa;	at com.kms.katalon.core.common.CommonExecutor.accessTestCaseMainPhase(CommonExecutor.java:65)&#xa;	at com.kms.katalon.core.main.TestSuiteExecutor.accessTestSuiteMainPhase(TestSuiteExecutor.java:150)&#xa;	at com.kms.katalon.core.main.TestSuiteExecutor.execute(TestSuiteExecutor.java:106)&#xa;	at com.kms.katalon.core.main.TestCaseMain.startTestSuite(TestCaseMain.java:180)&#xa;	at TempTestSuite1716907349717.run(TempTestSuite1716907349717.groovy:35)&#xa;	at java.base/jdk.internal.reflect.NativeMethodAccessorImpl.invoke0(Native Method)&#xa;	at java.base/jdk.internal.reflect.NativeMethodAccessorImpl.invoke(NativeMethodAccessorImpl.java:77)&#xa;	at java.base/jdk.internal.reflect.DelegatingMethodAccessorImpl.invoke(DelegatingMethodAccessorImpl.java:43)&#xa;Caused by: com.kms.katalon.core.exception.StepFailedException: Actual text '' and expected text 'Accompany You on Your Transformation Journey' of test object 'Object Repository/FPT/Page_FPT Software  Leading in Digital trans_9e9e5c/a_Accompany You on Your Transformation Journey' are NOT matched.&#xa;	at com.kms.katalon.core.webui.keyword.internal.WebUIKeywordMain.stepFailed(WebUIKeywordMain.groovy:64)&#xa;	at com.kms.katalon.core.webui.keyword.builtin.VerifyElementTextKeyword$_verifyElementText_closure1.doCall(VerifyElementTextKeyword.groovy:57)&#xa;	at com.kms.katalon.core.webui.keyword.builtin.VerifyElementTextKeyword$_verifyElementText_closure1.call(VerifyElementTextKeyword.groovy)&#xa;	at com.kms.katalon.core.webui.keyword.internal.WebUIKeywordMain.runKeyword(WebUIKeywordMain.groovy:20)&#xa;	... 23 more&#xa;"/>
         <system-out><![CDATA[28-05-2024T22:07:09 - [TEST_CASE][FAILED] - Test Cases/FPT-TC15-Verify_Journey: Test Cases/FPT-TC15-Verify_Journey FAILED.
Reason:
com.kms.katalon.core.exception.StepFailedException: Verify element text of test object 'Object Repository/FPT/Page_FPT Software  Leading in Digital trans_9e9e5c/a_Accompany You on Your Transformation Journey' FAILED.
	at com.kms.katalon.core.webui.keyword.internal.WebUIKeywordMain.stepFailed(WebUIKeywordMain.groovy:64)
	at com.kms.katalon.core.webui.keyword.internal.WebUIKeywordMain.runKeyword(WebUIKeywordMain.groovy:26)
	at com.kms.katalon.core.webui.keyword.builtin.VerifyElementTextKeyword.verifyElementText(VerifyElementTextKeyword.groovy:72)
	at com.kms.katalon.core.webui.keyword.builtin.VerifyElementTextKeyword.execute(VerifyElementTextKeyword.groovy:40)
	at com.kms.katalon.core.keyword.internal.KeywordExecutor.executeKeywordForPlatform(KeywordExecutor.groovy:74)
	at com.kms.katalon.core.webui.keyword.WebUiBuiltInKeywords.verifyElementText(WebUiBuiltInKeywords.groovy:4835)
	at FPT-TC15-Verify_Journey.run(FPT-TC15-Verify_Journey:24)
	at com.kms.katalon.core.main.ScriptEngine.run(ScriptEngine.java:194)
	at com.kms.katalon.core.main.ScriptEngine.runScriptAsRawText(ScriptEngine.java:119)
	at com.kms.katalon.core.main.TestCaseExecutor.runScript(TestCaseExecutor.java:448)
	at com.kms.katalon.core.main.TestCaseExecutor.doExecute(TestCaseExecutor.java:439)
	at com.kms.katalon.core.main.TestCaseExecutor.processExecutionPhase(TestCaseExecutor.java:418)
	at com.kms.katalon.core.main.TestCaseExecutor.accessMainPhase(TestCaseExecutor.java:410)
	at com.kms.katalon.core.main.TestCaseExecutor.execute(TestCaseExecutor.java:285)
	at com.kms.katalon.core.main.TestCaseExecutor.execute(TestCaseExecutor.java:369)
	at com.kms.katalon.core.main.TestCaseExecutor.execute(TestCaseExecutor.java:369)
	at com.kms.katalon.core.main.TestCaseExecutor.execute(TestCaseExecutor.java:369)
	at com.kms.katalon.core.common.CommonExecutor.accessTestCaseMainPhase(CommonExecutor.java:65)
	at com.kms.katalon.core.main.TestSuiteExecutor.accessTestSuiteMainPhase(TestSuiteExecutor.java:150)
	at com.kms.katalon.core.main.TestSuiteExecutor.execute(TestSuiteExecutor.java:106)
	at com.kms.katalon.core.main.TestCaseMain.startTestSuite(TestCaseMain.java:180)
	at TempTestSuite1716907349717.run(TempTestSuite1716907349717.groovy:35)
	at java.base/jdk.internal.reflect.NativeMethodAccessorImpl.invoke0(Native Method)
	at java.base/jdk.internal.reflect.NativeMethodAccessorImpl.invoke(NativeMethodAccessorImpl.java:77)
	at java.base/jdk.internal.reflect.DelegatingMethodAccessorImpl.invoke(DelegatingMethodAccessorImpl.java:43)
Caused by: com.kms.katalon.core.exception.StepFailedException: Actual text '' and expected text 'Accompany You on Your Transformation Journey' of test object 'Object Repository/FPT/Page_FPT Software  Leading in Digital trans_9e9e5c/a_Accompany You on Your Transformation Journey' are NOT matched.
	at com.kms.katalon.core.webui.keyword.internal.WebUIKeywordMain.stepFailed(WebUIKeywordMain.groovy:64)
	at com.kms.katalon.core.webui.keyword.builtin.VerifyElementTextKeyword$_verifyElementText_closure1.doCall(VerifyElementTextKeyword.groovy:57)
	at com.kms.katalon.core.webui.keyword.builtin.VerifyElementTextKeyword$_verifyElementText_closure1.call(VerifyElementTextKeyword.groovy)
	at com.kms.katalon.core.webui.keyword.internal.WebUIKeywordMain.runKeyword(WebUIKeywordMain.groovy:20)
	... 23 more


28-05-2024T22:07:09 - [TEST_STEP][PASSED] - openBrowser(""): Browser is opened with url: ''

28-05-2024T22:07:09 - [MESSAGE][WARNING] - A browser is already opened. Closing browser and opening a new one

28-05-2024T22:07:09 - [MESSAGE][INFO] - Starting 'Chrome' driver

28-05-2024T22:07:09 - [MESSAGE][INFO] - Action delay is set to 0 milliseconds

28-05-2024T22:07:10 - [MESSAGE][PASSED] - Browser is opened with url: ''

28-05-2024T22:07:10 - [TEST_STEP][PASSED] - navigateToUrl("https://fptsoftware.com/"): Navigate to 'https://fptsoftware.com/' successfully

28-05-2024T22:07:27 - [MESSAGE][PASSED] - Navigate to 'https://fptsoftware.com/' successfully

28-05-2024T22:07:27 - [TEST_STEP][FAILED] - verifyElementText(findTestObject("Object Repository/FPT/Page_FPT Software  Leading in Digital trans_9e9e5c/a_Accompany You on Your Transformation Journey"), "Accompany You on Your Transformation Journey"): Verify element text of test object 'Object Repository/FPT/Page_FPT Software  Leading in Digital trans_9e9e5c/a_Accompany You on Your Transformation Journey' FAILED. (Root cause: com.kms.katalon.core.exception.StepFailedException: Verify element text of test object 'Object Repository/FPT/Page_FPT Software  Leading in Digital trans_9e9e5c/a_Accompany You on Your Transformation Journey' FAILED.
	at com.kms.katalon.core.webui.keyword.internal.WebUIKeywordMain.stepFailed(WebUIKeywordMain.groovy:64)
	at com.kms.katalon.core.webui.keyword.internal.WebUIKeywordMain.runKeyword(WebUIKeywordMain.groovy:26)
	at com.kms.katalon.core.webui.keyword.builtin.VerifyElementTextKeyword.verifyElementText(VerifyElementTextKeyword.groovy:72)
	at com.kms.katalon.core.webui.keyword.builtin.VerifyElementTextKeyword.execute(VerifyElementTextKeyword.groovy:40)
	at com.kms.katalon.core.keyword.internal.KeywordExecutor.executeKeywordForPlatform(KeywordExecutor.groovy:74)
	at com.kms.katalon.core.webui.keyword.WebUiBuiltInKeywords.verifyElementText(WebUiBuiltInKeywords.groovy:4835)
	at FPT-TC15-Verify_Journey.run(FPT-TC15-Verify_Journey:24)
	at com.kms.katalon.core.main.ScriptEngine.run(ScriptEngine.java:194)
	at com.kms.katalon.core.main.ScriptEngine.runScriptAsRawText(ScriptEngine.java:119)
	at com.kms.katalon.core.main.TestCaseExecutor.runScript(TestCaseExecutor.java:448)
	at com.kms.katalon.core.main.TestCaseExecutor.doExecute(TestCaseExecutor.java:439)
	at com.kms.katalon.core.main.TestCaseExecutor.processExecutionPhase(TestCaseExecutor.java:418)
	at com.kms.katalon.core.main.TestCaseExecutor.accessMainPhase(TestCaseExecutor.java:410)
	at com.kms.katalon.core.main.TestCaseExecutor.execute(TestCaseExecutor.java:285)
	at com.kms.katalon.core.main.TestCaseExecutor.execute(TestCaseExecutor.java:369)
	at com.kms.katalon.core.main.TestCaseExecutor.execute(TestCaseExecutor.java:369)
	at com.kms.katalon.core.main.TestCaseExecutor.execute(TestCaseExecutor.java:369)
	at com.kms.katalon.core.common.CommonExecutor.accessTestCaseMainPhase(CommonExecutor.java:65)
	at com.kms.katalon.core.main.TestSuiteExecutor.accessTestSuiteMainPhase(TestSuiteExecutor.java:150)
	at com.kms.katalon.core.main.TestSuiteExecutor.execute(TestSuiteExecutor.java:106)
	at com.kms.katalon.core.main.TestCaseMain.startTestSuite(TestCaseMain.java:180)
	at TempTestSuite1716907349717.run(TempTestSuite1716907349717.groovy:35)
	at java.base/jdk.internal.reflect.NativeMethodAccessorImpl.invoke0(Native Method)
	at java.base/jdk.internal.reflect.NativeMethodAccessorImpl.invoke(NativeMethodAccessorImpl.java:77)
	at java.base/jdk.internal.reflect.DelegatingMethodAccessorImpl.invoke(DelegatingMethodAccessorImpl.java:43)
Caused by: com.kms.katalon.core.exception.StepFailedException: Actual text '' and expected text 'Accompany You on Your Transformation Journey' of test object 'Object Repository/FPT/Page_FPT Software  Leading in Digital trans_9e9e5c/a_Accompany You on Your Transformation Journey' are NOT matched.
	at com.kms.katalon.core.webui.keyword.internal.WebUIKeywordMain.stepFailed(WebUIKeywordMain.groovy:64)
	at com.kms.katalon.core.webui.keyword.builtin.VerifyElementTextKeyword$_verifyElementText_closure1.doCall(VerifyElementTextKeyword.groovy:57)
	at com.kms.katalon.core.webui.keyword.builtin.VerifyElementTextKeyword$_verifyElementText_closure1.call(VerifyElementTextKeyword.groovy)
	at com.kms.katalon.core.webui.keyword.internal.WebUIKeywordMain.runKeyword(WebUIKeywordMain.groovy:20)
	... 23 more
)

28-05-2024T22:07:58 - [MESSAGE][INFO] - Unable to find the element located by 'By.xpath: //div[@id='header']/div/div/div[2]/div/div[3]/div/nav/ul/li/a'. Please recheck the objects properties to make sure the desired element is located. 

28-05-2024T22:07:58 - [MESSAGE][WARNING] - [SELF-HEALING] Failed to find element with id 'Object Repository/FPT/Page_FPT Software  Leading in Digital trans_9e9e5c/a_Accompany You on Your Transformation Journey'. Try using Self-healing.

28-05-2024T22:07:59 - [MESSAGE][WARNING] - [SELF-HEALING] The current locator of test object 'Object Repository/FPT/Page_FPT Software  Leading in Digital trans_9e9e5c/a_Accompany You on Your Transformation Journey' was broken. Propose an alternative one: '(.//*[normalize-space(text()) and normalize-space(.)='Singapore (English)'])[1]/following::a[2]'.

28-05-2024T22:07:59 - [MESSAGE][FAILED] - Actual text '' and expected text 'Accompany You on Your Transformation Journey' of test object 'Object Repository/FPT/Page_FPT Software  Leading in Digital trans_9e9e5c/a_Accompany You on Your Transformation Journey' are NOT matched. (Root cause: com.kms.katalon.core.exception.StepFailedException: Actual text '' and expected text 'Accompany You on Your Transformation Journey' of test object 'Object Repository/FPT/Page_FPT Software  Leading in Digital trans_9e9e5c/a_Accompany You on Your Transformation Journey' are NOT matched.
	at com.kms.katalon.core.webui.keyword.internal.WebUIKeywordMain.stepFailed(WebUIKeywordMain.groovy:64)
	at com.kms.katalon.core.webui.keyword.builtin.VerifyElementTextKeyword$_verifyElementText_closure1.doCall(VerifyElementTextKeyword.groovy:57)
	at com.kms.katalon.core.webui.keyword.builtin.VerifyElementTextKeyword$_verifyElementText_closure1.call(VerifyElementTextKeyword.groovy)
	at com.kms.katalon.core.webui.keyword.internal.WebUIKeywordMain.runKeyword(WebUIKeywordMain.groovy:20)
	at com.kms.katalon.core.webui.keyword.builtin.VerifyElementTextKeyword.verifyElementText(VerifyElementTextKeyword.groovy:72)
	at com.kms.katalon.core.webui.keyword.builtin.VerifyElementTextKeyword.execute(VerifyElementTextKeyword.groovy:40)
	at com.kms.katalon.core.keyword.internal.KeywordExecutor.executeKeywordForPlatform(KeywordExecutor.groovy:74)
	at com.kms.katalon.core.webui.keyword.WebUiBuiltInKeywords.verifyElementText(WebUiBuiltInKeywords.groovy:4835)
	at FPT-TC15-Verify_Journey.run(FPT-TC15-Verify_Journey:24)
	at com.kms.katalon.core.main.ScriptEngine.run(ScriptEngine.java:194)
	at com.kms.katalon.core.main.ScriptEngine.runScriptAsRawText(ScriptEngine.java:119)
	at com.kms.katalon.core.main.TestCaseExecutor.runScript(TestCaseExecutor.java:448)
	at com.kms.katalon.core.main.TestCaseExecutor.doExecute(TestCaseExecutor.java:439)
	at com.kms.katalon.core.main.TestCaseExecutor.processExecutionPhase(TestCaseExecutor.java:418)
	at com.kms.katalon.core.main.TestCaseExecutor.accessMainPhase(TestCaseExecutor.java:410)
	at com.kms.katalon.core.main.TestCaseExecutor.execute(TestCaseExecutor.java:285)
	at com.kms.katalon.core.main.TestCaseExecutor.execute(TestCaseExecutor.java:369)
	at com.kms.katalon.core.main.TestCaseExecutor.execute(TestCaseExecutor.java:369)
	at com.kms.katalon.core.main.TestCaseExecutor.execute(TestCaseExecutor.java:369)
	at com.kms.katalon.core.common.CommonExecutor.accessTestCaseMainPhase(CommonExecutor.java:65)
	at com.kms.katalon.core.main.TestSuiteExecutor.accessTestSuiteMainPhase(TestSuiteExecutor.java:150)
	at com.kms.katalon.core.main.TestSuiteExecutor.execute(TestSuiteExecutor.java:106)
	at com.kms.katalon.core.main.TestCaseMain.startTestSuite(TestCaseMain.java:180)
	at TempTestSuite1716907349717.run(TempTestSuite1716907349717.groovy:35)
	at java.base/jdk.internal.reflect.NativeMethodAccessorImpl.invoke0(Native Method)
	at java.base/jdk.internal.reflect.NativeMethodAccessorImpl.invoke(NativeMethodAccessorImpl.java:77)
	at java.base/jdk.internal.reflect.DelegatingMethodAccessorImpl.invoke(DelegatingMethodAccessorImpl.java:43)
)
[[ATTACHMENT|C:\\Users\\ToanLa\\git\\katalon\\Reports\\20240528_214204\\FPT\\fpt-suites\\20240528_214229\\1716908879097.png]]

28-05-2024T22:08:00 - [MESSAGE][FAILED] - Verify element text of test object 'Object Repository/FPT/Page_FPT Software  Leading in Digital trans_9e9e5c/a_Accompany You on Your Transformation Journey' FAILED. (Root cause: com.kms.katalon.core.exception.StepFailedException: Verify element text of test object 'Object Repository/FPT/Page_FPT Software  Leading in Digital trans_9e9e5c/a_Accompany You on Your Transformation Journey' FAILED.
	at com.kms.katalon.core.webui.keyword.internal.WebUIKeywordMain.stepFailed(WebUIKeywordMain.groovy:64)
	at com.kms.katalon.core.webui.keyword.internal.WebUIKeywordMain.runKeyword(WebUIKeywordMain.groovy:26)
	at com.kms.katalon.core.webui.keyword.builtin.VerifyElementTextKeyword.verifyElementText(VerifyElementTextKeyword.groovy:72)
	at com.kms.katalon.core.webui.keyword.builtin.VerifyElementTextKeyword.execute(VerifyElementTextKeyword.groovy:40)
	at com.kms.katalon.core.keyword.internal.KeywordExecutor.executeKeywordForPlatform(KeywordExecutor.groovy:74)
	at com.kms.katalon.core.webui.keyword.WebUiBuiltInKeywords.verifyElementText(WebUiBuiltInKeywords.groovy:4835)
	at FPT-TC15-Verify_Journey.run(FPT-TC15-Verify_Journey:24)
	at com.kms.katalon.core.main.ScriptEngine.run(ScriptEngine.java:194)
	at com.kms.katalon.core.main.ScriptEngine.runScriptAsRawText(ScriptEngine.java:119)
	at com.kms.katalon.core.main.TestCaseExecutor.runScript(TestCaseExecutor.java:448)
	at com.kms.katalon.core.main.TestCaseExecutor.doExecute(TestCaseExecutor.java:439)
	at com.kms.katalon.core.main.TestCaseExecutor.processExecutionPhase(TestCaseExecutor.java:418)
	at com.kms.katalon.core.main.TestCaseExecutor.accessMainPhase(TestCaseExecutor.java:410)
	at com.kms.katalon.core.main.TestCaseExecutor.execute(TestCaseExecutor.java:285)
	at com.kms.katalon.core.main.TestCaseExecutor.execute(TestCaseExecutor.java:369)
	at com.kms.katalon.core.main.TestCaseExecutor.execute(TestCaseExecutor.java:369)
	at com.kms.katalon.core.main.TestCaseExecutor.execute(TestCaseExecutor.java:369)
	at com.kms.katalon.core.common.CommonExecutor.accessTestCaseMainPhase(CommonExecutor.java:65)
	at com.kms.katalon.core.main.TestSuiteExecutor.accessTestSuiteMainPhase(TestSuiteExecutor.java:150)
	at com.kms.katalon.core.main.TestSuiteExecutor.execute(TestSuiteExecutor.java:106)
	at com.kms.katalon.core.main.TestCaseMain.startTestSuite(TestCaseMain.java:180)
	at TempTestSuite1716907349717.run(TempTestSuite1716907349717.groovy:35)
	at java.base/jdk.internal.reflect.NativeMethodAccessorImpl.invoke0(Native Method)
	at java.base/jdk.internal.reflect.NativeMethodAccessorImpl.invoke(NativeMethodAccessorImpl.java:77)
	at java.base/jdk.internal.reflect.DelegatingMethodAccessorImpl.invoke(DelegatingMethodAccessorImpl.java:43)
Caused by: com.kms.katalon.core.exception.StepFailedException: Actual text '' and expected text 'Accompany You on Your Transformation Journey' of test object 'Object Repository/FPT/Page_FPT Software  Leading in Digital trans_9e9e5c/a_Accompany You on Your Transformation Journey' are NOT matched.
	at com.kms.katalon.core.webui.keyword.internal.WebUIKeywordMain.stepFailed(WebUIKeywordMain.groovy:64)
	at com.kms.katalon.core.webui.keyword.builtin.VerifyElementTextKeyword$_verifyElementText_closure1.doCall(VerifyElementTextKeyword.groovy:57)
	at com.kms.katalon.core.webui.keyword.builtin.VerifyElementTextKeyword$_verifyElementText_closure1.call(VerifyElementTextKeyword.groovy)
	at com.kms.katalon.core.webui.keyword.internal.WebUIKeywordMain.runKeyword(WebUIKeywordMain.groovy:20)
	... 23 more
)
[[ATTACHMENT|C:\\Users\\ToanLa\\git\\katalon\\Reports\\20240528_214204\\FPT\\fpt-suites\\20240528_214229\\1716908879591.png]]]]></system-out>
         <system-err><![CDATA[28-05-2024T22:07:09 - [TEST_CASE][FAILED] - Test Cases/FPT-TC15-Verify_Journey: Test Cases/FPT-TC15-Verify_Journey FAILED.
Reason:
com.kms.katalon.core.exception.StepFailedException: Verify element text of test object 'Object Repository/FPT/Page_FPT Software  Leading in Digital trans_9e9e5c/a_Accompany You on Your Transformation Journey' FAILED.
	at com.kms.katalon.core.webui.keyword.internal.WebUIKeywordMain.stepFailed(WebUIKeywordMain.groovy:64)
	at com.kms.katalon.core.webui.keyword.internal.WebUIKeywordMain.runKeyword(WebUIKeywordMain.groovy:26)
	at com.kms.katalon.core.webui.keyword.builtin.VerifyElementTextKeyword.verifyElementText(VerifyElementTextKeyword.groovy:72)
	at com.kms.katalon.core.webui.keyword.builtin.VerifyElementTextKeyword.execute(VerifyElementTextKeyword.groovy:40)
	at com.kms.katalon.core.keyword.internal.KeywordExecutor.executeKeywordForPlatform(KeywordExecutor.groovy:74)
	at com.kms.katalon.core.webui.keyword.WebUiBuiltInKeywords.verifyElementText(WebUiBuiltInKeywords.groovy:4835)
	at FPT-TC15-Verify_Journey.run(FPT-TC15-Verify_Journey:24)
	at com.kms.katalon.core.main.ScriptEngine.run(ScriptEngine.java:194)
	at com.kms.katalon.core.main.ScriptEngine.runScriptAsRawText(ScriptEngine.java:119)
	at com.kms.katalon.core.main.TestCaseExecutor.runScript(TestCaseExecutor.java:448)
	at com.kms.katalon.core.main.TestCaseExecutor.doExecute(TestCaseExecutor.java:439)
	at com.kms.katalon.core.main.TestCaseExecutor.processExecutionPhase(TestCaseExecutor.java:418)
	at com.kms.katalon.core.main.TestCaseExecutor.accessMainPhase(TestCaseExecutor.java:410)
	at com.kms.katalon.core.main.TestCaseExecutor.execute(TestCaseExecutor.java:285)
	at com.kms.katalon.core.main.TestCaseExecutor.execute(TestCaseExecutor.java:369)
	at com.kms.katalon.core.main.TestCaseExecutor.execute(TestCaseExecutor.java:369)
	at com.kms.katalon.core.main.TestCaseExecutor.execute(TestCaseExecutor.java:369)
	at com.kms.katalon.core.common.CommonExecutor.accessTestCaseMainPhase(CommonExecutor.java:65)
	at com.kms.katalon.core.main.TestSuiteExecutor.accessTestSuiteMainPhase(TestSuiteExecutor.java:150)
	at com.kms.katalon.core.main.TestSuiteExecutor.execute(TestSuiteExecutor.java:106)
	at com.kms.katalon.core.main.TestCaseMain.startTestSuite(TestCaseMain.java:180)
	at TempTestSuite1716907349717.run(TempTestSuite1716907349717.groovy:35)
	at java.base/jdk.internal.reflect.NativeMethodAccessorImpl.invoke0(Native Method)
	at java.base/jdk.internal.reflect.NativeMethodAccessorImpl.invoke(NativeMethodAccessorImpl.java:77)
	at java.base/jdk.internal.reflect.DelegatingMethodAccessorImpl.invoke(DelegatingMethodAccessorImpl.java:43)
Caused by: com.kms.katalon.core.exception.StepFailedException: Actual text '' and expected text 'Accompany You on Your Transformation Journey' of test object 'Object Repository/FPT/Page_FPT Software  Leading in Digital trans_9e9e5c/a_Accompany You on Your Transformation Journey' are NOT matched.
	at com.kms.katalon.core.webui.keyword.internal.WebUIKeywordMain.stepFailed(WebUIKeywordMain.groovy:64)
	at com.kms.katalon.core.webui.keyword.builtin.VerifyElementTextKeyword$_verifyElementText_closure1.doCall(VerifyElementTextKeyword.groovy:57)
	at com.kms.katalon.core.webui.keyword.builtin.VerifyElementTextKeyword$_verifyElementText_closure1.call(VerifyElementTextKeyword.groovy)
	at com.kms.katalon.core.webui.keyword.internal.WebUIKeywordMain.runKeyword(WebUIKeywordMain.groovy:20)
	... 23 more]]></system-err>
      </testcase>
      <testcase name="Test Cases/FPT-TC14-Verify-Twitter-Clickable" time="49.594" classname="Test Cases/FPT-TC14-Verify-Twitter-Clickable" status="PASSED">
         <system-out><![CDATA[28-05-2024T22:08:00 - [TEST_CASE][PASSED] - Test Cases/FPT-TC14-Verify-Twitter-Clickable: Test Cases/FPT-TC14-Verify-Twitter-Clickable

28-05-2024T22:08:00 - [TEST_STEP][PASSED] - openBrowser(""): Browser is opened with url: ''

28-05-2024T22:08:00 - [MESSAGE][WARNING] - A browser is already opened. Closing browser and opening a new one

28-05-2024T22:08:00 - [MESSAGE][INFO] - Starting 'Chrome' driver

28-05-2024T22:08:00 - [MESSAGE][INFO] - Action delay is set to 0 milliseconds

28-05-2024T22:08:01 - [MESSAGE][PASSED] - Browser is opened with url: ''

28-05-2024T22:08:01 - [TEST_STEP][PASSED] - navigateToUrl("https://fptsoftware.com/"): Navigate to 'https://fptsoftware.com/' successfully

28-05-2024T22:08:17 - [MESSAGE][PASSED] - Navigate to 'https://fptsoftware.com/' successfully

28-05-2024T22:08:17 - [TEST_STEP][PASSED] - click(findTestObject("FPT/Page_FPT Software  Leading in Digital trans_9e9e5c/a_Industries")): Object: 'Object Repository/FPT/Page_FPT Software  Leading in Digital trans_9e9e5c/a_Industries' is clicked on

28-05-2024T22:08:49 - [MESSAGE][INFO] - Unable to find the element located by 'By.xpath: //div[@id='header']/div/div/div[2]/div/div[3]/div/nav/ul/li[3]/a'. Please recheck the objects properties to make sure the desired element is located. 

28-05-2024T22:08:49 - [MESSAGE][WARNING] - [SELF-HEALING] Failed to find element with id 'Object Repository/FPT/Page_FPT Software  Leading in Digital trans_9e9e5c/a_Industries'. Try using Self-healing.

28-05-2024T22:08:49 - [MESSAGE][WARNING] - [SELF-HEALING] The current locator of test object 'Object Repository/FPT/Page_FPT Software  Leading in Digital trans_9e9e5c/a_Industries' was broken. Propose an alternative one: '//a[contains(text(),'Industries')]'.

28-05-2024T22:08:49 - [MESSAGE][PASSED] - Object: 'Object Repository/FPT/Page_FPT Software  Leading in Digital trans_9e9e5c/a_Industries' is clicked on

28-05-2024T22:08:49 - [TEST_STEP][PASSED] - closeBrowser(): Browser is closed

28-05-2024T22:08:49 - [MESSAGE][PASSED] - Browser is closed]]></system-out>
         <system-err><![CDATA[]]></system-err>
      </testcase>
      <testcase name="Test Cases/FPT-TC13-Verify-LearnMore-Clickable" time="53.086" classname="Test Cases/FPT-TC13-Verify-LearnMore-Clickable" status="FAILED">
         <failure type="FAILED" message="Test Cases/FPT-TC13-Verify-LearnMore-Clickable FAILED.&#xa;Reason:&#xa;com.kms.katalon.core.exception.StepFailedException: Unable to click on object 'Object Repository/FPT/Page_FPT Software  Leading in Digital trans_9e9e5c/a_Learn more'&#xa;	at com.kms.katalon.core.webui.keyword.internal.WebUIKeywordMain.stepFailed(WebUIKeywordMain.groovy:64)&#xa;	at com.kms.katalon.core.webui.keyword.internal.WebUIKeywordMain.runKeyword(WebUIKeywordMain.groovy:26)&#xa;	at com.kms.katalon.core.webui.keyword.builtin.ClickKeyword.click(ClickKeyword.groovy:74)&#xa;	at com.kms.katalon.core.webui.keyword.builtin.ClickKeyword.execute(ClickKeyword.groovy:40)&#xa;	at com.kms.katalon.core.keyword.internal.KeywordExecutor.executeKeywordForPlatform(KeywordExecutor.groovy:74)&#xa;	at com.kms.katalon.core.webui.keyword.WebUiBuiltInKeywords.click(WebUiBuiltInKeywords.groovy:659)&#xa;	at FPT-TC13-Verify-LearnMore-Clickable.run(FPT-TC13-Verify-LearnMore-Clickable:24)&#xa;	at com.kms.katalon.core.main.ScriptEngine.run(ScriptEngine.java:194)&#xa;	at com.kms.katalon.core.main.ScriptEngine.runScriptAsRawText(ScriptEngine.java:119)&#xa;	at com.kms.katalon.core.main.TestCaseExecutor.runScript(TestCaseExecutor.java:448)&#xa;	at com.kms.katalon.core.main.TestCaseExecutor.doExecute(TestCaseExecutor.java:439)&#xa;	at com.kms.katalon.core.main.TestCaseExecutor.processExecutionPhase(TestCaseExecutor.java:418)&#xa;	at com.kms.katalon.core.main.TestCaseExecutor.accessMainPhase(TestCaseExecutor.java:410)&#xa;	at com.kms.katalon.core.main.TestCaseExecutor.execute(TestCaseExecutor.java:285)&#xa;	at com.kms.katalon.core.main.TestCaseExecutor.execute(TestCaseExecutor.java:369)&#xa;	at com.kms.katalon.core.main.TestCaseExecutor.execute(TestCaseExecutor.java:369)&#xa;	at com.kms.katalon.core.main.TestCaseExecutor.execute(TestCaseExecutor.java:369)&#xa;	at com.kms.katalon.core.common.CommonExecutor.accessTestCaseMainPhase(CommonExecutor.java:65)&#xa;	at com.kms.katalon.core.main.TestSuiteExecutor.accessTestSuiteMainPhase(TestSuiteExecutor.java:150)&#xa;	at com.kms.katalon.core.main.TestSuiteExecutor.execute(TestSuiteExecutor.java:106)&#xa;	at com.kms.katalon.core.main.TestCaseMain.startTestSuite(TestCaseMain.java:180)&#xa;	at TempTestSuite1716907349717.run(TempTestSuite1716907349717.groovy:35)&#xa;	at java.base/jdk.internal.reflect.NativeMethodAccessorImpl.invoke0(Native Method)&#xa;	at java.base/jdk.internal.reflect.NativeMethodAccessorImpl.invoke(NativeMethodAccessorImpl.java:77)&#xa;	at java.base/jdk.internal.reflect.DelegatingMethodAccessorImpl.invoke(DelegatingMethodAccessorImpl.java:43)&#xa;Caused by: org.openqa.selenium.ElementNotInteractableException: element not interactable&#xa;  (Session info: chrome=125.0.6422.112)&#xa;Build info: version: '3.141.59', revision: 'e82be7d358', time: '2018-11-14T08:25:53'&#xa;System info: host: 'DESKTOP-QSIPVT9', ip: '192.168.1.8', os.name: 'Windows 11', os.arch: 'amd64', os.version: '10.0', java.version: '17.0.7'&#xa;Driver info: com.kms.katalon.selenium.driver.CChromeDriver&#xa;Capabilities {acceptInsecureCerts: false, browserName: chrome, browserVersion: 125.0.6422.112, chrome: {chromedriverVersion: 125.0.6422.78 (14db42ec38ad..., userDataDir: C:\Users\ToanLa\AppData\Loc...}, fedcm:accounts: true, goog:chromeOptions: {debuggerAddress: localhost:50902}, javascriptEnabled: true, networkConnectionEnabled: false, pageLoadStrategy: normal, platform: WINDOWS, platformName: WINDOWS, proxy: Proxy(), setWindowRect: true, strictFileInteractability: false, timeouts: {implicit: 0, pageLoad: 300000, script: 30000}, unhandledPromptBehavior: dismiss and notify, webauthn:extension:credBlob: true, webauthn:extension:largeBlob: true, webauthn:extension:minPinLength: true, webauthn:extension:prf: true, webauthn:virtualAuthenticators: true}&#xa;Session ID: dfe7e1579e01e90c7bfc7e181dac9996&#xa;	at java.base/jdk.internal.reflect.NativeConstructorAccessorImpl.newInstance0(Native Method)&#xa;	at java.base/jdk.internal.reflect.NativeConstructorAccessorImpl.newInstance(NativeConstructorAccessorImpl.java:77)&#xa;	at java.base/jdk.internal.reflect.DelegatingConstructorAccessorImpl.newInstance(DelegatingConstructorAccessorImpl.java:45)&#xa;	at org.openqa.selenium.remote.http.W3CHttpResponseCodec.createException(W3CHttpResponseCodec.java:187)&#xa;	at org.openqa.selenium.remote.http.W3CHttpResponseCodec.decode(W3CHttpResponseCodec.java:122)&#xa;	at org.openqa.selenium.remote.http.W3CHttpResponseCodec.decode(W3CHttpResponseCodec.java:49)&#xa;	at org.openqa.selenium.remote.HttpCommandExecutor.execute(HttpCommandExecutor.java:158)&#xa;	at org.openqa.selenium.remote.service.DriverCommandExecutor.execute(DriverCommandExecutor.java:83)&#xa;	at org.openqa.selenium.remote.RemoteWebDriver.execute(RemoteWebDriver.java:552)&#xa;	at com.kms.katalon.selenium.driver.CChromeDriver.execute(CChromeDriver.java:19)&#xa;	at org.openqa.selenium.remote.RemoteWebElement.execute(RemoteWebElement.java:285)&#xa;	at org.openqa.selenium.remote.RemoteWebElement.click(RemoteWebElement.java:84)&#xa;	at java.base/jdk.internal.reflect.NativeMethodAccessorImpl.invoke0(Native Method)&#xa;	at java.base/jdk.internal.reflect.NativeMethodAccessorImpl.invoke(NativeMethodAccessorImpl.java:77)&#xa;	at java.base/jdk.internal.reflect.DelegatingMethodAccessorImpl.invoke(DelegatingMethodAccessorImpl.java:43)&#xa;	at org.openqa.selenium.support.events.EventFiringWebDriver$EventFiringWebElement.lambda$new$0(EventFiringWebDriver.java:404)&#xa;	at jdk.proxy2/jdk.proxy2.$Proxy26.click(Unknown Source)&#xa;	at org.openqa.selenium.support.events.EventFiringWebDriver$EventFiringWebElement.click(EventFiringWebDriver.java:417)&#xa;	at org.openqa.selenium.WebElement$click.call(Unknown Source)&#xa;	at com.kms.katalon.core.webui.keyword.builtin.ClickKeyword.clickUntilSuccessWithTimeout(ClickKeyword.groovy:81)&#xa;	at com.kms.katalon.core.webui.keyword.builtin.ClickKeyword.clickUntilSuccessWithTimeout(ClickKeyword.groovy)&#xa;	at java.base/jdk.internal.reflect.NativeMethodAccessorImpl.invoke0(Native Method)&#xa;	at java.base/jdk.internal.reflect.NativeMethodAccessorImpl.invoke(NativeMethodAccessorImpl.java:77)&#xa;	at java.base/jdk.internal.reflect.DelegatingMethodAccessorImpl.invoke(DelegatingMethodAccessorImpl.java:43)&#xa;	at com.kms.katalon.core.webui.keyword.builtin.ClickKeyword$_click_closure1.doCall(ClickKeyword.groovy:67)&#xa;	at com.kms.katalon.core.webui.keyword.builtin.ClickKeyword$_click_closure1.call(ClickKeyword.groovy)&#xa;	at com.kms.katalon.core.webui.keyword.internal.WebUIKeywordMain.runKeyword(WebUIKeywordMain.groovy:20)&#xa;	... 23 more&#xa;"/>
         <system-out><![CDATA[28-05-2024T22:11:37 - [TEST_CASE][FAILED] - Test Cases/FPT-TC13-Verify-LearnMore-Clickable: Test Cases/FPT-TC13-Verify-LearnMore-Clickable FAILED.
Reason:
com.kms.katalon.core.exception.StepFailedException: Unable to click on object 'Object Repository/FPT/Page_FPT Software  Leading in Digital trans_9e9e5c/a_Learn more'
	at com.kms.katalon.core.webui.keyword.internal.WebUIKeywordMain.stepFailed(WebUIKeywordMain.groovy:64)
	at com.kms.katalon.core.webui.keyword.internal.WebUIKeywordMain.runKeyword(WebUIKeywordMain.groovy:26)
	at com.kms.katalon.core.webui.keyword.builtin.ClickKeyword.click(ClickKeyword.groovy:74)
	at com.kms.katalon.core.webui.keyword.builtin.ClickKeyword.execute(ClickKeyword.groovy:40)
	at com.kms.katalon.core.keyword.internal.KeywordExecutor.executeKeywordForPlatform(KeywordExecutor.groovy:74)
	at com.kms.katalon.core.webui.keyword.WebUiBuiltInKeywords.click(WebUiBuiltInKeywords.groovy:659)
	at FPT-TC13-Verify-LearnMore-Clickable.run(FPT-TC13-Verify-LearnMore-Clickable:24)
	at com.kms.katalon.core.main.ScriptEngine.run(ScriptEngine.java:194)
	at com.kms.katalon.core.main.ScriptEngine.runScriptAsRawText(ScriptEngine.java:119)
	at com.kms.katalon.core.main.TestCaseExecutor.runScript(TestCaseExecutor.java:448)
	at com.kms.katalon.core.main.TestCaseExecutor.doExecute(TestCaseExecutor.java:439)
	at com.kms.katalon.core.main.TestCaseExecutor.processExecutionPhase(TestCaseExecutor.java:418)
	at com.kms.katalon.core.main.TestCaseExecutor.accessMainPhase(TestCaseExecutor.java:410)
	at com.kms.katalon.core.main.TestCaseExecutor.execute(TestCaseExecutor.java:285)
	at com.kms.katalon.core.main.TestCaseExecutor.execute(TestCaseExecutor.java:369)
	at com.kms.katalon.core.main.TestCaseExecutor.execute(TestCaseExecutor.java:369)
	at com.kms.katalon.core.main.TestCaseExecutor.execute(TestCaseExecutor.java:369)
	at com.kms.katalon.core.common.CommonExecutor.accessTestCaseMainPhase(CommonExecutor.java:65)
	at com.kms.katalon.core.main.TestSuiteExecutor.accessTestSuiteMainPhase(TestSuiteExecutor.java:150)
	at com.kms.katalon.core.main.TestSuiteExecutor.execute(TestSuiteExecutor.java:106)
	at com.kms.katalon.core.main.TestCaseMain.startTestSuite(TestCaseMain.java:180)
	at TempTestSuite1716907349717.run(TempTestSuite1716907349717.groovy:35)
	at java.base/jdk.internal.reflect.NativeMethodAccessorImpl.invoke0(Native Method)
	at java.base/jdk.internal.reflect.NativeMethodAccessorImpl.invoke(NativeMethodAccessorImpl.java:77)
	at java.base/jdk.internal.reflect.DelegatingMethodAccessorImpl.invoke(DelegatingMethodAccessorImpl.java:43)
Caused by: org.openqa.selenium.ElementNotInteractableException: element not interactable
  (Session info: chrome=125.0.6422.112)
Build info: version: '3.141.59', revision: 'e82be7d358', time: '2018-11-14T08:25:53'
System info: host: 'DESKTOP-QSIPVT9', ip: '192.168.1.8', os.name: 'Windows 11', os.arch: 'amd64', os.version: '10.0', java.version: '17.0.7'
Driver info: com.kms.katalon.selenium.driver.CChromeDriver
Capabilities {acceptInsecureCerts: false, browserName: chrome, browserVersion: 125.0.6422.112, chrome: {chromedriverVersion: 125.0.6422.78 (14db42ec38ad..., userDataDir: C:\Users\ToanLa\AppData\Loc...}, fedcm:accounts: true, goog:chromeOptions: {debuggerAddress: localhost:50902}, javascriptEnabled: true, networkConnectionEnabled: false, pageLoadStrategy: normal, platform: WINDOWS, platformName: WINDOWS, proxy: Proxy(), setWindowRect: true, strictFileInteractability: false, timeouts: {implicit: 0, pageLoad: 300000, script: 30000}, unhandledPromptBehavior: dismiss and notify, webauthn:extension:credBlob: true, webauthn:extension:largeBlob: true, webauthn:extension:minPinLength: true, webauthn:extension:prf: true, webauthn:virtualAuthenticators: true}
Session ID: dfe7e1579e01e90c7bfc7e181dac9996
	at java.base/jdk.internal.reflect.NativeConstructorAccessorImpl.newInstance0(Native Method)
	at java.base/jdk.internal.reflect.NativeConstructorAccessorImpl.newInstance(NativeConstructorAccessorImpl.java:77)
	at java.base/jdk.internal.reflect.DelegatingConstructorAccessorImpl.newInstance(DelegatingConstructorAccessorImpl.java:45)
	at org.openqa.selenium.remote.http.W3CHttpResponseCodec.createException(W3CHttpResponseCodec.java:187)
	at org.openqa.selenium.remote.http.W3CHttpResponseCodec.decode(W3CHttpResponseCodec.java:122)
	at org.openqa.selenium.remote.http.W3CHttpResponseCodec.decode(W3CHttpResponseCodec.java:49)
	at org.openqa.selenium.remote.HttpCommandExecutor.execute(HttpCommandExecutor.java:158)
	at org.openqa.selenium.remote.service.DriverCommandExecutor.execute(DriverCommandExecutor.java:83)
	at org.openqa.selenium.remote.RemoteWebDriver.execute(RemoteWebDriver.java:552)
	at com.kms.katalon.selenium.driver.CChromeDriver.execute(CChromeDriver.java:19)
	at org.openqa.selenium.remote.RemoteWebElement.execute(RemoteWebElement.java:285)
	at org.openqa.selenium.remote.RemoteWebElement.click(RemoteWebElement.java:84)
	at java.base/jdk.internal.reflect.NativeMethodAccessorImpl.invoke0(Native Method)
	at java.base/jdk.internal.reflect.NativeMethodAccessorImpl.invoke(NativeMethodAccessorImpl.java:77)
	at java.base/jdk.internal.reflect.DelegatingMethodAccessorImpl.invoke(DelegatingMethodAccessorImpl.java:43)
	at org.openqa.selenium.support.events.EventFiringWebDriver$EventFiringWebElement.lambda$new$0(EventFiringWebDriver.java:404)
	at jdk.proxy2/jdk.proxy2.$Proxy26.click(Unknown Source)
	at org.openqa.selenium.support.events.EventFiringWebDriver$EventFiringWebElement.click(EventFiringWebDriver.java:417)
	at org.openqa.selenium.WebElement$click.call(Unknown Source)
	at com.kms.katalon.core.webui.keyword.builtin.ClickKeyword.clickUntilSuccessWithTimeout(ClickKeyword.groovy:81)
	at com.kms.katalon.core.webui.keyword.builtin.ClickKeyword.clickUntilSuccessWithTimeout(ClickKeyword.groovy)
	at java.base/jdk.internal.reflect.NativeMethodAccessorImpl.invoke0(Native Method)
	at java.base/jdk.internal.reflect.NativeMethodAccessorImpl.invoke(NativeMethodAccessorImpl.java:77)
	at java.base/jdk.internal.reflect.DelegatingMethodAccessorImpl.invoke(DelegatingMethodAccessorImpl.java:43)
	at com.kms.katalon.core.webui.keyword.builtin.ClickKeyword$_click_closure1.doCall(ClickKeyword.groovy:67)
	at com.kms.katalon.core.webui.keyword.builtin.ClickKeyword$_click_closure1.call(ClickKeyword.groovy)
	at com.kms.katalon.core.webui.keyword.internal.WebUIKeywordMain.runKeyword(WebUIKeywordMain.groovy:20)
	... 23 more


28-05-2024T22:11:37 - [TEST_STEP][PASSED] - openBrowser(""): Browser is opened with url: ''

28-05-2024T22:11:37 - [MESSAGE][WARNING] - A browser is already opened. Closing browser and opening a new one

28-05-2024T22:11:37 - [MESSAGE][INFO] - Starting 'Chrome' driver

28-05-2024T22:11:37 - [MESSAGE][INFO] - Action delay is set to 0 milliseconds

28-05-2024T22:11:38 - [MESSAGE][PASSED] - Browser is opened with url: ''

28-05-2024T22:11:38 - [TEST_STEP][PASSED] - navigateToUrl("https://fptsoftware.com/"): Navigate to 'https://fptsoftware.com/' successfully

28-05-2024T22:11:58 - [MESSAGE][PASSED] - Navigate to 'https://fptsoftware.com/' successfully

28-05-2024T22:11:58 - [TEST_STEP][FAILED] - click(findTestObject("Object Repository/FPT/Page_FPT Software  Leading in Digital trans_9e9e5c/a_Learn more")): Unable to click on object 'Object Repository/FPT/Page_FPT Software  Leading in Digital trans_9e9e5c/a_Learn more' (Root cause: com.kms.katalon.core.exception.StepFailedException: Unable to click on object 'Object Repository/FPT/Page_FPT Software  Leading in Digital trans_9e9e5c/a_Learn more'
	at com.kms.katalon.core.webui.keyword.internal.WebUIKeywordMain.stepFailed(WebUIKeywordMain.groovy:64)
	at com.kms.katalon.core.webui.keyword.internal.WebUIKeywordMain.runKeyword(WebUIKeywordMain.groovy:26)
	at com.kms.katalon.core.webui.keyword.builtin.ClickKeyword.click(ClickKeyword.groovy:74)
	at com.kms.katalon.core.webui.keyword.builtin.ClickKeyword.execute(ClickKeyword.groovy:40)
	at com.kms.katalon.core.keyword.internal.KeywordExecutor.executeKeywordForPlatform(KeywordExecutor.groovy:74)
	at com.kms.katalon.core.webui.keyword.WebUiBuiltInKeywords.click(WebUiBuiltInKeywords.groovy:659)
	at FPT-TC13-Verify-LearnMore-Clickable.run(FPT-TC13-Verify-LearnMore-Clickable:24)
	at com.kms.katalon.core.main.ScriptEngine.run(ScriptEngine.java:194)
	at com.kms.katalon.core.main.ScriptEngine.runScriptAsRawText(ScriptEngine.java:119)
	at com.kms.katalon.core.main.TestCaseExecutor.runScript(TestCaseExecutor.java:448)
	at com.kms.katalon.core.main.TestCaseExecutor.doExecute(TestCaseExecutor.java:439)
	at com.kms.katalon.core.main.TestCaseExecutor.processExecutionPhase(TestCaseExecutor.java:418)
	at com.kms.katalon.core.main.TestCaseExecutor.accessMainPhase(TestCaseExecutor.java:410)
	at com.kms.katalon.core.main.TestCaseExecutor.execute(TestCaseExecutor.java:285)
	at com.kms.katalon.core.main.TestCaseExecutor.execute(TestCaseExecutor.java:369)
	at com.kms.katalon.core.main.TestCaseExecutor.execute(TestCaseExecutor.java:369)
	at com.kms.katalon.core.main.TestCaseExecutor.execute(TestCaseExecutor.java:369)
	at com.kms.katalon.core.common.CommonExecutor.accessTestCaseMainPhase(CommonExecutor.java:65)
	at com.kms.katalon.core.main.TestSuiteExecutor.accessTestSuiteMainPhase(TestSuiteExecutor.java:150)
	at com.kms.katalon.core.main.TestSuiteExecutor.execute(TestSuiteExecutor.java:106)
	at com.kms.katalon.core.main.TestCaseMain.startTestSuite(TestCaseMain.java:180)
	at TempTestSuite1716907349717.run(TempTestSuite1716907349717.groovy:35)
	at java.base/jdk.internal.reflect.NativeMethodAccessorImpl.invoke0(Native Method)
	at java.base/jdk.internal.reflect.NativeMethodAccessorImpl.invoke(NativeMethodAccessorImpl.java:77)
	at java.base/jdk.internal.reflect.DelegatingMethodAccessorImpl.invoke(DelegatingMethodAccessorImpl.java:43)
Caused by: org.openqa.selenium.ElementNotInteractableException: element not interactable
  (Session info: chrome=125.0.6422.112)
Build info: version: '3.141.59', revision: 'e82be7d358', time: '2018-11-14T08:25:53'
System info: host: 'DESKTOP-QSIPVT9', ip: '192.168.1.8', os.name: 'Windows 11', os.arch: 'amd64', os.version: '10.0', java.version: '17.0.7'
Driver info: com.kms.katalon.selenium.driver.CChromeDriver
Capabilities {acceptInsecureCerts: false, browserName: chrome, browserVersion: 125.0.6422.112, chrome: {chromedriverVersion: 125.0.6422.78 (14db42ec38ad..., userDataDir: C:\Users\ToanLa\AppData\Loc...}, fedcm:accounts: true, goog:chromeOptions: {debuggerAddress: localhost:50902}, javascriptEnabled: true, networkConnectionEnabled: false, pageLoadStrategy: normal, platform: WINDOWS, platformName: WINDOWS, proxy: Proxy(), setWindowRect: true, strictFileInteractability: false, timeouts: {implicit: 0, pageLoad: 300000, script: 30000}, unhandledPromptBehavior: dismiss and notify, webauthn:extension:credBlob: true, webauthn:extension:largeBlob: true, webauthn:extension:minPinLength: true, webauthn:extension:prf: true, webauthn:virtualAuthenticators: true}
Session ID: dfe7e1579e01e90c7bfc7e181dac9996
	at java.base/jdk.internal.reflect.NativeConstructorAccessorImpl.newInstance0(Native Method)
	at java.base/jdk.internal.reflect.NativeConstructorAccessorImpl.newInstance(NativeConstructorAccessorImpl.java:77)
	at java.base/jdk.internal.reflect.DelegatingConstructorAccessorImpl.newInstance(DelegatingConstructorAccessorImpl.java:45)
	at org.openqa.selenium.remote.http.W3CHttpResponseCodec.createException(W3CHttpResponseCodec.java:187)
	at org.openqa.selenium.remote.http.W3CHttpResponseCodec.decode(W3CHttpResponseCodec.java:122)
	at org.openqa.selenium.remote.http.W3CHttpResponseCodec.decode(W3CHttpResponseCodec.java:49)
	at org.openqa.selenium.remote.HttpCommandExecutor.execute(HttpCommandExecutor.java:158)
	at org.openqa.selenium.remote.service.DriverCommandExecutor.execute(DriverCommandExecutor.java:83)
	at org.openqa.selenium.remote.RemoteWebDriver.execute(RemoteWebDriver.java:552)
	at com.kms.katalon.selenium.driver.CChromeDriver.execute(CChromeDriver.java:19)
	at org.openqa.selenium.remote.RemoteWebElement.execute(RemoteWebElement.java:285)
	at org.openqa.selenium.remote.RemoteWebElement.click(RemoteWebElement.java:84)
	at java.base/jdk.internal.reflect.NativeMethodAccessorImpl.invoke0(Native Method)
	at java.base/jdk.internal.reflect.NativeMethodAccessorImpl.invoke(NativeMethodAccessorImpl.java:77)
	at java.base/jdk.internal.reflect.DelegatingMethodAccessorImpl.invoke(DelegatingMethodAccessorImpl.java:43)
	at org.openqa.selenium.support.events.EventFiringWebDriver$EventFiringWebElement.lambda$new$0(EventFiringWebDriver.java:404)
	at jdk.proxy2/jdk.proxy2.$Proxy26.click(Unknown Source)
	at org.openqa.selenium.support.events.EventFiringWebDriver$EventFiringWebElement.click(EventFiringWebDriver.java:417)
	at org.openqa.selenium.WebElement$click.call(Unknown Source)
	at com.kms.katalon.core.webui.keyword.builtin.ClickKeyword.clickUntilSuccessWithTimeout(ClickKeyword.groovy:81)
	at com.kms.katalon.core.webui.keyword.builtin.ClickKeyword.clickUntilSuccessWithTimeout(ClickKeyword.groovy)
	at java.base/jdk.internal.reflect.NativeMethodAccessorImpl.invoke0(Native Method)
	at java.base/jdk.internal.reflect.NativeMethodAccessorImpl.invoke(NativeMethodAccessorImpl.java:77)
	at java.base/jdk.internal.reflect.DelegatingMethodAccessorImpl.invoke(DelegatingMethodAccessorImpl.java:43)
	at com.kms.katalon.core.webui.keyword.builtin.ClickKeyword$_click_closure1.doCall(ClickKeyword.groovy:67)
	at com.kms.katalon.core.webui.keyword.builtin.ClickKeyword$_click_closure1.call(ClickKeyword.groovy)
	at com.kms.katalon.core.webui.keyword.internal.WebUIKeywordMain.runKeyword(WebUIKeywordMain.groovy:20)
	at com.kms.katalon.core.webui.keyword.builtin.ClickKeyword.click(ClickKeyword.groovy:74)
	at com.kms.katalon.core.webui.keyword.builtin.ClickKeyword.execute(ClickKeyword.groovy:40)
	at com.kms.katalon.core.keyword.internal.KeywordExecutor.executeKeywordForPlatform(KeywordExecutor.groovy:74)
	at com.kms.katalon.core.webui.keyword.WebUiBuiltInKeywords.click(WebUiBuiltInKeywords.groovy:659)
	at Script1716256978903.run(Script1716256978903.groovy:24)
	... 18 more
)

28-05-2024T22:12:29 - [MESSAGE][INFO] - Unable to find the element located by 'By.xpath: //div[@id='our-industries']/div/div/div/div[2]/div/div/div/div/div/div/div/a'. Please recheck the objects properties to make sure the desired element is located. 

28-05-2024T22:12:29 - [MESSAGE][WARNING] - [SELF-HEALING] Failed to find element with id 'Object Repository/FPT/Page_FPT Software  Leading in Digital trans_9e9e5c/a_Learn more'. Try using Self-healing.

28-05-2024T22:12:30 - [MESSAGE][WARNING] - [SELF-HEALING] The current locator of test object 'Object Repository/FPT/Page_FPT Software  Leading in Digital trans_9e9e5c/a_Learn more' was broken. Propose an alternative one: '(//a[contains(@href, '/industries/automotive')])[4]'.

28-05-2024T22:12:30 - [MESSAGE][FAILED] - Unable to click on object 'Object Repository/FPT/Page_FPT Software  Leading in Digital trans_9e9e5c/a_Learn more' (Root cause: com.kms.katalon.core.exception.StepFailedException: Unable to click on object 'Object Repository/FPT/Page_FPT Software  Leading in Digital trans_9e9e5c/a_Learn more'
	at com.kms.katalon.core.webui.keyword.internal.WebUIKeywordMain.stepFailed(WebUIKeywordMain.groovy:64)
	at com.kms.katalon.core.webui.keyword.internal.WebUIKeywordMain.runKeyword(WebUIKeywordMain.groovy:26)
	at com.kms.katalon.core.webui.keyword.builtin.ClickKeyword.click(ClickKeyword.groovy:74)
	at com.kms.katalon.core.webui.keyword.builtin.ClickKeyword.execute(ClickKeyword.groovy:40)
	at com.kms.katalon.core.keyword.internal.KeywordExecutor.executeKeywordForPlatform(KeywordExecutor.groovy:74)
	at com.kms.katalon.core.webui.keyword.WebUiBuiltInKeywords.click(WebUiBuiltInKeywords.groovy:659)
	at FPT-TC13-Verify-LearnMore-Clickable.run(FPT-TC13-Verify-LearnMore-Clickable:24)
	at com.kms.katalon.core.main.ScriptEngine.run(ScriptEngine.java:194)
	at com.kms.katalon.core.main.ScriptEngine.runScriptAsRawText(ScriptEngine.java:119)
	at com.kms.katalon.core.main.TestCaseExecutor.runScript(TestCaseExecutor.java:448)
	at com.kms.katalon.core.main.TestCaseExecutor.doExecute(TestCaseExecutor.java:439)
	at com.kms.katalon.core.main.TestCaseExecutor.processExecutionPhase(TestCaseExecutor.java:418)
	at com.kms.katalon.core.main.TestCaseExecutor.accessMainPhase(TestCaseExecutor.java:410)
	at com.kms.katalon.core.main.TestCaseExecutor.execute(TestCaseExecutor.java:285)
	at com.kms.katalon.core.main.TestCaseExecutor.execute(TestCaseExecutor.java:369)
	at com.kms.katalon.core.main.TestCaseExecutor.execute(TestCaseExecutor.java:369)
	at com.kms.katalon.core.main.TestCaseExecutor.execute(TestCaseExecutor.java:369)
	at com.kms.katalon.core.common.CommonExecutor.accessTestCaseMainPhase(CommonExecutor.java:65)
	at com.kms.katalon.core.main.TestSuiteExecutor.accessTestSuiteMainPhase(TestSuiteExecutor.java:150)
	at com.kms.katalon.core.main.TestSuiteExecutor.execute(TestSuiteExecutor.java:106)
	at com.kms.katalon.core.main.TestCaseMain.startTestSuite(TestCaseMain.java:180)
	at TempTestSuite1716907349717.run(TempTestSuite1716907349717.groovy:35)
	at java.base/jdk.internal.reflect.NativeMethodAccessorImpl.invoke0(Native Method)
	at java.base/jdk.internal.reflect.NativeMethodAccessorImpl.invoke(NativeMethodAccessorImpl.java:77)
	at java.base/jdk.internal.reflect.DelegatingMethodAccessorImpl.invoke(DelegatingMethodAccessorImpl.java:43)
Caused by: org.openqa.selenium.ElementNotInteractableException: element not interactable
  (Session info: chrome=125.0.6422.112)
Build info: version: '3.141.59', revision: 'e82be7d358', time: '2018-11-14T08:25:53'
System info: host: 'DESKTOP-QSIPVT9', ip: '192.168.1.8', os.name: 'Windows 11', os.arch: 'amd64', os.version: '10.0', java.version: '17.0.7'
Driver info: com.kms.katalon.selenium.driver.CChromeDriver
Capabilities {acceptInsecureCerts: false, browserName: chrome, browserVersion: 125.0.6422.112, chrome: {chromedriverVersion: 125.0.6422.78 (14db42ec38ad..., userDataDir: C:\Users\ToanLa\AppData\Loc...}, fedcm:accounts: true, goog:chromeOptions: {debuggerAddress: localhost:50902}, javascriptEnabled: true, networkConnectionEnabled: false, pageLoadStrategy: normal, platform: WINDOWS, platformName: WINDOWS, proxy: Proxy(), setWindowRect: true, strictFileInteractability: false, timeouts: {implicit: 0, pageLoad: 300000, script: 30000}, unhandledPromptBehavior: dismiss and notify, webauthn:extension:credBlob: true, webauthn:extension:largeBlob: true, webauthn:extension:minPinLength: true, webauthn:extension:prf: true, webauthn:virtualAuthenticators: true}
Session ID: dfe7e1579e01e90c7bfc7e181dac9996
	at java.base/jdk.internal.reflect.NativeConstructorAccessorImpl.newInstance0(Native Method)
	at java.base/jdk.internal.reflect.NativeConstructorAccessorImpl.newInstance(NativeConstructorAccessorImpl.java:77)
	at java.base/jdk.internal.reflect.DelegatingConstructorAccessorImpl.newInstance(DelegatingConstructorAccessorImpl.java:45)
	at org.openqa.selenium.remote.http.W3CHttpResponseCodec.createException(W3CHttpResponseCodec.java:187)
	at org.openqa.selenium.remote.http.W3CHttpResponseCodec.decode(W3CHttpResponseCodec.java:122)
	at org.openqa.selenium.remote.http.W3CHttpResponseCodec.decode(W3CHttpResponseCodec.java:49)
	at org.openqa.selenium.remote.HttpCommandExecutor.execute(HttpCommandExecutor.java:158)
	at org.openqa.selenium.remote.service.DriverCommandExecutor.execute(DriverCommandExecutor.java:83)
	at org.openqa.selenium.remote.RemoteWebDriver.execute(RemoteWebDriver.java:552)
	at com.kms.katalon.selenium.driver.CChromeDriver.execute(CChromeDriver.java:19)
	at org.openqa.selenium.remote.RemoteWebElement.execute(RemoteWebElement.java:285)
	at org.openqa.selenium.remote.RemoteWebElement.click(RemoteWebElement.java:84)
	at java.base/jdk.internal.reflect.NativeMethodAccessorImpl.invoke0(Native Method)
	at java.base/jdk.internal.reflect.NativeMethodAccessorImpl.invoke(NativeMethodAccessorImpl.java:77)
	at java.base/jdk.internal.reflect.DelegatingMethodAccessorImpl.invoke(DelegatingMethodAccessorImpl.java:43)
	at org.openqa.selenium.support.events.EventFiringWebDriver$EventFiringWebElement.lambda$new$0(EventFiringWebDriver.java:404)
	at jdk.proxy2/jdk.proxy2.$Proxy26.click(Unknown Source)
	at org.openqa.selenium.support.events.EventFiringWebDriver$EventFiringWebElement.click(EventFiringWebDriver.java:417)
	at org.openqa.selenium.WebElement$click.call(Unknown Source)
	at com.kms.katalon.core.webui.keyword.builtin.ClickKeyword.clickUntilSuccessWithTimeout(ClickKeyword.groovy:81)
	at com.kms.katalon.core.webui.keyword.builtin.ClickKeyword.clickUntilSuccessWithTimeout(ClickKeyword.groovy)
	at java.base/jdk.internal.reflect.NativeMethodAccessorImpl.invoke0(Native Method)
	at java.base/jdk.internal.reflect.NativeMethodAccessorImpl.invoke(NativeMethodAccessorImpl.java:77)
	at java.base/jdk.internal.reflect.DelegatingMethodAccessorImpl.invoke(DelegatingMethodAccessorImpl.java:43)
	at com.kms.katalon.core.webui.keyword.builtin.ClickKeyword$_click_closure1.doCall(ClickKeyword.groovy:67)
	at com.kms.katalon.core.webui.keyword.builtin.ClickKeyword$_click_closure1.call(ClickKeyword.groovy)
	at com.kms.katalon.core.webui.keyword.internal.WebUIKeywordMain.runKeyword(WebUIKeywordMain.groovy:20)
	at com.kms.katalon.core.webui.keyword.builtin.ClickKeyword.click(ClickKeyword.groovy:74)
	at com.kms.katalon.core.webui.keyword.builtin.ClickKeyword.execute(ClickKeyword.groovy:40)
	at com.kms.katalon.core.keyword.internal.KeywordExecutor.executeKeywordForPlatform(KeywordExecutor.groovy:74)
	at com.kms.katalon.core.webui.keyword.WebUiBuiltInKeywords.click(WebUiBuiltInKeywords.groovy:659)
	at Script1716256978903.run(Script1716256978903.groovy:24)
	... 18 more
)
[[ATTACHMENT|C:\\Users\\ToanLa\\git\\katalon\\Reports\\20240528_214204\\FPT\\fpt-suites\\20240528_214229\\1716909150372.png]]]]></system-out>
         <system-err><![CDATA[28-05-2024T22:11:37 - [TEST_CASE][FAILED] - Test Cases/FPT-TC13-Verify-LearnMore-Clickable: Test Cases/FPT-TC13-Verify-LearnMore-Clickable FAILED.
Reason:
com.kms.katalon.core.exception.StepFailedException: Unable to click on object 'Object Repository/FPT/Page_FPT Software  Leading in Digital trans_9e9e5c/a_Learn more'
	at com.kms.katalon.core.webui.keyword.internal.WebUIKeywordMain.stepFailed(WebUIKeywordMain.groovy:64)
	at com.kms.katalon.core.webui.keyword.internal.WebUIKeywordMain.runKeyword(WebUIKeywordMain.groovy:26)
	at com.kms.katalon.core.webui.keyword.builtin.ClickKeyword.click(ClickKeyword.groovy:74)
	at com.kms.katalon.core.webui.keyword.builtin.ClickKeyword.execute(ClickKeyword.groovy:40)
	at com.kms.katalon.core.keyword.internal.KeywordExecutor.executeKeywordForPlatform(KeywordExecutor.groovy:74)
	at com.kms.katalon.core.webui.keyword.WebUiBuiltInKeywords.click(WebUiBuiltInKeywords.groovy:659)
	at FPT-TC13-Verify-LearnMore-Clickable.run(FPT-TC13-Verify-LearnMore-Clickable:24)
	at com.kms.katalon.core.main.ScriptEngine.run(ScriptEngine.java:194)
	at com.kms.katalon.core.main.ScriptEngine.runScriptAsRawText(ScriptEngine.java:119)
	at com.kms.katalon.core.main.TestCaseExecutor.runScript(TestCaseExecutor.java:448)
	at com.kms.katalon.core.main.TestCaseExecutor.doExecute(TestCaseExecutor.java:439)
	at com.kms.katalon.core.main.TestCaseExecutor.processExecutionPhase(TestCaseExecutor.java:418)
	at com.kms.katalon.core.main.TestCaseExecutor.accessMainPhase(TestCaseExecutor.java:410)
	at com.kms.katalon.core.main.TestCaseExecutor.execute(TestCaseExecutor.java:285)
	at com.kms.katalon.core.main.TestCaseExecutor.execute(TestCaseExecutor.java:369)
	at com.kms.katalon.core.main.TestCaseExecutor.execute(TestCaseExecutor.java:369)
	at com.kms.katalon.core.main.TestCaseExecutor.execute(TestCaseExecutor.java:369)
	at com.kms.katalon.core.common.CommonExecutor.accessTestCaseMainPhase(CommonExecutor.java:65)
	at com.kms.katalon.core.main.TestSuiteExecutor.accessTestSuiteMainPhase(TestSuiteExecutor.java:150)
	at com.kms.katalon.core.main.TestSuiteExecutor.execute(TestSuiteExecutor.java:106)
	at com.kms.katalon.core.main.TestCaseMain.startTestSuite(TestCaseMain.java:180)
	at TempTestSuite1716907349717.run(TempTestSuite1716907349717.groovy:35)
	at java.base/jdk.internal.reflect.NativeMethodAccessorImpl.invoke0(Native Method)
	at java.base/jdk.internal.reflect.NativeMethodAccessorImpl.invoke(NativeMethodAccessorImpl.java:77)
	at java.base/jdk.internal.reflect.DelegatingMethodAccessorImpl.invoke(DelegatingMethodAccessorImpl.java:43)
Caused by: org.openqa.selenium.ElementNotInteractableException: element not interactable
  (Session info: chrome=125.0.6422.112)
Build info: version: '3.141.59', revision: 'e82be7d358', time: '2018-11-14T08:25:53'
System info: host: 'DESKTOP-QSIPVT9', ip: '192.168.1.8', os.name: 'Windows 11', os.arch: 'amd64', os.version: '10.0', java.version: '17.0.7'
Driver info: com.kms.katalon.selenium.driver.CChromeDriver
Capabilities {acceptInsecureCerts: false, browserName: chrome, browserVersion: 125.0.6422.112, chrome: {chromedriverVersion: 125.0.6422.78 (14db42ec38ad..., userDataDir: C:\Users\ToanLa\AppData\Loc...}, fedcm:accounts: true, goog:chromeOptions: {debuggerAddress: localhost:50902}, javascriptEnabled: true, networkConnectionEnabled: false, pageLoadStrategy: normal, platform: WINDOWS, platformName: WINDOWS, proxy: Proxy(), setWindowRect: true, strictFileInteractability: false, timeouts: {implicit: 0, pageLoad: 300000, script: 30000}, unhandledPromptBehavior: dismiss and notify, webauthn:extension:credBlob: true, webauthn:extension:largeBlob: true, webauthn:extension:minPinLength: true, webauthn:extension:prf: true, webauthn:virtualAuthenticators: true}
Session ID: dfe7e1579e01e90c7bfc7e181dac9996
	at java.base/jdk.internal.reflect.NativeConstructorAccessorImpl.newInstance0(Native Method)
	at java.base/jdk.internal.reflect.NativeConstructorAccessorImpl.newInstance(NativeConstructorAccessorImpl.java:77)
	at java.base/jdk.internal.reflect.DelegatingConstructorAccessorImpl.newInstance(DelegatingConstructorAccessorImpl.java:45)
	at org.openqa.selenium.remote.http.W3CHttpResponseCodec.createException(W3CHttpResponseCodec.java:187)
	at org.openqa.selenium.remote.http.W3CHttpResponseCodec.decode(W3CHttpResponseCodec.java:122)
	at org.openqa.selenium.remote.http.W3CHttpResponseCodec.decode(W3CHttpResponseCodec.java:49)
	at org.openqa.selenium.remote.HttpCommandExecutor.execute(HttpCommandExecutor.java:158)
	at org.openqa.selenium.remote.service.DriverCommandExecutor.execute(DriverCommandExecutor.java:83)
	at org.openqa.selenium.remote.RemoteWebDriver.execute(RemoteWebDriver.java:552)
	at com.kms.katalon.selenium.driver.CChromeDriver.execute(CChromeDriver.java:19)
	at org.openqa.selenium.remote.RemoteWebElement.execute(RemoteWebElement.java:285)
	at org.openqa.selenium.remote.RemoteWebElement.click(RemoteWebElement.java:84)
	at java.base/jdk.internal.reflect.NativeMethodAccessorImpl.invoke0(Native Method)
	at java.base/jdk.internal.reflect.NativeMethodAccessorImpl.invoke(NativeMethodAccessorImpl.java:77)
	at java.base/jdk.internal.reflect.DelegatingMethodAccessorImpl.invoke(DelegatingMethodAccessorImpl.java:43)
	at org.openqa.selenium.support.events.EventFiringWebDriver$EventFiringWebElement.lambda$new$0(EventFiringWebDriver.java:404)
	at jdk.proxy2/jdk.proxy2.$Proxy26.click(Unknown Source)
	at org.openqa.selenium.support.events.EventFiringWebDriver$EventFiringWebElement.click(EventFiringWebDriver.java:417)
	at org.openqa.selenium.WebElement$click.call(Unknown Source)
	at com.kms.katalon.core.webui.keyword.builtin.ClickKeyword.clickUntilSuccessWithTimeout(ClickKeyword.groovy:81)
	at com.kms.katalon.core.webui.keyword.builtin.ClickKeyword.clickUntilSuccessWithTimeout(ClickKeyword.groovy)
	at java.base/jdk.internal.reflect.NativeMethodAccessorImpl.invoke0(Native Method)
	at java.base/jdk.internal.reflect.NativeMethodAccessorImpl.invoke(NativeMethodAccessorImpl.java:77)
	at java.base/jdk.internal.reflect.DelegatingMethodAccessorImpl.invoke(DelegatingMethodAccessorImpl.java:43)
	at com.kms.katalon.core.webui.keyword.builtin.ClickKeyword$_click_closure1.doCall(ClickKeyword.groovy:67)
	at com.kms.katalon.core.webui.keyword.builtin.ClickKeyword$_click_closure1.call(ClickKeyword.groovy)
	at com.kms.katalon.core.webui.keyword.internal.WebUIKeywordMain.runKeyword(WebUIKeywordMain.groovy:20)
	... 23 more]]></system-err>
      </testcase>
      <testcase name="Test Cases/FPT-TC11-Verify-Event-Clickable" time="49.433" classname="Test Cases/FPT-TC11-Verify-Event-Clickable" status="FAILED">
         <failure type="FAILED" message="Test Cases/FPT-TC11-Verify-Event-Clickable FAILED.&#xa;Reason:&#xa;com.kms.katalon.core.exception.StepFailedException: Unable to click on object 'Object Repository/FPT/Page_FPT Software  Leading in Digital trans_9e9e5c/a_Events'&#xa;	at com.kms.katalon.core.webui.keyword.internal.WebUIKeywordMain.stepFailed(WebUIKeywordMain.groovy:64)&#xa;	at com.kms.katalon.core.webui.keyword.internal.WebUIKeywordMain.runKeyword(WebUIKeywordMain.groovy:26)&#xa;	at com.kms.katalon.core.webui.keyword.builtin.ClickKeyword.click(ClickKeyword.groovy:74)&#xa;	at com.kms.katalon.core.webui.keyword.builtin.ClickKeyword.execute(ClickKeyword.groovy:40)&#xa;	at com.kms.katalon.core.keyword.internal.KeywordExecutor.executeKeywordForPlatform(KeywordExecutor.groovy:74)&#xa;	at com.kms.katalon.core.webui.keyword.WebUiBuiltInKeywords.click(WebUiBuiltInKeywords.groovy:659)&#xa;	at FPT-TC11-Verify-Event-Clickable.run(FPT-TC11-Verify-Event-Clickable:24)&#xa;	at com.kms.katalon.core.main.ScriptEngine.run(ScriptEngine.java:194)&#xa;	at com.kms.katalon.core.main.ScriptEngine.runScriptAsRawText(ScriptEngine.java:119)&#xa;	at com.kms.katalon.core.main.TestCaseExecutor.runScript(TestCaseExecutor.java:448)&#xa;	at com.kms.katalon.core.main.TestCaseExecutor.doExecute(TestCaseExecutor.java:439)&#xa;	at com.kms.katalon.core.main.TestCaseExecutor.processExecutionPhase(TestCaseExecutor.java:418)&#xa;	at com.kms.katalon.core.main.TestCaseExecutor.accessMainPhase(TestCaseExecutor.java:410)&#xa;	at com.kms.katalon.core.main.TestCaseExecutor.execute(TestCaseExecutor.java:285)&#xa;	at com.kms.katalon.core.main.TestCaseExecutor.execute(TestCaseExecutor.java:369)&#xa;	at com.kms.katalon.core.main.TestCaseExecutor.execute(TestCaseExecutor.java:369)&#xa;	at com.kms.katalon.core.main.TestCaseExecutor.execute(TestCaseExecutor.java:369)&#xa;	at com.kms.katalon.core.common.CommonExecutor.accessTestCaseMainPhase(CommonExecutor.java:65)&#xa;	at com.kms.katalon.core.main.TestSuiteExecutor.accessTestSuiteMainPhase(TestSuiteExecutor.java:150)&#xa;	at com.kms.katalon.core.main.TestSuiteExecutor.execute(TestSuiteExecutor.java:106)&#xa;	at com.kms.katalon.core.main.TestCaseMain.startTestSuite(TestCaseMain.java:180)&#xa;	at TempTestSuite1716907349717.run(TempTestSuite1716907349717.groovy:35)&#xa;	at java.base/jdk.internal.reflect.NativeMethodAccessorImpl.invoke0(Native Method)&#xa;	at java.base/jdk.internal.reflect.NativeMethodAccessorImpl.invoke(NativeMethodAccessorImpl.java:77)&#xa;	at java.base/jdk.internal.reflect.DelegatingMethodAccessorImpl.invoke(DelegatingMethodAccessorImpl.java:43)&#xa;Caused by: org.openqa.selenium.ElementNotInteractableException: element not interactable&#xa;  (Session info: chrome=125.0.6422.112)&#xa;Build info: version: '3.141.59', revision: 'e82be7d358', time: '2018-11-14T08:25:53'&#xa;System info: host: 'DESKTOP-QSIPVT9', ip: '192.168.1.8', os.name: 'Windows 11', os.arch: 'amd64', os.version: '10.0', java.version: '17.0.7'&#xa;Driver info: com.kms.katalon.selenium.driver.CChromeDriver&#xa;Capabilities {acceptInsecureCerts: false, browserName: chrome, browserVersion: 125.0.6422.112, chrome: {chromedriverVersion: 125.0.6422.78 (14db42ec38ad..., userDataDir: C:\Users\ToanLa\AppData\Loc...}, fedcm:accounts: true, goog:chromeOptions: {debuggerAddress: localhost:52301}, javascriptEnabled: true, networkConnectionEnabled: false, pageLoadStrategy: normal, platform: WINDOWS, platformName: WINDOWS, proxy: Proxy(), setWindowRect: true, strictFileInteractability: false, timeouts: {implicit: 0, pageLoad: 300000, script: 30000}, unhandledPromptBehavior: dismiss and notify, webauthn:extension:credBlob: true, webauthn:extension:largeBlob: true, webauthn:extension:minPinLength: true, webauthn:extension:prf: true, webauthn:virtualAuthenticators: true}&#xa;Session ID: ea823ffbe34d55900ca364a4ddd26ddf&#xa;	at java.base/jdk.internal.reflect.NativeConstructorAccessorImpl.newInstance0(Native Method)&#xa;	at java.base/jdk.internal.reflect.NativeConstructorAccessorImpl.newInstance(NativeConstructorAccessorImpl.java:77)&#xa;	at java.base/jdk.internal.reflect.DelegatingConstructorAccessorImpl.newInstance(DelegatingConstructorAccessorImpl.java:45)&#xa;	at org.openqa.selenium.remote.http.W3CHttpResponseCodec.createException(W3CHttpResponseCodec.java:187)&#xa;	at org.openqa.selenium.remote.http.W3CHttpResponseCodec.decode(W3CHttpResponseCodec.java:122)&#xa;	at org.openqa.selenium.remote.http.W3CHttpResponseCodec.decode(W3CHttpResponseCodec.java:49)&#xa;	at org.openqa.selenium.remote.HttpCommandExecutor.execute(HttpCommandExecutor.java:158)&#xa;	at org.openqa.selenium.remote.service.DriverCommandExecutor.execute(DriverCommandExecutor.java:83)&#xa;	at org.openqa.selenium.remote.RemoteWebDriver.execute(RemoteWebDriver.java:552)&#xa;	at com.kms.katalon.selenium.driver.CChromeDriver.execute(CChromeDriver.java:19)&#xa;	at org.openqa.selenium.remote.RemoteWebElement.execute(RemoteWebElement.java:285)&#xa;	at org.openqa.selenium.remote.RemoteWebElement.click(RemoteWebElement.java:84)&#xa;	at jdk.internal.reflect.GeneratedMethodAccessor28.invoke(Unknown Source)&#xa;	at java.base/jdk.internal.reflect.DelegatingMethodAccessorImpl.invoke(DelegatingMethodAccessorImpl.java:43)&#xa;	at org.openqa.selenium.support.events.EventFiringWebDriver$EventFiringWebElement.lambda$new$0(EventFiringWebDriver.java:404)&#xa;	at jdk.proxy2/jdk.proxy2.$Proxy26.click(Unknown Source)&#xa;	at org.openqa.selenium.support.events.EventFiringWebDriver$EventFiringWebElement.click(EventFiringWebDriver.java:417)&#xa;	at org.openqa.selenium.WebElement$click.call(Unknown Source)&#xa;	at com.kms.katalon.core.webui.keyword.builtin.ClickKeyword.clickUntilSuccessWithTimeout(ClickKeyword.groovy:81)&#xa;	at com.kms.katalon.core.webui.keyword.builtin.ClickKeyword.clickUntilSuccessWithTimeout(ClickKeyword.groovy)&#xa;	at jdk.internal.reflect.GeneratedMethodAccessor26.invoke(Unknown Source)&#xa;	at java.base/jdk.internal.reflect.DelegatingMethodAccessorImpl.invoke(DelegatingMethodAccessorImpl.java:43)&#xa;	at com.kms.katalon.core.webui.keyword.builtin.ClickKeyword$_click_closure1.doCall(ClickKeyword.groovy:67)&#xa;	at com.kms.katalon.core.webui.keyword.builtin.ClickKeyword$_click_closure1.call(ClickKeyword.groovy)&#xa;	at com.kms.katalon.core.webui.keyword.internal.WebUIKeywordMain.runKeyword(WebUIKeywordMain.groovy:20)&#xa;	... 23 more&#xa;"/>
         <system-out><![CDATA[28-05-2024T22:15:01 - [TEST_CASE][FAILED] - Test Cases/FPT-TC11-Verify-Event-Clickable: Test Cases/FPT-TC11-Verify-Event-Clickable FAILED.
Reason:
com.kms.katalon.core.exception.StepFailedException: Unable to click on object 'Object Repository/FPT/Page_FPT Software  Leading in Digital trans_9e9e5c/a_Events'
	at com.kms.katalon.core.webui.keyword.internal.WebUIKeywordMain.stepFailed(WebUIKeywordMain.groovy:64)
	at com.kms.katalon.core.webui.keyword.internal.WebUIKeywordMain.runKeyword(WebUIKeywordMain.groovy:26)
	at com.kms.katalon.core.webui.keyword.builtin.ClickKeyword.click(ClickKeyword.groovy:74)
	at com.kms.katalon.core.webui.keyword.builtin.ClickKeyword.execute(ClickKeyword.groovy:40)
	at com.kms.katalon.core.keyword.internal.KeywordExecutor.executeKeywordForPlatform(KeywordExecutor.groovy:74)
	at com.kms.katalon.core.webui.keyword.WebUiBuiltInKeywords.click(WebUiBuiltInKeywords.groovy:659)
	at FPT-TC11-Verify-Event-Clickable.run(FPT-TC11-Verify-Event-Clickable:24)
	at com.kms.katalon.core.main.ScriptEngine.run(ScriptEngine.java:194)
	at com.kms.katalon.core.main.ScriptEngine.runScriptAsRawText(ScriptEngine.java:119)
	at com.kms.katalon.core.main.TestCaseExecutor.runScript(TestCaseExecutor.java:448)
	at com.kms.katalon.core.main.TestCaseExecutor.doExecute(TestCaseExecutor.java:439)
	at com.kms.katalon.core.main.TestCaseExecutor.processExecutionPhase(TestCaseExecutor.java:418)
	at com.kms.katalon.core.main.TestCaseExecutor.accessMainPhase(TestCaseExecutor.java:410)
	at com.kms.katalon.core.main.TestCaseExecutor.execute(TestCaseExecutor.java:285)
	at com.kms.katalon.core.main.TestCaseExecutor.execute(TestCaseExecutor.java:369)
	at com.kms.katalon.core.main.TestCaseExecutor.execute(TestCaseExecutor.java:369)
	at com.kms.katalon.core.main.TestCaseExecutor.execute(TestCaseExecutor.java:369)
	at com.kms.katalon.core.common.CommonExecutor.accessTestCaseMainPhase(CommonExecutor.java:65)
	at com.kms.katalon.core.main.TestSuiteExecutor.accessTestSuiteMainPhase(TestSuiteExecutor.java:150)
	at com.kms.katalon.core.main.TestSuiteExecutor.execute(TestSuiteExecutor.java:106)
	at com.kms.katalon.core.main.TestCaseMain.startTestSuite(TestCaseMain.java:180)
	at TempTestSuite1716907349717.run(TempTestSuite1716907349717.groovy:35)
	at java.base/jdk.internal.reflect.NativeMethodAccessorImpl.invoke0(Native Method)
	at java.base/jdk.internal.reflect.NativeMethodAccessorImpl.invoke(NativeMethodAccessorImpl.java:77)
	at java.base/jdk.internal.reflect.DelegatingMethodAccessorImpl.invoke(DelegatingMethodAccessorImpl.java:43)
Caused by: org.openqa.selenium.ElementNotInteractableException: element not interactable
  (Session info: chrome=125.0.6422.112)
Build info: version: '3.141.59', revision: 'e82be7d358', time: '2018-11-14T08:25:53'
System info: host: 'DESKTOP-QSIPVT9', ip: '192.168.1.8', os.name: 'Windows 11', os.arch: 'amd64', os.version: '10.0', java.version: '17.0.7'
Driver info: com.kms.katalon.selenium.driver.CChromeDriver
Capabilities {acceptInsecureCerts: false, browserName: chrome, browserVersion: 125.0.6422.112, chrome: {chromedriverVersion: 125.0.6422.78 (14db42ec38ad..., userDataDir: C:\Users\ToanLa\AppData\Loc...}, fedcm:accounts: true, goog:chromeOptions: {debuggerAddress: localhost:52301}, javascriptEnabled: true, networkConnectionEnabled: false, pageLoadStrategy: normal, platform: WINDOWS, platformName: WINDOWS, proxy: Proxy(), setWindowRect: true, strictFileInteractability: false, timeouts: {implicit: 0, pageLoad: 300000, script: 30000}, unhandledPromptBehavior: dismiss and notify, webauthn:extension:credBlob: true, webauthn:extension:largeBlob: true, webauthn:extension:minPinLength: true, webauthn:extension:prf: true, webauthn:virtualAuthenticators: true}
Session ID: ea823ffbe34d55900ca364a4ddd26ddf
	at java.base/jdk.internal.reflect.NativeConstructorAccessorImpl.newInstance0(Native Method)
	at java.base/jdk.internal.reflect.NativeConstructorAccessorImpl.newInstance(NativeConstructorAccessorImpl.java:77)
	at java.base/jdk.internal.reflect.DelegatingConstructorAccessorImpl.newInstance(DelegatingConstructorAccessorImpl.java:45)
	at org.openqa.selenium.remote.http.W3CHttpResponseCodec.createException(W3CHttpResponseCodec.java:187)
	at org.openqa.selenium.remote.http.W3CHttpResponseCodec.decode(W3CHttpResponseCodec.java:122)
	at org.openqa.selenium.remote.http.W3CHttpResponseCodec.decode(W3CHttpResponseCodec.java:49)
	at org.openqa.selenium.remote.HttpCommandExecutor.execute(HttpCommandExecutor.java:158)
	at org.openqa.selenium.remote.service.DriverCommandExecutor.execute(DriverCommandExecutor.java:83)
	at org.openqa.selenium.remote.RemoteWebDriver.execute(RemoteWebDriver.java:552)
	at com.kms.katalon.selenium.driver.CChromeDriver.execute(CChromeDriver.java:19)
	at org.openqa.selenium.remote.RemoteWebElement.execute(RemoteWebElement.java:285)
	at org.openqa.selenium.remote.RemoteWebElement.click(RemoteWebElement.java:84)
	at jdk.internal.reflect.GeneratedMethodAccessor28.invoke(Unknown Source)
	at java.base/jdk.internal.reflect.DelegatingMethodAccessorImpl.invoke(DelegatingMethodAccessorImpl.java:43)
	at org.openqa.selenium.support.events.EventFiringWebDriver$EventFiringWebElement.lambda$new$0(EventFiringWebDriver.java:404)
	at jdk.proxy2/jdk.proxy2.$Proxy26.click(Unknown Source)
	at org.openqa.selenium.support.events.EventFiringWebDriver$EventFiringWebElement.click(EventFiringWebDriver.java:417)
	at org.openqa.selenium.WebElement$click.call(Unknown Source)
	at com.kms.katalon.core.webui.keyword.builtin.ClickKeyword.clickUntilSuccessWithTimeout(ClickKeyword.groovy:81)
	at com.kms.katalon.core.webui.keyword.builtin.ClickKeyword.clickUntilSuccessWithTimeout(ClickKeyword.groovy)
	at jdk.internal.reflect.GeneratedMethodAccessor26.invoke(Unknown Source)
	at java.base/jdk.internal.reflect.DelegatingMethodAccessorImpl.invoke(DelegatingMethodAccessorImpl.java:43)
	at com.kms.katalon.core.webui.keyword.builtin.ClickKeyword$_click_closure1.doCall(ClickKeyword.groovy:67)
	at com.kms.katalon.core.webui.keyword.builtin.ClickKeyword$_click_closure1.call(ClickKeyword.groovy)
	at com.kms.katalon.core.webui.keyword.internal.WebUIKeywordMain.runKeyword(WebUIKeywordMain.groovy:20)
	... 23 more


28-05-2024T22:15:01 - [TEST_STEP][PASSED] - openBrowser(""): Browser is opened with url: ''

28-05-2024T22:15:01 - [MESSAGE][WARNING] - A browser is already opened. Closing browser and opening a new one

28-05-2024T22:15:02 - [MESSAGE][INFO] - Starting 'Chrome' driver

28-05-2024T22:15:02 - [MESSAGE][INFO] - Action delay is set to 0 milliseconds

28-05-2024T22:15:02 - [MESSAGE][PASSED] - Browser is opened with url: ''

28-05-2024T22:15:02 - [TEST_STEP][PASSED] - navigateToUrl("https://fptsoftware.com/"): Navigate to 'https://fptsoftware.com/' successfully

28-05-2024T22:15:19 - [MESSAGE][PASSED] - Navigate to 'https://fptsoftware.com/' successfully

28-05-2024T22:15:19 - [TEST_STEP][FAILED] - click(findTestObject("Object Repository/FPT/Page_FPT Software  Leading in Digital trans_9e9e5c/a_Events")): Unable to click on object 'Object Repository/FPT/Page_FPT Software  Leading in Digital trans_9e9e5c/a_Events' (Root cause: com.kms.katalon.core.exception.StepFailedException: Unable to click on object 'Object Repository/FPT/Page_FPT Software  Leading in Digital trans_9e9e5c/a_Events'
	at com.kms.katalon.core.webui.keyword.internal.WebUIKeywordMain.stepFailed(WebUIKeywordMain.groovy:64)
	at com.kms.katalon.core.webui.keyword.internal.WebUIKeywordMain.runKeyword(WebUIKeywordMain.groovy:26)
	at com.kms.katalon.core.webui.keyword.builtin.ClickKeyword.click(ClickKeyword.groovy:74)
	at com.kms.katalon.core.webui.keyword.builtin.ClickKeyword.execute(ClickKeyword.groovy:40)
	at com.kms.katalon.core.keyword.internal.KeywordExecutor.executeKeywordForPlatform(KeywordExecutor.groovy:74)
	at com.kms.katalon.core.webui.keyword.WebUiBuiltInKeywords.click(WebUiBuiltInKeywords.groovy:659)
	at FPT-TC11-Verify-Event-Clickable.run(FPT-TC11-Verify-Event-Clickable:24)
	at com.kms.katalon.core.main.ScriptEngine.run(ScriptEngine.java:194)
	at com.kms.katalon.core.main.ScriptEngine.runScriptAsRawText(ScriptEngine.java:119)
	at com.kms.katalon.core.main.TestCaseExecutor.runScript(TestCaseExecutor.java:448)
	at com.kms.katalon.core.main.TestCaseExecutor.doExecute(TestCaseExecutor.java:439)
	at com.kms.katalon.core.main.TestCaseExecutor.processExecutionPhase(TestCaseExecutor.java:418)
	at com.kms.katalon.core.main.TestCaseExecutor.accessMainPhase(TestCaseExecutor.java:410)
	at com.kms.katalon.core.main.TestCaseExecutor.execute(TestCaseExecutor.java:285)
	at com.kms.katalon.core.main.TestCaseExecutor.execute(TestCaseExecutor.java:369)
	at com.kms.katalon.core.main.TestCaseExecutor.execute(TestCaseExecutor.java:369)
	at com.kms.katalon.core.main.TestCaseExecutor.execute(TestCaseExecutor.java:369)
	at com.kms.katalon.core.common.CommonExecutor.accessTestCaseMainPhase(CommonExecutor.java:65)
	at com.kms.katalon.core.main.TestSuiteExecutor.accessTestSuiteMainPhase(TestSuiteExecutor.java:150)
	at com.kms.katalon.core.main.TestSuiteExecutor.execute(TestSuiteExecutor.java:106)
	at com.kms.katalon.core.main.TestCaseMain.startTestSuite(TestCaseMain.java:180)
	at TempTestSuite1716907349717.run(TempTestSuite1716907349717.groovy:35)
	at java.base/jdk.internal.reflect.NativeMethodAccessorImpl.invoke0(Native Method)
	at java.base/jdk.internal.reflect.NativeMethodAccessorImpl.invoke(NativeMethodAccessorImpl.java:77)
	at java.base/jdk.internal.reflect.DelegatingMethodAccessorImpl.invoke(DelegatingMethodAccessorImpl.java:43)
Caused by: org.openqa.selenium.ElementNotInteractableException: element not interactable
  (Session info: chrome=125.0.6422.112)
Build info: version: '3.141.59', revision: 'e82be7d358', time: '2018-11-14T08:25:53'
System info: host: 'DESKTOP-QSIPVT9', ip: '192.168.1.8', os.name: 'Windows 11', os.arch: 'amd64', os.version: '10.0', java.version: '17.0.7'
Driver info: com.kms.katalon.selenium.driver.CChromeDriver
Capabilities {acceptInsecureCerts: false, browserName: chrome, browserVersion: 125.0.6422.112, chrome: {chromedriverVersion: 125.0.6422.78 (14db42ec38ad..., userDataDir: C:\Users\ToanLa\AppData\Loc...}, fedcm:accounts: true, goog:chromeOptions: {debuggerAddress: localhost:52301}, javascriptEnabled: true, networkConnectionEnabled: false, pageLoadStrategy: normal, platform: WINDOWS, platformName: WINDOWS, proxy: Proxy(), setWindowRect: true, strictFileInteractability: false, timeouts: {implicit: 0, pageLoad: 300000, script: 30000}, unhandledPromptBehavior: dismiss and notify, webauthn:extension:credBlob: true, webauthn:extension:largeBlob: true, webauthn:extension:minPinLength: true, webauthn:extension:prf: true, webauthn:virtualAuthenticators: true}
Session ID: ea823ffbe34d55900ca364a4ddd26ddf
	at java.base/jdk.internal.reflect.NativeConstructorAccessorImpl.newInstance0(Native Method)
	at java.base/jdk.internal.reflect.NativeConstructorAccessorImpl.newInstance(NativeConstructorAccessorImpl.java:77)
	at java.base/jdk.internal.reflect.DelegatingConstructorAccessorImpl.newInstance(DelegatingConstructorAccessorImpl.java:45)
	at org.openqa.selenium.remote.http.W3CHttpResponseCodec.createException(W3CHttpResponseCodec.java:187)
	at org.openqa.selenium.remote.http.W3CHttpResponseCodec.decode(W3CHttpResponseCodec.java:122)
	at org.openqa.selenium.remote.http.W3CHttpResponseCodec.decode(W3CHttpResponseCodec.java:49)
	at org.openqa.selenium.remote.HttpCommandExecutor.execute(HttpCommandExecutor.java:158)
	at org.openqa.selenium.remote.service.DriverCommandExecutor.execute(DriverCommandExecutor.java:83)
	at org.openqa.selenium.remote.RemoteWebDriver.execute(RemoteWebDriver.java:552)
	at com.kms.katalon.selenium.driver.CChromeDriver.execute(CChromeDriver.java:19)
	at org.openqa.selenium.remote.RemoteWebElement.execute(RemoteWebElement.java:285)
	at org.openqa.selenium.remote.RemoteWebElement.click(RemoteWebElement.java:84)
	at jdk.internal.reflect.GeneratedMethodAccessor28.invoke(Unknown Source)
	at java.base/jdk.internal.reflect.DelegatingMethodAccessorImpl.invoke(DelegatingMethodAccessorImpl.java:43)
	at org.openqa.selenium.support.events.EventFiringWebDriver$EventFiringWebElement.lambda$new$0(EventFiringWebDriver.java:404)
	at jdk.proxy2/jdk.proxy2.$Proxy26.click(Unknown Source)
	at org.openqa.selenium.support.events.EventFiringWebDriver$EventFiringWebElement.click(EventFiringWebDriver.java:417)
	at org.openqa.selenium.WebElement$click.call(Unknown Source)
	at com.kms.katalon.core.webui.keyword.builtin.ClickKeyword.clickUntilSuccessWithTimeout(ClickKeyword.groovy:81)
	at com.kms.katalon.core.webui.keyword.builtin.ClickKeyword.clickUntilSuccessWithTimeout(ClickKeyword.groovy)
	at jdk.internal.reflect.GeneratedMethodAccessor26.invoke(Unknown Source)
	at java.base/jdk.internal.reflect.DelegatingMethodAccessorImpl.invoke(DelegatingMethodAccessorImpl.java:43)
	at com.kms.katalon.core.webui.keyword.builtin.ClickKeyword$_click_closure1.doCall(ClickKeyword.groovy:67)
	at com.kms.katalon.core.webui.keyword.builtin.ClickKeyword$_click_closure1.call(ClickKeyword.groovy)
	at com.kms.katalon.core.webui.keyword.internal.WebUIKeywordMain.runKeyword(WebUIKeywordMain.groovy:20)
	at com.kms.katalon.core.webui.keyword.builtin.ClickKeyword.click(ClickKeyword.groovy:74)
	at com.kms.katalon.core.webui.keyword.builtin.ClickKeyword.execute(ClickKeyword.groovy:40)
	at com.kms.katalon.core.keyword.internal.KeywordExecutor.executeKeywordForPlatform(KeywordExecutor.groovy:74)
	at com.kms.katalon.core.webui.keyword.WebUiBuiltInKeywords.click(WebUiBuiltInKeywords.groovy:659)
	at Script1716256600673.run(Script1716256600673.groovy:24)
	... 18 more
)

28-05-2024T22:15:50 - [MESSAGE][INFO] - Unable to find the element located by 'By.xpath: //div[@id='header']/div/div/div/div/div/div/ul/li[4]/div/a'. Please recheck the objects properties to make sure the desired element is located. 

28-05-2024T22:15:50 - [MESSAGE][WARNING] - [SELF-HEALING] Failed to find element with id 'Object Repository/FPT/Page_FPT Software  Leading in Digital trans_9e9e5c/a_Events'. Try using Self-healing.

28-05-2024T22:15:50 - [MESSAGE][WARNING] - [SELF-HEALING] The current locator of test object 'Object Repository/FPT/Page_FPT Software  Leading in Digital trans_9e9e5c/a_Events' was broken. Propose an alternative one: '//a[contains(text(),'Events')]'.

28-05-2024T22:15:51 - [MESSAGE][FAILED] - Unable to click on object 'Object Repository/FPT/Page_FPT Software  Leading in Digital trans_9e9e5c/a_Events' (Root cause: com.kms.katalon.core.exception.StepFailedException: Unable to click on object 'Object Repository/FPT/Page_FPT Software  Leading in Digital trans_9e9e5c/a_Events'
	at com.kms.katalon.core.webui.keyword.internal.WebUIKeywordMain.stepFailed(WebUIKeywordMain.groovy:64)
	at com.kms.katalon.core.webui.keyword.internal.WebUIKeywordMain.runKeyword(WebUIKeywordMain.groovy:26)
	at com.kms.katalon.core.webui.keyword.builtin.ClickKeyword.click(ClickKeyword.groovy:74)
	at com.kms.katalon.core.webui.keyword.builtin.ClickKeyword.execute(ClickKeyword.groovy:40)
	at com.kms.katalon.core.keyword.internal.KeywordExecutor.executeKeywordForPlatform(KeywordExecutor.groovy:74)
	at com.kms.katalon.core.webui.keyword.WebUiBuiltInKeywords.click(WebUiBuiltInKeywords.groovy:659)
	at FPT-TC11-Verify-Event-Clickable.run(FPT-TC11-Verify-Event-Clickable:24)
	at com.kms.katalon.core.main.ScriptEngine.run(ScriptEngine.java:194)
	at com.kms.katalon.core.main.ScriptEngine.runScriptAsRawText(ScriptEngine.java:119)
	at com.kms.katalon.core.main.TestCaseExecutor.runScript(TestCaseExecutor.java:448)
	at com.kms.katalon.core.main.TestCaseExecutor.doExecute(TestCaseExecutor.java:439)
	at com.kms.katalon.core.main.TestCaseExecutor.processExecutionPhase(TestCaseExecutor.java:418)
	at com.kms.katalon.core.main.TestCaseExecutor.accessMainPhase(TestCaseExecutor.java:410)
	at com.kms.katalon.core.main.TestCaseExecutor.execute(TestCaseExecutor.java:285)
	at com.kms.katalon.core.main.TestCaseExecutor.execute(TestCaseExecutor.java:369)
	at com.kms.katalon.core.main.TestCaseExecutor.execute(TestCaseExecutor.java:369)
	at com.kms.katalon.core.main.TestCaseExecutor.execute(TestCaseExecutor.java:369)
	at com.kms.katalon.core.common.CommonExecutor.accessTestCaseMainPhase(CommonExecutor.java:65)
	at com.kms.katalon.core.main.TestSuiteExecutor.accessTestSuiteMainPhase(TestSuiteExecutor.java:150)
	at com.kms.katalon.core.main.TestSuiteExecutor.execute(TestSuiteExecutor.java:106)
	at com.kms.katalon.core.main.TestCaseMain.startTestSuite(TestCaseMain.java:180)
	at TempTestSuite1716907349717.run(TempTestSuite1716907349717.groovy:35)
	at java.base/jdk.internal.reflect.NativeMethodAccessorImpl.invoke0(Native Method)
	at java.base/jdk.internal.reflect.NativeMethodAccessorImpl.invoke(NativeMethodAccessorImpl.java:77)
	at java.base/jdk.internal.reflect.DelegatingMethodAccessorImpl.invoke(DelegatingMethodAccessorImpl.java:43)
Caused by: org.openqa.selenium.ElementNotInteractableException: element not interactable
  (Session info: chrome=125.0.6422.112)
Build info: version: '3.141.59', revision: 'e82be7d358', time: '2018-11-14T08:25:53'
System info: host: 'DESKTOP-QSIPVT9', ip: '192.168.1.8', os.name: 'Windows 11', os.arch: 'amd64', os.version: '10.0', java.version: '17.0.7'
Driver info: com.kms.katalon.selenium.driver.CChromeDriver
Capabilities {acceptInsecureCerts: false, browserName: chrome, browserVersion: 125.0.6422.112, chrome: {chromedriverVersion: 125.0.6422.78 (14db42ec38ad..., userDataDir: C:\Users\ToanLa\AppData\Loc...}, fedcm:accounts: true, goog:chromeOptions: {debuggerAddress: localhost:52301}, javascriptEnabled: true, networkConnectionEnabled: false, pageLoadStrategy: normal, platform: WINDOWS, platformName: WINDOWS, proxy: Proxy(), setWindowRect: true, strictFileInteractability: false, timeouts: {implicit: 0, pageLoad: 300000, script: 30000}, unhandledPromptBehavior: dismiss and notify, webauthn:extension:credBlob: true, webauthn:extension:largeBlob: true, webauthn:extension:minPinLength: true, webauthn:extension:prf: true, webauthn:virtualAuthenticators: true}
Session ID: ea823ffbe34d55900ca364a4ddd26ddf
	at java.base/jdk.internal.reflect.NativeConstructorAccessorImpl.newInstance0(Native Method)
	at java.base/jdk.internal.reflect.NativeConstructorAccessorImpl.newInstance(NativeConstructorAccessorImpl.java:77)
	at java.base/jdk.internal.reflect.DelegatingConstructorAccessorImpl.newInstance(DelegatingConstructorAccessorImpl.java:45)
	at org.openqa.selenium.remote.http.W3CHttpResponseCodec.createException(W3CHttpResponseCodec.java:187)
	at org.openqa.selenium.remote.http.W3CHttpResponseCodec.decode(W3CHttpResponseCodec.java:122)
	at org.openqa.selenium.remote.http.W3CHttpResponseCodec.decode(W3CHttpResponseCodec.java:49)
	at org.openqa.selenium.remote.HttpCommandExecutor.execute(HttpCommandExecutor.java:158)
	at org.openqa.selenium.remote.service.DriverCommandExecutor.execute(DriverCommandExecutor.java:83)
	at org.openqa.selenium.remote.RemoteWebDriver.execute(RemoteWebDriver.java:552)
	at com.kms.katalon.selenium.driver.CChromeDriver.execute(CChromeDriver.java:19)
	at org.openqa.selenium.remote.RemoteWebElement.execute(RemoteWebElement.java:285)
	at org.openqa.selenium.remote.RemoteWebElement.click(RemoteWebElement.java:84)
	at jdk.internal.reflect.GeneratedMethodAccessor28.invoke(Unknown Source)
	at java.base/jdk.internal.reflect.DelegatingMethodAccessorImpl.invoke(DelegatingMethodAccessorImpl.java:43)
	at org.openqa.selenium.support.events.EventFiringWebDriver$EventFiringWebElement.lambda$new$0(EventFiringWebDriver.java:404)
	at jdk.proxy2/jdk.proxy2.$Proxy26.click(Unknown Source)
	at org.openqa.selenium.support.events.EventFiringWebDriver$EventFiringWebElement.click(EventFiringWebDriver.java:417)
	at org.openqa.selenium.WebElement$click.call(Unknown Source)
	at com.kms.katalon.core.webui.keyword.builtin.ClickKeyword.clickUntilSuccessWithTimeout(ClickKeyword.groovy:81)
	at com.kms.katalon.core.webui.keyword.builtin.ClickKeyword.clickUntilSuccessWithTimeout(ClickKeyword.groovy)
	at jdk.internal.reflect.GeneratedMethodAccessor26.invoke(Unknown Source)
	at java.base/jdk.internal.reflect.DelegatingMethodAccessorImpl.invoke(DelegatingMethodAccessorImpl.java:43)
	at com.kms.katalon.core.webui.keyword.builtin.ClickKeyword$_click_closure1.doCall(ClickKeyword.groovy:67)
	at com.kms.katalon.core.webui.keyword.builtin.ClickKeyword$_click_closure1.call(ClickKeyword.groovy)
	at com.kms.katalon.core.webui.keyword.internal.WebUIKeywordMain.runKeyword(WebUIKeywordMain.groovy:20)
	at com.kms.katalon.core.webui.keyword.builtin.ClickKeyword.click(ClickKeyword.groovy:74)
	at com.kms.katalon.core.webui.keyword.builtin.ClickKeyword.execute(ClickKeyword.groovy:40)
	at com.kms.katalon.core.keyword.internal.KeywordExecutor.executeKeywordForPlatform(KeywordExecutor.groovy:74)
	at com.kms.katalon.core.webui.keyword.WebUiBuiltInKeywords.click(WebUiBuiltInKeywords.groovy:659)
	at Script1716256600673.run(Script1716256600673.groovy:24)
	... 18 more
)
[[ATTACHMENT|C:\\Users\\ToanLa\\git\\katalon\\Reports\\20240528_214204\\FPT\\fpt-suites\\20240528_214229\\1716909350904.png]]]]></system-out>
         <system-err><![CDATA[28-05-2024T22:15:01 - [TEST_CASE][FAILED] - Test Cases/FPT-TC11-Verify-Event-Clickable: Test Cases/FPT-TC11-Verify-Event-Clickable FAILED.
Reason:
com.kms.katalon.core.exception.StepFailedException: Unable to click on object 'Object Repository/FPT/Page_FPT Software  Leading in Digital trans_9e9e5c/a_Events'
	at com.kms.katalon.core.webui.keyword.internal.WebUIKeywordMain.stepFailed(WebUIKeywordMain.groovy:64)
	at com.kms.katalon.core.webui.keyword.internal.WebUIKeywordMain.runKeyword(WebUIKeywordMain.groovy:26)
	at com.kms.katalon.core.webui.keyword.builtin.ClickKeyword.click(ClickKeyword.groovy:74)
	at com.kms.katalon.core.webui.keyword.builtin.ClickKeyword.execute(ClickKeyword.groovy:40)
	at com.kms.katalon.core.keyword.internal.KeywordExecutor.executeKeywordForPlatform(KeywordExecutor.groovy:74)
	at com.kms.katalon.core.webui.keyword.WebUiBuiltInKeywords.click(WebUiBuiltInKeywords.groovy:659)
	at FPT-TC11-Verify-Event-Clickable.run(FPT-TC11-Verify-Event-Clickable:24)
	at com.kms.katalon.core.main.ScriptEngine.run(ScriptEngine.java:194)
	at com.kms.katalon.core.main.ScriptEngine.runScriptAsRawText(ScriptEngine.java:119)
	at com.kms.katalon.core.main.TestCaseExecutor.runScript(TestCaseExecutor.java:448)
	at com.kms.katalon.core.main.TestCaseExecutor.doExecute(TestCaseExecutor.java:439)
	at com.kms.katalon.core.main.TestCaseExecutor.processExecutionPhase(TestCaseExecutor.java:418)
	at com.kms.katalon.core.main.TestCaseExecutor.accessMainPhase(TestCaseExecutor.java:410)
	at com.kms.katalon.core.main.TestCaseExecutor.execute(TestCaseExecutor.java:285)
	at com.kms.katalon.core.main.TestCaseExecutor.execute(TestCaseExecutor.java:369)
	at com.kms.katalon.core.main.TestCaseExecutor.execute(TestCaseExecutor.java:369)
	at com.kms.katalon.core.main.TestCaseExecutor.execute(TestCaseExecutor.java:369)
	at com.kms.katalon.core.common.CommonExecutor.accessTestCaseMainPhase(CommonExecutor.java:65)
	at com.kms.katalon.core.main.TestSuiteExecutor.accessTestSuiteMainPhase(TestSuiteExecutor.java:150)
	at com.kms.katalon.core.main.TestSuiteExecutor.execute(TestSuiteExecutor.java:106)
	at com.kms.katalon.core.main.TestCaseMain.startTestSuite(TestCaseMain.java:180)
	at TempTestSuite1716907349717.run(TempTestSuite1716907349717.groovy:35)
	at java.base/jdk.internal.reflect.NativeMethodAccessorImpl.invoke0(Native Method)
	at java.base/jdk.internal.reflect.NativeMethodAccessorImpl.invoke(NativeMethodAccessorImpl.java:77)
	at java.base/jdk.internal.reflect.DelegatingMethodAccessorImpl.invoke(DelegatingMethodAccessorImpl.java:43)
Caused by: org.openqa.selenium.ElementNotInteractableException: element not interactable
  (Session info: chrome=125.0.6422.112)
Build info: version: '3.141.59', revision: 'e82be7d358', time: '2018-11-14T08:25:53'
System info: host: 'DESKTOP-QSIPVT9', ip: '192.168.1.8', os.name: 'Windows 11', os.arch: 'amd64', os.version: '10.0', java.version: '17.0.7'
Driver info: com.kms.katalon.selenium.driver.CChromeDriver
Capabilities {acceptInsecureCerts: false, browserName: chrome, browserVersion: 125.0.6422.112, chrome: {chromedriverVersion: 125.0.6422.78 (14db42ec38ad..., userDataDir: C:\Users\ToanLa\AppData\Loc...}, fedcm:accounts: true, goog:chromeOptions: {debuggerAddress: localhost:52301}, javascriptEnabled: true, networkConnectionEnabled: false, pageLoadStrategy: normal, platform: WINDOWS, platformName: WINDOWS, proxy: Proxy(), setWindowRect: true, strictFileInteractability: false, timeouts: {implicit: 0, pageLoad: 300000, script: 30000}, unhandledPromptBehavior: dismiss and notify, webauthn:extension:credBlob: true, webauthn:extension:largeBlob: true, webauthn:extension:minPinLength: true, webauthn:extension:prf: true, webauthn:virtualAuthenticators: true}
Session ID: ea823ffbe34d55900ca364a4ddd26ddf
	at java.base/jdk.internal.reflect.NativeConstructorAccessorImpl.newInstance0(Native Method)
	at java.base/jdk.internal.reflect.NativeConstructorAccessorImpl.newInstance(NativeConstructorAccessorImpl.java:77)
	at java.base/jdk.internal.reflect.DelegatingConstructorAccessorImpl.newInstance(DelegatingConstructorAccessorImpl.java:45)
	at org.openqa.selenium.remote.http.W3CHttpResponseCodec.createException(W3CHttpResponseCodec.java:187)
	at org.openqa.selenium.remote.http.W3CHttpResponseCodec.decode(W3CHttpResponseCodec.java:122)
	at org.openqa.selenium.remote.http.W3CHttpResponseCodec.decode(W3CHttpResponseCodec.java:49)
	at org.openqa.selenium.remote.HttpCommandExecutor.execute(HttpCommandExecutor.java:158)
	at org.openqa.selenium.remote.service.DriverCommandExecutor.execute(DriverCommandExecutor.java:83)
	at org.openqa.selenium.remote.RemoteWebDriver.execute(RemoteWebDriver.java:552)
	at com.kms.katalon.selenium.driver.CChromeDriver.execute(CChromeDriver.java:19)
	at org.openqa.selenium.remote.RemoteWebElement.execute(RemoteWebElement.java:285)
	at org.openqa.selenium.remote.RemoteWebElement.click(RemoteWebElement.java:84)
	at jdk.internal.reflect.GeneratedMethodAccessor28.invoke(Unknown Source)
	at java.base/jdk.internal.reflect.DelegatingMethodAccessorImpl.invoke(DelegatingMethodAccessorImpl.java:43)
	at org.openqa.selenium.support.events.EventFiringWebDriver$EventFiringWebElement.lambda$new$0(EventFiringWebDriver.java:404)
	at jdk.proxy2/jdk.proxy2.$Proxy26.click(Unknown Source)
	at org.openqa.selenium.support.events.EventFiringWebDriver$EventFiringWebElement.click(EventFiringWebDriver.java:417)
	at org.openqa.selenium.WebElement$click.call(Unknown Source)
	at com.kms.katalon.core.webui.keyword.builtin.ClickKeyword.clickUntilSuccessWithTimeout(ClickKeyword.groovy:81)
	at com.kms.katalon.core.webui.keyword.builtin.ClickKeyword.clickUntilSuccessWithTimeout(ClickKeyword.groovy)
	at jdk.internal.reflect.GeneratedMethodAccessor26.invoke(Unknown Source)
	at java.base/jdk.internal.reflect.DelegatingMethodAccessorImpl.invoke(DelegatingMethodAccessorImpl.java:43)
	at com.kms.katalon.core.webui.keyword.builtin.ClickKeyword$_click_closure1.doCall(ClickKeyword.groovy:67)
	at com.kms.katalon.core.webui.keyword.builtin.ClickKeyword$_click_closure1.call(ClickKeyword.groovy)
	at com.kms.katalon.core.webui.keyword.internal.WebUIKeywordMain.runKeyword(WebUIKeywordMain.groovy:20)
	... 23 more]]></system-err>
      </testcase>
      <testcase name="Test Cases/FPT-TC12-Verify-Mission-Clickable" time="60.421" classname="Test Cases/FPT-TC12-Verify-Mission-Clickable" status="PASSED">
         <system-out><![CDATA[28-05-2024T22:15:51 - [TEST_CASE][PASSED] - Test Cases/FPT-TC12-Verify-Mission-Clickable: Test Cases/FPT-TC12-Verify-Mission-Clickable

28-05-2024T22:15:51 - [TEST_STEP][PASSED] - openBrowser(""): Browser is opened with url: ''

28-05-2024T22:15:51 - [MESSAGE][WARNING] - A browser is already opened. Closing browser and opening a new one

28-05-2024T22:15:51 - [MESSAGE][INFO] - Starting 'Chrome' driver

28-05-2024T22:15:51 - [MESSAGE][INFO] - Action delay is set to 0 milliseconds

28-05-2024T22:15:52 - [MESSAGE][PASSED] - Browser is opened with url: ''

28-05-2024T22:15:52 - [TEST_STEP][PASSED] - navigateToUrl("https://fptsoftware.com/"): Navigate to 'https://fptsoftware.com/' successfully

28-05-2024T22:16:19 - [MESSAGE][PASSED] - Navigate to 'https://fptsoftware.com/' successfully

28-05-2024T22:16:19 - [TEST_STEP][PASSED] - click(findTestObject("FPT/Page_FPT Software  Leading in Digital trans_9e9e5c/a_Industries")): Object: 'Object Repository/FPT/Page_FPT Software  Leading in Digital trans_9e9e5c/a_Industries' is clicked on

28-05-2024T22:16:51 - [MESSAGE][INFO] - Unable to find the element located by 'By.xpath: //div[@id='header']/div/div/div[2]/div/div[3]/div/nav/ul/li[3]/a'. Please recheck the objects properties to make sure the desired element is located. 

28-05-2024T22:16:51 - [MESSAGE][WARNING] - [SELF-HEALING] Failed to find element with id 'Object Repository/FPT/Page_FPT Software  Leading in Digital trans_9e9e5c/a_Industries'. Try using Self-healing.

28-05-2024T22:16:51 - [MESSAGE][WARNING] - [SELF-HEALING] The current locator of test object 'Object Repository/FPT/Page_FPT Software  Leading in Digital trans_9e9e5c/a_Industries' was broken. Propose an alternative one: '//a[contains(text(),'Industries')]'.

28-05-2024T22:16:51 - [MESSAGE][PASSED] - Object: 'Object Repository/FPT/Page_FPT Software  Leading in Digital trans_9e9e5c/a_Industries' is clicked on

28-05-2024T22:16:51 - [TEST_STEP][PASSED] - closeBrowser(): Browser is closed

28-05-2024T22:16:51 - [MESSAGE][PASSED] - Browser is closed]]></system-out>
         <system-err><![CDATA[]]></system-err>
      </testcase>
      <testcase name="Test Cases/FPT-TC10-Verify-Copyright" time="51.133" classname="Test Cases/FPT-TC10-Verify-Copyright" status="FAILED">
         <failure type="FAILED" message="Test Cases/FPT-TC10-Verify-Copyright FAILED.&#xa;Reason:&#xa;com.kms.katalon.core.exception.StepFailedException: Unable to verify object 'Object Repository/FPT/Page_FPT Software  Leading in Digital trans_9e9e5c/div_Copyright  2023 FPTSoftware' is visible&#xa;	at com.kms.katalon.core.webui.keyword.internal.WebUIKeywordMain.stepFailed(WebUIKeywordMain.groovy:64)&#xa;	at com.kms.katalon.core.webui.keyword.internal.WebUIKeywordMain.runKeyword(WebUIKeywordMain.groovy:26)&#xa;	at com.kms.katalon.core.webui.keyword.builtin.VerifyElementVisibleKeyword.verifyElementVisible(VerifyElementVisibleKeyword.groovy:97)&#xa;	at com.kms.katalon.core.webui.keyword.builtin.VerifyElementVisibleKeyword.execute(VerifyElementVisibleKeyword.groovy:67)&#xa;	at com.kms.katalon.core.keyword.internal.KeywordExecutor.executeKeywordForPlatform(KeywordExecutor.groovy:74)&#xa;	at com.kms.katalon.core.webui.keyword.WebUiBuiltInKeywords.verifyElementVisible(WebUiBuiltInKeywords.groovy:415)&#xa;	at FPT-TC10-Verify-Copyright.run(FPT-TC10-Verify-Copyright:24)&#xa;	at com.kms.katalon.core.main.ScriptEngine.run(ScriptEngine.java:194)&#xa;	at com.kms.katalon.core.main.ScriptEngine.runScriptAsRawText(ScriptEngine.java:119)&#xa;	at com.kms.katalon.core.main.TestCaseExecutor.runScript(TestCaseExecutor.java:448)&#xa;	at com.kms.katalon.core.main.TestCaseExecutor.doExecute(TestCaseExecutor.java:439)&#xa;	at com.kms.katalon.core.main.TestCaseExecutor.processExecutionPhase(TestCaseExecutor.java:418)&#xa;	at com.kms.katalon.core.main.TestCaseExecutor.accessMainPhase(TestCaseExecutor.java:410)&#xa;	at com.kms.katalon.core.main.TestCaseExecutor.execute(TestCaseExecutor.java:285)&#xa;	at com.kms.katalon.core.main.TestCaseExecutor.execute(TestCaseExecutor.java:369)&#xa;	at com.kms.katalon.core.main.TestCaseExecutor.execute(TestCaseExecutor.java:369)&#xa;	at com.kms.katalon.core.main.TestCaseExecutor.execute(TestCaseExecutor.java:369)&#xa;	at com.kms.katalon.core.common.CommonExecutor.accessTestCaseMainPhase(CommonExecutor.java:65)&#xa;	at com.kms.katalon.core.main.TestSuiteExecutor.accessTestSuiteMainPhase(TestSuiteExecutor.java:150)&#xa;	at com.kms.katalon.core.main.TestSuiteExecutor.execute(TestSuiteExecutor.java:106)&#xa;	at com.kms.katalon.core.main.TestCaseMain.startTestSuite(TestCaseMain.java:180)&#xa;	at TempTestSuite1716907349717.run(TempTestSuite1716907349717.groovy:35)&#xa;	at java.base/jdk.internal.reflect.NativeMethodAccessorImpl.invoke0(Native Method)&#xa;	at java.base/jdk.internal.reflect.NativeMethodAccessorImpl.invoke(NativeMethodAccessorImpl.java:77)&#xa;	at java.base/jdk.internal.reflect.DelegatingMethodAccessorImpl.invoke(DelegatingMethodAccessorImpl.java:43)&#xa;Caused by: com.kms.katalon.core.exception.StepFailedException: Object 'Object Repository/FPT/Page_FPT Software  Leading in Digital trans_9e9e5c/div_Copyright  2023 FPTSoftware' is NOT visible&#xa;	at com.kms.katalon.core.webui.keyword.internal.WebUIKeywordMain.stepFailed(WebUIKeywordMain.groovy:64)&#xa;	at com.kms.katalon.core.webui.keyword.builtin.VerifyElementVisibleKeyword$_verifyElementVisible_closure1.doCall(VerifyElementVisibleKeyword.groovy:83)&#xa;	at com.kms.katalon.core.webui.keyword.builtin.VerifyElementVisibleKeyword$_verifyElementVisible_closure1.call(VerifyElementVisibleKeyword.groovy)&#xa;	at com.kms.katalon.core.webui.keyword.internal.WebUIKeywordMain.runKeyword(WebUIKeywordMain.groovy:20)&#xa;	... 23 more&#xa;"/>
         <system-out><![CDATA[28-05-2024T22:19:30 - [TEST_CASE][FAILED] - Test Cases/FPT-TC10-Verify-Copyright: Test Cases/FPT-TC10-Verify-Copyright FAILED.
Reason:
com.kms.katalon.core.exception.StepFailedException: Unable to verify object 'Object Repository/FPT/Page_FPT Software  Leading in Digital trans_9e9e5c/div_Copyright  2023 FPTSoftware' is visible
	at com.kms.katalon.core.webui.keyword.internal.WebUIKeywordMain.stepFailed(WebUIKeywordMain.groovy:64)
	at com.kms.katalon.core.webui.keyword.internal.WebUIKeywordMain.runKeyword(WebUIKeywordMain.groovy:26)
	at com.kms.katalon.core.webui.keyword.builtin.VerifyElementVisibleKeyword.verifyElementVisible(VerifyElementVisibleKeyword.groovy:97)
	at com.kms.katalon.core.webui.keyword.builtin.VerifyElementVisibleKeyword.execute(VerifyElementVisibleKeyword.groovy:67)
	at com.kms.katalon.core.keyword.internal.KeywordExecutor.executeKeywordForPlatform(KeywordExecutor.groovy:74)
	at com.kms.katalon.core.webui.keyword.WebUiBuiltInKeywords.verifyElementVisible(WebUiBuiltInKeywords.groovy:415)
	at FPT-TC10-Verify-Copyright.run(FPT-TC10-Verify-Copyright:24)
	at com.kms.katalon.core.main.ScriptEngine.run(ScriptEngine.java:194)
	at com.kms.katalon.core.main.ScriptEngine.runScriptAsRawText(ScriptEngine.java:119)
	at com.kms.katalon.core.main.TestCaseExecutor.runScript(TestCaseExecutor.java:448)
	at com.kms.katalon.core.main.TestCaseExecutor.doExecute(TestCaseExecutor.java:439)
	at com.kms.katalon.core.main.TestCaseExecutor.processExecutionPhase(TestCaseExecutor.java:418)
	at com.kms.katalon.core.main.TestCaseExecutor.accessMainPhase(TestCaseExecutor.java:410)
	at com.kms.katalon.core.main.TestCaseExecutor.execute(TestCaseExecutor.java:285)
	at com.kms.katalon.core.main.TestCaseExecutor.execute(TestCaseExecutor.java:369)
	at com.kms.katalon.core.main.TestCaseExecutor.execute(TestCaseExecutor.java:369)
	at com.kms.katalon.core.main.TestCaseExecutor.execute(TestCaseExecutor.java:369)
	at com.kms.katalon.core.common.CommonExecutor.accessTestCaseMainPhase(CommonExecutor.java:65)
	at com.kms.katalon.core.main.TestSuiteExecutor.accessTestSuiteMainPhase(TestSuiteExecutor.java:150)
	at com.kms.katalon.core.main.TestSuiteExecutor.execute(TestSuiteExecutor.java:106)
	at com.kms.katalon.core.main.TestCaseMain.startTestSuite(TestCaseMain.java:180)
	at TempTestSuite1716907349717.run(TempTestSuite1716907349717.groovy:35)
	at java.base/jdk.internal.reflect.NativeMethodAccessorImpl.invoke0(Native Method)
	at java.base/jdk.internal.reflect.NativeMethodAccessorImpl.invoke(NativeMethodAccessorImpl.java:77)
	at java.base/jdk.internal.reflect.DelegatingMethodAccessorImpl.invoke(DelegatingMethodAccessorImpl.java:43)
Caused by: com.kms.katalon.core.exception.StepFailedException: Object 'Object Repository/FPT/Page_FPT Software  Leading in Digital trans_9e9e5c/div_Copyright  2023 FPTSoftware' is NOT visible
	at com.kms.katalon.core.webui.keyword.internal.WebUIKeywordMain.stepFailed(WebUIKeywordMain.groovy:64)
	at com.kms.katalon.core.webui.keyword.builtin.VerifyElementVisibleKeyword$_verifyElementVisible_closure1.doCall(VerifyElementVisibleKeyword.groovy:83)
	at com.kms.katalon.core.webui.keyword.builtin.VerifyElementVisibleKeyword$_verifyElementVisible_closure1.call(VerifyElementVisibleKeyword.groovy)
	at com.kms.katalon.core.webui.keyword.internal.WebUIKeywordMain.runKeyword(WebUIKeywordMain.groovy:20)
	... 23 more


28-05-2024T22:19:30 - [TEST_STEP][PASSED] - openBrowser(""): Browser is opened with url: ''

28-05-2024T22:19:30 - [MESSAGE][WARNING] - A browser is already opened. Closing browser and opening a new one

28-05-2024T22:19:31 - [MESSAGE][INFO] - Starting 'Chrome' driver

28-05-2024T22:19:31 - [MESSAGE][INFO] - Action delay is set to 0 milliseconds

28-05-2024T22:19:32 - [MESSAGE][PASSED] - Browser is opened with url: ''

28-05-2024T22:19:32 - [TEST_STEP][PASSED] - navigateToUrl("https://fptsoftware.com/"): Navigate to 'https://fptsoftware.com/' successfully

28-05-2024T22:19:49 - [MESSAGE][PASSED] - Navigate to 'https://fptsoftware.com/' successfully

28-05-2024T22:19:49 - [TEST_STEP][FAILED] - verifyElementVisible(findTestObject("Object Repository/FPT/Page_FPT Software  Leading in Digital trans_9e9e5c/div_Copyright  2023 FPTSoftware")): Unable to verify object 'Object Repository/FPT/Page_FPT Software  Leading in Digital trans_9e9e5c/div_Copyright  2023 FPTSoftware' is visible (Root cause: com.kms.katalon.core.exception.StepFailedException: Unable to verify object 'Object Repository/FPT/Page_FPT Software  Leading in Digital trans_9e9e5c/div_Copyright  2023 FPTSoftware' is visible
	at com.kms.katalon.core.webui.keyword.internal.WebUIKeywordMain.stepFailed(WebUIKeywordMain.groovy:64)
	at com.kms.katalon.core.webui.keyword.internal.WebUIKeywordMain.runKeyword(WebUIKeywordMain.groovy:26)
	at com.kms.katalon.core.webui.keyword.builtin.VerifyElementVisibleKeyword.verifyElementVisible(VerifyElementVisibleKeyword.groovy:97)
	at com.kms.katalon.core.webui.keyword.builtin.VerifyElementVisibleKeyword.execute(VerifyElementVisibleKeyword.groovy:67)
	at com.kms.katalon.core.keyword.internal.KeywordExecutor.executeKeywordForPlatform(KeywordExecutor.groovy:74)
	at com.kms.katalon.core.webui.keyword.WebUiBuiltInKeywords.verifyElementVisible(WebUiBuiltInKeywords.groovy:415)
	at FPT-TC10-Verify-Copyright.run(FPT-TC10-Verify-Copyright:24)
	at com.kms.katalon.core.main.ScriptEngine.run(ScriptEngine.java:194)
	at com.kms.katalon.core.main.ScriptEngine.runScriptAsRawText(ScriptEngine.java:119)
	at com.kms.katalon.core.main.TestCaseExecutor.runScript(TestCaseExecutor.java:448)
	at com.kms.katalon.core.main.TestCaseExecutor.doExecute(TestCaseExecutor.java:439)
	at com.kms.katalon.core.main.TestCaseExecutor.processExecutionPhase(TestCaseExecutor.java:418)
	at com.kms.katalon.core.main.TestCaseExecutor.accessMainPhase(TestCaseExecutor.java:410)
	at com.kms.katalon.core.main.TestCaseExecutor.execute(TestCaseExecutor.java:285)
	at com.kms.katalon.core.main.TestCaseExecutor.execute(TestCaseExecutor.java:369)
	at com.kms.katalon.core.main.TestCaseExecutor.execute(TestCaseExecutor.java:369)
	at com.kms.katalon.core.main.TestCaseExecutor.execute(TestCaseExecutor.java:369)
	at com.kms.katalon.core.common.CommonExecutor.accessTestCaseMainPhase(CommonExecutor.java:65)
	at com.kms.katalon.core.main.TestSuiteExecutor.accessTestSuiteMainPhase(TestSuiteExecutor.java:150)
	at com.kms.katalon.core.main.TestSuiteExecutor.execute(TestSuiteExecutor.java:106)
	at com.kms.katalon.core.main.TestCaseMain.startTestSuite(TestCaseMain.java:180)
	at TempTestSuite1716907349717.run(TempTestSuite1716907349717.groovy:35)
	at java.base/jdk.internal.reflect.NativeMethodAccessorImpl.invoke0(Native Method)
	at java.base/jdk.internal.reflect.NativeMethodAccessorImpl.invoke(NativeMethodAccessorImpl.java:77)
	at java.base/jdk.internal.reflect.DelegatingMethodAccessorImpl.invoke(DelegatingMethodAccessorImpl.java:43)
Caused by: com.kms.katalon.core.exception.StepFailedException: Object 'Object Repository/FPT/Page_FPT Software  Leading in Digital trans_9e9e5c/div_Copyright  2023 FPTSoftware' is NOT visible
	at com.kms.katalon.core.webui.keyword.internal.WebUIKeywordMain.stepFailed(WebUIKeywordMain.groovy:64)
	at com.kms.katalon.core.webui.keyword.builtin.VerifyElementVisibleKeyword$_verifyElementVisible_closure1.doCall(VerifyElementVisibleKeyword.groovy:83)
	at com.kms.katalon.core.webui.keyword.builtin.VerifyElementVisibleKeyword$_verifyElementVisible_closure1.call(VerifyElementVisibleKeyword.groovy)
	at com.kms.katalon.core.webui.keyword.internal.WebUIKeywordMain.runKeyword(WebUIKeywordMain.groovy:20)
	... 23 more
)

28-05-2024T22:20:20 - [MESSAGE][INFO] - Unable to find the element located by 'By.xpath: //div[@id='footer']/div/div/div/div/div[2]/div/div/div/div/div'. Please recheck the objects properties to make sure the desired element is located. 

28-05-2024T22:20:20 - [MESSAGE][WARNING] - [SELF-HEALING] Failed to find element with id 'Object Repository/FPT/Page_FPT Software  Leading in Digital trans_9e9e5c/div_Copyright  2023 FPTSoftware'. Try using Self-healing.

28-05-2024T22:20:20 - [MESSAGE][WARNING] - [SELF-HEALING] The current locator of test object 'Object Repository/FPT/Page_FPT Software  Leading in Digital trans_9e9e5c/div_Copyright  2023 FPTSoftware' was broken. Propose an alternative one: '(.//*[normalize-space(text()) and normalize-space(.)='Terms of use'])[1]/preceding::div[2]'.

28-05-2024T22:20:21 - [MESSAGE][FAILED] - Object 'Object Repository/FPT/Page_FPT Software  Leading in Digital trans_9e9e5c/div_Copyright  2023 FPTSoftware' is NOT visible (Root cause: com.kms.katalon.core.exception.StepFailedException: Object 'Object Repository/FPT/Page_FPT Software  Leading in Digital trans_9e9e5c/div_Copyright  2023 FPTSoftware' is NOT visible
	at com.kms.katalon.core.webui.keyword.internal.WebUIKeywordMain.stepFailed(WebUIKeywordMain.groovy:64)
	at com.kms.katalon.core.webui.keyword.builtin.VerifyElementVisibleKeyword$_verifyElementVisible_closure1.doCall(VerifyElementVisibleKeyword.groovy:83)
	at com.kms.katalon.core.webui.keyword.builtin.VerifyElementVisibleKeyword$_verifyElementVisible_closure1.call(VerifyElementVisibleKeyword.groovy)
	at com.kms.katalon.core.webui.keyword.internal.WebUIKeywordMain.runKeyword(WebUIKeywordMain.groovy:20)
	at com.kms.katalon.core.webui.keyword.builtin.VerifyElementVisibleKeyword.verifyElementVisible(VerifyElementVisibleKeyword.groovy:97)
	at com.kms.katalon.core.webui.keyword.builtin.VerifyElementVisibleKeyword.execute(VerifyElementVisibleKeyword.groovy:67)
	at com.kms.katalon.core.keyword.internal.KeywordExecutor.executeKeywordForPlatform(KeywordExecutor.groovy:74)
	at com.kms.katalon.core.webui.keyword.WebUiBuiltInKeywords.verifyElementVisible(WebUiBuiltInKeywords.groovy:415)
	at FPT-TC10-Verify-Copyright.run(FPT-TC10-Verify-Copyright:24)
	at com.kms.katalon.core.main.ScriptEngine.run(ScriptEngine.java:194)
	at com.kms.katalon.core.main.ScriptEngine.runScriptAsRawText(ScriptEngine.java:119)
	at com.kms.katalon.core.main.TestCaseExecutor.runScript(TestCaseExecutor.java:448)
	at com.kms.katalon.core.main.TestCaseExecutor.doExecute(TestCaseExecutor.java:439)
	at com.kms.katalon.core.main.TestCaseExecutor.processExecutionPhase(TestCaseExecutor.java:418)
	at com.kms.katalon.core.main.TestCaseExecutor.accessMainPhase(TestCaseExecutor.java:410)
	at com.kms.katalon.core.main.TestCaseExecutor.execute(TestCaseExecutor.java:285)
	at com.kms.katalon.core.main.TestCaseExecutor.execute(TestCaseExecutor.java:369)
	at com.kms.katalon.core.main.TestCaseExecutor.execute(TestCaseExecutor.java:369)
	at com.kms.katalon.core.main.TestCaseExecutor.execute(TestCaseExecutor.java:369)
	at com.kms.katalon.core.common.CommonExecutor.accessTestCaseMainPhase(CommonExecutor.java:65)
	at com.kms.katalon.core.main.TestSuiteExecutor.accessTestSuiteMainPhase(TestSuiteExecutor.java:150)
	at com.kms.katalon.core.main.TestSuiteExecutor.execute(TestSuiteExecutor.java:106)
	at com.kms.katalon.core.main.TestCaseMain.startTestSuite(TestCaseMain.java:180)
	at TempTestSuite1716907349717.run(TempTestSuite1716907349717.groovy:35)
	at java.base/jdk.internal.reflect.NativeMethodAccessorImpl.invoke0(Native Method)
	at java.base/jdk.internal.reflect.NativeMethodAccessorImpl.invoke(NativeMethodAccessorImpl.java:77)
	at java.base/jdk.internal.reflect.DelegatingMethodAccessorImpl.invoke(DelegatingMethodAccessorImpl.java:43)
)
[[ATTACHMENT|C:\\Users\\ToanLa\\git\\katalon\\Reports\\20240528_214204\\FPT\\fpt-suites\\20240528_214229\\1716909620861.png]]

28-05-2024T22:20:22 - [MESSAGE][FAILED] - Unable to verify object 'Object Repository/FPT/Page_FPT Software  Leading in Digital trans_9e9e5c/div_Copyright  2023 FPTSoftware' is visible (Root cause: com.kms.katalon.core.exception.StepFailedException: Unable to verify object 'Object Repository/FPT/Page_FPT Software  Leading in Digital trans_9e9e5c/div_Copyright  2023 FPTSoftware' is visible
	at com.kms.katalon.core.webui.keyword.internal.WebUIKeywordMain.stepFailed(WebUIKeywordMain.groovy:64)
	at com.kms.katalon.core.webui.keyword.internal.WebUIKeywordMain.runKeyword(WebUIKeywordMain.groovy:26)
	at com.kms.katalon.core.webui.keyword.builtin.VerifyElementVisibleKeyword.verifyElementVisible(VerifyElementVisibleKeyword.groovy:97)
	at com.kms.katalon.core.webui.keyword.builtin.VerifyElementVisibleKeyword.execute(VerifyElementVisibleKeyword.groovy:67)
	at com.kms.katalon.core.keyword.internal.KeywordExecutor.executeKeywordForPlatform(KeywordExecutor.groovy:74)
	at com.kms.katalon.core.webui.keyword.WebUiBuiltInKeywords.verifyElementVisible(WebUiBuiltInKeywords.groovy:415)
	at FPT-TC10-Verify-Copyright.run(FPT-TC10-Verify-Copyright:24)
	at com.kms.katalon.core.main.ScriptEngine.run(ScriptEngine.java:194)
	at com.kms.katalon.core.main.ScriptEngine.runScriptAsRawText(ScriptEngine.java:119)
	at com.kms.katalon.core.main.TestCaseExecutor.runScript(TestCaseExecutor.java:448)
	at com.kms.katalon.core.main.TestCaseExecutor.doExecute(TestCaseExecutor.java:439)
	at com.kms.katalon.core.main.TestCaseExecutor.processExecutionPhase(TestCaseExecutor.java:418)
	at com.kms.katalon.core.main.TestCaseExecutor.accessMainPhase(TestCaseExecutor.java:410)
	at com.kms.katalon.core.main.TestCaseExecutor.execute(TestCaseExecutor.java:285)
	at com.kms.katalon.core.main.TestCaseExecutor.execute(TestCaseExecutor.java:369)
	at com.kms.katalon.core.main.TestCaseExecutor.execute(TestCaseExecutor.java:369)
	at com.kms.katalon.core.main.TestCaseExecutor.execute(TestCaseExecutor.java:369)
	at com.kms.katalon.core.common.CommonExecutor.accessTestCaseMainPhase(CommonExecutor.java:65)
	at com.kms.katalon.core.main.TestSuiteExecutor.accessTestSuiteMainPhase(TestSuiteExecutor.java:150)
	at com.kms.katalon.core.main.TestSuiteExecutor.execute(TestSuiteExecutor.java:106)
	at com.kms.katalon.core.main.TestCaseMain.startTestSuite(TestCaseMain.java:180)
	at TempTestSuite1716907349717.run(TempTestSuite1716907349717.groovy:35)
	at java.base/jdk.internal.reflect.NativeMethodAccessorImpl.invoke0(Native Method)
	at java.base/jdk.internal.reflect.NativeMethodAccessorImpl.invoke(NativeMethodAccessorImpl.java:77)
	at java.base/jdk.internal.reflect.DelegatingMethodAccessorImpl.invoke(DelegatingMethodAccessorImpl.java:43)
Caused by: com.kms.katalon.core.exception.StepFailedException: Object 'Object Repository/FPT/Page_FPT Software  Leading in Digital trans_9e9e5c/div_Copyright  2023 FPTSoftware' is NOT visible
	at com.kms.katalon.core.webui.keyword.internal.WebUIKeywordMain.stepFailed(WebUIKeywordMain.groovy:64)
	at com.kms.katalon.core.webui.keyword.builtin.VerifyElementVisibleKeyword$_verifyElementVisible_closure1.doCall(VerifyElementVisibleKeyword.groovy:83)
	at com.kms.katalon.core.webui.keyword.builtin.VerifyElementVisibleKeyword$_verifyElementVisible_closure1.call(VerifyElementVisibleKeyword.groovy)
	at com.kms.katalon.core.webui.keyword.internal.WebUIKeywordMain.runKeyword(WebUIKeywordMain.groovy:20)
	... 23 more
)
[[ATTACHMENT|C:\\Users\\ToanLa\\git\\katalon\\Reports\\20240528_214204\\FPT\\fpt-suites\\20240528_214229\\1716909621319.png]]]]></system-out>
         <system-err><![CDATA[28-05-2024T22:19:30 - [TEST_CASE][FAILED] - Test Cases/FPT-TC10-Verify-Copyright: Test Cases/FPT-TC10-Verify-Copyright FAILED.
Reason:
com.kms.katalon.core.exception.StepFailedException: Unable to verify object 'Object Repository/FPT/Page_FPT Software  Leading in Digital trans_9e9e5c/div_Copyright  2023 FPTSoftware' is visible
	at com.kms.katalon.core.webui.keyword.internal.WebUIKeywordMain.stepFailed(WebUIKeywordMain.groovy:64)
	at com.kms.katalon.core.webui.keyword.internal.WebUIKeywordMain.runKeyword(WebUIKeywordMain.groovy:26)
	at com.kms.katalon.core.webui.keyword.builtin.VerifyElementVisibleKeyword.verifyElementVisible(VerifyElementVisibleKeyword.groovy:97)
	at com.kms.katalon.core.webui.keyword.builtin.VerifyElementVisibleKeyword.execute(VerifyElementVisibleKeyword.groovy:67)
	at com.kms.katalon.core.keyword.internal.KeywordExecutor.executeKeywordForPlatform(KeywordExecutor.groovy:74)
	at com.kms.katalon.core.webui.keyword.WebUiBuiltInKeywords.verifyElementVisible(WebUiBuiltInKeywords.groovy:415)
	at FPT-TC10-Verify-Copyright.run(FPT-TC10-Verify-Copyright:24)
	at com.kms.katalon.core.main.ScriptEngine.run(ScriptEngine.java:194)
	at com.kms.katalon.core.main.ScriptEngine.runScriptAsRawText(ScriptEngine.java:119)
	at com.kms.katalon.core.main.TestCaseExecutor.runScript(TestCaseExecutor.java:448)
	at com.kms.katalon.core.main.TestCaseExecutor.doExecute(TestCaseExecutor.java:439)
	at com.kms.katalon.core.main.TestCaseExecutor.processExecutionPhase(TestCaseExecutor.java:418)
	at com.kms.katalon.core.main.TestCaseExecutor.accessMainPhase(TestCaseExecutor.java:410)
	at com.kms.katalon.core.main.TestCaseExecutor.execute(TestCaseExecutor.java:285)
	at com.kms.katalon.core.main.TestCaseExecutor.execute(TestCaseExecutor.java:369)
	at com.kms.katalon.core.main.TestCaseExecutor.execute(TestCaseExecutor.java:369)
	at com.kms.katalon.core.main.TestCaseExecutor.execute(TestCaseExecutor.java:369)
	at com.kms.katalon.core.common.CommonExecutor.accessTestCaseMainPhase(CommonExecutor.java:65)
	at com.kms.katalon.core.main.TestSuiteExecutor.accessTestSuiteMainPhase(TestSuiteExecutor.java:150)
	at com.kms.katalon.core.main.TestSuiteExecutor.execute(TestSuiteExecutor.java:106)
	at com.kms.katalon.core.main.TestCaseMain.startTestSuite(TestCaseMain.java:180)
	at TempTestSuite1716907349717.run(TempTestSuite1716907349717.groovy:35)
	at java.base/jdk.internal.reflect.NativeMethodAccessorImpl.invoke0(Native Method)
	at java.base/jdk.internal.reflect.NativeMethodAccessorImpl.invoke(NativeMethodAccessorImpl.java:77)
	at java.base/jdk.internal.reflect.DelegatingMethodAccessorImpl.invoke(DelegatingMethodAccessorImpl.java:43)
Caused by: com.kms.katalon.core.exception.StepFailedException: Object 'Object Repository/FPT/Page_FPT Software  Leading in Digital trans_9e9e5c/div_Copyright  2023 FPTSoftware' is NOT visible
	at com.kms.katalon.core.webui.keyword.internal.WebUIKeywordMain.stepFailed(WebUIKeywordMain.groovy:64)
	at com.kms.katalon.core.webui.keyword.builtin.VerifyElementVisibleKeyword$_verifyElementVisible_closure1.doCall(VerifyElementVisibleKeyword.groovy:83)
	at com.kms.katalon.core.webui.keyword.builtin.VerifyElementVisibleKeyword$_verifyElementVisible_closure1.call(VerifyElementVisibleKeyword.groovy)
	at com.kms.katalon.core.webui.keyword.internal.WebUIKeywordMain.runKeyword(WebUIKeywordMain.groovy:20)
	... 23 more]]></system-err>
      </testcase>
      <testcase name="Test Cases/FPT-TC09-Industries-Clickable" time="50.589" classname="Test Cases/FPT-TC09-Industries-Clickable" status="PASSED">
         <system-out><![CDATA[28-05-2024T22:20:22 - [TEST_CASE][PASSED] - Test Cases/FPT-TC09-Industries-Clickable: Test Cases/FPT-TC09-Industries-Clickable

28-05-2024T22:20:22 - [TEST_STEP][PASSED] - openBrowser(""): Browser is opened with url: ''

28-05-2024T22:20:22 - [MESSAGE][WARNING] - A browser is already opened. Closing browser and opening a new one

28-05-2024T22:20:22 - [MESSAGE][INFO] - Starting 'Chrome' driver

28-05-2024T22:20:22 - [MESSAGE][INFO] - Action delay is set to 0 milliseconds

28-05-2024T22:20:23 - [MESSAGE][PASSED] - Browser is opened with url: ''

28-05-2024T22:20:23 - [TEST_STEP][PASSED] - navigateToUrl("https://fptsoftware.com/"): Navigate to 'https://fptsoftware.com/' successfully

28-05-2024T22:20:40 - [MESSAGE][PASSED] - Navigate to 'https://fptsoftware.com/' successfully

28-05-2024T22:20:40 - [TEST_STEP][PASSED] - click(findTestObject("Object Repository/FPT/Page_FPT Software  Leading in Digital trans_9e9e5c/a_Industries")): Object: 'Object Repository/FPT/Page_FPT Software  Leading in Digital trans_9e9e5c/a_Industries' is clicked on

28-05-2024T22:21:11 - [MESSAGE][INFO] - Unable to find the element located by 'By.xpath: //div[@id='header']/div/div/div[2]/div/div[3]/div/nav/ul/li[3]/a'. Please recheck the objects properties to make sure the desired element is located. 

28-05-2024T22:21:11 - [MESSAGE][WARNING] - [SELF-HEALING] Failed to find element with id 'Object Repository/FPT/Page_FPT Software  Leading in Digital trans_9e9e5c/a_Industries'. Try using Self-healing.

28-05-2024T22:21:12 - [MESSAGE][WARNING] - [SELF-HEALING] The current locator of test object 'Object Repository/FPT/Page_FPT Software  Leading in Digital trans_9e9e5c/a_Industries' was broken. Propose an alternative one: '//a[contains(text(),'Industries')]'.

28-05-2024T22:21:12 - [MESSAGE][PASSED] - Object: 'Object Repository/FPT/Page_FPT Software  Leading in Digital trans_9e9e5c/a_Industries' is clicked on

28-05-2024T22:21:12 - [TEST_STEP][PASSED] - closeBrowser(): Browser is closed

28-05-2024T22:21:12 - [MESSAGE][PASSED] - Browser is closed]]></system-out>
         <system-err><![CDATA[]]></system-err>
      </testcase>
      <testcase name="Test Cases/FPT-TC08-Verify-Services-Clickable" time="47.917" classname="Test Cases/FPT-TC08-Verify-Services-Clickable" status="PASSED">
         <system-out><![CDATA[28-05-2024T22:21:12 - [TEST_CASE][PASSED] - Test Cases/FPT-TC08-Verify-Services-Clickable: Test Cases/FPT-TC08-Verify-Services-Clickable

28-05-2024T22:21:12 - [TEST_STEP][PASSED] - openBrowser(""): Browser is opened with url: ''

28-05-2024T22:21:12 - [MESSAGE][INFO] - Starting 'Chrome' driver

28-05-2024T22:21:12 - [MESSAGE][INFO] - Action delay is set to 0 milliseconds

28-05-2024T22:21:13 - [MESSAGE][PASSED] - Browser is opened with url: ''

28-05-2024T22:21:13 - [TEST_STEP][PASSED] - navigateToUrl("https://fptsoftware.com/"): Navigate to 'https://fptsoftware.com/' successfully

28-05-2024T22:21:25 - [MESSAGE][PASSED] - Navigate to 'https://fptsoftware.com/' successfully

28-05-2024T22:21:25 - [TEST_STEP][PASSED] - click(findTestObject("Object Repository/FPT/Page_FPT Software  Leading in Digital trans_9e9e5c/a_Services")): Object: 'Object Repository/FPT/Page_FPT Software  Leading in Digital trans_9e9e5c/a_Services' is clicked on

28-05-2024T22:21:58 - [MESSAGE][INFO] - Unable to find the element located by 'By.xpath: //div[@id='header']/div/div/div[2]/div/div[3]/div/nav/ul/li[2]/a'. Please recheck the objects properties to make sure the desired element is located. 

28-05-2024T22:21:58 - [MESSAGE][WARNING] - [SELF-HEALING] Failed to find element with id 'Object Repository/FPT/Page_FPT Software  Leading in Digital trans_9e9e5c/a_Services'. Try using Self-healing.

28-05-2024T22:22:00 - [MESSAGE][WARNING] - [SELF-HEALING] The current locator of test object 'Object Repository/FPT/Page_FPT Software  Leading in Digital trans_9e9e5c/a_Services' was broken. Propose an alternative one: '//a[contains(text(),'Services')]'.

28-05-2024T22:22:00 - [MESSAGE][PASSED] - Object: 'Object Repository/FPT/Page_FPT Software  Leading in Digital trans_9e9e5c/a_Services' is clicked on

28-05-2024T22:22:00 - [TEST_STEP][PASSED] - closeBrowser(): Browser is closed

28-05-2024T22:22:00 - [MESSAGE][PASSED] - Browser is closed]]></system-out>
         <system-err><![CDATA[]]></system-err>
      </testcase>
      <testcase name="Test Cases/FPT-TC07-Verify-AboutUS-Clickable" time="49.28" classname="Test Cases/FPT-TC07-Verify-AboutUS-Clickable" status="FAILED">
         <failure type="FAILED" message="Test Cases/FPT-TC07-Verify-AboutUS-Clickable FAILED.&#xa;Reason:&#xa;com.kms.katalon.core.exception.StepFailedException: Unable to click on object 'Object Repository/FPT/Page_FPT Software  Leading in Digital trans_9e9e5c/a_About Us'&#xa;	at com.kms.katalon.core.webui.keyword.internal.WebUIKeywordMain.stepFailed(WebUIKeywordMain.groovy:64)&#xa;	at com.kms.katalon.core.webui.keyword.internal.WebUIKeywordMain.runKeyword(WebUIKeywordMain.groovy:26)&#xa;	at com.kms.katalon.core.webui.keyword.builtin.ClickKeyword.click(ClickKeyword.groovy:74)&#xa;	at com.kms.katalon.core.webui.keyword.builtin.ClickKeyword.execute(ClickKeyword.groovy:40)&#xa;	at com.kms.katalon.core.keyword.internal.KeywordExecutor.executeKeywordForPlatform(KeywordExecutor.groovy:74)&#xa;	at com.kms.katalon.core.webui.keyword.WebUiBuiltInKeywords.click(WebUiBuiltInKeywords.groovy:659)&#xa;	at FPT-TC07-Verify-AboutUS-Clickable.run(FPT-TC07-Verify-AboutUS-Clickable:24)&#xa;	at com.kms.katalon.core.main.ScriptEngine.run(ScriptEngine.java:194)&#xa;	at com.kms.katalon.core.main.ScriptEngine.runScriptAsRawText(ScriptEngine.java:119)&#xa;	at com.kms.katalon.core.main.TestCaseExecutor.runScript(TestCaseExecutor.java:448)&#xa;	at com.kms.katalon.core.main.TestCaseExecutor.doExecute(TestCaseExecutor.java:439)&#xa;	at com.kms.katalon.core.main.TestCaseExecutor.processExecutionPhase(TestCaseExecutor.java:418)&#xa;	at com.kms.katalon.core.main.TestCaseExecutor.accessMainPhase(TestCaseExecutor.java:410)&#xa;	at com.kms.katalon.core.main.TestCaseExecutor.execute(TestCaseExecutor.java:285)&#xa;	at com.kms.katalon.core.main.TestCaseExecutor.execute(TestCaseExecutor.java:369)&#xa;	at com.kms.katalon.core.main.TestCaseExecutor.execute(TestCaseExecutor.java:369)&#xa;	at com.kms.katalon.core.main.TestCaseExecutor.execute(TestCaseExecutor.java:369)&#xa;	at com.kms.katalon.core.common.CommonExecutor.accessTestCaseMainPhase(CommonExecutor.java:65)&#xa;	at com.kms.katalon.core.main.TestSuiteExecutor.accessTestSuiteMainPhase(TestSuiteExecutor.java:150)&#xa;	at com.kms.katalon.core.main.TestSuiteExecutor.execute(TestSuiteExecutor.java:106)&#xa;	at com.kms.katalon.core.main.TestCaseMain.startTestSuite(TestCaseMain.java:180)&#xa;	at TempTestSuite1716907349717.run(TempTestSuite1716907349717.groovy:35)&#xa;	at java.base/jdk.internal.reflect.NativeMethodAccessorImpl.invoke0(Native Method)&#xa;	at java.base/jdk.internal.reflect.NativeMethodAccessorImpl.invoke(NativeMethodAccessorImpl.java:77)&#xa;	at java.base/jdk.internal.reflect.DelegatingMethodAccessorImpl.invoke(DelegatingMethodAccessorImpl.java:43)&#xa;Caused by: org.openqa.selenium.ElementNotInteractableException: element not interactable&#xa;  (Session info: chrome=125.0.6422.112)&#xa;Build info: version: '3.141.59', revision: 'e82be7d358', time: '2018-11-14T08:25:53'&#xa;System info: host: 'DESKTOP-QSIPVT9', ip: '192.168.1.8', os.name: 'Windows 11', os.arch: 'amd64', os.version: '10.0', java.version: '17.0.7'&#xa;Driver info: com.kms.katalon.selenium.driver.CChromeDriver&#xa;Capabilities {acceptInsecureCerts: false, browserName: chrome, browserVersion: 125.0.6422.112, chrome: {chromedriverVersion: 125.0.6422.78 (14db42ec38ad..., userDataDir: C:\Users\ToanLa\AppData\Loc...}, fedcm:accounts: true, goog:chromeOptions: {debuggerAddress: localhost:56142}, javascriptEnabled: true, networkConnectionEnabled: false, pageLoadStrategy: normal, platform: WINDOWS, platformName: WINDOWS, proxy: Proxy(), setWindowRect: true, strictFileInteractability: false, timeouts: {implicit: 0, pageLoad: 300000, script: 30000}, unhandledPromptBehavior: dismiss and notify, webauthn:extension:credBlob: true, webauthn:extension:largeBlob: true, webauthn:extension:minPinLength: true, webauthn:extension:prf: true, webauthn:virtualAuthenticators: true}&#xa;Session ID: 66cc60aa9d79fb95aedf773319281ce6&#xa;	at jdk.internal.reflect.GeneratedConstructorAccessor39.newInstance(Unknown Source)&#xa;	at java.base/jdk.internal.reflect.DelegatingConstructorAccessorImpl.newInstance(DelegatingConstructorAccessorImpl.java:45)&#xa;	at org.openqa.selenium.remote.http.W3CHttpResponseCodec.createException(W3CHttpResponseCodec.java:187)&#xa;	at org.openqa.selenium.remote.http.W3CHttpResponseCodec.decode(W3CHttpResponseCodec.java:122)&#xa;	at org.openqa.selenium.remote.http.W3CHttpResponseCodec.decode(W3CHttpResponseCodec.java:49)&#xa;	at org.openqa.selenium.remote.HttpCommandExecutor.execute(HttpCommandExecutor.java:158)&#xa;	at org.openqa.selenium.remote.service.DriverCommandExecutor.execute(DriverCommandExecutor.java:83)&#xa;	at org.openqa.selenium.remote.RemoteWebDriver.execute(RemoteWebDriver.java:552)&#xa;	at com.kms.katalon.selenium.driver.CChromeDriver.execute(CChromeDriver.java:19)&#xa;	at org.openqa.selenium.remote.RemoteWebElement.execute(RemoteWebElement.java:285)&#xa;	at org.openqa.selenium.remote.RemoteWebElement.click(RemoteWebElement.java:84)&#xa;	at jdk.internal.reflect.GeneratedMethodAccessor28.invoke(Unknown Source)&#xa;	at java.base/jdk.internal.reflect.DelegatingMethodAccessorImpl.invoke(DelegatingMethodAccessorImpl.java:43)&#xa;	at org.openqa.selenium.support.events.EventFiringWebDriver$EventFiringWebElement.lambda$new$0(EventFiringWebDriver.java:404)&#xa;	at jdk.proxy2/jdk.proxy2.$Proxy26.click(Unknown Source)&#xa;	at org.openqa.selenium.support.events.EventFiringWebDriver$EventFiringWebElement.click(EventFiringWebDriver.java:417)&#xa;	at org.openqa.selenium.WebElement$click.call(Unknown Source)&#xa;	at com.kms.katalon.core.webui.keyword.builtin.ClickKeyword.clickUntilSuccessWithTimeout(ClickKeyword.groovy:81)&#xa;	at com.kms.katalon.core.webui.keyword.builtin.ClickKeyword.clickUntilSuccessWithTimeout(ClickKeyword.groovy)&#xa;	at jdk.internal.reflect.GeneratedMethodAccessor26.invoke(Unknown Source)&#xa;	at java.base/jdk.internal.reflect.DelegatingMethodAccessorImpl.invoke(DelegatingMethodAccessorImpl.java:43)&#xa;	at com.kms.katalon.core.webui.keyword.builtin.ClickKeyword$_click_closure1.doCall(ClickKeyword.groovy:67)&#xa;	at com.kms.katalon.core.webui.keyword.builtin.ClickKeyword$_click_closure1.call(ClickKeyword.groovy)&#xa;	at com.kms.katalon.core.webui.keyword.internal.WebUIKeywordMain.runKeyword(WebUIKeywordMain.groovy:20)&#xa;	... 23 more&#xa;"/>
         <system-out><![CDATA[28-05-2024T22:24:41 - [TEST_CASE][FAILED] - Test Cases/FPT-TC07-Verify-AboutUS-Clickable: Test Cases/FPT-TC07-Verify-AboutUS-Clickable FAILED.
Reason:
com.kms.katalon.core.exception.StepFailedException: Unable to click on object 'Object Repository/FPT/Page_FPT Software  Leading in Digital trans_9e9e5c/a_About Us'
	at com.kms.katalon.core.webui.keyword.internal.WebUIKeywordMain.stepFailed(WebUIKeywordMain.groovy:64)
	at com.kms.katalon.core.webui.keyword.internal.WebUIKeywordMain.runKeyword(WebUIKeywordMain.groovy:26)
	at com.kms.katalon.core.webui.keyword.builtin.ClickKeyword.click(ClickKeyword.groovy:74)
	at com.kms.katalon.core.webui.keyword.builtin.ClickKeyword.execute(ClickKeyword.groovy:40)
	at com.kms.katalon.core.keyword.internal.KeywordExecutor.executeKeywordForPlatform(KeywordExecutor.groovy:74)
	at com.kms.katalon.core.webui.keyword.WebUiBuiltInKeywords.click(WebUiBuiltInKeywords.groovy:659)
	at FPT-TC07-Verify-AboutUS-Clickable.run(FPT-TC07-Verify-AboutUS-Clickable:24)
	at com.kms.katalon.core.main.ScriptEngine.run(ScriptEngine.java:194)
	at com.kms.katalon.core.main.ScriptEngine.runScriptAsRawText(ScriptEngine.java:119)
	at com.kms.katalon.core.main.TestCaseExecutor.runScript(TestCaseExecutor.java:448)
	at com.kms.katalon.core.main.TestCaseExecutor.doExecute(TestCaseExecutor.java:439)
	at com.kms.katalon.core.main.TestCaseExecutor.processExecutionPhase(TestCaseExecutor.java:418)
	at com.kms.katalon.core.main.TestCaseExecutor.accessMainPhase(TestCaseExecutor.java:410)
	at com.kms.katalon.core.main.TestCaseExecutor.execute(TestCaseExecutor.java:285)
	at com.kms.katalon.core.main.TestCaseExecutor.execute(TestCaseExecutor.java:369)
	at com.kms.katalon.core.main.TestCaseExecutor.execute(TestCaseExecutor.java:369)
	at com.kms.katalon.core.main.TestCaseExecutor.execute(TestCaseExecutor.java:369)
	at com.kms.katalon.core.common.CommonExecutor.accessTestCaseMainPhase(CommonExecutor.java:65)
	at com.kms.katalon.core.main.TestSuiteExecutor.accessTestSuiteMainPhase(TestSuiteExecutor.java:150)
	at com.kms.katalon.core.main.TestSuiteExecutor.execute(TestSuiteExecutor.java:106)
	at com.kms.katalon.core.main.TestCaseMain.startTestSuite(TestCaseMain.java:180)
	at TempTestSuite1716907349717.run(TempTestSuite1716907349717.groovy:35)
	at java.base/jdk.internal.reflect.NativeMethodAccessorImpl.invoke0(Native Method)
	at java.base/jdk.internal.reflect.NativeMethodAccessorImpl.invoke(NativeMethodAccessorImpl.java:77)
	at java.base/jdk.internal.reflect.DelegatingMethodAccessorImpl.invoke(DelegatingMethodAccessorImpl.java:43)
Caused by: org.openqa.selenium.ElementNotInteractableException: element not interactable
  (Session info: chrome=125.0.6422.112)
Build info: version: '3.141.59', revision: 'e82be7d358', time: '2018-11-14T08:25:53'
System info: host: 'DESKTOP-QSIPVT9', ip: '192.168.1.8', os.name: 'Windows 11', os.arch: 'amd64', os.version: '10.0', java.version: '17.0.7'
Driver info: com.kms.katalon.selenium.driver.CChromeDriver
Capabilities {acceptInsecureCerts: false, browserName: chrome, browserVersion: 125.0.6422.112, chrome: {chromedriverVersion: 125.0.6422.78 (14db42ec38ad..., userDataDir: C:\Users\ToanLa\AppData\Loc...}, fedcm:accounts: true, goog:chromeOptions: {debuggerAddress: localhost:56142}, javascriptEnabled: true, networkConnectionEnabled: false, pageLoadStrategy: normal, platform: WINDOWS, platformName: WINDOWS, proxy: Proxy(), setWindowRect: true, strictFileInteractability: false, timeouts: {implicit: 0, pageLoad: 300000, script: 30000}, unhandledPromptBehavior: dismiss and notify, webauthn:extension:credBlob: true, webauthn:extension:largeBlob: true, webauthn:extension:minPinLength: true, webauthn:extension:prf: true, webauthn:virtualAuthenticators: true}
Session ID: 66cc60aa9d79fb95aedf773319281ce6
	at jdk.internal.reflect.GeneratedConstructorAccessor39.newInstance(Unknown Source)
	at java.base/jdk.internal.reflect.DelegatingConstructorAccessorImpl.newInstance(DelegatingConstructorAccessorImpl.java:45)
	at org.openqa.selenium.remote.http.W3CHttpResponseCodec.createException(W3CHttpResponseCodec.java:187)
	at org.openqa.selenium.remote.http.W3CHttpResponseCodec.decode(W3CHttpResponseCodec.java:122)
	at org.openqa.selenium.remote.http.W3CHttpResponseCodec.decode(W3CHttpResponseCodec.java:49)
	at org.openqa.selenium.remote.HttpCommandExecutor.execute(HttpCommandExecutor.java:158)
	at org.openqa.selenium.remote.service.DriverCommandExecutor.execute(DriverCommandExecutor.java:83)
	at org.openqa.selenium.remote.RemoteWebDriver.execute(RemoteWebDriver.java:552)
	at com.kms.katalon.selenium.driver.CChromeDriver.execute(CChromeDriver.java:19)
	at org.openqa.selenium.remote.RemoteWebElement.execute(RemoteWebElement.java:285)
	at org.openqa.selenium.remote.RemoteWebElement.click(RemoteWebElement.java:84)
	at jdk.internal.reflect.GeneratedMethodAccessor28.invoke(Unknown Source)
	at java.base/jdk.internal.reflect.DelegatingMethodAccessorImpl.invoke(DelegatingMethodAccessorImpl.java:43)
	at org.openqa.selenium.support.events.EventFiringWebDriver$EventFiringWebElement.lambda$new$0(EventFiringWebDriver.java:404)
	at jdk.proxy2/jdk.proxy2.$Proxy26.click(Unknown Source)
	at org.openqa.selenium.support.events.EventFiringWebDriver$EventFiringWebElement.click(EventFiringWebDriver.java:417)
	at org.openqa.selenium.WebElement$click.call(Unknown Source)
	at com.kms.katalon.core.webui.keyword.builtin.ClickKeyword.clickUntilSuccessWithTimeout(ClickKeyword.groovy:81)
	at com.kms.katalon.core.webui.keyword.builtin.ClickKeyword.clickUntilSuccessWithTimeout(ClickKeyword.groovy)
	at jdk.internal.reflect.GeneratedMethodAccessor26.invoke(Unknown Source)
	at java.base/jdk.internal.reflect.DelegatingMethodAccessorImpl.invoke(DelegatingMethodAccessorImpl.java:43)
	at com.kms.katalon.core.webui.keyword.builtin.ClickKeyword$_click_closure1.doCall(ClickKeyword.groovy:67)
	at com.kms.katalon.core.webui.keyword.builtin.ClickKeyword$_click_closure1.call(ClickKeyword.groovy)
	at com.kms.katalon.core.webui.keyword.internal.WebUIKeywordMain.runKeyword(WebUIKeywordMain.groovy:20)
	... 23 more


28-05-2024T22:24:41 - [TEST_STEP][PASSED] - openBrowser(""): Browser is opened with url: ''

28-05-2024T22:24:41 - [MESSAGE][WARNING] - A browser is already opened. Closing browser and opening a new one

28-05-2024T22:24:42 - [MESSAGE][INFO] - Starting 'Chrome' driver

28-05-2024T22:24:42 - [MESSAGE][INFO] - Action delay is set to 0 milliseconds

28-05-2024T22:24:42 - [MESSAGE][PASSED] - Browser is opened with url: ''

28-05-2024T22:24:42 - [TEST_STEP][PASSED] - navigateToUrl("https://fptsoftware.com/"): Navigate to 'https://fptsoftware.com/' successfully

28-05-2024T22:24:55 - [MESSAGE][PASSED] - Navigate to 'https://fptsoftware.com/' successfully

28-05-2024T22:24:55 - [TEST_STEP][FAILED] - click(findTestObject("Object Repository/FPT/Page_FPT Software  Leading in Digital trans_9e9e5c/a_About Us")): Unable to click on object 'Object Repository/FPT/Page_FPT Software  Leading in Digital trans_9e9e5c/a_About Us' (Root cause: com.kms.katalon.core.exception.StepFailedException: Unable to click on object 'Object Repository/FPT/Page_FPT Software  Leading in Digital trans_9e9e5c/a_About Us'
	at com.kms.katalon.core.webui.keyword.internal.WebUIKeywordMain.stepFailed(WebUIKeywordMain.groovy:64)
	at com.kms.katalon.core.webui.keyword.internal.WebUIKeywordMain.runKeyword(WebUIKeywordMain.groovy:26)
	at com.kms.katalon.core.webui.keyword.builtin.ClickKeyword.click(ClickKeyword.groovy:74)
	at com.kms.katalon.core.webui.keyword.builtin.ClickKeyword.execute(ClickKeyword.groovy:40)
	at com.kms.katalon.core.keyword.internal.KeywordExecutor.executeKeywordForPlatform(KeywordExecutor.groovy:74)
	at com.kms.katalon.core.webui.keyword.WebUiBuiltInKeywords.click(WebUiBuiltInKeywords.groovy:659)
	at FPT-TC07-Verify-AboutUS-Clickable.run(FPT-TC07-Verify-AboutUS-Clickable:24)
	at com.kms.katalon.core.main.ScriptEngine.run(ScriptEngine.java:194)
	at com.kms.katalon.core.main.ScriptEngine.runScriptAsRawText(ScriptEngine.java:119)
	at com.kms.katalon.core.main.TestCaseExecutor.runScript(TestCaseExecutor.java:448)
	at com.kms.katalon.core.main.TestCaseExecutor.doExecute(TestCaseExecutor.java:439)
	at com.kms.katalon.core.main.TestCaseExecutor.processExecutionPhase(TestCaseExecutor.java:418)
	at com.kms.katalon.core.main.TestCaseExecutor.accessMainPhase(TestCaseExecutor.java:410)
	at com.kms.katalon.core.main.TestCaseExecutor.execute(TestCaseExecutor.java:285)
	at com.kms.katalon.core.main.TestCaseExecutor.execute(TestCaseExecutor.java:369)
	at com.kms.katalon.core.main.TestCaseExecutor.execute(TestCaseExecutor.java:369)
	at com.kms.katalon.core.main.TestCaseExecutor.execute(TestCaseExecutor.java:369)
	at com.kms.katalon.core.common.CommonExecutor.accessTestCaseMainPhase(CommonExecutor.java:65)
	at com.kms.katalon.core.main.TestSuiteExecutor.accessTestSuiteMainPhase(TestSuiteExecutor.java:150)
	at com.kms.katalon.core.main.TestSuiteExecutor.execute(TestSuiteExecutor.java:106)
	at com.kms.katalon.core.main.TestCaseMain.startTestSuite(TestCaseMain.java:180)
	at TempTestSuite1716907349717.run(TempTestSuite1716907349717.groovy:35)
	at java.base/jdk.internal.reflect.NativeMethodAccessorImpl.invoke0(Native Method)
	at java.base/jdk.internal.reflect.NativeMethodAccessorImpl.invoke(NativeMethodAccessorImpl.java:77)
	at java.base/jdk.internal.reflect.DelegatingMethodAccessorImpl.invoke(DelegatingMethodAccessorImpl.java:43)
Caused by: org.openqa.selenium.ElementNotInteractableException: element not interactable
  (Session info: chrome=125.0.6422.112)
Build info: version: '3.141.59', revision: 'e82be7d358', time: '2018-11-14T08:25:53'
System info: host: 'DESKTOP-QSIPVT9', ip: '192.168.1.8', os.name: 'Windows 11', os.arch: 'amd64', os.version: '10.0', java.version: '17.0.7'
Driver info: com.kms.katalon.selenium.driver.CChromeDriver
Capabilities {acceptInsecureCerts: false, browserName: chrome, browserVersion: 125.0.6422.112, chrome: {chromedriverVersion: 125.0.6422.78 (14db42ec38ad..., userDataDir: C:\Users\ToanLa\AppData\Loc...}, fedcm:accounts: true, goog:chromeOptions: {debuggerAddress: localhost:56142}, javascriptEnabled: true, networkConnectionEnabled: false, pageLoadStrategy: normal, platform: WINDOWS, platformName: WINDOWS, proxy: Proxy(), setWindowRect: true, strictFileInteractability: false, timeouts: {implicit: 0, pageLoad: 300000, script: 30000}, unhandledPromptBehavior: dismiss and notify, webauthn:extension:credBlob: true, webauthn:extension:largeBlob: true, webauthn:extension:minPinLength: true, webauthn:extension:prf: true, webauthn:virtualAuthenticators: true}
Session ID: 66cc60aa9d79fb95aedf773319281ce6
	at jdk.internal.reflect.GeneratedConstructorAccessor39.newInstance(Unknown Source)
	at java.base/jdk.internal.reflect.DelegatingConstructorAccessorImpl.newInstance(DelegatingConstructorAccessorImpl.java:45)
	at org.openqa.selenium.remote.http.W3CHttpResponseCodec.createException(W3CHttpResponseCodec.java:187)
	at org.openqa.selenium.remote.http.W3CHttpResponseCodec.decode(W3CHttpResponseCodec.java:122)
	at org.openqa.selenium.remote.http.W3CHttpResponseCodec.decode(W3CHttpResponseCodec.java:49)
	at org.openqa.selenium.remote.HttpCommandExecutor.execute(HttpCommandExecutor.java:158)
	at org.openqa.selenium.remote.service.DriverCommandExecutor.execute(DriverCommandExecutor.java:83)
	at org.openqa.selenium.remote.RemoteWebDriver.execute(RemoteWebDriver.java:552)
	at com.kms.katalon.selenium.driver.CChromeDriver.execute(CChromeDriver.java:19)
	at org.openqa.selenium.remote.RemoteWebElement.execute(RemoteWebElement.java:285)
	at org.openqa.selenium.remote.RemoteWebElement.click(RemoteWebElement.java:84)
	at jdk.internal.reflect.GeneratedMethodAccessor28.invoke(Unknown Source)
	at java.base/jdk.internal.reflect.DelegatingMethodAccessorImpl.invoke(DelegatingMethodAccessorImpl.java:43)
	at org.openqa.selenium.support.events.EventFiringWebDriver$EventFiringWebElement.lambda$new$0(EventFiringWebDriver.java:404)
	at jdk.proxy2/jdk.proxy2.$Proxy26.click(Unknown Source)
	at org.openqa.selenium.support.events.EventFiringWebDriver$EventFiringWebElement.click(EventFiringWebDriver.java:417)
	at org.openqa.selenium.WebElement$click.call(Unknown Source)
	at com.kms.katalon.core.webui.keyword.builtin.ClickKeyword.clickUntilSuccessWithTimeout(ClickKeyword.groovy:81)
	at com.kms.katalon.core.webui.keyword.builtin.ClickKeyword.clickUntilSuccessWithTimeout(ClickKeyword.groovy)
	at jdk.internal.reflect.GeneratedMethodAccessor26.invoke(Unknown Source)
	at java.base/jdk.internal.reflect.DelegatingMethodAccessorImpl.invoke(DelegatingMethodAccessorImpl.java:43)
	at com.kms.katalon.core.webui.keyword.builtin.ClickKeyword$_click_closure1.doCall(ClickKeyword.groovy:67)
	at com.kms.katalon.core.webui.keyword.builtin.ClickKeyword$_click_closure1.call(ClickKeyword.groovy)
	at com.kms.katalon.core.webui.keyword.internal.WebUIKeywordMain.runKeyword(WebUIKeywordMain.groovy:20)
	at com.kms.katalon.core.webui.keyword.builtin.ClickKeyword.click(ClickKeyword.groovy:74)
	at com.kms.katalon.core.webui.keyword.builtin.ClickKeyword.execute(ClickKeyword.groovy:40)
	at com.kms.katalon.core.keyword.internal.KeywordExecutor.executeKeywordForPlatform(KeywordExecutor.groovy:74)
	at com.kms.katalon.core.webui.keyword.WebUiBuiltInKeywords.click(WebUiBuiltInKeywords.groovy:659)
	at Script1716255949939.run(Script1716255949939.groovy:24)
	... 18 more
)

28-05-2024T22:25:27 - [MESSAGE][INFO] - Unable to find the element located by 'By.xpath: //div[@id='header']/div/div/div[2]/div/div[3]/div/nav/ul/li[4]/a'. Please recheck the objects properties to make sure the desired element is located. 

28-05-2024T22:25:27 - [MESSAGE][WARNING] - [SELF-HEALING] Failed to find element with id 'Object Repository/FPT/Page_FPT Software  Leading in Digital trans_9e9e5c/a_About Us'. Try using Self-healing.

28-05-2024T22:25:29 - [MESSAGE][WARNING] - [SELF-HEALING] The current locator of test object 'Object Repository/FPT/Page_FPT Software  Leading in Digital trans_9e9e5c/a_About Us' was broken. Propose an alternative one: '//a[contains(text(),'About Us')]'.

28-05-2024T22:25:31 - [MESSAGE][FAILED] - Unable to click on object 'Object Repository/FPT/Page_FPT Software  Leading in Digital trans_9e9e5c/a_About Us' (Root cause: com.kms.katalon.core.exception.StepFailedException: Unable to click on object 'Object Repository/FPT/Page_FPT Software  Leading in Digital trans_9e9e5c/a_About Us'
	at com.kms.katalon.core.webui.keyword.internal.WebUIKeywordMain.stepFailed(WebUIKeywordMain.groovy:64)
	at com.kms.katalon.core.webui.keyword.internal.WebUIKeywordMain.runKeyword(WebUIKeywordMain.groovy:26)
	at com.kms.katalon.core.webui.keyword.builtin.ClickKeyword.click(ClickKeyword.groovy:74)
	at com.kms.katalon.core.webui.keyword.builtin.ClickKeyword.execute(ClickKeyword.groovy:40)
	at com.kms.katalon.core.keyword.internal.KeywordExecutor.executeKeywordForPlatform(KeywordExecutor.groovy:74)
	at com.kms.katalon.core.webui.keyword.WebUiBuiltInKeywords.click(WebUiBuiltInKeywords.groovy:659)
	at FPT-TC07-Verify-AboutUS-Clickable.run(FPT-TC07-Verify-AboutUS-Clickable:24)
	at com.kms.katalon.core.main.ScriptEngine.run(ScriptEngine.java:194)
	at com.kms.katalon.core.main.ScriptEngine.runScriptAsRawText(ScriptEngine.java:119)
	at com.kms.katalon.core.main.TestCaseExecutor.runScript(TestCaseExecutor.java:448)
	at com.kms.katalon.core.main.TestCaseExecutor.doExecute(TestCaseExecutor.java:439)
	at com.kms.katalon.core.main.TestCaseExecutor.processExecutionPhase(TestCaseExecutor.java:418)
	at com.kms.katalon.core.main.TestCaseExecutor.accessMainPhase(TestCaseExecutor.java:410)
	at com.kms.katalon.core.main.TestCaseExecutor.execute(TestCaseExecutor.java:285)
	at com.kms.katalon.core.main.TestCaseExecutor.execute(TestCaseExecutor.java:369)
	at com.kms.katalon.core.main.TestCaseExecutor.execute(TestCaseExecutor.java:369)
	at com.kms.katalon.core.main.TestCaseExecutor.execute(TestCaseExecutor.java:369)
	at com.kms.katalon.core.common.CommonExecutor.accessTestCaseMainPhase(CommonExecutor.java:65)
	at com.kms.katalon.core.main.TestSuiteExecutor.accessTestSuiteMainPhase(TestSuiteExecutor.java:150)
	at com.kms.katalon.core.main.TestSuiteExecutor.execute(TestSuiteExecutor.java:106)
	at com.kms.katalon.core.main.TestCaseMain.startTestSuite(TestCaseMain.java:180)
	at TempTestSuite1716907349717.run(TempTestSuite1716907349717.groovy:35)
	at java.base/jdk.internal.reflect.NativeMethodAccessorImpl.invoke0(Native Method)
	at java.base/jdk.internal.reflect.NativeMethodAccessorImpl.invoke(NativeMethodAccessorImpl.java:77)
	at java.base/jdk.internal.reflect.DelegatingMethodAccessorImpl.invoke(DelegatingMethodAccessorImpl.java:43)
Caused by: org.openqa.selenium.ElementNotInteractableException: element not interactable
  (Session info: chrome=125.0.6422.112)
Build info: version: '3.141.59', revision: 'e82be7d358', time: '2018-11-14T08:25:53'
System info: host: 'DESKTOP-QSIPVT9', ip: '192.168.1.8', os.name: 'Windows 11', os.arch: 'amd64', os.version: '10.0', java.version: '17.0.7'
Driver info: com.kms.katalon.selenium.driver.CChromeDriver
Capabilities {acceptInsecureCerts: false, browserName: chrome, browserVersion: 125.0.6422.112, chrome: {chromedriverVersion: 125.0.6422.78 (14db42ec38ad..., userDataDir: C:\Users\ToanLa\AppData\Loc...}, fedcm:accounts: true, goog:chromeOptions: {debuggerAddress: localhost:56142}, javascriptEnabled: true, networkConnectionEnabled: false, pageLoadStrategy: normal, platform: WINDOWS, platformName: WINDOWS, proxy: Proxy(), setWindowRect: true, strictFileInteractability: false, timeouts: {implicit: 0, pageLoad: 300000, script: 30000}, unhandledPromptBehavior: dismiss and notify, webauthn:extension:credBlob: true, webauthn:extension:largeBlob: true, webauthn:extension:minPinLength: true, webauthn:extension:prf: true, webauthn:virtualAuthenticators: true}
Session ID: 66cc60aa9d79fb95aedf773319281ce6
	at jdk.internal.reflect.GeneratedConstructorAccessor39.newInstance(Unknown Source)
	at java.base/jdk.internal.reflect.DelegatingConstructorAccessorImpl.newInstance(DelegatingConstructorAccessorImpl.java:45)
	at org.openqa.selenium.remote.http.W3CHttpResponseCodec.createException(W3CHttpResponseCodec.java:187)
	at org.openqa.selenium.remote.http.W3CHttpResponseCodec.decode(W3CHttpResponseCodec.java:122)
	at org.openqa.selenium.remote.http.W3CHttpResponseCodec.decode(W3CHttpResponseCodec.java:49)
	at org.openqa.selenium.remote.HttpCommandExecutor.execute(HttpCommandExecutor.java:158)
	at org.openqa.selenium.remote.service.DriverCommandExecutor.execute(DriverCommandExecutor.java:83)
	at org.openqa.selenium.remote.RemoteWebDriver.execute(RemoteWebDriver.java:552)
	at com.kms.katalon.selenium.driver.CChromeDriver.execute(CChromeDriver.java:19)
	at org.openqa.selenium.remote.RemoteWebElement.execute(RemoteWebElement.java:285)
	at org.openqa.selenium.remote.RemoteWebElement.click(RemoteWebElement.java:84)
	at jdk.internal.reflect.GeneratedMethodAccessor28.invoke(Unknown Source)
	at java.base/jdk.internal.reflect.DelegatingMethodAccessorImpl.invoke(DelegatingMethodAccessorImpl.java:43)
	at org.openqa.selenium.support.events.EventFiringWebDriver$EventFiringWebElement.lambda$new$0(EventFiringWebDriver.java:404)
	at jdk.proxy2/jdk.proxy2.$Proxy26.click(Unknown Source)
	at org.openqa.selenium.support.events.EventFiringWebDriver$EventFiringWebElement.click(EventFiringWebDriver.java:417)
	at org.openqa.selenium.WebElement$click.call(Unknown Source)
	at com.kms.katalon.core.webui.keyword.builtin.ClickKeyword.clickUntilSuccessWithTimeout(ClickKeyword.groovy:81)
	at com.kms.katalon.core.webui.keyword.builtin.ClickKeyword.clickUntilSuccessWithTimeout(ClickKeyword.groovy)
	at jdk.internal.reflect.GeneratedMethodAccessor26.invoke(Unknown Source)
	at java.base/jdk.internal.reflect.DelegatingMethodAccessorImpl.invoke(DelegatingMethodAccessorImpl.java:43)
	at com.kms.katalon.core.webui.keyword.builtin.ClickKeyword$_click_closure1.doCall(ClickKeyword.groovy:67)
	at com.kms.katalon.core.webui.keyword.builtin.ClickKeyword$_click_closure1.call(ClickKeyword.groovy)
	at com.kms.katalon.core.webui.keyword.internal.WebUIKeywordMain.runKeyword(WebUIKeywordMain.groovy:20)
	at com.kms.katalon.core.webui.keyword.builtin.ClickKeyword.click(ClickKeyword.groovy:74)
	at com.kms.katalon.core.webui.keyword.builtin.ClickKeyword.execute(ClickKeyword.groovy:40)
	at com.kms.katalon.core.keyword.internal.KeywordExecutor.executeKeywordForPlatform(KeywordExecutor.groovy:74)
	at com.kms.katalon.core.webui.keyword.WebUiBuiltInKeywords.click(WebUiBuiltInKeywords.groovy:659)
	at Script1716255949939.run(Script1716255949939.groovy:24)
	... 18 more
)
[[ATTACHMENT|C:\\Users\\ToanLa\\git\\katalon\\Reports\\20240528_214204\\FPT\\fpt-suites\\20240528_214229\\1716909929365.png]]]]></system-out>
         <system-err><![CDATA[28-05-2024T22:24:41 - [TEST_CASE][FAILED] - Test Cases/FPT-TC07-Verify-AboutUS-Clickable: Test Cases/FPT-TC07-Verify-AboutUS-Clickable FAILED.
Reason:
com.kms.katalon.core.exception.StepFailedException: Unable to click on object 'Object Repository/FPT/Page_FPT Software  Leading in Digital trans_9e9e5c/a_About Us'
	at com.kms.katalon.core.webui.keyword.internal.WebUIKeywordMain.stepFailed(WebUIKeywordMain.groovy:64)
	at com.kms.katalon.core.webui.keyword.internal.WebUIKeywordMain.runKeyword(WebUIKeywordMain.groovy:26)
	at com.kms.katalon.core.webui.keyword.builtin.ClickKeyword.click(ClickKeyword.groovy:74)
	at com.kms.katalon.core.webui.keyword.builtin.ClickKeyword.execute(ClickKeyword.groovy:40)
	at com.kms.katalon.core.keyword.internal.KeywordExecutor.executeKeywordForPlatform(KeywordExecutor.groovy:74)
	at com.kms.katalon.core.webui.keyword.WebUiBuiltInKeywords.click(WebUiBuiltInKeywords.groovy:659)
	at FPT-TC07-Verify-AboutUS-Clickable.run(FPT-TC07-Verify-AboutUS-Clickable:24)
	at com.kms.katalon.core.main.ScriptEngine.run(ScriptEngine.java:194)
	at com.kms.katalon.core.main.ScriptEngine.runScriptAsRawText(ScriptEngine.java:119)
	at com.kms.katalon.core.main.TestCaseExecutor.runScript(TestCaseExecutor.java:448)
	at com.kms.katalon.core.main.TestCaseExecutor.doExecute(TestCaseExecutor.java:439)
	at com.kms.katalon.core.main.TestCaseExecutor.processExecutionPhase(TestCaseExecutor.java:418)
	at com.kms.katalon.core.main.TestCaseExecutor.accessMainPhase(TestCaseExecutor.java:410)
	at com.kms.katalon.core.main.TestCaseExecutor.execute(TestCaseExecutor.java:285)
	at com.kms.katalon.core.main.TestCaseExecutor.execute(TestCaseExecutor.java:369)
	at com.kms.katalon.core.main.TestCaseExecutor.execute(TestCaseExecutor.java:369)
	at com.kms.katalon.core.main.TestCaseExecutor.execute(TestCaseExecutor.java:369)
	at com.kms.katalon.core.common.CommonExecutor.accessTestCaseMainPhase(CommonExecutor.java:65)
	at com.kms.katalon.core.main.TestSuiteExecutor.accessTestSuiteMainPhase(TestSuiteExecutor.java:150)
	at com.kms.katalon.core.main.TestSuiteExecutor.execute(TestSuiteExecutor.java:106)
	at com.kms.katalon.core.main.TestCaseMain.startTestSuite(TestCaseMain.java:180)
	at TempTestSuite1716907349717.run(TempTestSuite1716907349717.groovy:35)
	at java.base/jdk.internal.reflect.NativeMethodAccessorImpl.invoke0(Native Method)
	at java.base/jdk.internal.reflect.NativeMethodAccessorImpl.invoke(NativeMethodAccessorImpl.java:77)
	at java.base/jdk.internal.reflect.DelegatingMethodAccessorImpl.invoke(DelegatingMethodAccessorImpl.java:43)
Caused by: org.openqa.selenium.ElementNotInteractableException: element not interactable
  (Session info: chrome=125.0.6422.112)
Build info: version: '3.141.59', revision: 'e82be7d358', time: '2018-11-14T08:25:53'
System info: host: 'DESKTOP-QSIPVT9', ip: '192.168.1.8', os.name: 'Windows 11', os.arch: 'amd64', os.version: '10.0', java.version: '17.0.7'
Driver info: com.kms.katalon.selenium.driver.CChromeDriver
Capabilities {acceptInsecureCerts: false, browserName: chrome, browserVersion: 125.0.6422.112, chrome: {chromedriverVersion: 125.0.6422.78 (14db42ec38ad..., userDataDir: C:\Users\ToanLa\AppData\Loc...}, fedcm:accounts: true, goog:chromeOptions: {debuggerAddress: localhost:56142}, javascriptEnabled: true, networkConnectionEnabled: false, pageLoadStrategy: normal, platform: WINDOWS, platformName: WINDOWS, proxy: Proxy(), setWindowRect: true, strictFileInteractability: false, timeouts: {implicit: 0, pageLoad: 300000, script: 30000}, unhandledPromptBehavior: dismiss and notify, webauthn:extension:credBlob: true, webauthn:extension:largeBlob: true, webauthn:extension:minPinLength: true, webauthn:extension:prf: true, webauthn:virtualAuthenticators: true}
Session ID: 66cc60aa9d79fb95aedf773319281ce6
	at jdk.internal.reflect.GeneratedConstructorAccessor39.newInstance(Unknown Source)
	at java.base/jdk.internal.reflect.DelegatingConstructorAccessorImpl.newInstance(DelegatingConstructorAccessorImpl.java:45)
	at org.openqa.selenium.remote.http.W3CHttpResponseCodec.createException(W3CHttpResponseCodec.java:187)
	at org.openqa.selenium.remote.http.W3CHttpResponseCodec.decode(W3CHttpResponseCodec.java:122)
	at org.openqa.selenium.remote.http.W3CHttpResponseCodec.decode(W3CHttpResponseCodec.java:49)
	at org.openqa.selenium.remote.HttpCommandExecutor.execute(HttpCommandExecutor.java:158)
	at org.openqa.selenium.remote.service.DriverCommandExecutor.execute(DriverCommandExecutor.java:83)
	at org.openqa.selenium.remote.RemoteWebDriver.execute(RemoteWebDriver.java:552)
	at com.kms.katalon.selenium.driver.CChromeDriver.execute(CChromeDriver.java:19)
	at org.openqa.selenium.remote.RemoteWebElement.execute(RemoteWebElement.java:285)
	at org.openqa.selenium.remote.RemoteWebElement.click(RemoteWebElement.java:84)
	at jdk.internal.reflect.GeneratedMethodAccessor28.invoke(Unknown Source)
	at java.base/jdk.internal.reflect.DelegatingMethodAccessorImpl.invoke(DelegatingMethodAccessorImpl.java:43)
	at org.openqa.selenium.support.events.EventFiringWebDriver$EventFiringWebElement.lambda$new$0(EventFiringWebDriver.java:404)
	at jdk.proxy2/jdk.proxy2.$Proxy26.click(Unknown Source)
	at org.openqa.selenium.support.events.EventFiringWebDriver$EventFiringWebElement.click(EventFiringWebDriver.java:417)
	at org.openqa.selenium.WebElement$click.call(Unknown Source)
	at com.kms.katalon.core.webui.keyword.builtin.ClickKeyword.clickUntilSuccessWithTimeout(ClickKeyword.groovy:81)
	at com.kms.katalon.core.webui.keyword.builtin.ClickKeyword.clickUntilSuccessWithTimeout(ClickKeyword.groovy)
	at jdk.internal.reflect.GeneratedMethodAccessor26.invoke(Unknown Source)
	at java.base/jdk.internal.reflect.DelegatingMethodAccessorImpl.invoke(DelegatingMethodAccessorImpl.java:43)
	at com.kms.katalon.core.webui.keyword.builtin.ClickKeyword$_click_closure1.doCall(ClickKeyword.groovy:67)
	at com.kms.katalon.core.webui.keyword.builtin.ClickKeyword$_click_closure1.call(ClickKeyword.groovy)
	at com.kms.katalon.core.webui.keyword.internal.WebUIKeywordMain.runKeyword(WebUIKeywordMain.groovy:20)
	... 23 more]]></system-err>
      </testcase>
      <system-out><![CDATA[28-05-2024T21:44:53 - [TEST_SUITE][FAILED] - fpt-suites: Test Cases/FPT-TC-16-Journey-Clickable FAILED.
Reason:
com.kms.katalon.core.exception.StepFailedException: Unable to click on object 'Object Repository/FPT/Page_Accompany You on Your Transformation J_93dfc8/a_Accompany You on Your Transformation Journey'
	at com.kms.katalon.core.webui.keyword.internal.WebUIKeywordMain.stepFailed(WebUIKeywordMain.groovy:64)
	at com.kms.katalon.core.webui.keyword.internal.WebUIKeywordMain.runKeyword(WebUIKeywordMain.groovy:26)
	at com.kms.katalon.core.webui.keyword.builtin.ClickKeyword.click(ClickKeyword.groovy:74)
	at com.kms.katalon.core.webui.keyword.builtin.ClickKeyword.execute(ClickKeyword.groovy:40)
	at com.kms.katalon.core.keyword.internal.KeywordExecutor.executeKeywordForPlatform(KeywordExecutor.groovy:74)
	at com.kms.katalon.core.webui.keyword.WebUiBuiltInKeywords.click(WebUiBuiltInKeywords.groovy:659)
	at FPT-TC-16-Journey-Clickable.run(FPT-TC-16-Journey-Clickable:24)
	at com.kms.katalon.core.main.ScriptEngine.run(ScriptEngine.java:194)
	at com.kms.katalon.core.main.ScriptEngine.runScriptAsRawText(ScriptEngine.java:119)
	at com.kms.katalon.core.main.TestCaseExecutor.runScript(TestCaseExecutor.java:448)
	at com.kms.katalon.core.main.TestCaseExecutor.doExecute(TestCaseExecutor.java:439)
	at com.kms.katalon.core.main.TestCaseExecutor.processExecutionPhase(TestCaseExecutor.java:418)
	at com.kms.katalon.core.main.TestCaseExecutor.accessMainPhase(TestCaseExecutor.java:410)
	at com.kms.katalon.core.main.TestCaseExecutor.execute(TestCaseExecutor.java:285)
	at com.kms.katalon.core.common.CommonExecutor.accessTestCaseMainPhase(CommonExecutor.java:65)
	at com.kms.katalon.core.main.TestSuiteExecutor.accessTestSuiteMainPhase(TestSuiteExecutor.java:150)
	at com.kms.katalon.core.main.TestSuiteExecutor.execute(TestSuiteExecutor.java:106)
	at com.kms.katalon.core.main.TestCaseMain.startTestSuite(TestCaseMain.java:180)
	at TempTestSuite1716907349717.run(TempTestSuite1716907349717.groovy:35)
	at java.base/jdk.internal.reflect.NativeMethodAccessorImpl.invoke0(Native Method)
	at java.base/jdk.internal.reflect.NativeMethodAccessorImpl.invoke(NativeMethodAccessorImpl.java:77)
	at java.base/jdk.internal.reflect.DelegatingMethodAccessorImpl.invoke(DelegatingMethodAccessorImpl.java:43)
Caused by: org.openqa.selenium.ElementNotInteractableException: element not interactable
  (Session info: chrome=125.0.6422.112)
Build info: version: '3.141.59', revision: 'e82be7d358', time: '2018-11-14T08:25:53'
System info: host: 'DESKTOP-QSIPVT9', ip: '192.168.1.8', os.name: 'Windows 11', os.arch: 'amd64', os.version: '10.0', java.version: '17.0.7'
Driver info: com.kms.katalon.selenium.driver.CChromeDriver
Capabilities {acceptInsecureCerts: false, browserName: chrome, browserVersion: 125.0.6422.112, chrome: {chromedriverVersion: 125.0.6422.78 (14db42ec38ad..., userDataDir: C:\Users\ToanLa\AppData\Loc...}, fedcm:accounts: true, goog:chromeOptions: {debuggerAddress: localhost:63260}, javascriptEnabled: true, networkConnectionEnabled: false, pageLoadStrategy: normal, platform: WINDOWS, platformName: WINDOWS, proxy: Proxy(), setWindowRect: true, strictFileInteractability: false, timeouts: {implicit: 0, pageLoad: 300000, script: 30000}, unhandledPromptBehavior: dismiss and notify, webauthn:extension:credBlob: true, webauthn:extension:largeBlob: true, webauthn:extension:minPinLength: true, webauthn:extension:prf: true, webauthn:virtualAuthenticators: true}
Session ID: ab394276f67ca92a81cd5b2271de2e31
	at java.base/jdk.internal.reflect.NativeConstructorAccessorImpl.newInstance0(Native Method)
	at java.base/jdk.internal.reflect.NativeConstructorAccessorImpl.newInstance(NativeConstructorAccessorImpl.java:77)
	at java.base/jdk.internal.reflect.DelegatingConstructorAccessorImpl.newInstance(DelegatingConstructorAccessorImpl.java:45)
	at org.openqa.selenium.remote.http.W3CHttpResponseCodec.createException(W3CHttpResponseCodec.java:187)
	at org.openqa.selenium.remote.http.W3CHttpResponseCodec.decode(W3CHttpResponseCodec.java:122)
	at org.openqa.selenium.remote.http.W3CHttpResponseCodec.decode(W3CHttpResponseCodec.java:49)
	at org.openqa.selenium.remote.HttpCommandExecutor.execute(HttpCommandExecutor.java:158)
	at org.openqa.selenium.remote.service.DriverCommandExecutor.execute(DriverCommandExecutor.java:83)
	at org.openqa.selenium.remote.RemoteWebDriver.execute(RemoteWebDriver.java:552)
	at com.kms.katalon.selenium.driver.CChromeDriver.execute(CChromeDriver.java:19)
	at org.openqa.selenium.remote.RemoteWebElement.execute(RemoteWebElement.java:285)
	at org.openqa.selenium.remote.RemoteWebElement.click(RemoteWebElement.java:84)
	at java.base/jdk.internal.reflect.NativeMethodAccessorImpl.invoke0(Native Method)
	at java.base/jdk.internal.reflect.NativeMethodAccessorImpl.invoke(NativeMethodAccessorImpl.java:77)
	at java.base/jdk.internal.reflect.DelegatingMethodAccessorImpl.invoke(DelegatingMethodAccessorImpl.java:43)
	at org.openqa.selenium.support.events.EventFiringWebDriver$EventFiringWebElement.lambda$new$0(EventFiringWebDriver.java:404)
	at jdk.proxy2/jdk.proxy2.$Proxy26.click(Unknown Source)
	at org.openqa.selenium.support.events.EventFiringWebDriver$EventFiringWebElement.click(EventFiringWebDriver.java:417)
	at org.openqa.selenium.WebElement$click.call(Unknown Source)
	at com.kms.katalon.core.webui.keyword.builtin.ClickKeyword.clickUntilSuccessWithTimeout(ClickKeyword.groovy:81)
	at com.kms.katalon.core.webui.keyword.builtin.ClickKeyword.clickUntilSuccessWithTimeout(ClickKeyword.groovy)
	at java.base/jdk.internal.reflect.NativeMethodAccessorImpl.invoke0(Native Method)
	at java.base/jdk.internal.reflect.NativeMethodAccessorImpl.invoke(NativeMethodAccessorImpl.java:77)
	at java.base/jdk.internal.reflect.DelegatingMethodAccessorImpl.invoke(DelegatingMethodAccessorImpl.java:43)
	at com.kms.katalon.core.webui.keyword.builtin.ClickKeyword$_click_closure1.doCall(ClickKeyword.groovy:67)
	at com.kms.katalon.core.webui.keyword.builtin.ClickKeyword$_click_closure1.call(ClickKeyword.groovy)
	at com.kms.katalon.core.webui.keyword.internal.WebUIKeywordMain.runKeyword(WebUIKeywordMain.groovy:20)
	... 20 more]]></system-out>
      <system-err><![CDATA[28-05-2024T21:44:53 - [TEST_SUITE][FAILED] - fpt-suites: Test Cases/FPT-TC-16-Journey-Clickable FAILED.
Reason:
com.kms.katalon.core.exception.StepFailedException: Unable to click on object 'Object Repository/FPT/Page_Accompany You on Your Transformation J_93dfc8/a_Accompany You on Your Transformation Journey'
	at com.kms.katalon.core.webui.keyword.internal.WebUIKeywordMain.stepFailed(WebUIKeywordMain.groovy:64)
	at com.kms.katalon.core.webui.keyword.internal.WebUIKeywordMain.runKeyword(WebUIKeywordMain.groovy:26)
	at com.kms.katalon.core.webui.keyword.builtin.ClickKeyword.click(ClickKeyword.groovy:74)
	at com.kms.katalon.core.webui.keyword.builtin.ClickKeyword.execute(ClickKeyword.groovy:40)
	at com.kms.katalon.core.keyword.internal.KeywordExecutor.executeKeywordForPlatform(KeywordExecutor.groovy:74)
	at com.kms.katalon.core.webui.keyword.WebUiBuiltInKeywords.click(WebUiBuiltInKeywords.groovy:659)
	at FPT-TC-16-Journey-Clickable.run(FPT-TC-16-Journey-Clickable:24)
	at com.kms.katalon.core.main.ScriptEngine.run(ScriptEngine.java:194)
	at com.kms.katalon.core.main.ScriptEngine.runScriptAsRawText(ScriptEngine.java:119)
	at com.kms.katalon.core.main.TestCaseExecutor.runScript(TestCaseExecutor.java:448)
	at com.kms.katalon.core.main.TestCaseExecutor.doExecute(TestCaseExecutor.java:439)
	at com.kms.katalon.core.main.TestCaseExecutor.processExecutionPhase(TestCaseExecutor.java:418)
	at com.kms.katalon.core.main.TestCaseExecutor.accessMainPhase(TestCaseExecutor.java:410)
	at com.kms.katalon.core.main.TestCaseExecutor.execute(TestCaseExecutor.java:285)
	at com.kms.katalon.core.common.CommonExecutor.accessTestCaseMainPhase(CommonExecutor.java:65)
	at com.kms.katalon.core.main.TestSuiteExecutor.accessTestSuiteMainPhase(TestSuiteExecutor.java:150)
	at com.kms.katalon.core.main.TestSuiteExecutor.execute(TestSuiteExecutor.java:106)
	at com.kms.katalon.core.main.TestCaseMain.startTestSuite(TestCaseMain.java:180)
	at TempTestSuite1716907349717.run(TempTestSuite1716907349717.groovy:35)
	at java.base/jdk.internal.reflect.NativeMethodAccessorImpl.invoke0(Native Method)
	at java.base/jdk.internal.reflect.NativeMethodAccessorImpl.invoke(NativeMethodAccessorImpl.java:77)
	at java.base/jdk.internal.reflect.DelegatingMethodAccessorImpl.invoke(DelegatingMethodAccessorImpl.java:43)
Caused by: org.openqa.selenium.ElementNotInteractableException: element not interactable
  (Session info: chrome=125.0.6422.112)
Build info: version: '3.141.59', revision: 'e82be7d358', time: '2018-11-14T08:25:53'
System info: host: 'DESKTOP-QSIPVT9', ip: '192.168.1.8', os.name: 'Windows 11', os.arch: 'amd64', os.version: '10.0', java.version: '17.0.7'
Driver info: com.kms.katalon.selenium.driver.CChromeDriver
Capabilities {acceptInsecureCerts: false, browserName: chrome, browserVersion: 125.0.6422.112, chrome: {chromedriverVersion: 125.0.6422.78 (14db42ec38ad..., userDataDir: C:\Users\ToanLa\AppData\Loc...}, fedcm:accounts: true, goog:chromeOptions: {debuggerAddress: localhost:63260}, javascriptEnabled: true, networkConnectionEnabled: false, pageLoadStrategy: normal, platform: WINDOWS, platformName: WINDOWS, proxy: Proxy(), setWindowRect: true, strictFileInteractability: false, timeouts: {implicit: 0, pageLoad: 300000, script: 30000}, unhandledPromptBehavior: dismiss and notify, webauthn:extension:credBlob: true, webauthn:extension:largeBlob: true, webauthn:extension:minPinLength: true, webauthn:extension:prf: true, webauthn:virtualAuthenticators: true}
Session ID: ab394276f67ca92a81cd5b2271de2e31
	at java.base/jdk.internal.reflect.NativeConstructorAccessorImpl.newInstance0(Native Method)
	at java.base/jdk.internal.reflect.NativeConstructorAccessorImpl.newInstance(NativeConstructorAccessorImpl.java:77)
	at java.base/jdk.internal.reflect.DelegatingConstructorAccessorImpl.newInstance(DelegatingConstructorAccessorImpl.java:45)
	at org.openqa.selenium.remote.http.W3CHttpResponseCodec.createException(W3CHttpResponseCodec.java:187)
	at org.openqa.selenium.remote.http.W3CHttpResponseCodec.decode(W3CHttpResponseCodec.java:122)
	at org.openqa.selenium.remote.http.W3CHttpResponseCodec.decode(W3CHttpResponseCodec.java:49)
	at org.openqa.selenium.remote.HttpCommandExecutor.execute(HttpCommandExecutor.java:158)
	at org.openqa.selenium.remote.service.DriverCommandExecutor.execute(DriverCommandExecutor.java:83)
	at org.openqa.selenium.remote.RemoteWebDriver.execute(RemoteWebDriver.java:552)
	at com.kms.katalon.selenium.driver.CChromeDriver.execute(CChromeDriver.java:19)
	at org.openqa.selenium.remote.RemoteWebElement.execute(RemoteWebElement.java:285)
	at org.openqa.selenium.remote.RemoteWebElement.click(RemoteWebElement.java:84)
	at java.base/jdk.internal.reflect.NativeMethodAccessorImpl.invoke0(Native Method)
	at java.base/jdk.internal.reflect.NativeMethodAccessorImpl.invoke(NativeMethodAccessorImpl.java:77)
	at java.base/jdk.internal.reflect.DelegatingMethodAccessorImpl.invoke(DelegatingMethodAccessorImpl.java:43)
	at org.openqa.selenium.support.events.EventFiringWebDriver$EventFiringWebElement.lambda$new$0(EventFiringWebDriver.java:404)
	at jdk.proxy2/jdk.proxy2.$Proxy26.click(Unknown Source)
	at org.openqa.selenium.support.events.EventFiringWebDriver$EventFiringWebElement.click(EventFiringWebDriver.java:417)
	at org.openqa.selenium.WebElement$click.call(Unknown Source)
	at com.kms.katalon.core.webui.keyword.builtin.ClickKeyword.clickUntilSuccessWithTimeout(ClickKeyword.groovy:81)
	at com.kms.katalon.core.webui.keyword.builtin.ClickKeyword.clickUntilSuccessWithTimeout(ClickKeyword.groovy)
	at java.base/jdk.internal.reflect.NativeMethodAccessorImpl.invoke0(Native Method)
	at java.base/jdk.internal.reflect.NativeMethodAccessorImpl.invoke(NativeMethodAccessorImpl.java:77)
	at java.base/jdk.internal.reflect.DelegatingMethodAccessorImpl.invoke(DelegatingMethodAccessorImpl.java:43)
	at com.kms.katalon.core.webui.keyword.builtin.ClickKeyword$_click_closure1.doCall(ClickKeyword.groovy:67)
	at com.kms.katalon.core.webui.keyword.builtin.ClickKeyword$_click_closure1.call(ClickKeyword.groovy)
	at com.kms.katalon.core.webui.keyword.internal.WebUIKeywordMain.runKeyword(WebUIKeywordMain.groovy:20)
	... 20 more]]></system-err>
   </testsuite>
   <testsuite name="Verify_Body" tests="2" failures="2" errors="0" time="770.291" skipped="0" timestamp="28-05-2024T21:45:04" hostname="ToanLa - DESKTOP-QSIPVT9" id="Test Suites/FPT/Verify_Body">
      <properties>
         <property name="deviceName" value=""/>
         <property name="devicePlatform" value=""/>
         <property name="logFolder" value="C:\\Users\\ToanLa\\git\\katalon\\Reports\\20240528_214204\\FPT\\Verify_Body\\20240528_214231"/>
         <property name="logFiles" value="C:\\Users\\ToanLa\\git\\katalon\\Reports\\20240528_214204\\FPT\\Verify_Body\\20240528_214231\\execution0.log"/>
         <property name="attachments" value="C:\\Users\\ToanLa\\git\\katalon\\Reports\\20240528_214204\\FPT\\Verify_Body\\20240528_214231\\1716907574843.png, C:\\Users\\ToanLa\\git\\katalon\\Reports\\20240528_214204\\FPT\\Verify_Body\\20240528_214231\\1716907576021.png, C:\\Users\\ToanLa\\git\\katalon\\Reports\\20240528_214204\\FPT\\Verify_Body\\20240528_214231\\1716907666885.png, C:\\Users\\ToanLa\\git\\katalon\\Reports\\20240528_214204\\FPT\\Verify_Body\\20240528_214231\\1716907667680.png, C:\\Users\\ToanLa\\git\\katalon\\Reports\\20240528_214204\\FPT\\Verify_Body\\20240528_214231\\1716907721990.png, C:\\Users\\ToanLa\\git\\katalon\\Reports\\20240528_214204\\FPT\\Verify_Body\\20240528_214231\\1716907722842.png, C:\\Users\\ToanLa\\git\\katalon\\Reports\\20240528_214204\\FPT\\Verify_Body\\20240528_214231\\1716907862144.png, C:\\Users\\ToanLa\\git\\katalon\\Reports\\20240528_214204\\FPT\\Verify_Body\\20240528_214231\\1716907863735.png, C:\\Users\\ToanLa\\git\\katalon\\Reports\\20240528_214204\\FPT\\Verify_Body\\20240528_214231\\1716908015240.png, C:\\Users\\ToanLa\\git\\katalon\\Reports\\20240528_214204\\FPT\\Verify_Body\\20240528_214231\\1716908016282.png, C:\\Users\\ToanLa\\git\\katalon\\Reports\\20240528_214204\\FPT\\Verify_Body\\20240528_214231\\1716908131779.png, C:\\Users\\ToanLa\\git\\katalon\\Reports\\20240528_214204\\FPT\\Verify_Body\\20240528_214231\\1716908132743.png, C:\\Users\\ToanLa\\git\\katalon\\Reports\\20240528_214204\\FPT\\Verify_Body\\20240528_214231\\1716908272621.png, C:\\Users\\ToanLa\\git\\katalon\\Reports\\20240528_214204\\FPT\\Verify_Body\\20240528_214231\\1716908273698.png"/>
         <property name="hostName" value="ToanLa - DESKTOP-QSIPVT9"/>
         <property name="os" value="Windows 11 64bit"/>
         <property name="katalonVersion" value="9.4.0.212"/>
         <property name="browser" value="Chrome 125.0.0.0"/>
         <property name="hostAddress" value="192.168.1.8"/>
         <property name="sessionId" value="fa250afb252125c65f227d72cef537a9"/>
         <property name="seleniumVersion" value="3.141.59"/>
         <property name="proxyInformation" value="ProxyInformation { proxyOption=NO_PROXY, proxyServerType=HTTP, username=, password=********, proxyServerAddress=, proxyServerPort=0, executionList=&quot;&quot;, isApplyToDesiredCapabilities=true }"/>
         <property name="platform" value="Windows 11"/>
      </properties>
      <testcase name="Test Cases/FPT-TC03-Verify-Customer-Stories" time="18.461" classname="Test Cases/FPT-TC03-Verify-Customer-Stories" status="FAILED">
         <failure type="FAILED" message="Test Cases/FPT-TC03-Verify-Customer-Stories FAILED.&#xa;Reason:&#xa;com.kms.katalon.core.exception.StepFailedException: Verify element text of test object 'Object Repository/FPT/Page_FPT Software  Leading in Digital trans_9e9e5c/h3_CUSTOMER STORIES' FAILED.&#xa;	at com.kms.katalon.core.webui.keyword.internal.WebUIKeywordMain.stepFailed(WebUIKeywordMain.groovy:64)&#xa;	at com.kms.katalon.core.webui.keyword.internal.WebUIKeywordMain.runKeyword(WebUIKeywordMain.groovy:26)&#xa;	at com.kms.katalon.core.webui.keyword.builtin.VerifyElementTextKeyword.verifyElementText(VerifyElementTextKeyword.groovy:72)&#xa;	at com.kms.katalon.core.webui.keyword.builtin.VerifyElementTextKeyword.execute(VerifyElementTextKeyword.groovy:40)&#xa;	at com.kms.katalon.core.keyword.internal.KeywordExecutor.executeKeywordForPlatform(KeywordExecutor.groovy:74)&#xa;	at com.kms.katalon.core.webui.keyword.WebUiBuiltInKeywords.verifyElementText(WebUiBuiltInKeywords.groovy:4835)&#xa;	at FPT-TC03-Verify-Customer-Stories.run(FPT-TC03-Verify-Customer-Stories:24)&#xa;	at com.kms.katalon.core.main.ScriptEngine.run(ScriptEngine.java:194)&#xa;	at com.kms.katalon.core.main.ScriptEngine.runScriptAsRawText(ScriptEngine.java:119)&#xa;	at com.kms.katalon.core.main.TestCaseExecutor.runScript(TestCaseExecutor.java:448)&#xa;	at com.kms.katalon.core.main.TestCaseExecutor.doExecute(TestCaseExecutor.java:439)&#xa;	at com.kms.katalon.core.main.TestCaseExecutor.processExecutionPhase(TestCaseExecutor.java:418)&#xa;	at com.kms.katalon.core.main.TestCaseExecutor.accessMainPhase(TestCaseExecutor.java:410)&#xa;	at com.kms.katalon.core.main.TestCaseExecutor.execute(TestCaseExecutor.java:285)&#xa;	at com.kms.katalon.core.main.TestCaseExecutor.execute(TestCaseExecutor.java:369)&#xa;	at com.kms.katalon.core.main.TestCaseExecutor.execute(TestCaseExecutor.java:369)&#xa;	at com.kms.katalon.core.main.TestCaseExecutor.execute(TestCaseExecutor.java:369)&#xa;	at com.kms.katalon.core.common.CommonExecutor.accessTestCaseMainPhase(CommonExecutor.java:65)&#xa;	at com.kms.katalon.core.main.TestSuiteExecutor.accessTestSuiteMainPhase(TestSuiteExecutor.java:150)&#xa;	at com.kms.katalon.core.main.TestSuiteExecutor.execute(TestSuiteExecutor.java:106)&#xa;	at com.kms.katalon.core.main.TestCaseMain.startTestSuite(TestCaseMain.java:180)&#xa;	at TempTestSuite1716907351103.run(TempTestSuite1716907351103.groovy:35)&#xa;	at java.base/jdk.internal.reflect.NativeMethodAccessorImpl.invoke0(Native Method)&#xa;	at java.base/jdk.internal.reflect.NativeMethodAccessorImpl.invoke(NativeMethodAccessorImpl.java:77)&#xa;	at java.base/jdk.internal.reflect.DelegatingMethodAccessorImpl.invoke(DelegatingMethodAccessorImpl.java:43)&#xa;Caused by: org.openqa.selenium.WebDriverException: disconnected: not connected to DevTools&#xa;  (failed to check if window was closed: disconnected: not connected to DevTools)&#xa;  (Session info: chrome=125.0.6422.112)&#xa;Build info: version: '3.141.59', revision: 'e82be7d358', time: '2018-11-14T08:25:53'&#xa;System info: host: 'DESKTOP-QSIPVT9', ip: '192.168.1.8', os.name: 'Windows 11', os.arch: 'amd64', os.version: '10.0', java.version: '17.0.7'&#xa;Driver info: com.kms.katalon.selenium.driver.CChromeDriver&#xa;Capabilities {acceptInsecureCerts: false, browserName: chrome, browserVersion: 125.0.6422.112, chrome: {chromedriverVersion: 125.0.6422.78 (14db42ec38ad..., userDataDir: C:\Users\ToanLa\AppData\Loc...}, fedcm:accounts: true, goog:chromeOptions: {debuggerAddress: localhost:53246}, javascriptEnabled: true, networkConnectionEnabled: false, pageLoadStrategy: normal, platform: WINDOWS, platformName: WINDOWS, proxy: Proxy(), setWindowRect: true, strictFileInteractability: false, timeouts: {implicit: 0, pageLoad: 300000, script: 30000}, unhandledPromptBehavior: dismiss and notify, webauthn:extension:credBlob: true, webauthn:extension:largeBlob: true, webauthn:extension:minPinLength: true, webauthn:extension:prf: true, webauthn:virtualAuthenticators: true}&#xa;Session ID: 18463ef83ca6c245f4b58793c94b4358&#xa;*** Element info: {Using=xpath, value=//div[@id='customer-stories']/div/div/div/div/div/div/div/h3}&#xa;	at java.base/jdk.internal.reflect.NativeConstructorAccessorImpl.newInstance0(Native Method)&#xa;	at java.base/jdk.internal.reflect.NativeConstructorAccessorImpl.newInstance(NativeConstructorAccessorImpl.java:77)&#xa;	at java.base/jdk.internal.reflect.DelegatingConstructorAccessorImpl.newInstance(DelegatingConstructorAccessorImpl.java:45)&#xa;	at org.openqa.selenium.remote.http.W3CHttpResponseCodec.createException(W3CHttpResponseCodec.java:187)&#xa;	at org.openqa.selenium.remote.http.W3CHttpResponseCodec.decode(W3CHttpResponseCodec.java:122)&#xa;	at org.openqa.selenium.remote.http.W3CHttpResponseCodec.decode(W3CHttpResponseCodec.java:49)&#xa;	at org.openqa.selenium.remote.HttpCommandExecutor.execute(HttpCommandExecutor.java:158)&#xa;	at org.openqa.selenium.remote.service.DriverCommandExecutor.execute(DriverCommandExecutor.java:83)&#xa;	at org.openqa.selenium.remote.RemoteWebDriver.execute(RemoteWebDriver.java:552)&#xa;	at com.kms.katalon.selenium.driver.CChromeDriver.execute(CChromeDriver.java:19)&#xa;	at org.openqa.selenium.remote.RemoteWebDriver.findElements(RemoteWebDriver.java:353)&#xa;	at org.openqa.selenium.remote.RemoteWebDriver.findElementsByXPath(RemoteWebDriver.java:432)&#xa;	at org.openqa.selenium.By$ByXPath.findElements(By.java:348)&#xa;	at org.openqa.selenium.remote.RemoteWebDriver.findElements(RemoteWebDriver.java:311)&#xa;	at jdk.internal.reflect.GeneratedMethodAccessor8.invoke(Unknown Source)&#xa;	at java.base/jdk.internal.reflect.DelegatingMethodAccessorImpl.invoke(DelegatingMethodAccessorImpl.java:43)&#xa;	at org.openqa.selenium.support.events.EventFiringWebDriver.lambda$new$1(EventFiringWebDriver.java:105)&#xa;	at jdk.proxy2/jdk.proxy2.$Proxy23.findElements(Unknown Source)&#xa;	at org.openqa.selenium.support.events.EventFiringWebDriver.findElements(EventFiringWebDriver.java:182)&#xa;	at com.kms.katalon.core.webui.common.WebUiCommonHelper.findElementByNormalMethods(WebUiCommonHelper.java:1036)&#xa;	at com.kms.katalon.core.webui.common.WebUiCommonHelper.findElementsBySelectedMethod(WebUiCommonHelper.java:921)&#xa;	at com.kms.katalon.core.webui.common.WebUiCommonHelper.findElementsBySelectedMethod(WebUiCommonHelper.java:902)&#xa;	at com.kms.katalon.core.webui.common.WebUiCommonHelper.findElementsBySelectedMethod(WebUiCommonHelper.java:897)&#xa;	at com.kms.katalon.core.webui.common.WebUiCommonHelper.findElementsByDefault(WebUiCommonHelper.java:893)&#xa;	at com.kms.katalon.core.webui.common.WebUiCommonHelper.findElementsWithSelfHealing(WebUiCommonHelper.java:739)&#xa;	at com.kms.katalon.core.webui.common.WebUiCommonHelper.findWebElements(WebUiCommonHelper.java:723)&#xa;	at com.kms.katalon.core.webui.common.WebUiCommonHelper.findWebElement(WebUiCommonHelper.java:1416)&#xa;	at com.kms.katalon.core.webui.keyword.internal.WebUIAbstractKeyword.findWebElement(WebUIAbstractKeyword.groovy:27)&#xa;	at com.kms.katalon.core.webui.keyword.builtin.VerifyElementTextKeyword$_verifyElementText_closure1.doCall(VerifyElementTextKeyword.groovy:52)&#xa;	at com.kms.katalon.core.webui.keyword.builtin.VerifyElementTextKeyword$_verifyElementText_closure1.call(VerifyElementTextKeyword.groovy)&#xa;	at com.kms.katalon.core.webui.keyword.internal.WebUIKeywordMain.runKeyword(WebUIKeywordMain.groovy:20)&#xa;	... 23 more&#xa;"/>
         <system-out><![CDATA[28-05-2024T21:48:43 - [TEST_CASE][FAILED] - Test Cases/FPT-TC03-Verify-Customer-Stories: Test Cases/FPT-TC03-Verify-Customer-Stories FAILED.
Reason:
com.kms.katalon.core.exception.StepFailedException: Verify element text of test object 'Object Repository/FPT/Page_FPT Software  Leading in Digital trans_9e9e5c/h3_CUSTOMER STORIES' FAILED.
	at com.kms.katalon.core.webui.keyword.internal.WebUIKeywordMain.stepFailed(WebUIKeywordMain.groovy:64)
	at com.kms.katalon.core.webui.keyword.internal.WebUIKeywordMain.runKeyword(WebUIKeywordMain.groovy:26)
	at com.kms.katalon.core.webui.keyword.builtin.VerifyElementTextKeyword.verifyElementText(VerifyElementTextKeyword.groovy:72)
	at com.kms.katalon.core.webui.keyword.builtin.VerifyElementTextKeyword.execute(VerifyElementTextKeyword.groovy:40)
	at com.kms.katalon.core.keyword.internal.KeywordExecutor.executeKeywordForPlatform(KeywordExecutor.groovy:74)
	at com.kms.katalon.core.webui.keyword.WebUiBuiltInKeywords.verifyElementText(WebUiBuiltInKeywords.groovy:4835)
	at FPT-TC03-Verify-Customer-Stories.run(FPT-TC03-Verify-Customer-Stories:24)
	at com.kms.katalon.core.main.ScriptEngine.run(ScriptEngine.java:194)
	at com.kms.katalon.core.main.ScriptEngine.runScriptAsRawText(ScriptEngine.java:119)
	at com.kms.katalon.core.main.TestCaseExecutor.runScript(TestCaseExecutor.java:448)
	at com.kms.katalon.core.main.TestCaseExecutor.doExecute(TestCaseExecutor.java:439)
	at com.kms.katalon.core.main.TestCaseExecutor.processExecutionPhase(TestCaseExecutor.java:418)
	at com.kms.katalon.core.main.TestCaseExecutor.accessMainPhase(TestCaseExecutor.java:410)
	at com.kms.katalon.core.main.TestCaseExecutor.execute(TestCaseExecutor.java:285)
	at com.kms.katalon.core.main.TestCaseExecutor.execute(TestCaseExecutor.java:369)
	at com.kms.katalon.core.main.TestCaseExecutor.execute(TestCaseExecutor.java:369)
	at com.kms.katalon.core.main.TestCaseExecutor.execute(TestCaseExecutor.java:369)
	at com.kms.katalon.core.common.CommonExecutor.accessTestCaseMainPhase(CommonExecutor.java:65)
	at com.kms.katalon.core.main.TestSuiteExecutor.accessTestSuiteMainPhase(TestSuiteExecutor.java:150)
	at com.kms.katalon.core.main.TestSuiteExecutor.execute(TestSuiteExecutor.java:106)
	at com.kms.katalon.core.main.TestCaseMain.startTestSuite(TestCaseMain.java:180)
	at TempTestSuite1716907351103.run(TempTestSuite1716907351103.groovy:35)
	at java.base/jdk.internal.reflect.NativeMethodAccessorImpl.invoke0(Native Method)
	at java.base/jdk.internal.reflect.NativeMethodAccessorImpl.invoke(NativeMethodAccessorImpl.java:77)
	at java.base/jdk.internal.reflect.DelegatingMethodAccessorImpl.invoke(DelegatingMethodAccessorImpl.java:43)
Caused by: org.openqa.selenium.WebDriverException: disconnected: not connected to DevTools
  (failed to check if window was closed: disconnected: not connected to DevTools)
  (Session info: chrome=125.0.6422.112)
Build info: version: '3.141.59', revision: 'e82be7d358', time: '2018-11-14T08:25:53'
System info: host: 'DESKTOP-QSIPVT9', ip: '192.168.1.8', os.name: 'Windows 11', os.arch: 'amd64', os.version: '10.0', java.version: '17.0.7'
Driver info: com.kms.katalon.selenium.driver.CChromeDriver
Capabilities {acceptInsecureCerts: false, browserName: chrome, browserVersion: 125.0.6422.112, chrome: {chromedriverVersion: 125.0.6422.78 (14db42ec38ad..., userDataDir: C:\Users\ToanLa\AppData\Loc...}, fedcm:accounts: true, goog:chromeOptions: {debuggerAddress: localhost:53246}, javascriptEnabled: true, networkConnectionEnabled: false, pageLoadStrategy: normal, platform: WINDOWS, platformName: WINDOWS, proxy: Proxy(), setWindowRect: true, strictFileInteractability: false, timeouts: {implicit: 0, pageLoad: 300000, script: 30000}, unhandledPromptBehavior: dismiss and notify, webauthn:extension:credBlob: true, webauthn:extension:largeBlob: true, webauthn:extension:minPinLength: true, webauthn:extension:prf: true, webauthn:virtualAuthenticators: true}
Session ID: 18463ef83ca6c245f4b58793c94b4358
*** Element info: {Using=xpath, value=//div[@id='customer-stories']/div/div/div/div/div/div/div/h3}
	at java.base/jdk.internal.reflect.NativeConstructorAccessorImpl.newInstance0(Native Method)
	at java.base/jdk.internal.reflect.NativeConstructorAccessorImpl.newInstance(NativeConstructorAccessorImpl.java:77)
	at java.base/jdk.internal.reflect.DelegatingConstructorAccessorImpl.newInstance(DelegatingConstructorAccessorImpl.java:45)
	at org.openqa.selenium.remote.http.W3CHttpResponseCodec.createException(W3CHttpResponseCodec.java:187)
	at org.openqa.selenium.remote.http.W3CHttpResponseCodec.decode(W3CHttpResponseCodec.java:122)
	at org.openqa.selenium.remote.http.W3CHttpResponseCodec.decode(W3CHttpResponseCodec.java:49)
	at org.openqa.selenium.remote.HttpCommandExecutor.execute(HttpCommandExecutor.java:158)
	at org.openqa.selenium.remote.service.DriverCommandExecutor.execute(DriverCommandExecutor.java:83)
	at org.openqa.selenium.remote.RemoteWebDriver.execute(RemoteWebDriver.java:552)
	at com.kms.katalon.selenium.driver.CChromeDriver.execute(CChromeDriver.java:19)
	at org.openqa.selenium.remote.RemoteWebDriver.findElements(RemoteWebDriver.java:353)
	at org.openqa.selenium.remote.RemoteWebDriver.findElementsByXPath(RemoteWebDriver.java:432)
	at org.openqa.selenium.By$ByXPath.findElements(By.java:348)
	at org.openqa.selenium.remote.RemoteWebDriver.findElements(RemoteWebDriver.java:311)
	at jdk.internal.reflect.GeneratedMethodAccessor8.invoke(Unknown Source)
	at java.base/jdk.internal.reflect.DelegatingMethodAccessorImpl.invoke(DelegatingMethodAccessorImpl.java:43)
	at org.openqa.selenium.support.events.EventFiringWebDriver.lambda$new$1(EventFiringWebDriver.java:105)
	at jdk.proxy2/jdk.proxy2.$Proxy23.findElements(Unknown Source)
	at org.openqa.selenium.support.events.EventFiringWebDriver.findElements(EventFiringWebDriver.java:182)
	at com.kms.katalon.core.webui.common.WebUiCommonHelper.findElementByNormalMethods(WebUiCommonHelper.java:1036)
	at com.kms.katalon.core.webui.common.WebUiCommonHelper.findElementsBySelectedMethod(WebUiCommonHelper.java:921)
	at com.kms.katalon.core.webui.common.WebUiCommonHelper.findElementsBySelectedMethod(WebUiCommonHelper.java:902)
	at com.kms.katalon.core.webui.common.WebUiCommonHelper.findElementsBySelectedMethod(WebUiCommonHelper.java:897)
	at com.kms.katalon.core.webui.common.WebUiCommonHelper.findElementsByDefault(WebUiCommonHelper.java:893)
	at com.kms.katalon.core.webui.common.WebUiCommonHelper.findElementsWithSelfHealing(WebUiCommonHelper.java:739)
	at com.kms.katalon.core.webui.common.WebUiCommonHelper.findWebElements(WebUiCommonHelper.java:723)
	at com.kms.katalon.core.webui.common.WebUiCommonHelper.findWebElement(WebUiCommonHelper.java:1416)
	at com.kms.katalon.core.webui.keyword.internal.WebUIAbstractKeyword.findWebElement(WebUIAbstractKeyword.groovy:27)
	at com.kms.katalon.core.webui.keyword.builtin.VerifyElementTextKeyword$_verifyElementText_closure1.doCall(VerifyElementTextKeyword.groovy:52)
	at com.kms.katalon.core.webui.keyword.builtin.VerifyElementTextKeyword$_verifyElementText_closure1.call(VerifyElementTextKeyword.groovy)
	at com.kms.katalon.core.webui.keyword.internal.WebUIKeywordMain.runKeyword(WebUIKeywordMain.groovy:20)
	... 23 more


28-05-2024T21:48:43 - [TEST_STEP][PASSED] - openBrowser(""): Browser is opened with url: ''

28-05-2024T21:48:43 - [MESSAGE][WARNING] - A browser is already opened. Closing browser and opening a new one

28-05-2024T21:48:44 - [MESSAGE][INFO] - Starting 'Chrome' driver

28-05-2024T21:48:44 - [MESSAGE][INFO] - Action delay is set to 0 milliseconds

28-05-2024T21:48:45 - [MESSAGE][PASSED] - Browser is opened with url: ''

28-05-2024T21:48:45 - [TEST_STEP][PASSED] - navigateToUrl("https://fptsoftware.com/"): Navigate to 'https://fptsoftware.com/' successfully

28-05-2024T21:48:45 - [MESSAGE][PASSED] - Navigate to 'https://fptsoftware.com/' successfully

28-05-2024T21:48:45 - [TEST_STEP][FAILED] - verifyElementText(findTestObject("Object Repository/FPT/Page_FPT Software  Leading in Digital trans_9e9e5c/h3_CUSTOMER STORIES"), "CUSTOMER STORIES"): Verify element text of test object 'Object Repository/FPT/Page_FPT Software  Leading in Digital trans_9e9e5c/h3_CUSTOMER STORIES' FAILED. (Root cause: com.kms.katalon.core.exception.StepFailedException: Verify element text of test object 'Object Repository/FPT/Page_FPT Software  Leading in Digital trans_9e9e5c/h3_CUSTOMER STORIES' FAILED.
	at com.kms.katalon.core.webui.keyword.internal.WebUIKeywordMain.stepFailed(WebUIKeywordMain.groovy:64)
	at com.kms.katalon.core.webui.keyword.internal.WebUIKeywordMain.runKeyword(WebUIKeywordMain.groovy:26)
	at com.kms.katalon.core.webui.keyword.builtin.VerifyElementTextKeyword.verifyElementText(VerifyElementTextKeyword.groovy:72)
	at com.kms.katalon.core.webui.keyword.builtin.VerifyElementTextKeyword.execute(VerifyElementTextKeyword.groovy:40)
	at com.kms.katalon.core.keyword.internal.KeywordExecutor.executeKeywordForPlatform(KeywordExecutor.groovy:74)
	at com.kms.katalon.core.webui.keyword.WebUiBuiltInKeywords.verifyElementText(WebUiBuiltInKeywords.groovy:4835)
	at FPT-TC03-Verify-Customer-Stories.run(FPT-TC03-Verify-Customer-Stories:24)
	at com.kms.katalon.core.main.ScriptEngine.run(ScriptEngine.java:194)
	at com.kms.katalon.core.main.ScriptEngine.runScriptAsRawText(ScriptEngine.java:119)
	at com.kms.katalon.core.main.TestCaseExecutor.runScript(TestCaseExecutor.java:448)
	at com.kms.katalon.core.main.TestCaseExecutor.doExecute(TestCaseExecutor.java:439)
	at com.kms.katalon.core.main.TestCaseExecutor.processExecutionPhase(TestCaseExecutor.java:418)
	at com.kms.katalon.core.main.TestCaseExecutor.accessMainPhase(TestCaseExecutor.java:410)
	at com.kms.katalon.core.main.TestCaseExecutor.execute(TestCaseExecutor.java:285)
	at com.kms.katalon.core.main.TestCaseExecutor.execute(TestCaseExecutor.java:369)
	at com.kms.katalon.core.main.TestCaseExecutor.execute(TestCaseExecutor.java:369)
	at com.kms.katalon.core.main.TestCaseExecutor.execute(TestCaseExecutor.java:369)
	at com.kms.katalon.core.common.CommonExecutor.accessTestCaseMainPhase(CommonExecutor.java:65)
	at com.kms.katalon.core.main.TestSuiteExecutor.accessTestSuiteMainPhase(TestSuiteExecutor.java:150)
	at com.kms.katalon.core.main.TestSuiteExecutor.execute(TestSuiteExecutor.java:106)
	at com.kms.katalon.core.main.TestCaseMain.startTestSuite(TestCaseMain.java:180)
	at TempTestSuite1716907351103.run(TempTestSuite1716907351103.groovy:35)
	at java.base/jdk.internal.reflect.NativeMethodAccessorImpl.invoke0(Native Method)
	at java.base/jdk.internal.reflect.NativeMethodAccessorImpl.invoke(NativeMethodAccessorImpl.java:77)
	at java.base/jdk.internal.reflect.DelegatingMethodAccessorImpl.invoke(DelegatingMethodAccessorImpl.java:43)
Caused by: org.openqa.selenium.WebDriverException: disconnected: not connected to DevTools
  (failed to check if window was closed: disconnected: not connected to DevTools)
  (Session info: chrome=125.0.6422.112)
Build info: version: '3.141.59', revision: 'e82be7d358', time: '2018-11-14T08:25:53'
System info: host: 'DESKTOP-QSIPVT9', ip: '192.168.1.8', os.name: 'Windows 11', os.arch: 'amd64', os.version: '10.0', java.version: '17.0.7'
Driver info: com.kms.katalon.selenium.driver.CChromeDriver
Capabilities {acceptInsecureCerts: false, browserName: chrome, browserVersion: 125.0.6422.112, chrome: {chromedriverVersion: 125.0.6422.78 (14db42ec38ad..., userDataDir: C:\Users\ToanLa\AppData\Loc...}, fedcm:accounts: true, goog:chromeOptions: {debuggerAddress: localhost:53246}, javascriptEnabled: true, networkConnectionEnabled: false, pageLoadStrategy: normal, platform: WINDOWS, platformName: WINDOWS, proxy: Proxy(), setWindowRect: true, strictFileInteractability: false, timeouts: {implicit: 0, pageLoad: 300000, script: 30000}, unhandledPromptBehavior: dismiss and notify, webauthn:extension:credBlob: true, webauthn:extension:largeBlob: true, webauthn:extension:minPinLength: true, webauthn:extension:prf: true, webauthn:virtualAuthenticators: true}
Session ID: 18463ef83ca6c245f4b58793c94b4358
*** Element info: {Using=xpath, value=//div[@id='customer-stories']/div/div/div/div/div/div/div/h3}
	at java.base/jdk.internal.reflect.NativeConstructorAccessorImpl.newInstance0(Native Method)
	at java.base/jdk.internal.reflect.NativeConstructorAccessorImpl.newInstance(NativeConstructorAccessorImpl.java:77)
	at java.base/jdk.internal.reflect.DelegatingConstructorAccessorImpl.newInstance(DelegatingConstructorAccessorImpl.java:45)
	at org.openqa.selenium.remote.http.W3CHttpResponseCodec.createException(W3CHttpResponseCodec.java:187)
	at org.openqa.selenium.remote.http.W3CHttpResponseCodec.decode(W3CHttpResponseCodec.java:122)
	at org.openqa.selenium.remote.http.W3CHttpResponseCodec.decode(W3CHttpResponseCodec.java:49)
	at org.openqa.selenium.remote.HttpCommandExecutor.execute(HttpCommandExecutor.java:158)
	at org.openqa.selenium.remote.service.DriverCommandExecutor.execute(DriverCommandExecutor.java:83)
	at org.openqa.selenium.remote.RemoteWebDriver.execute(RemoteWebDriver.java:552)
	at com.kms.katalon.selenium.driver.CChromeDriver.execute(CChromeDriver.java:19)
	at org.openqa.selenium.remote.RemoteWebDriver.findElements(RemoteWebDriver.java:353)
	at org.openqa.selenium.remote.RemoteWebDriver.findElementsByXPath(RemoteWebDriver.java:432)
	at org.openqa.selenium.By$ByXPath.findElements(By.java:348)
	at org.openqa.selenium.remote.RemoteWebDriver.findElements(RemoteWebDriver.java:311)
	at jdk.internal.reflect.GeneratedMethodAccessor8.invoke(Unknown Source)
	at java.base/jdk.internal.reflect.DelegatingMethodAccessorImpl.invoke(DelegatingMethodAccessorImpl.java:43)
	at org.openqa.selenium.support.events.EventFiringWebDriver.lambda$new$1(EventFiringWebDriver.java:105)
	at jdk.proxy2/jdk.proxy2.$Proxy23.findElements(Unknown Source)
	at org.openqa.selenium.support.events.EventFiringWebDriver.findElements(EventFiringWebDriver.java:182)
	at com.kms.katalon.core.webui.common.WebUiCommonHelper.findElementByNormalMethods(WebUiCommonHelper.java:1036)
	at com.kms.katalon.core.webui.common.WebUiCommonHelper.findElementsBySelectedMethod(WebUiCommonHelper.java:921)
	at com.kms.katalon.core.webui.common.WebUiCommonHelper.findElementsBySelectedMethod(WebUiCommonHelper.java:902)
	at com.kms.katalon.core.webui.common.WebUiCommonHelper.findElementsBySelectedMethod(WebUiCommonHelper.java:897)
	at com.kms.katalon.core.webui.common.WebUiCommonHelper.findElementsByDefault(WebUiCommonHelper.java:893)
	at com.kms.katalon.core.webui.common.WebUiCommonHelper.findElementsWithSelfHealing(WebUiCommonHelper.java:739)
	at com.kms.katalon.core.webui.common.WebUiCommonHelper.findWebElements(WebUiCommonHelper.java:723)
	at com.kms.katalon.core.webui.common.WebUiCommonHelper.findWebElement(WebUiCommonHelper.java:1416)
	at com.kms.katalon.core.webui.keyword.internal.WebUIAbstractKeyword.findWebElement(WebUIAbstractKeyword.groovy:27)
	at com.kms.katalon.core.webui.keyword.builtin.VerifyElementTextKeyword$_verifyElementText_closure1.doCall(VerifyElementTextKeyword.groovy:52)
	at com.kms.katalon.core.webui.keyword.builtin.VerifyElementTextKeyword$_verifyElementText_closure1.call(VerifyElementTextKeyword.groovy)
	at com.kms.katalon.core.webui.keyword.internal.WebUIKeywordMain.runKeyword(WebUIKeywordMain.groovy:20)
	at com.kms.katalon.core.webui.keyword.builtin.VerifyElementTextKeyword.verifyElementText(VerifyElementTextKeyword.groovy:72)
	at com.kms.katalon.core.webui.keyword.builtin.VerifyElementTextKeyword.execute(VerifyElementTextKeyword.groovy:40)
	at com.kms.katalon.core.keyword.internal.KeywordExecutor.executeKeywordForPlatform(KeywordExecutor.groovy:74)
	at com.kms.katalon.core.webui.keyword.WebUiBuiltInKeywords.verifyElementText(WebUiBuiltInKeywords.groovy:4835)
	at Script1716219842771.run(Script1716219842771.groovy:24)
	... 18 more
)

28-05-2024T21:49:02 - [MESSAGE][WARNING] - [SELF-HEALING] Failed to find element with id 'Object Repository/FPT/Page_FPT Software  Leading in Digital trans_9e9e5c/h3_CUSTOMER STORIES'. Try using Self-healing.

28-05-2024T21:49:02 - [MESSAGE][WARNING] - [SELF-HEALING] disconnected: not connected to DevTools
  (failed to check if window was closed: disconnected: not connected to DevTools)
  (Session info: chrome=125.0.6422.112)
Build info: version: '3.141.59', revision: 'e82be7d358', time: '2018-11-14T08:25:53'
System info: host: 'DESKTOP-QSIPVT9', ip: '192.168.1.8', os.name: 'Windows 11', os.arch: 'amd64', os.version: '10.0', java.version: '17.0.7'
Driver info: com.kms.katalon.selenium.driver.CChromeDriver
Capabilities {acceptInsecureCerts: false, browserName: chrome, browserVersion: 125.0.6422.112, chrome: {chromedriverVersion: 125.0.6422.78 (14db42ec38ad..., userDataDir: C:\Users\ToanLa\AppData\Loc...}, fedcm:accounts: true, goog:chromeOptions: {debuggerAddress: localhost:53246}, javascriptEnabled: true, networkConnectionEnabled: false, pageLoadStrategy: normal, platform: WINDOWS, platformName: WINDOWS, proxy: Proxy(), setWindowRect: true, strictFileInteractability: false, timeouts: {implicit: 0, pageLoad: 300000, script: 30000}, unhandledPromptBehavior: dismiss and notify, webauthn:extension:credBlob: true, webauthn:extension:largeBlob: true, webauthn:extension:minPinLength: true, webauthn:extension:prf: true, webauthn:virtualAuthenticators: true}
Session ID: 18463ef83ca6c245f4b58793c94b4358
*** Element info: {Using=xpath, value=//h3}

28-05-2024T21:49:02 - [MESSAGE][WARNING] - Cannot take screenshot

28-05-2024T21:49:02 - [MESSAGE][FAILED] - Verify element text of test object 'Object Repository/FPT/Page_FPT Software  Leading in Digital trans_9e9e5c/h3_CUSTOMER STORIES' FAILED. (Root cause: com.kms.katalon.core.exception.StepFailedException: Verify element text of test object 'Object Repository/FPT/Page_FPT Software  Leading in Digital trans_9e9e5c/h3_CUSTOMER STORIES' FAILED.
	at com.kms.katalon.core.webui.keyword.internal.WebUIKeywordMain.stepFailed(WebUIKeywordMain.groovy:64)
	at com.kms.katalon.core.webui.keyword.internal.WebUIKeywordMain.runKeyword(WebUIKeywordMain.groovy:26)
	at com.kms.katalon.core.webui.keyword.builtin.VerifyElementTextKeyword.verifyElementText(VerifyElementTextKeyword.groovy:72)
	at com.kms.katalon.core.webui.keyword.builtin.VerifyElementTextKeyword.execute(VerifyElementTextKeyword.groovy:40)
	at com.kms.katalon.core.keyword.internal.KeywordExecutor.executeKeywordForPlatform(KeywordExecutor.groovy:74)
	at com.kms.katalon.core.webui.keyword.WebUiBuiltInKeywords.verifyElementText(WebUiBuiltInKeywords.groovy:4835)
	at FPT-TC03-Verify-Customer-Stories.run(FPT-TC03-Verify-Customer-Stories:24)
	at com.kms.katalon.core.main.ScriptEngine.run(ScriptEngine.java:194)
	at com.kms.katalon.core.main.ScriptEngine.runScriptAsRawText(ScriptEngine.java:119)
	at com.kms.katalon.core.main.TestCaseExecutor.runScript(TestCaseExecutor.java:448)
	at com.kms.katalon.core.main.TestCaseExecutor.doExecute(TestCaseExecutor.java:439)
	at com.kms.katalon.core.main.TestCaseExecutor.processExecutionPhase(TestCaseExecutor.java:418)
	at com.kms.katalon.core.main.TestCaseExecutor.accessMainPhase(TestCaseExecutor.java:410)
	at com.kms.katalon.core.main.TestCaseExecutor.execute(TestCaseExecutor.java:285)
	at com.kms.katalon.core.main.TestCaseExecutor.execute(TestCaseExecutor.java:369)
	at com.kms.katalon.core.main.TestCaseExecutor.execute(TestCaseExecutor.java:369)
	at com.kms.katalon.core.main.TestCaseExecutor.execute(TestCaseExecutor.java:369)
	at com.kms.katalon.core.common.CommonExecutor.accessTestCaseMainPhase(CommonExecutor.java:65)
	at com.kms.katalon.core.main.TestSuiteExecutor.accessTestSuiteMainPhase(TestSuiteExecutor.java:150)
	at com.kms.katalon.core.main.TestSuiteExecutor.execute(TestSuiteExecutor.java:106)
	at com.kms.katalon.core.main.TestCaseMain.startTestSuite(TestCaseMain.java:180)
	at TempTestSuite1716907351103.run(TempTestSuite1716907351103.groovy:35)
	at java.base/jdk.internal.reflect.NativeMethodAccessorImpl.invoke0(Native Method)
	at java.base/jdk.internal.reflect.NativeMethodAccessorImpl.invoke(NativeMethodAccessorImpl.java:77)
	at java.base/jdk.internal.reflect.DelegatingMethodAccessorImpl.invoke(DelegatingMethodAccessorImpl.java:43)
Caused by: org.openqa.selenium.WebDriverException: disconnected: not connected to DevTools
  (failed to check if window was closed: disconnected: not connected to DevTools)
  (Session info: chrome=125.0.6422.112)
Build info: version: '3.141.59', revision: 'e82be7d358', time: '2018-11-14T08:25:53'
System info: host: 'DESKTOP-QSIPVT9', ip: '192.168.1.8', os.name: 'Windows 11', os.arch: 'amd64', os.version: '10.0', java.version: '17.0.7'
Driver info: com.kms.katalon.selenium.driver.CChromeDriver
Capabilities {acceptInsecureCerts: false, browserName: chrome, browserVersion: 125.0.6422.112, chrome: {chromedriverVersion: 125.0.6422.78 (14db42ec38ad..., userDataDir: C:\Users\ToanLa\AppData\Loc...}, fedcm:accounts: true, goog:chromeOptions: {debuggerAddress: localhost:53246}, javascriptEnabled: true, networkConnectionEnabled: false, pageLoadStrategy: normal, platform: WINDOWS, platformName: WINDOWS, proxy: Proxy(), setWindowRect: true, strictFileInteractability: false, timeouts: {implicit: 0, pageLoad: 300000, script: 30000}, unhandledPromptBehavior: dismiss and notify, webauthn:extension:credBlob: true, webauthn:extension:largeBlob: true, webauthn:extension:minPinLength: true, webauthn:extension:prf: true, webauthn:virtualAuthenticators: true}
Session ID: 18463ef83ca6c245f4b58793c94b4358
*** Element info: {Using=xpath, value=//div[@id='customer-stories']/div/div/div/div/div/div/div/h3}
	at java.base/jdk.internal.reflect.NativeConstructorAccessorImpl.newInstance0(Native Method)
	at java.base/jdk.internal.reflect.NativeConstructorAccessorImpl.newInstance(NativeConstructorAccessorImpl.java:77)
	at java.base/jdk.internal.reflect.DelegatingConstructorAccessorImpl.newInstance(DelegatingConstructorAccessorImpl.java:45)
	at org.openqa.selenium.remote.http.W3CHttpResponseCodec.createException(W3CHttpResponseCodec.java:187)
	at org.openqa.selenium.remote.http.W3CHttpResponseCodec.decode(W3CHttpResponseCodec.java:122)
	at org.openqa.selenium.remote.http.W3CHttpResponseCodec.decode(W3CHttpResponseCodec.java:49)
	at org.openqa.selenium.remote.HttpCommandExecutor.execute(HttpCommandExecutor.java:158)
	at org.openqa.selenium.remote.service.DriverCommandExecutor.execute(DriverCommandExecutor.java:83)
	at org.openqa.selenium.remote.RemoteWebDriver.execute(RemoteWebDriver.java:552)
	at com.kms.katalon.selenium.driver.CChromeDriver.execute(CChromeDriver.java:19)
	at org.openqa.selenium.remote.RemoteWebDriver.findElements(RemoteWebDriver.java:353)
	at org.openqa.selenium.remote.RemoteWebDriver.findElementsByXPath(RemoteWebDriver.java:432)
	at org.openqa.selenium.By$ByXPath.findElements(By.java:348)
	at org.openqa.selenium.remote.RemoteWebDriver.findElements(RemoteWebDriver.java:311)
	at jdk.internal.reflect.GeneratedMethodAccessor8.invoke(Unknown Source)
	at java.base/jdk.internal.reflect.DelegatingMethodAccessorImpl.invoke(DelegatingMethodAccessorImpl.java:43)
	at org.openqa.selenium.support.events.EventFiringWebDriver.lambda$new$1(EventFiringWebDriver.java:105)
	at jdk.proxy2/jdk.proxy2.$Proxy23.findElements(Unknown Source)
	at org.openqa.selenium.support.events.EventFiringWebDriver.findElements(EventFiringWebDriver.java:182)
	at com.kms.katalon.core.webui.common.WebUiCommonHelper.findElementByNormalMethods(WebUiCommonHelper.java:1036)
	at com.kms.katalon.core.webui.common.WebUiCommonHelper.findElementsBySelectedMethod(WebUiCommonHelper.java:921)
	at com.kms.katalon.core.webui.common.WebUiCommonHelper.findElementsBySelectedMethod(WebUiCommonHelper.java:902)
	at com.kms.katalon.core.webui.common.WebUiCommonHelper.findElementsBySelectedMethod(WebUiCommonHelper.java:897)
	at com.kms.katalon.core.webui.common.WebUiCommonHelper.findElementsByDefault(WebUiCommonHelper.java:893)
	at com.kms.katalon.core.webui.common.WebUiCommonHelper.findElementsWithSelfHealing(WebUiCommonHelper.java:739)
	at com.kms.katalon.core.webui.common.WebUiCommonHelper.findWebElements(WebUiCommonHelper.java:723)
	at com.kms.katalon.core.webui.common.WebUiCommonHelper.findWebElement(WebUiCommonHelper.java:1416)
	at com.kms.katalon.core.webui.keyword.internal.WebUIAbstractKeyword.findWebElement(WebUIAbstractKeyword.groovy:27)
	at com.kms.katalon.core.webui.keyword.builtin.VerifyElementTextKeyword$_verifyElementText_closure1.doCall(VerifyElementTextKeyword.groovy:52)
	at com.kms.katalon.core.webui.keyword.builtin.VerifyElementTextKeyword$_verifyElementText_closure1.call(VerifyElementTextKeyword.groovy)
	at com.kms.katalon.core.webui.keyword.internal.WebUIKeywordMain.runKeyword(WebUIKeywordMain.groovy:20)
	at com.kms.katalon.core.webui.keyword.builtin.VerifyElementTextKeyword.verifyElementText(VerifyElementTextKeyword.groovy:72)
	at com.kms.katalon.core.webui.keyword.builtin.VerifyElementTextKeyword.execute(VerifyElementTextKeyword.groovy:40)
	at com.kms.katalon.core.keyword.internal.KeywordExecutor.executeKeywordForPlatform(KeywordExecutor.groovy:74)
	at com.kms.katalon.core.webui.keyword.WebUiBuiltInKeywords.verifyElementText(WebUiBuiltInKeywords.groovy:4835)
	at Script1716219842771.run(Script1716219842771.groovy:24)
	... 18 more
)]]></system-out>
         <system-err><![CDATA[28-05-2024T21:48:43 - [TEST_CASE][FAILED] - Test Cases/FPT-TC03-Verify-Customer-Stories: Test Cases/FPT-TC03-Verify-Customer-Stories FAILED.
Reason:
com.kms.katalon.core.exception.StepFailedException: Verify element text of test object 'Object Repository/FPT/Page_FPT Software  Leading in Digital trans_9e9e5c/h3_CUSTOMER STORIES' FAILED.
	at com.kms.katalon.core.webui.keyword.internal.WebUIKeywordMain.stepFailed(WebUIKeywordMain.groovy:64)
	at com.kms.katalon.core.webui.keyword.internal.WebUIKeywordMain.runKeyword(WebUIKeywordMain.groovy:26)
	at com.kms.katalon.core.webui.keyword.builtin.VerifyElementTextKeyword.verifyElementText(VerifyElementTextKeyword.groovy:72)
	at com.kms.katalon.core.webui.keyword.builtin.VerifyElementTextKeyword.execute(VerifyElementTextKeyword.groovy:40)
	at com.kms.katalon.core.keyword.internal.KeywordExecutor.executeKeywordForPlatform(KeywordExecutor.groovy:74)
	at com.kms.katalon.core.webui.keyword.WebUiBuiltInKeywords.verifyElementText(WebUiBuiltInKeywords.groovy:4835)
	at FPT-TC03-Verify-Customer-Stories.run(FPT-TC03-Verify-Customer-Stories:24)
	at com.kms.katalon.core.main.ScriptEngine.run(ScriptEngine.java:194)
	at com.kms.katalon.core.main.ScriptEngine.runScriptAsRawText(ScriptEngine.java:119)
	at com.kms.katalon.core.main.TestCaseExecutor.runScript(TestCaseExecutor.java:448)
	at com.kms.katalon.core.main.TestCaseExecutor.doExecute(TestCaseExecutor.java:439)
	at com.kms.katalon.core.main.TestCaseExecutor.processExecutionPhase(TestCaseExecutor.java:418)
	at com.kms.katalon.core.main.TestCaseExecutor.accessMainPhase(TestCaseExecutor.java:410)
	at com.kms.katalon.core.main.TestCaseExecutor.execute(TestCaseExecutor.java:285)
	at com.kms.katalon.core.main.TestCaseExecutor.execute(TestCaseExecutor.java:369)
	at com.kms.katalon.core.main.TestCaseExecutor.execute(TestCaseExecutor.java:369)
	at com.kms.katalon.core.main.TestCaseExecutor.execute(TestCaseExecutor.java:369)
	at com.kms.katalon.core.common.CommonExecutor.accessTestCaseMainPhase(CommonExecutor.java:65)
	at com.kms.katalon.core.main.TestSuiteExecutor.accessTestSuiteMainPhase(TestSuiteExecutor.java:150)
	at com.kms.katalon.core.main.TestSuiteExecutor.execute(TestSuiteExecutor.java:106)
	at com.kms.katalon.core.main.TestCaseMain.startTestSuite(TestCaseMain.java:180)
	at TempTestSuite1716907351103.run(TempTestSuite1716907351103.groovy:35)
	at java.base/jdk.internal.reflect.NativeMethodAccessorImpl.invoke0(Native Method)
	at java.base/jdk.internal.reflect.NativeMethodAccessorImpl.invoke(NativeMethodAccessorImpl.java:77)
	at java.base/jdk.internal.reflect.DelegatingMethodAccessorImpl.invoke(DelegatingMethodAccessorImpl.java:43)
Caused by: org.openqa.selenium.WebDriverException: disconnected: not connected to DevTools
  (failed to check if window was closed: disconnected: not connected to DevTools)
  (Session info: chrome=125.0.6422.112)
Build info: version: '3.141.59', revision: 'e82be7d358', time: '2018-11-14T08:25:53'
System info: host: 'DESKTOP-QSIPVT9', ip: '192.168.1.8', os.name: 'Windows 11', os.arch: 'amd64', os.version: '10.0', java.version: '17.0.7'
Driver info: com.kms.katalon.selenium.driver.CChromeDriver
Capabilities {acceptInsecureCerts: false, browserName: chrome, browserVersion: 125.0.6422.112, chrome: {chromedriverVersion: 125.0.6422.78 (14db42ec38ad..., userDataDir: C:\Users\ToanLa\AppData\Loc...}, fedcm:accounts: true, goog:chromeOptions: {debuggerAddress: localhost:53246}, javascriptEnabled: true, networkConnectionEnabled: false, pageLoadStrategy: normal, platform: WINDOWS, platformName: WINDOWS, proxy: Proxy(), setWindowRect: true, strictFileInteractability: false, timeouts: {implicit: 0, pageLoad: 300000, script: 30000}, unhandledPromptBehavior: dismiss and notify, webauthn:extension:credBlob: true, webauthn:extension:largeBlob: true, webauthn:extension:minPinLength: true, webauthn:extension:prf: true, webauthn:virtualAuthenticators: true}
Session ID: 18463ef83ca6c245f4b58793c94b4358
*** Element info: {Using=xpath, value=//div[@id='customer-stories']/div/div/div/div/div/div/div/h3}
	at java.base/jdk.internal.reflect.NativeConstructorAccessorImpl.newInstance0(Native Method)
	at java.base/jdk.internal.reflect.NativeConstructorAccessorImpl.newInstance(NativeConstructorAccessorImpl.java:77)
	at java.base/jdk.internal.reflect.DelegatingConstructorAccessorImpl.newInstance(DelegatingConstructorAccessorImpl.java:45)
	at org.openqa.selenium.remote.http.W3CHttpResponseCodec.createException(W3CHttpResponseCodec.java:187)
	at org.openqa.selenium.remote.http.W3CHttpResponseCodec.decode(W3CHttpResponseCodec.java:122)
	at org.openqa.selenium.remote.http.W3CHttpResponseCodec.decode(W3CHttpResponseCodec.java:49)
	at org.openqa.selenium.remote.HttpCommandExecutor.execute(HttpCommandExecutor.java:158)
	at org.openqa.selenium.remote.service.DriverCommandExecutor.execute(DriverCommandExecutor.java:83)
	at org.openqa.selenium.remote.RemoteWebDriver.execute(RemoteWebDriver.java:552)
	at com.kms.katalon.selenium.driver.CChromeDriver.execute(CChromeDriver.java:19)
	at org.openqa.selenium.remote.RemoteWebDriver.findElements(RemoteWebDriver.java:353)
	at org.openqa.selenium.remote.RemoteWebDriver.findElementsByXPath(RemoteWebDriver.java:432)
	at org.openqa.selenium.By$ByXPath.findElements(By.java:348)
	at org.openqa.selenium.remote.RemoteWebDriver.findElements(RemoteWebDriver.java:311)
	at jdk.internal.reflect.GeneratedMethodAccessor8.invoke(Unknown Source)
	at java.base/jdk.internal.reflect.DelegatingMethodAccessorImpl.invoke(DelegatingMethodAccessorImpl.java:43)
	at org.openqa.selenium.support.events.EventFiringWebDriver.lambda$new$1(EventFiringWebDriver.java:105)
	at jdk.proxy2/jdk.proxy2.$Proxy23.findElements(Unknown Source)
	at org.openqa.selenium.support.events.EventFiringWebDriver.findElements(EventFiringWebDriver.java:182)
	at com.kms.katalon.core.webui.common.WebUiCommonHelper.findElementByNormalMethods(WebUiCommonHelper.java:1036)
	at com.kms.katalon.core.webui.common.WebUiCommonHelper.findElementsBySelectedMethod(WebUiCommonHelper.java:921)
	at com.kms.katalon.core.webui.common.WebUiCommonHelper.findElementsBySelectedMethod(WebUiCommonHelper.java:902)
	at com.kms.katalon.core.webui.common.WebUiCommonHelper.findElementsBySelectedMethod(WebUiCommonHelper.java:897)
	at com.kms.katalon.core.webui.common.WebUiCommonHelper.findElementsByDefault(WebUiCommonHelper.java:893)
	at com.kms.katalon.core.webui.common.WebUiCommonHelper.findElementsWithSelfHealing(WebUiCommonHelper.java:739)
	at com.kms.katalon.core.webui.common.WebUiCommonHelper.findWebElements(WebUiCommonHelper.java:723)
	at com.kms.katalon.core.webui.common.WebUiCommonHelper.findWebElement(WebUiCommonHelper.java:1416)
	at com.kms.katalon.core.webui.keyword.internal.WebUIAbstractKeyword.findWebElement(WebUIAbstractKeyword.groovy:27)
	at com.kms.katalon.core.webui.keyword.builtin.VerifyElementTextKeyword$_verifyElementText_closure1.doCall(VerifyElementTextKeyword.groovy:52)
	at com.kms.katalon.core.webui.keyword.builtin.VerifyElementTextKeyword$_verifyElementText_closure1.call(VerifyElementTextKeyword.groovy)
	at com.kms.katalon.core.webui.keyword.internal.WebUIKeywordMain.runKeyword(WebUIKeywordMain.groovy:20)
	... 23 more]]></system-err>
      </testcase>
      <testcase name="Test Cases/FPT-TC04-Verify-Our-Mission" time="140.916" classname="Test Cases/FPT-TC04-Verify-Our-Mission" status="FAILED">
         <failure type="FAILED" message="Test Cases/FPT-TC04-Verify-Our-Mission FAILED.&#xa;Reason:&#xa;com.kms.katalon.core.exception.StepFailedException: Verify element text of test object 'Object Repository/FPT/Page_FPT Software  Leading in Digital trans_9e9e5c/div_WE ARE' FAILED.&#xa;	at com.kms.katalon.core.webui.keyword.internal.WebUIKeywordMain.stepFailed(WebUIKeywordMain.groovy:64)&#xa;	at com.kms.katalon.core.webui.keyword.internal.WebUIKeywordMain.runKeyword(WebUIKeywordMain.groovy:26)&#xa;	at com.kms.katalon.core.webui.keyword.builtin.VerifyElementTextKeyword.verifyElementText(VerifyElementTextKeyword.groovy:72)&#xa;	at com.kms.katalon.core.webui.keyword.builtin.VerifyElementTextKeyword.execute(VerifyElementTextKeyword.groovy:40)&#xa;	at com.kms.katalon.core.keyword.internal.KeywordExecutor.executeKeywordForPlatform(KeywordExecutor.groovy:74)&#xa;	at com.kms.katalon.core.webui.keyword.WebUiBuiltInKeywords.verifyElementText(WebUiBuiltInKeywords.groovy:4835)&#xa;	at FPT-TC04-Verify-Our-Mission.run(FPT-TC04-Verify-Our-Mission:26)&#xa;	at com.kms.katalon.core.main.ScriptEngine.run(ScriptEngine.java:194)&#xa;	at com.kms.katalon.core.main.ScriptEngine.runScriptAsRawText(ScriptEngine.java:119)&#xa;	at com.kms.katalon.core.main.TestCaseExecutor.runScript(TestCaseExecutor.java:448)&#xa;	at com.kms.katalon.core.main.TestCaseExecutor.doExecute(TestCaseExecutor.java:439)&#xa;	at com.kms.katalon.core.main.TestCaseExecutor.processExecutionPhase(TestCaseExecutor.java:418)&#xa;	at com.kms.katalon.core.main.TestCaseExecutor.accessMainPhase(TestCaseExecutor.java:410)&#xa;	at com.kms.katalon.core.main.TestCaseExecutor.execute(TestCaseExecutor.java:285)&#xa;	at com.kms.katalon.core.main.TestCaseExecutor.execute(TestCaseExecutor.java:369)&#xa;	at com.kms.katalon.core.main.TestCaseExecutor.execute(TestCaseExecutor.java:369)&#xa;	at com.kms.katalon.core.main.TestCaseExecutor.execute(TestCaseExecutor.java:369)&#xa;	at com.kms.katalon.core.common.CommonExecutor.accessTestCaseMainPhase(CommonExecutor.java:65)&#xa;	at com.kms.katalon.core.main.TestSuiteExecutor.accessTestSuiteMainPhase(TestSuiteExecutor.java:150)&#xa;	at com.kms.katalon.core.main.TestSuiteExecutor.execute(TestSuiteExecutor.java:106)&#xa;	at com.kms.katalon.core.main.TestCaseMain.startTestSuite(TestCaseMain.java:180)&#xa;	at TempTestSuite1716907351103.run(TempTestSuite1716907351103.groovy:35)&#xa;	at java.base/jdk.internal.reflect.NativeMethodAccessorImpl.invoke0(Native Method)&#xa;	at java.base/jdk.internal.reflect.NativeMethodAccessorImpl.invoke(NativeMethodAccessorImpl.java:77)&#xa;	at java.base/jdk.internal.reflect.DelegatingMethodAccessorImpl.invoke(DelegatingMethodAccessorImpl.java:43)&#xa;Caused by: com.kms.katalon.core.exception.StepFailedException: com.kms.katalon.core.webui.exception.WebElementNotFoundException: Web element with id: 'Object Repository/FPT/Page_FPT Software  Leading in Digital trans_9e9e5c/div_WE ARE' located by '//div[@id='our-missions']/div/div/div/div/div' not found&#xa;	at com.kms.katalon.core.webui.keyword.internal.WebUIKeywordMain.stepFailed(WebUIKeywordMain.groovy:64)&#xa;	at com.kms.katalon.core.webui.keyword.builtin.VerifyElementTextKeyword$_verifyElementText_closure1.doCall(VerifyElementTextKeyword.groovy:64)&#xa;	at com.kms.katalon.core.webui.keyword.builtin.VerifyElementTextKeyword$_verifyElementText_closure1.call(VerifyElementTextKeyword.groovy)&#xa;	at com.kms.katalon.core.webui.keyword.internal.WebUIKeywordMain.runKeyword(WebUIKeywordMain.groovy:20)&#xa;	... 23 more&#xa;"/>
         <system-out><![CDATA[28-05-2024T21:55:33 - [TEST_CASE][FAILED] - Test Cases/FPT-TC04-Verify-Our-Mission: Test Cases/FPT-TC04-Verify-Our-Mission FAILED.
Reason:
com.kms.katalon.core.exception.StepFailedException: Verify element text of test object 'Object Repository/FPT/Page_FPT Software  Leading in Digital trans_9e9e5c/div_WE ARE' FAILED.
	at com.kms.katalon.core.webui.keyword.internal.WebUIKeywordMain.stepFailed(WebUIKeywordMain.groovy:64)
	at com.kms.katalon.core.webui.keyword.internal.WebUIKeywordMain.runKeyword(WebUIKeywordMain.groovy:26)
	at com.kms.katalon.core.webui.keyword.builtin.VerifyElementTextKeyword.verifyElementText(VerifyElementTextKeyword.groovy:72)
	at com.kms.katalon.core.webui.keyword.builtin.VerifyElementTextKeyword.execute(VerifyElementTextKeyword.groovy:40)
	at com.kms.katalon.core.keyword.internal.KeywordExecutor.executeKeywordForPlatform(KeywordExecutor.groovy:74)
	at com.kms.katalon.core.webui.keyword.WebUiBuiltInKeywords.verifyElementText(WebUiBuiltInKeywords.groovy:4835)
	at FPT-TC04-Verify-Our-Mission.run(FPT-TC04-Verify-Our-Mission:26)
	at com.kms.katalon.core.main.ScriptEngine.run(ScriptEngine.java:194)
	at com.kms.katalon.core.main.ScriptEngine.runScriptAsRawText(ScriptEngine.java:119)
	at com.kms.katalon.core.main.TestCaseExecutor.runScript(TestCaseExecutor.java:448)
	at com.kms.katalon.core.main.TestCaseExecutor.doExecute(TestCaseExecutor.java:439)
	at com.kms.katalon.core.main.TestCaseExecutor.processExecutionPhase(TestCaseExecutor.java:418)
	at com.kms.katalon.core.main.TestCaseExecutor.accessMainPhase(TestCaseExecutor.java:410)
	at com.kms.katalon.core.main.TestCaseExecutor.execute(TestCaseExecutor.java:285)
	at com.kms.katalon.core.main.TestCaseExecutor.execute(TestCaseExecutor.java:369)
	at com.kms.katalon.core.main.TestCaseExecutor.execute(TestCaseExecutor.java:369)
	at com.kms.katalon.core.main.TestCaseExecutor.execute(TestCaseExecutor.java:369)
	at com.kms.katalon.core.common.CommonExecutor.accessTestCaseMainPhase(CommonExecutor.java:65)
	at com.kms.katalon.core.main.TestSuiteExecutor.accessTestSuiteMainPhase(TestSuiteExecutor.java:150)
	at com.kms.katalon.core.main.TestSuiteExecutor.execute(TestSuiteExecutor.java:106)
	at com.kms.katalon.core.main.TestCaseMain.startTestSuite(TestCaseMain.java:180)
	at TempTestSuite1716907351103.run(TempTestSuite1716907351103.groovy:35)
	at java.base/jdk.internal.reflect.NativeMethodAccessorImpl.invoke0(Native Method)
	at java.base/jdk.internal.reflect.NativeMethodAccessorImpl.invoke(NativeMethodAccessorImpl.java:77)
	at java.base/jdk.internal.reflect.DelegatingMethodAccessorImpl.invoke(DelegatingMethodAccessorImpl.java:43)
Caused by: com.kms.katalon.core.exception.StepFailedException: com.kms.katalon.core.webui.exception.WebElementNotFoundException: Web element with id: 'Object Repository/FPT/Page_FPT Software  Leading in Digital trans_9e9e5c/div_WE ARE' located by '//div[@id='our-missions']/div/div/div/div/div' not found
	at com.kms.katalon.core.webui.keyword.internal.WebUIKeywordMain.stepFailed(WebUIKeywordMain.groovy:64)
	at com.kms.katalon.core.webui.keyword.builtin.VerifyElementTextKeyword$_verifyElementText_closure1.doCall(VerifyElementTextKeyword.groovy:64)
	at com.kms.katalon.core.webui.keyword.builtin.VerifyElementTextKeyword$_verifyElementText_closure1.call(VerifyElementTextKeyword.groovy)
	at com.kms.katalon.core.webui.keyword.internal.WebUIKeywordMain.runKeyword(WebUIKeywordMain.groovy:20)
	... 23 more


28-05-2024T21:55:33 - [TEST_STEP][PASSED] - openBrowser(""): Browser is opened with url: ''

28-05-2024T21:55:33 - [MESSAGE][WARNING] - A browser is already opened. Closing browser and opening a new one

28-05-2024T21:55:34 - [MESSAGE][INFO] - Starting 'Chrome' driver

28-05-2024T21:55:34 - [MESSAGE][INFO] - Action delay is set to 0 milliseconds

28-05-2024T21:55:35 - [MESSAGE][PASSED] - Browser is opened with url: ''

28-05-2024T21:55:35 - [TEST_STEP][PASSED] - navigateToUrl("https://fptsoftware.com/"): Navigate to 'https://fptsoftware.com/' successfully

28-05-2024T21:56:43 - [MESSAGE][PASSED] - Navigate to 'https://fptsoftware.com/' successfully

28-05-2024T21:56:43 - [TEST_STEP][PASSED] - verifyElementVisible(findTestObject("Object Repository/FPT/Page_FPT Software  Leading in Digital trans_9e9e5c/div_WE ARE                              a c_6fe479")): Object 'Object Repository/FPT/Page_FPT Software  Leading in Digital trans_9e9e5c/div_WE ARE                              a c_6fe479' is visible

28-05-2024T21:57:15 - [MESSAGE][INFO] - Unable to find the element located by 'By.xpath: //div[@id='our-missions']/div/div/div/div'. Please recheck the objects properties to make sure the desired element is located. 

28-05-2024T21:57:15 - [MESSAGE][WARNING] - [SELF-HEALING] Failed to find element with id 'Object Repository/FPT/Page_FPT Software  Leading in Digital trans_9e9e5c/div_WE ARE                              a c_6fe479'. Try using Self-healing.

28-05-2024T21:57:15 - [MESSAGE][WARNING] - [SELF-HEALING] The current locator of test object 'Object Repository/FPT/Page_FPT Software  Leading in Digital trans_9e9e5c/div_WE ARE                              a c_6fe479' was broken. Propose an alternative one: '//main/div/div[2]/div/div/div/div'.

28-05-2024T21:57:15 - [MESSAGE][PASSED] - Object 'Object Repository/FPT/Page_FPT Software  Leading in Digital trans_9e9e5c/div_WE ARE                              a c_6fe479' is visible

28-05-2024T21:57:15 - [TEST_STEP][FAILED] - verifyElementText(findTestObject("Object Repository/FPT/Page_FPT Software  Leading in Digital trans_9e9e5c/div_WE ARE"), "WE ARE"): Verify element text of test object 'Object Repository/FPT/Page_FPT Software  Leading in Digital trans_9e9e5c/div_WE ARE' FAILED. (Root cause: com.kms.katalon.core.exception.StepFailedException: Verify element text of test object 'Object Repository/FPT/Page_FPT Software  Leading in Digital trans_9e9e5c/div_WE ARE' FAILED.
	at com.kms.katalon.core.webui.keyword.internal.WebUIKeywordMain.stepFailed(WebUIKeywordMain.groovy:64)
	at com.kms.katalon.core.webui.keyword.internal.WebUIKeywordMain.runKeyword(WebUIKeywordMain.groovy:26)
	at com.kms.katalon.core.webui.keyword.builtin.VerifyElementTextKeyword.verifyElementText(VerifyElementTextKeyword.groovy:72)
	at com.kms.katalon.core.webui.keyword.builtin.VerifyElementTextKeyword.execute(VerifyElementTextKeyword.groovy:40)
	at com.kms.katalon.core.keyword.internal.KeywordExecutor.executeKeywordForPlatform(KeywordExecutor.groovy:74)
	at com.kms.katalon.core.webui.keyword.WebUiBuiltInKeywords.verifyElementText(WebUiBuiltInKeywords.groovy:4835)
	at FPT-TC04-Verify-Our-Mission.run(FPT-TC04-Verify-Our-Mission:26)
	at com.kms.katalon.core.main.ScriptEngine.run(ScriptEngine.java:194)
	at com.kms.katalon.core.main.ScriptEngine.runScriptAsRawText(ScriptEngine.java:119)
	at com.kms.katalon.core.main.TestCaseExecutor.runScript(TestCaseExecutor.java:448)
	at com.kms.katalon.core.main.TestCaseExecutor.doExecute(TestCaseExecutor.java:439)
	at com.kms.katalon.core.main.TestCaseExecutor.processExecutionPhase(TestCaseExecutor.java:418)
	at com.kms.katalon.core.main.TestCaseExecutor.accessMainPhase(TestCaseExecutor.java:410)
	at com.kms.katalon.core.main.TestCaseExecutor.execute(TestCaseExecutor.java:285)
	at com.kms.katalon.core.main.TestCaseExecutor.execute(TestCaseExecutor.java:369)
	at com.kms.katalon.core.main.TestCaseExecutor.execute(TestCaseExecutor.java:369)
	at com.kms.katalon.core.main.TestCaseExecutor.execute(TestCaseExecutor.java:369)
	at com.kms.katalon.core.common.CommonExecutor.accessTestCaseMainPhase(CommonExecutor.java:65)
	at com.kms.katalon.core.main.TestSuiteExecutor.accessTestSuiteMainPhase(TestSuiteExecutor.java:150)
	at com.kms.katalon.core.main.TestSuiteExecutor.execute(TestSuiteExecutor.java:106)
	at com.kms.katalon.core.main.TestCaseMain.startTestSuite(TestCaseMain.java:180)
	at TempTestSuite1716907351103.run(TempTestSuite1716907351103.groovy:35)
	at java.base/jdk.internal.reflect.NativeMethodAccessorImpl.invoke0(Native Method)
	at java.base/jdk.internal.reflect.NativeMethodAccessorImpl.invoke(NativeMethodAccessorImpl.java:77)
	at java.base/jdk.internal.reflect.DelegatingMethodAccessorImpl.invoke(DelegatingMethodAccessorImpl.java:43)
Caused by: com.kms.katalon.core.exception.StepFailedException: com.kms.katalon.core.webui.exception.WebElementNotFoundException: Web element with id: 'Object Repository/FPT/Page_FPT Software  Leading in Digital trans_9e9e5c/div_WE ARE' located by '//div[@id='our-missions']/div/div/div/div/div' not found
	at com.kms.katalon.core.webui.keyword.internal.WebUIKeywordMain.stepFailed(WebUIKeywordMain.groovy:64)
	at com.kms.katalon.core.webui.keyword.builtin.VerifyElementTextKeyword$_verifyElementText_closure1.doCall(VerifyElementTextKeyword.groovy:64)
	at com.kms.katalon.core.webui.keyword.builtin.VerifyElementTextKeyword$_verifyElementText_closure1.call(VerifyElementTextKeyword.groovy)
	at com.kms.katalon.core.webui.keyword.internal.WebUIKeywordMain.runKeyword(WebUIKeywordMain.groovy:20)
	... 23 more
)

28-05-2024T21:57:46 - [MESSAGE][INFO] - Unable to find the element located by 'By.xpath: //div[@id='our-missions']/div/div/div/div/div'. Please recheck the objects properties to make sure the desired element is located. 

28-05-2024T21:57:46 - [MESSAGE][WARNING] - [SELF-HEALING] Failed to find element with id 'Object Repository/FPT/Page_FPT Software  Leading in Digital trans_9e9e5c/div_WE ARE'. Try using Self-healing.

28-05-2024T21:57:47 - [MESSAGE][INFO] - [SELF-HEALING] Failed Locator: '//div[@id='our-missions']/div/div/div/div/div'.

28-05-2024T21:57:47 - [MESSAGE][INFO] - [SELF-HEALING] Failed Locator: '(.//*[normalize-space(text()) and normalize-space(.)='FPT Software Listed in Gartner® Report For Public Cloud Services'])[4]/following::div[7]'.

28-05-2024T21:57:47 - [MESSAGE][INFO] - [SELF-HEALING] Failed Locator: '(.//*[normalize-space(text()) and normalize-space(.)='a'])[1]/preceding::div[1]'.

28-05-2024T21:57:48 - [MESSAGE][INFO] - [SELF-HEALING] Failed Locator: '(.//*[normalize-space(text()) and normalize-space(.)='comprehensive'])[1]/preceding::div[1]'.

28-05-2024T21:57:48 - [MESSAGE][INFO] - [SELF-HEALING] Failed Locator: '//*/text()[normalize-space(.)='WE ARE']/parent::*'.

28-05-2024T21:57:48 - [MESSAGE][INFO] - [SELF-HEALING] Failed Locator: '//main/div/div[2]/div/div/div/div/div'.

28-05-2024T21:57:49 - [MESSAGE][INFO] - [SELF-HEALING] Failed Locator: '//div[(text() = 'WE ARE' or . = 'WE ARE')]'.

28-05-2024T21:57:51 - [MESSAGE][INFO] - Unable to find the element located by 'By.xpath: //*[(text() = 'WE ARE' or . = 'WE ARE')]'. Please recheck the objects properties to make sure the desired element is located. 

28-05-2024T21:57:52 - [MESSAGE][INFO] - Unable to find the element located by 'By.cssSelector: div.section_name'. Please recheck the objects properties to make sure the desired element is located. 

28-05-2024T21:57:53 - [MESSAGE][FAILED] - com.kms.katalon.core.webui.exception.WebElementNotFoundException: Web element with id: 'Object Repository/FPT/Page_FPT Software  Leading in Digital trans_9e9e5c/div_WE ARE' located by '//div[@id='our-missions']/div/div/div/div/div' not found (Root cause: com.kms.katalon.core.exception.StepFailedException: com.kms.katalon.core.webui.exception.WebElementNotFoundException: Web element with id: 'Object Repository/FPT/Page_FPT Software  Leading in Digital trans_9e9e5c/div_WE ARE' located by '//div[@id='our-missions']/div/div/div/div/div' not found
	at com.kms.katalon.core.webui.keyword.internal.WebUIKeywordMain.stepFailed(WebUIKeywordMain.groovy:64)
	at com.kms.katalon.core.webui.keyword.builtin.VerifyElementTextKeyword$_verifyElementText_closure1.doCall(VerifyElementTextKeyword.groovy:64)
	at com.kms.katalon.core.webui.keyword.builtin.VerifyElementTextKeyword$_verifyElementText_closure1.call(VerifyElementTextKeyword.groovy)
	at com.kms.katalon.core.webui.keyword.internal.WebUIKeywordMain.runKeyword(WebUIKeywordMain.groovy:20)
	at com.kms.katalon.core.webui.keyword.builtin.VerifyElementTextKeyword.verifyElementText(VerifyElementTextKeyword.groovy:72)
	at com.kms.katalon.core.webui.keyword.builtin.VerifyElementTextKeyword.execute(VerifyElementTextKeyword.groovy:40)
	at com.kms.katalon.core.keyword.internal.KeywordExecutor.executeKeywordForPlatform(KeywordExecutor.groovy:74)
	at com.kms.katalon.core.webui.keyword.WebUiBuiltInKeywords.verifyElementText(WebUiBuiltInKeywords.groovy:4835)
	at FPT-TC04-Verify-Our-Mission.run(FPT-TC04-Verify-Our-Mission:26)
	at com.kms.katalon.core.main.ScriptEngine.run(ScriptEngine.java:194)
	at com.kms.katalon.core.main.ScriptEngine.runScriptAsRawText(ScriptEngine.java:119)
	at com.kms.katalon.core.main.TestCaseExecutor.runScript(TestCaseExecutor.java:448)
	at com.kms.katalon.core.main.TestCaseExecutor.doExecute(TestCaseExecutor.java:439)
	at com.kms.katalon.core.main.TestCaseExecutor.processExecutionPhase(TestCaseExecutor.java:418)
	at com.kms.katalon.core.main.TestCaseExecutor.accessMainPhase(TestCaseExecutor.java:410)
	at com.kms.katalon.core.main.TestCaseExecutor.execute(TestCaseExecutor.java:285)
	at com.kms.katalon.core.main.TestCaseExecutor.execute(TestCaseExecutor.java:369)
	at com.kms.katalon.core.main.TestCaseExecutor.execute(TestCaseExecutor.java:369)
	at com.kms.katalon.core.main.TestCaseExecutor.execute(TestCaseExecutor.java:369)
	at com.kms.katalon.core.common.CommonExecutor.accessTestCaseMainPhase(CommonExecutor.java:65)
	at com.kms.katalon.core.main.TestSuiteExecutor.accessTestSuiteMainPhase(TestSuiteExecutor.java:150)
	at com.kms.katalon.core.main.TestSuiteExecutor.execute(TestSuiteExecutor.java:106)
	at com.kms.katalon.core.main.TestCaseMain.startTestSuite(TestCaseMain.java:180)
	at TempTestSuite1716907351103.run(TempTestSuite1716907351103.groovy:35)
	at java.base/jdk.internal.reflect.NativeMethodAccessorImpl.invoke0(Native Method)
	at java.base/jdk.internal.reflect.NativeMethodAccessorImpl.invoke(NativeMethodAccessorImpl.java:77)
	at java.base/jdk.internal.reflect.DelegatingMethodAccessorImpl.invoke(DelegatingMethodAccessorImpl.java:43)
)
[[ATTACHMENT|C:\\Users\\ToanLa\\git\\katalon\\Reports\\20240528_214204\\FPT\\Verify_Body\\20240528_214231\\1716908272621.png]]

28-05-2024T21:57:54 - [MESSAGE][FAILED] - Verify element text of test object 'Object Repository/FPT/Page_FPT Software  Leading in Digital trans_9e9e5c/div_WE ARE' FAILED. (Root cause: com.kms.katalon.core.exception.StepFailedException: Verify element text of test object 'Object Repository/FPT/Page_FPT Software  Leading in Digital trans_9e9e5c/div_WE ARE' FAILED.
	at com.kms.katalon.core.webui.keyword.internal.WebUIKeywordMain.stepFailed(WebUIKeywordMain.groovy:64)
	at com.kms.katalon.core.webui.keyword.internal.WebUIKeywordMain.runKeyword(WebUIKeywordMain.groovy:26)
	at com.kms.katalon.core.webui.keyword.builtin.VerifyElementTextKeyword.verifyElementText(VerifyElementTextKeyword.groovy:72)
	at com.kms.katalon.core.webui.keyword.builtin.VerifyElementTextKeyword.execute(VerifyElementTextKeyword.groovy:40)
	at com.kms.katalon.core.keyword.internal.KeywordExecutor.executeKeywordForPlatform(KeywordExecutor.groovy:74)
	at com.kms.katalon.core.webui.keyword.WebUiBuiltInKeywords.verifyElementText(WebUiBuiltInKeywords.groovy:4835)
	at FPT-TC04-Verify-Our-Mission.run(FPT-TC04-Verify-Our-Mission:26)
	at com.kms.katalon.core.main.ScriptEngine.run(ScriptEngine.java:194)
	at com.kms.katalon.core.main.ScriptEngine.runScriptAsRawText(ScriptEngine.java:119)
	at com.kms.katalon.core.main.TestCaseExecutor.runScript(TestCaseExecutor.java:448)
	at com.kms.katalon.core.main.TestCaseExecutor.doExecute(TestCaseExecutor.java:439)
	at com.kms.katalon.core.main.TestCaseExecutor.processExecutionPhase(TestCaseExecutor.java:418)
	at com.kms.katalon.core.main.TestCaseExecutor.accessMainPhase(TestCaseExecutor.java:410)
	at com.kms.katalon.core.main.TestCaseExecutor.execute(TestCaseExecutor.java:285)
	at com.kms.katalon.core.main.TestCaseExecutor.execute(TestCaseExecutor.java:369)
	at com.kms.katalon.core.main.TestCaseExecutor.execute(TestCaseExecutor.java:369)
	at com.kms.katalon.core.main.TestCaseExecutor.execute(TestCaseExecutor.java:369)
	at com.kms.katalon.core.common.CommonExecutor.accessTestCaseMainPhase(CommonExecutor.java:65)
	at com.kms.katalon.core.main.TestSuiteExecutor.accessTestSuiteMainPhase(TestSuiteExecutor.java:150)
	at com.kms.katalon.core.main.TestSuiteExecutor.execute(TestSuiteExecutor.java:106)
	at com.kms.katalon.core.main.TestCaseMain.startTestSuite(TestCaseMain.java:180)
	at TempTestSuite1716907351103.run(TempTestSuite1716907351103.groovy:35)
	at java.base/jdk.internal.reflect.NativeMethodAccessorImpl.invoke0(Native Method)
	at java.base/jdk.internal.reflect.NativeMethodAccessorImpl.invoke(NativeMethodAccessorImpl.java:77)
	at java.base/jdk.internal.reflect.DelegatingMethodAccessorImpl.invoke(DelegatingMethodAccessorImpl.java:43)
Caused by: com.kms.katalon.core.exception.StepFailedException: com.kms.katalon.core.webui.exception.WebElementNotFoundException: Web element with id: 'Object Repository/FPT/Page_FPT Software  Leading in Digital trans_9e9e5c/div_WE ARE' located by '//div[@id='our-missions']/div/div/div/div/div' not found
	at com.kms.katalon.core.webui.keyword.internal.WebUIKeywordMain.stepFailed(WebUIKeywordMain.groovy:64)
	at com.kms.katalon.core.webui.keyword.builtin.VerifyElementTextKeyword$_verifyElementText_closure1.doCall(VerifyElementTextKeyword.groovy:64)
	at com.kms.katalon.core.webui.keyword.builtin.VerifyElementTextKeyword$_verifyElementText_closure1.call(VerifyElementTextKeyword.groovy)
	at com.kms.katalon.core.webui.keyword.internal.WebUIKeywordMain.runKeyword(WebUIKeywordMain.groovy:20)
	... 23 more
)
[[ATTACHMENT|C:\\Users\\ToanLa\\git\\katalon\\Reports\\20240528_214204\\FPT\\Verify_Body\\20240528_214231\\1716908273698.png]]]]></system-out>
         <system-err><![CDATA[28-05-2024T21:55:33 - [TEST_CASE][FAILED] - Test Cases/FPT-TC04-Verify-Our-Mission: Test Cases/FPT-TC04-Verify-Our-Mission FAILED.
Reason:
com.kms.katalon.core.exception.StepFailedException: Verify element text of test object 'Object Repository/FPT/Page_FPT Software  Leading in Digital trans_9e9e5c/div_WE ARE' FAILED.
	at com.kms.katalon.core.webui.keyword.internal.WebUIKeywordMain.stepFailed(WebUIKeywordMain.groovy:64)
	at com.kms.katalon.core.webui.keyword.internal.WebUIKeywordMain.runKeyword(WebUIKeywordMain.groovy:26)
	at com.kms.katalon.core.webui.keyword.builtin.VerifyElementTextKeyword.verifyElementText(VerifyElementTextKeyword.groovy:72)
	at com.kms.katalon.core.webui.keyword.builtin.VerifyElementTextKeyword.execute(VerifyElementTextKeyword.groovy:40)
	at com.kms.katalon.core.keyword.internal.KeywordExecutor.executeKeywordForPlatform(KeywordExecutor.groovy:74)
	at com.kms.katalon.core.webui.keyword.WebUiBuiltInKeywords.verifyElementText(WebUiBuiltInKeywords.groovy:4835)
	at FPT-TC04-Verify-Our-Mission.run(FPT-TC04-Verify-Our-Mission:26)
	at com.kms.katalon.core.main.ScriptEngine.run(ScriptEngine.java:194)
	at com.kms.katalon.core.main.ScriptEngine.runScriptAsRawText(ScriptEngine.java:119)
	at com.kms.katalon.core.main.TestCaseExecutor.runScript(TestCaseExecutor.java:448)
	at com.kms.katalon.core.main.TestCaseExecutor.doExecute(TestCaseExecutor.java:439)
	at com.kms.katalon.core.main.TestCaseExecutor.processExecutionPhase(TestCaseExecutor.java:418)
	at com.kms.katalon.core.main.TestCaseExecutor.accessMainPhase(TestCaseExecutor.java:410)
	at com.kms.katalon.core.main.TestCaseExecutor.execute(TestCaseExecutor.java:285)
	at com.kms.katalon.core.main.TestCaseExecutor.execute(TestCaseExecutor.java:369)
	at com.kms.katalon.core.main.TestCaseExecutor.execute(TestCaseExecutor.java:369)
	at com.kms.katalon.core.main.TestCaseExecutor.execute(TestCaseExecutor.java:369)
	at com.kms.katalon.core.common.CommonExecutor.accessTestCaseMainPhase(CommonExecutor.java:65)
	at com.kms.katalon.core.main.TestSuiteExecutor.accessTestSuiteMainPhase(TestSuiteExecutor.java:150)
	at com.kms.katalon.core.main.TestSuiteExecutor.execute(TestSuiteExecutor.java:106)
	at com.kms.katalon.core.main.TestCaseMain.startTestSuite(TestCaseMain.java:180)
	at TempTestSuite1716907351103.run(TempTestSuite1716907351103.groovy:35)
	at java.base/jdk.internal.reflect.NativeMethodAccessorImpl.invoke0(Native Method)
	at java.base/jdk.internal.reflect.NativeMethodAccessorImpl.invoke(NativeMethodAccessorImpl.java:77)
	at java.base/jdk.internal.reflect.DelegatingMethodAccessorImpl.invoke(DelegatingMethodAccessorImpl.java:43)
Caused by: com.kms.katalon.core.exception.StepFailedException: com.kms.katalon.core.webui.exception.WebElementNotFoundException: Web element with id: 'Object Repository/FPT/Page_FPT Software  Leading in Digital trans_9e9e5c/div_WE ARE' located by '//div[@id='our-missions']/div/div/div/div/div' not found
	at com.kms.katalon.core.webui.keyword.internal.WebUIKeywordMain.stepFailed(WebUIKeywordMain.groovy:64)
	at com.kms.katalon.core.webui.keyword.builtin.VerifyElementTextKeyword$_verifyElementText_closure1.doCall(VerifyElementTextKeyword.groovy:64)
	at com.kms.katalon.core.webui.keyword.builtin.VerifyElementTextKeyword$_verifyElementText_closure1.call(VerifyElementTextKeyword.groovy)
	at com.kms.katalon.core.webui.keyword.internal.WebUIKeywordMain.runKeyword(WebUIKeywordMain.groovy:20)
	... 23 more]]></system-err>
      </testcase>
      <system-out><![CDATA[28-05-2024T21:45:04 - [TEST_SUITE][FAILED] - Verify_Body: Test Cases/FPT-TC03-Verify-Customer-Stories FAILED.
Reason:
com.kms.katalon.core.exception.StepFailedException: Verify element text of test object 'Object Repository/FPT/Page_FPT Software  Leading in Digital trans_9e9e5c/h3_CUSTOMER STORIES' FAILED.
	at com.kms.katalon.core.webui.keyword.internal.WebUIKeywordMain.stepFailed(WebUIKeywordMain.groovy:64)
	at com.kms.katalon.core.webui.keyword.internal.WebUIKeywordMain.runKeyword(WebUIKeywordMain.groovy:26)
	at com.kms.katalon.core.webui.keyword.builtin.VerifyElementTextKeyword.verifyElementText(VerifyElementTextKeyword.groovy:72)
	at com.kms.katalon.core.webui.keyword.builtin.VerifyElementTextKeyword.execute(VerifyElementTextKeyword.groovy:40)
	at com.kms.katalon.core.keyword.internal.KeywordExecutor.executeKeywordForPlatform(KeywordExecutor.groovy:74)
	at com.kms.katalon.core.webui.keyword.WebUiBuiltInKeywords.verifyElementText(WebUiBuiltInKeywords.groovy:4835)
	at FPT-TC03-Verify-Customer-Stories.run(FPT-TC03-Verify-Customer-Stories:24)
	at com.kms.katalon.core.main.ScriptEngine.run(ScriptEngine.java:194)
	at com.kms.katalon.core.main.ScriptEngine.runScriptAsRawText(ScriptEngine.java:119)
	at com.kms.katalon.core.main.TestCaseExecutor.runScript(TestCaseExecutor.java:448)
	at com.kms.katalon.core.main.TestCaseExecutor.doExecute(TestCaseExecutor.java:439)
	at com.kms.katalon.core.main.TestCaseExecutor.processExecutionPhase(TestCaseExecutor.java:418)
	at com.kms.katalon.core.main.TestCaseExecutor.accessMainPhase(TestCaseExecutor.java:410)
	at com.kms.katalon.core.main.TestCaseExecutor.execute(TestCaseExecutor.java:285)
	at com.kms.katalon.core.common.CommonExecutor.accessTestCaseMainPhase(CommonExecutor.java:65)
	at com.kms.katalon.core.main.TestSuiteExecutor.accessTestSuiteMainPhase(TestSuiteExecutor.java:150)
	at com.kms.katalon.core.main.TestSuiteExecutor.execute(TestSuiteExecutor.java:106)
	at com.kms.katalon.core.main.TestCaseMain.startTestSuite(TestCaseMain.java:180)
	at TempTestSuite1716907351103.run(TempTestSuite1716907351103.groovy:35)
	at java.base/jdk.internal.reflect.NativeMethodAccessorImpl.invoke0(Native Method)
	at java.base/jdk.internal.reflect.NativeMethodAccessorImpl.invoke(NativeMethodAccessorImpl.java:77)
	at java.base/jdk.internal.reflect.DelegatingMethodAccessorImpl.invoke(DelegatingMethodAccessorImpl.java:43)
Caused by: com.kms.katalon.core.exception.StepFailedException: Actual text '' and expected text 'CUSTOMER STORIES' of test object 'Object Repository/FPT/Page_FPT Software  Leading in Digital trans_9e9e5c/h3_CUSTOMER STORIES' are NOT matched.
	at com.kms.katalon.core.webui.keyword.internal.WebUIKeywordMain.stepFailed(WebUIKeywordMain.groovy:64)
	at com.kms.katalon.core.webui.keyword.builtin.VerifyElementTextKeyword$_verifyElementText_closure1.doCall(VerifyElementTextKeyword.groovy:57)
	at com.kms.katalon.core.webui.keyword.builtin.VerifyElementTextKeyword$_verifyElementText_closure1.call(VerifyElementTextKeyword.groovy)
	at com.kms.katalon.core.webui.keyword.internal.WebUIKeywordMain.runKeyword(WebUIKeywordMain.groovy:20)
	... 20 more]]></system-out>
      <system-err><![CDATA[28-05-2024T21:45:04 - [TEST_SUITE][FAILED] - Verify_Body: Test Cases/FPT-TC03-Verify-Customer-Stories FAILED.
Reason:
com.kms.katalon.core.exception.StepFailedException: Verify element text of test object 'Object Repository/FPT/Page_FPT Software  Leading in Digital trans_9e9e5c/h3_CUSTOMER STORIES' FAILED.
	at com.kms.katalon.core.webui.keyword.internal.WebUIKeywordMain.stepFailed(WebUIKeywordMain.groovy:64)
	at com.kms.katalon.core.webui.keyword.internal.WebUIKeywordMain.runKeyword(WebUIKeywordMain.groovy:26)
	at com.kms.katalon.core.webui.keyword.builtin.VerifyElementTextKeyword.verifyElementText(VerifyElementTextKeyword.groovy:72)
	at com.kms.katalon.core.webui.keyword.builtin.VerifyElementTextKeyword.execute(VerifyElementTextKeyword.groovy:40)
	at com.kms.katalon.core.keyword.internal.KeywordExecutor.executeKeywordForPlatform(KeywordExecutor.groovy:74)
	at com.kms.katalon.core.webui.keyword.WebUiBuiltInKeywords.verifyElementText(WebUiBuiltInKeywords.groovy:4835)
	at FPT-TC03-Verify-Customer-Stories.run(FPT-TC03-Verify-Customer-Stories:24)
	at com.kms.katalon.core.main.ScriptEngine.run(ScriptEngine.java:194)
	at com.kms.katalon.core.main.ScriptEngine.runScriptAsRawText(ScriptEngine.java:119)
	at com.kms.katalon.core.main.TestCaseExecutor.runScript(TestCaseExecutor.java:448)
	at com.kms.katalon.core.main.TestCaseExecutor.doExecute(TestCaseExecutor.java:439)
	at com.kms.katalon.core.main.TestCaseExecutor.processExecutionPhase(TestCaseExecutor.java:418)
	at com.kms.katalon.core.main.TestCaseExecutor.accessMainPhase(TestCaseExecutor.java:410)
	at com.kms.katalon.core.main.TestCaseExecutor.execute(TestCaseExecutor.java:285)
	at com.kms.katalon.core.common.CommonExecutor.accessTestCaseMainPhase(CommonExecutor.java:65)
	at com.kms.katalon.core.main.TestSuiteExecutor.accessTestSuiteMainPhase(TestSuiteExecutor.java:150)
	at com.kms.katalon.core.main.TestSuiteExecutor.execute(TestSuiteExecutor.java:106)
	at com.kms.katalon.core.main.TestCaseMain.startTestSuite(TestCaseMain.java:180)
	at TempTestSuite1716907351103.run(TempTestSuite1716907351103.groovy:35)
	at java.base/jdk.internal.reflect.NativeMethodAccessorImpl.invoke0(Native Method)
	at java.base/jdk.internal.reflect.NativeMethodAccessorImpl.invoke(NativeMethodAccessorImpl.java:77)
	at java.base/jdk.internal.reflect.DelegatingMethodAccessorImpl.invoke(DelegatingMethodAccessorImpl.java:43)
Caused by: com.kms.katalon.core.exception.StepFailedException: Actual text '' and expected text 'CUSTOMER STORIES' of test object 'Object Repository/FPT/Page_FPT Software  Leading in Digital trans_9e9e5c/h3_CUSTOMER STORIES' are NOT matched.
	at com.kms.katalon.core.webui.keyword.internal.WebUIKeywordMain.stepFailed(WebUIKeywordMain.groovy:64)
	at com.kms.katalon.core.webui.keyword.builtin.VerifyElementTextKeyword$_verifyElementText_closure1.doCall(VerifyElementTextKeyword.groovy:57)
	at com.kms.katalon.core.webui.keyword.builtin.VerifyElementTextKeyword$_verifyElementText_closure1.call(VerifyElementTextKeyword.groovy)
	at com.kms.katalon.core.webui.keyword.internal.WebUIKeywordMain.runKeyword(WebUIKeywordMain.groovy:20)
	... 20 more]]></system-err>
   </testsuite>
   <testsuite name="Verify_Header_Footer" tests="2" failures="2" errors="0" time="952.205" skipped="0" timestamp="28-05-2024T21:45:24" hostname="ToanLa - DESKTOP-QSIPVT9" id="Test Suites/FPT/Verify_Header_Footer">
      <properties>
         <property name="deviceName" value=""/>
         <property name="devicePlatform" value=""/>
         <property name="logFolder" value="C:\\Users\\ToanLa\\git\\katalon\\Reports\\20240528_214204\\FPT\\Verify_Header_Footer\\20240528_214233"/>
         <property name="logFiles" value="C:\\Users\\ToanLa\\git\\katalon\\Reports\\20240528_214204\\FPT\\Verify_Header_Footer\\20240528_214233\\execution0.log"/>
         <property name="attachments" value="C:\\Users\\ToanLa\\git\\katalon\\Reports\\20240528_214204\\FPT\\Verify_Header_Footer\\20240528_214233\\1716907882143.png, C:\\Users\\ToanLa\\git\\katalon\\Reports\\20240528_214204\\FPT\\Verify_Header_Footer\\20240528_214233\\1716907883402.png, C:\\Users\\ToanLa\\git\\katalon\\Reports\\20240528_214204\\FPT\\Verify_Header_Footer\\20240528_214233\\1716908067577.png, C:\\Users\\ToanLa\\git\\katalon\\Reports\\20240528_214204\\FPT\\Verify_Header_Footer\\20240528_214233\\1716908068961.png, C:\\Users\\ToanLa\\git\\katalon\\Reports\\20240528_214204\\FPT\\Verify_Header_Footer\\20240528_214233\\1716908118023.png, C:\\Users\\ToanLa\\git\\katalon\\Reports\\20240528_214204\\FPT\\Verify_Header_Footer\\20240528_214233\\1716908118900.png, C:\\Users\\ToanLa\\git\\katalon\\Reports\\20240528_214204\\FPT\\Verify_Header_Footer\\20240528_214233\\1716908209575.png, C:\\Users\\ToanLa\\git\\katalon\\Reports\\20240528_214204\\FPT\\Verify_Header_Footer\\20240528_214233\\1716908327301.png, C:\\Users\\ToanLa\\git\\katalon\\Reports\\20240528_214204\\FPT\\Verify_Header_Footer\\20240528_214233\\1716908397714.png, C:\\Users\\ToanLa\\git\\katalon\\Reports\\20240528_214204\\FPT\\Verify_Header_Footer\\20240528_214233\\1716908475226.png"/>
         <property name="hostName" value="ToanLa - DESKTOP-QSIPVT9"/>
         <property name="os" value="Windows 11 64bit"/>
         <property name="katalonVersion" value="9.4.0.212"/>
         <property name="browser" value="Chrome 125.0.0.0"/>
         <property name="hostAddress" value="192.168.1.8"/>
         <property name="sessionId" value="d768f7bce9d79a9118aa9133c65bfb6e"/>
         <property name="seleniumVersion" value="3.141.59"/>
         <property name="proxyInformation" value="ProxyInformation { proxyOption=NO_PROXY, proxyServerType=HTTP, username=, password=********, proxyServerAddress=, proxyServerPort=0, executionList=&quot;&quot;, isApplyToDesiredCapabilities=true }"/>
         <property name="platform" value="Windows 11"/>
      </properties>
      <testcase name="Test Cases/FPT-TC01-Verify-Header" time="49.365" classname="Test Cases/FPT-TC01-Verify-Header" status="FAILED">
         <failure type="FAILED" message="Test Cases/FPT-TC01-Verify-Header FAILED.&#xa;Reason:&#xa;com.kms.katalon.core.exception.StepFailedException: Unable to verify object 'Object Repository/FPT/Page_FPT Software  Leading in Digital trans_9e9e5c/img_Singapore (English)_img-logo' is visible&#xa;	at com.kms.katalon.core.webui.keyword.internal.WebUIKeywordMain.stepFailed(WebUIKeywordMain.groovy:64)&#xa;	at com.kms.katalon.core.webui.keyword.internal.WebUIKeywordMain.runKeyword(WebUIKeywordMain.groovy:26)&#xa;	at com.kms.katalon.core.webui.keyword.builtin.VerifyElementVisibleKeyword.verifyElementVisible(VerifyElementVisibleKeyword.groovy:97)&#xa;	at com.kms.katalon.core.webui.keyword.builtin.VerifyElementVisibleKeyword.execute(VerifyElementVisibleKeyword.groovy:67)&#xa;	at com.kms.katalon.core.keyword.internal.KeywordExecutor.executeKeywordForPlatform(KeywordExecutor.groovy:74)&#xa;	at com.kms.katalon.core.webui.keyword.WebUiBuiltInKeywords.verifyElementVisible(WebUiBuiltInKeywords.groovy:415)&#xa;	at FPT-TC01-Verify-Header.run(FPT-TC01-Verify-Header:24)&#xa;	at com.kms.katalon.core.main.ScriptEngine.run(ScriptEngine.java:194)&#xa;	at com.kms.katalon.core.main.ScriptEngine.runScriptAsRawText(ScriptEngine.java:119)&#xa;	at com.kms.katalon.core.main.TestCaseExecutor.runScript(TestCaseExecutor.java:448)&#xa;	at com.kms.katalon.core.main.TestCaseExecutor.doExecute(TestCaseExecutor.java:439)&#xa;	at com.kms.katalon.core.main.TestCaseExecutor.processExecutionPhase(TestCaseExecutor.java:418)&#xa;	at com.kms.katalon.core.main.TestCaseExecutor.accessMainPhase(TestCaseExecutor.java:410)&#xa;	at com.kms.katalon.core.main.TestCaseExecutor.execute(TestCaseExecutor.java:285)&#xa;	at com.kms.katalon.core.main.TestCaseExecutor.execute(TestCaseExecutor.java:369)&#xa;	at com.kms.katalon.core.main.TestCaseExecutor.execute(TestCaseExecutor.java:369)&#xa;	at com.kms.katalon.core.main.TestCaseExecutor.execute(TestCaseExecutor.java:369)&#xa;	at com.kms.katalon.core.common.CommonExecutor.accessTestCaseMainPhase(CommonExecutor.java:65)&#xa;	at com.kms.katalon.core.main.TestSuiteExecutor.accessTestSuiteMainPhase(TestSuiteExecutor.java:150)&#xa;	at com.kms.katalon.core.main.TestSuiteExecutor.execute(TestSuiteExecutor.java:106)&#xa;	at com.kms.katalon.core.main.TestCaseMain.startTestSuite(TestCaseMain.java:180)&#xa;	at TempTestSuite1716907353621.run(TempTestSuite1716907353621.groovy:35)&#xa;	at java.base/jdk.internal.reflect.NativeMethodAccessorImpl.invoke0(Native Method)&#xa;	at java.base/jdk.internal.reflect.NativeMethodAccessorImpl.invoke(NativeMethodAccessorImpl.java:77)&#xa;	at java.base/jdk.internal.reflect.DelegatingMethodAccessorImpl.invoke(DelegatingMethodAccessorImpl.java:43)&#xa;Caused by: com.kms.katalon.core.exception.StepFailedException: Object 'Object Repository/FPT/Page_FPT Software  Leading in Digital trans_9e9e5c/img_Singapore (English)_img-logo' is NOT visible&#xa;	at com.kms.katalon.core.webui.keyword.internal.WebUIKeywordMain.stepFailed(WebUIKeywordMain.groovy:64)&#xa;	at com.kms.katalon.core.webui.keyword.builtin.VerifyElementVisibleKeyword$_verifyElementVisible_closure1.doCall(VerifyElementVisibleKeyword.groovy:83)&#xa;	at com.kms.katalon.core.webui.keyword.builtin.VerifyElementVisibleKeyword$_verifyElementVisible_closure1.call(VerifyElementVisibleKeyword.groovy)&#xa;	at com.kms.katalon.core.webui.keyword.internal.WebUIKeywordMain.runKeyword(WebUIKeywordMain.groovy:20)&#xa;	... 23 more&#xa;"/>
         <system-out><![CDATA[28-05-2024T21:54:30 - [TEST_CASE][FAILED] - Test Cases/FPT-TC01-Verify-Header: Test Cases/FPT-TC01-Verify-Header FAILED.
Reason:
com.kms.katalon.core.exception.StepFailedException: Unable to verify object 'Object Repository/FPT/Page_FPT Software  Leading in Digital trans_9e9e5c/img_Singapore (English)_img-logo' is visible
	at com.kms.katalon.core.webui.keyword.internal.WebUIKeywordMain.stepFailed(WebUIKeywordMain.groovy:64)
	at com.kms.katalon.core.webui.keyword.internal.WebUIKeywordMain.runKeyword(WebUIKeywordMain.groovy:26)
	at com.kms.katalon.core.webui.keyword.builtin.VerifyElementVisibleKeyword.verifyElementVisible(VerifyElementVisibleKeyword.groovy:97)
	at com.kms.katalon.core.webui.keyword.builtin.VerifyElementVisibleKeyword.execute(VerifyElementVisibleKeyword.groovy:67)
	at com.kms.katalon.core.keyword.internal.KeywordExecutor.executeKeywordForPlatform(KeywordExecutor.groovy:74)
	at com.kms.katalon.core.webui.keyword.WebUiBuiltInKeywords.verifyElementVisible(WebUiBuiltInKeywords.groovy:415)
	at FPT-TC01-Verify-Header.run(FPT-TC01-Verify-Header:24)
	at com.kms.katalon.core.main.ScriptEngine.run(ScriptEngine.java:194)
	at com.kms.katalon.core.main.ScriptEngine.runScriptAsRawText(ScriptEngine.java:119)
	at com.kms.katalon.core.main.TestCaseExecutor.runScript(TestCaseExecutor.java:448)
	at com.kms.katalon.core.main.TestCaseExecutor.doExecute(TestCaseExecutor.java:439)
	at com.kms.katalon.core.main.TestCaseExecutor.processExecutionPhase(TestCaseExecutor.java:418)
	at com.kms.katalon.core.main.TestCaseExecutor.accessMainPhase(TestCaseExecutor.java:410)
	at com.kms.katalon.core.main.TestCaseExecutor.execute(TestCaseExecutor.java:285)
	at com.kms.katalon.core.main.TestCaseExecutor.execute(TestCaseExecutor.java:369)
	at com.kms.katalon.core.main.TestCaseExecutor.execute(TestCaseExecutor.java:369)
	at com.kms.katalon.core.main.TestCaseExecutor.execute(TestCaseExecutor.java:369)
	at com.kms.katalon.core.common.CommonExecutor.accessTestCaseMainPhase(CommonExecutor.java:65)
	at com.kms.katalon.core.main.TestSuiteExecutor.accessTestSuiteMainPhase(TestSuiteExecutor.java:150)
	at com.kms.katalon.core.main.TestSuiteExecutor.execute(TestSuiteExecutor.java:106)
	at com.kms.katalon.core.main.TestCaseMain.startTestSuite(TestCaseMain.java:180)
	at TempTestSuite1716907353621.run(TempTestSuite1716907353621.groovy:35)
	at java.base/jdk.internal.reflect.NativeMethodAccessorImpl.invoke0(Native Method)
	at java.base/jdk.internal.reflect.NativeMethodAccessorImpl.invoke(NativeMethodAccessorImpl.java:77)
	at java.base/jdk.internal.reflect.DelegatingMethodAccessorImpl.invoke(DelegatingMethodAccessorImpl.java:43)
Caused by: com.kms.katalon.core.exception.StepFailedException: Object 'Object Repository/FPT/Page_FPT Software  Leading in Digital trans_9e9e5c/img_Singapore (English)_img-logo' is NOT visible
	at com.kms.katalon.core.webui.keyword.internal.WebUIKeywordMain.stepFailed(WebUIKeywordMain.groovy:64)
	at com.kms.katalon.core.webui.keyword.builtin.VerifyElementVisibleKeyword$_verifyElementVisible_closure1.doCall(VerifyElementVisibleKeyword.groovy:83)
	at com.kms.katalon.core.webui.keyword.builtin.VerifyElementVisibleKeyword$_verifyElementVisible_closure1.call(VerifyElementVisibleKeyword.groovy)
	at com.kms.katalon.core.webui.keyword.internal.WebUIKeywordMain.runKeyword(WebUIKeywordMain.groovy:20)
	... 23 more


28-05-2024T21:54:30 - [TEST_STEP][PASSED] - openBrowser(""): Browser is opened with url: ''

28-05-2024T21:54:30 - [MESSAGE][WARNING] - A browser is already opened. Closing browser and opening a new one

28-05-2024T21:54:31 - [MESSAGE][INFO] - Starting 'Chrome' driver

28-05-2024T21:54:31 - [MESSAGE][INFO] - Action delay is set to 0 milliseconds

28-05-2024T21:54:33 - [MESSAGE][PASSED] - Browser is opened with url: ''

28-05-2024T21:54:33 - [TEST_STEP][PASSED] - navigateToUrl("https://fptsoftware.com/"): Navigate to 'https://fptsoftware.com/' successfully

28-05-2024T21:55:10 - [MESSAGE][PASSED] - Navigate to 'https://fptsoftware.com/' successfully

28-05-2024T21:55:10 - [TEST_STEP][FAILED] - verifyElementVisible(findTestObject("Object Repository/FPT/Page_FPT Software  Leading in Digital trans_9e9e5c/img_Singapore (English)_img-logo")): Unable to verify object 'Object Repository/FPT/Page_FPT Software  Leading in Digital trans_9e9e5c/img_Singapore (English)_img-logo' is visible (Root cause: com.kms.katalon.core.exception.StepFailedException: Unable to verify object 'Object Repository/FPT/Page_FPT Software  Leading in Digital trans_9e9e5c/img_Singapore (English)_img-logo' is visible
	at com.kms.katalon.core.webui.keyword.internal.WebUIKeywordMain.stepFailed(WebUIKeywordMain.groovy:64)
	at com.kms.katalon.core.webui.keyword.internal.WebUIKeywordMain.runKeyword(WebUIKeywordMain.groovy:26)
	at com.kms.katalon.core.webui.keyword.builtin.VerifyElementVisibleKeyword.verifyElementVisible(VerifyElementVisibleKeyword.groovy:97)
	at com.kms.katalon.core.webui.keyword.builtin.VerifyElementVisibleKeyword.execute(VerifyElementVisibleKeyword.groovy:67)
	at com.kms.katalon.core.keyword.internal.KeywordExecutor.executeKeywordForPlatform(KeywordExecutor.groovy:74)
	at com.kms.katalon.core.webui.keyword.WebUiBuiltInKeywords.verifyElementVisible(WebUiBuiltInKeywords.groovy:415)
	at FPT-TC01-Verify-Header.run(FPT-TC01-Verify-Header:24)
	at com.kms.katalon.core.main.ScriptEngine.run(ScriptEngine.java:194)
	at com.kms.katalon.core.main.ScriptEngine.runScriptAsRawText(ScriptEngine.java:119)
	at com.kms.katalon.core.main.TestCaseExecutor.runScript(TestCaseExecutor.java:448)
	at com.kms.katalon.core.main.TestCaseExecutor.doExecute(TestCaseExecutor.java:439)
	at com.kms.katalon.core.main.TestCaseExecutor.processExecutionPhase(TestCaseExecutor.java:418)
	at com.kms.katalon.core.main.TestCaseExecutor.accessMainPhase(TestCaseExecutor.java:410)
	at com.kms.katalon.core.main.TestCaseExecutor.execute(TestCaseExecutor.java:285)
	at com.kms.katalon.core.main.TestCaseExecutor.execute(TestCaseExecutor.java:369)
	at com.kms.katalon.core.main.TestCaseExecutor.execute(TestCaseExecutor.java:369)
	at com.kms.katalon.core.main.TestCaseExecutor.execute(TestCaseExecutor.java:369)
	at com.kms.katalon.core.common.CommonExecutor.accessTestCaseMainPhase(CommonExecutor.java:65)
	at com.kms.katalon.core.main.TestSuiteExecutor.accessTestSuiteMainPhase(TestSuiteExecutor.java:150)
	at com.kms.katalon.core.main.TestSuiteExecutor.execute(TestSuiteExecutor.java:106)
	at com.kms.katalon.core.main.TestCaseMain.startTestSuite(TestCaseMain.java:180)
	at TempTestSuite1716907353621.run(TempTestSuite1716907353621.groovy:35)
	at java.base/jdk.internal.reflect.NativeMethodAccessorImpl.invoke0(Native Method)
	at java.base/jdk.internal.reflect.NativeMethodAccessorImpl.invoke(NativeMethodAccessorImpl.java:77)
	at java.base/jdk.internal.reflect.DelegatingMethodAccessorImpl.invoke(DelegatingMethodAccessorImpl.java:43)
Caused by: com.kms.katalon.core.exception.StepFailedException: Object 'Object Repository/FPT/Page_FPT Software  Leading in Digital trans_9e9e5c/img_Singapore (English)_img-logo' is NOT visible
	at com.kms.katalon.core.webui.keyword.internal.WebUIKeywordMain.stepFailed(WebUIKeywordMain.groovy:64)
	at com.kms.katalon.core.webui.keyword.builtin.VerifyElementVisibleKeyword$_verifyElementVisible_closure1.doCall(VerifyElementVisibleKeyword.groovy:83)
	at com.kms.katalon.core.webui.keyword.builtin.VerifyElementVisibleKeyword$_verifyElementVisible_closure1.call(VerifyElementVisibleKeyword.groovy)
	at com.kms.katalon.core.webui.keyword.internal.WebUIKeywordMain.runKeyword(WebUIKeywordMain.groovy:20)
	... 23 more
)

28-05-2024T21:55:17 - [MESSAGE][WARNING] - [SELF-HEALING] Failed to find element with id 'Object Repository/FPT/Page_FPT Software  Leading in Digital trans_9e9e5c/img_Singapore (English)_img-logo'. Try using Self-healing.

28-05-2024T21:55:17 - [MESSAGE][WARNING] - [SELF-HEALING] The current locator of test object 'Object Repository/FPT/Page_FPT Software  Leading in Digital trans_9e9e5c/img_Singapore (English)_img-logo' was broken. Propose an alternative one: '//img'.

28-05-2024T21:55:18 - [MESSAGE][FAILED] - Object 'Object Repository/FPT/Page_FPT Software  Leading in Digital trans_9e9e5c/img_Singapore (English)_img-logo' is NOT visible (Root cause: com.kms.katalon.core.exception.StepFailedException: Object 'Object Repository/FPT/Page_FPT Software  Leading in Digital trans_9e9e5c/img_Singapore (English)_img-logo' is NOT visible
	at com.kms.katalon.core.webui.keyword.internal.WebUIKeywordMain.stepFailed(WebUIKeywordMain.groovy:64)
	at com.kms.katalon.core.webui.keyword.builtin.VerifyElementVisibleKeyword$_verifyElementVisible_closure1.doCall(VerifyElementVisibleKeyword.groovy:83)
	at com.kms.katalon.core.webui.keyword.builtin.VerifyElementVisibleKeyword$_verifyElementVisible_closure1.call(VerifyElementVisibleKeyword.groovy)
	at com.kms.katalon.core.webui.keyword.internal.WebUIKeywordMain.runKeyword(WebUIKeywordMain.groovy:20)
	at com.kms.katalon.core.webui.keyword.builtin.VerifyElementVisibleKeyword.verifyElementVisible(VerifyElementVisibleKeyword.groovy:97)
	at com.kms.katalon.core.webui.keyword.builtin.VerifyElementVisibleKeyword.execute(VerifyElementVisibleKeyword.groovy:67)
	at com.kms.katalon.core.keyword.internal.KeywordExecutor.executeKeywordForPlatform(KeywordExecutor.groovy:74)
	at com.kms.katalon.core.webui.keyword.WebUiBuiltInKeywords.verifyElementVisible(WebUiBuiltInKeywords.groovy:415)
	at FPT-TC01-Verify-Header.run(FPT-TC01-Verify-Header:24)
	at com.kms.katalon.core.main.ScriptEngine.run(ScriptEngine.java:194)
	at com.kms.katalon.core.main.ScriptEngine.runScriptAsRawText(ScriptEngine.java:119)
	at com.kms.katalon.core.main.TestCaseExecutor.runScript(TestCaseExecutor.java:448)
	at com.kms.katalon.core.main.TestCaseExecutor.doExecute(TestCaseExecutor.java:439)
	at com.kms.katalon.core.main.TestCaseExecutor.processExecutionPhase(TestCaseExecutor.java:418)
	at com.kms.katalon.core.main.TestCaseExecutor.accessMainPhase(TestCaseExecutor.java:410)
	at com.kms.katalon.core.main.TestCaseExecutor.execute(TestCaseExecutor.java:285)
	at com.kms.katalon.core.main.TestCaseExecutor.execute(TestCaseExecutor.java:369)
	at com.kms.katalon.core.main.TestCaseExecutor.execute(TestCaseExecutor.java:369)
	at com.kms.katalon.core.main.TestCaseExecutor.execute(TestCaseExecutor.java:369)
	at com.kms.katalon.core.common.CommonExecutor.accessTestCaseMainPhase(CommonExecutor.java:65)
	at com.kms.katalon.core.main.TestSuiteExecutor.accessTestSuiteMainPhase(TestSuiteExecutor.java:150)
	at com.kms.katalon.core.main.TestSuiteExecutor.execute(TestSuiteExecutor.java:106)
	at com.kms.katalon.core.main.TestCaseMain.startTestSuite(TestCaseMain.java:180)
	at TempTestSuite1716907353621.run(TempTestSuite1716907353621.groovy:35)
	at java.base/jdk.internal.reflect.NativeMethodAccessorImpl.invoke0(Native Method)
	at java.base/jdk.internal.reflect.NativeMethodAccessorImpl.invoke(NativeMethodAccessorImpl.java:77)
	at java.base/jdk.internal.reflect.DelegatingMethodAccessorImpl.invoke(DelegatingMethodAccessorImpl.java:43)
)
[[ATTACHMENT|C:\\Users\\ToanLa\\git\\katalon\\Reports\\20240528_214204\\FPT\\Verify_Header_Footer\\20240528_214233\\1716908118023.png]]

28-05-2024T21:55:19 - [MESSAGE][FAILED] - Unable to verify object 'Object Repository/FPT/Page_FPT Software  Leading in Digital trans_9e9e5c/img_Singapore (English)_img-logo' is visible (Root cause: com.kms.katalon.core.exception.StepFailedException: Unable to verify object 'Object Repository/FPT/Page_FPT Software  Leading in Digital trans_9e9e5c/img_Singapore (English)_img-logo' is visible
	at com.kms.katalon.core.webui.keyword.internal.WebUIKeywordMain.stepFailed(WebUIKeywordMain.groovy:64)
	at com.kms.katalon.core.webui.keyword.internal.WebUIKeywordMain.runKeyword(WebUIKeywordMain.groovy:26)
	at com.kms.katalon.core.webui.keyword.builtin.VerifyElementVisibleKeyword.verifyElementVisible(VerifyElementVisibleKeyword.groovy:97)
	at com.kms.katalon.core.webui.keyword.builtin.VerifyElementVisibleKeyword.execute(VerifyElementVisibleKeyword.groovy:67)
	at com.kms.katalon.core.keyword.internal.KeywordExecutor.executeKeywordForPlatform(KeywordExecutor.groovy:74)
	at com.kms.katalon.core.webui.keyword.WebUiBuiltInKeywords.verifyElementVisible(WebUiBuiltInKeywords.groovy:415)
	at FPT-TC01-Verify-Header.run(FPT-TC01-Verify-Header:24)
	at com.kms.katalon.core.main.ScriptEngine.run(ScriptEngine.java:194)
	at com.kms.katalon.core.main.ScriptEngine.runScriptAsRawText(ScriptEngine.java:119)
	at com.kms.katalon.core.main.TestCaseExecutor.runScript(TestCaseExecutor.java:448)
	at com.kms.katalon.core.main.TestCaseExecutor.doExecute(TestCaseExecutor.java:439)
	at com.kms.katalon.core.main.TestCaseExecutor.processExecutionPhase(TestCaseExecutor.java:418)
	at com.kms.katalon.core.main.TestCaseExecutor.accessMainPhase(TestCaseExecutor.java:410)
	at com.kms.katalon.core.main.TestCaseExecutor.execute(TestCaseExecutor.java:285)
	at com.kms.katalon.core.main.TestCaseExecutor.execute(TestCaseExecutor.java:369)
	at com.kms.katalon.core.main.TestCaseExecutor.execute(TestCaseExecutor.java:369)
	at com.kms.katalon.core.main.TestCaseExecutor.execute(TestCaseExecutor.java:369)
	at com.kms.katalon.core.common.CommonExecutor.accessTestCaseMainPhase(CommonExecutor.java:65)
	at com.kms.katalon.core.main.TestSuiteExecutor.accessTestSuiteMainPhase(TestSuiteExecutor.java:150)
	at com.kms.katalon.core.main.TestSuiteExecutor.execute(TestSuiteExecutor.java:106)
	at com.kms.katalon.core.main.TestCaseMain.startTestSuite(TestCaseMain.java:180)
	at TempTestSuite1716907353621.run(TempTestSuite1716907353621.groovy:35)
	at java.base/jdk.internal.reflect.NativeMethodAccessorImpl.invoke0(Native Method)
	at java.base/jdk.internal.reflect.NativeMethodAccessorImpl.invoke(NativeMethodAccessorImpl.java:77)
	at java.base/jdk.internal.reflect.DelegatingMethodAccessorImpl.invoke(DelegatingMethodAccessorImpl.java:43)
Caused by: com.kms.katalon.core.exception.StepFailedException: Object 'Object Repository/FPT/Page_FPT Software  Leading in Digital trans_9e9e5c/img_Singapore (English)_img-logo' is NOT visible
	at com.kms.katalon.core.webui.keyword.internal.WebUIKeywordMain.stepFailed(WebUIKeywordMain.groovy:64)
	at com.kms.katalon.core.webui.keyword.builtin.VerifyElementVisibleKeyword$_verifyElementVisible_closure1.doCall(VerifyElementVisibleKeyword.groovy:83)
	at com.kms.katalon.core.webui.keyword.builtin.VerifyElementVisibleKeyword$_verifyElementVisible_closure1.call(VerifyElementVisibleKeyword.groovy)
	at com.kms.katalon.core.webui.keyword.internal.WebUIKeywordMain.runKeyword(WebUIKeywordMain.groovy:20)
	... 23 more
)
[[ATTACHMENT|C:\\Users\\ToanLa\\git\\katalon\\Reports\\20240528_214204\\FPT\\Verify_Header_Footer\\20240528_214233\\1716908118900.png]]]]></system-out>
         <system-err><![CDATA[28-05-2024T21:54:30 - [TEST_CASE][FAILED] - Test Cases/FPT-TC01-Verify-Header: Test Cases/FPT-TC01-Verify-Header FAILED.
Reason:
com.kms.katalon.core.exception.StepFailedException: Unable to verify object 'Object Repository/FPT/Page_FPT Software  Leading in Digital trans_9e9e5c/img_Singapore (English)_img-logo' is visible
	at com.kms.katalon.core.webui.keyword.internal.WebUIKeywordMain.stepFailed(WebUIKeywordMain.groovy:64)
	at com.kms.katalon.core.webui.keyword.internal.WebUIKeywordMain.runKeyword(WebUIKeywordMain.groovy:26)
	at com.kms.katalon.core.webui.keyword.builtin.VerifyElementVisibleKeyword.verifyElementVisible(VerifyElementVisibleKeyword.groovy:97)
	at com.kms.katalon.core.webui.keyword.builtin.VerifyElementVisibleKeyword.execute(VerifyElementVisibleKeyword.groovy:67)
	at com.kms.katalon.core.keyword.internal.KeywordExecutor.executeKeywordForPlatform(KeywordExecutor.groovy:74)
	at com.kms.katalon.core.webui.keyword.WebUiBuiltInKeywords.verifyElementVisible(WebUiBuiltInKeywords.groovy:415)
	at FPT-TC01-Verify-Header.run(FPT-TC01-Verify-Header:24)
	at com.kms.katalon.core.main.ScriptEngine.run(ScriptEngine.java:194)
	at com.kms.katalon.core.main.ScriptEngine.runScriptAsRawText(ScriptEngine.java:119)
	at com.kms.katalon.core.main.TestCaseExecutor.runScript(TestCaseExecutor.java:448)
	at com.kms.katalon.core.main.TestCaseExecutor.doExecute(TestCaseExecutor.java:439)
	at com.kms.katalon.core.main.TestCaseExecutor.processExecutionPhase(TestCaseExecutor.java:418)
	at com.kms.katalon.core.main.TestCaseExecutor.accessMainPhase(TestCaseExecutor.java:410)
	at com.kms.katalon.core.main.TestCaseExecutor.execute(TestCaseExecutor.java:285)
	at com.kms.katalon.core.main.TestCaseExecutor.execute(TestCaseExecutor.java:369)
	at com.kms.katalon.core.main.TestCaseExecutor.execute(TestCaseExecutor.java:369)
	at com.kms.katalon.core.main.TestCaseExecutor.execute(TestCaseExecutor.java:369)
	at com.kms.katalon.core.common.CommonExecutor.accessTestCaseMainPhase(CommonExecutor.java:65)
	at com.kms.katalon.core.main.TestSuiteExecutor.accessTestSuiteMainPhase(TestSuiteExecutor.java:150)
	at com.kms.katalon.core.main.TestSuiteExecutor.execute(TestSuiteExecutor.java:106)
	at com.kms.katalon.core.main.TestCaseMain.startTestSuite(TestCaseMain.java:180)
	at TempTestSuite1716907353621.run(TempTestSuite1716907353621.groovy:35)
	at java.base/jdk.internal.reflect.NativeMethodAccessorImpl.invoke0(Native Method)
	at java.base/jdk.internal.reflect.NativeMethodAccessorImpl.invoke(NativeMethodAccessorImpl.java:77)
	at java.base/jdk.internal.reflect.DelegatingMethodAccessorImpl.invoke(DelegatingMethodAccessorImpl.java:43)
Caused by: com.kms.katalon.core.exception.StepFailedException: Object 'Object Repository/FPT/Page_FPT Software  Leading in Digital trans_9e9e5c/img_Singapore (English)_img-logo' is NOT visible
	at com.kms.katalon.core.webui.keyword.internal.WebUIKeywordMain.stepFailed(WebUIKeywordMain.groovy:64)
	at com.kms.katalon.core.webui.keyword.builtin.VerifyElementVisibleKeyword$_verifyElementVisible_closure1.doCall(VerifyElementVisibleKeyword.groovy:83)
	at com.kms.katalon.core.webui.keyword.builtin.VerifyElementVisibleKeyword$_verifyElementVisible_closure1.call(VerifyElementVisibleKeyword.groovy)
	at com.kms.katalon.core.webui.keyword.internal.WebUIKeywordMain.runKeyword(WebUIKeywordMain.groovy:20)
	... 23 more]]></system-err>
      </testcase>
      <testcase name="Test Cases/FPT-TC02-Verify-ContactUS" time="77.514" classname="Test Cases/FPT-TC02-Verify-ContactUS" status="FAILED">
         <failure type="FAILED" message="Test Cases/FPT-TC02-Verify-ContactUS FAILED.&#xa;Reason:&#xa;com.kms.katalon.core.exception.StepFailedException: Unable to scroll to object 'Object Repository/FPT/Page_FPT Software  Leading in Digital trans_9e9e5c/div_About Us                Careers        _647cf1'&#xa;	at com.kms.katalon.core.webui.keyword.internal.WebUIKeywordMain.stepFailed(WebUIKeywordMain.groovy:64)&#xa;	at com.kms.katalon.core.webui.keyword.internal.WebUIKeywordMain.runKeyword(WebUIKeywordMain.groovy:26)&#xa;	at com.kms.katalon.core.webui.keyword.builtin.ScrollToElementKeyword.scrollToElement(ScrollToElementKeyword.groovy:88)&#xa;	at com.kms.katalon.core.webui.keyword.builtin.ScrollToElementKeyword.execute(ScrollToElementKeyword.groovy:68)&#xa;	at com.kms.katalon.core.keyword.internal.KeywordExecutor.executeKeywordForPlatform(KeywordExecutor.groovy:74)&#xa;	at com.kms.katalon.core.webui.keyword.WebUiBuiltInKeywords.scrollToElement(WebUiBuiltInKeywords.groovy:4147)&#xa;	at FPT-TC02-Verify-ContactUS.run(FPT-TC02-Verify-ContactUS:24)&#xa;	at com.kms.katalon.core.main.ScriptEngine.run(ScriptEngine.java:194)&#xa;	at com.kms.katalon.core.main.ScriptEngine.runScriptAsRawText(ScriptEngine.java:119)&#xa;	at com.kms.katalon.core.main.TestCaseExecutor.runScript(TestCaseExecutor.java:448)&#xa;	at com.kms.katalon.core.main.TestCaseExecutor.doExecute(TestCaseExecutor.java:439)&#xa;	at com.kms.katalon.core.main.TestCaseExecutor.processExecutionPhase(TestCaseExecutor.java:418)&#xa;	at com.kms.katalon.core.main.TestCaseExecutor.accessMainPhase(TestCaseExecutor.java:410)&#xa;	at com.kms.katalon.core.main.TestCaseExecutor.execute(TestCaseExecutor.java:285)&#xa;	at com.kms.katalon.core.main.TestCaseExecutor.execute(TestCaseExecutor.java:369)&#xa;	at com.kms.katalon.core.main.TestCaseExecutor.execute(TestCaseExecutor.java:369)&#xa;	at com.kms.katalon.core.main.TestCaseExecutor.execute(TestCaseExecutor.java:369)&#xa;	at com.kms.katalon.core.common.CommonExecutor.accessTestCaseMainPhase(CommonExecutor.java:65)&#xa;	at com.kms.katalon.core.main.TestSuiteExecutor.accessTestSuiteMainPhase(TestSuiteExecutor.java:150)&#xa;	at com.kms.katalon.core.main.TestSuiteExecutor.execute(TestSuiteExecutor.java:106)&#xa;	at com.kms.katalon.core.main.TestCaseMain.startTestSuite(TestCaseMain.java:180)&#xa;	at TempTestSuite1716907353621.run(TempTestSuite1716907353621.groovy:35)&#xa;	at java.base/jdk.internal.reflect.NativeMethodAccessorImpl.invoke0(Native Method)&#xa;	at java.base/jdk.internal.reflect.NativeMethodAccessorImpl.invoke(NativeMethodAccessorImpl.java:77)&#xa;	at java.base/jdk.internal.reflect.DelegatingMethodAccessorImpl.invoke(DelegatingMethodAccessorImpl.java:43)&#xa;Caused by: com.kms.katalon.core.webui.exception.WebElementNotFoundException: Web element with id: 'Object Repository/FPT/Page_FPT Software  Leading in Digital trans_9e9e5c/div_About Us                Careers        _647cf1' located by '//div[@id='footer']/div/div/div/div' not found&#xa;	at com.kms.katalon.core.webui.common.WebUiCommonHelper.findWebElement(WebUiCommonHelper.java:1426)&#xa;	at com.kms.katalon.core.webui.keyword.internal.WebUIAbstractKeyword.findWebElement(WebUIAbstractKeyword.groovy:27)&#xa;	at com.kms.katalon.core.webui.keyword.internal.WebUIAbstractKeyword.findWebElement(WebUIAbstractKeyword.groovy:26)&#xa;	at com.kms.katalon.core.webui.keyword.builtin.ScrollToElementKeyword$_scrollToElement_closure1.doCall(ScrollToElementKeyword.groovy:79)&#xa;	at com.kms.katalon.core.webui.keyword.builtin.ScrollToElementKeyword$_scrollToElement_closure1.call(ScrollToElementKeyword.groovy)&#xa;	at com.kms.katalon.core.webui.keyword.internal.WebUIKeywordMain.runKeyword(WebUIKeywordMain.groovy:20)&#xa;	... 23 more&#xa;"/>
         <system-out><![CDATA[28-05-2024T21:59:58 - [TEST_CASE][FAILED] - Test Cases/FPT-TC02-Verify-ContactUS: Test Cases/FPT-TC02-Verify-ContactUS FAILED.
Reason:
com.kms.katalon.core.exception.StepFailedException: Unable to scroll to object 'Object Repository/FPT/Page_FPT Software  Leading in Digital trans_9e9e5c/div_About Us                Careers        _647cf1'
	at com.kms.katalon.core.webui.keyword.internal.WebUIKeywordMain.stepFailed(WebUIKeywordMain.groovy:64)
	at com.kms.katalon.core.webui.keyword.internal.WebUIKeywordMain.runKeyword(WebUIKeywordMain.groovy:26)
	at com.kms.katalon.core.webui.keyword.builtin.ScrollToElementKeyword.scrollToElement(ScrollToElementKeyword.groovy:88)
	at com.kms.katalon.core.webui.keyword.builtin.ScrollToElementKeyword.execute(ScrollToElementKeyword.groovy:68)
	at com.kms.katalon.core.keyword.internal.KeywordExecutor.executeKeywordForPlatform(KeywordExecutor.groovy:74)
	at com.kms.katalon.core.webui.keyword.WebUiBuiltInKeywords.scrollToElement(WebUiBuiltInKeywords.groovy:4147)
	at FPT-TC02-Verify-ContactUS.run(FPT-TC02-Verify-ContactUS:24)
	at com.kms.katalon.core.main.ScriptEngine.run(ScriptEngine.java:194)
	at com.kms.katalon.core.main.ScriptEngine.runScriptAsRawText(ScriptEngine.java:119)
	at com.kms.katalon.core.main.TestCaseExecutor.runScript(TestCaseExecutor.java:448)
	at com.kms.katalon.core.main.TestCaseExecutor.doExecute(TestCaseExecutor.java:439)
	at com.kms.katalon.core.main.TestCaseExecutor.processExecutionPhase(TestCaseExecutor.java:418)
	at com.kms.katalon.core.main.TestCaseExecutor.accessMainPhase(TestCaseExecutor.java:410)
	at com.kms.katalon.core.main.TestCaseExecutor.execute(TestCaseExecutor.java:285)
	at com.kms.katalon.core.main.TestCaseExecutor.execute(TestCaseExecutor.java:369)
	at com.kms.katalon.core.main.TestCaseExecutor.execute(TestCaseExecutor.java:369)
	at com.kms.katalon.core.main.TestCaseExecutor.execute(TestCaseExecutor.java:369)
	at com.kms.katalon.core.common.CommonExecutor.accessTestCaseMainPhase(CommonExecutor.java:65)
	at com.kms.katalon.core.main.TestSuiteExecutor.accessTestSuiteMainPhase(TestSuiteExecutor.java:150)
	at com.kms.katalon.core.main.TestSuiteExecutor.execute(TestSuiteExecutor.java:106)
	at com.kms.katalon.core.main.TestCaseMain.startTestSuite(TestCaseMain.java:180)
	at TempTestSuite1716907353621.run(TempTestSuite1716907353621.groovy:35)
	at java.base/jdk.internal.reflect.NativeMethodAccessorImpl.invoke0(Native Method)
	at java.base/jdk.internal.reflect.NativeMethodAccessorImpl.invoke(NativeMethodAccessorImpl.java:77)
	at java.base/jdk.internal.reflect.DelegatingMethodAccessorImpl.invoke(DelegatingMethodAccessorImpl.java:43)
Caused by: com.kms.katalon.core.webui.exception.WebElementNotFoundException: Web element with id: 'Object Repository/FPT/Page_FPT Software  Leading in Digital trans_9e9e5c/div_About Us                Careers        _647cf1' located by '//div[@id='footer']/div/div/div/div' not found
	at com.kms.katalon.core.webui.common.WebUiCommonHelper.findWebElement(WebUiCommonHelper.java:1426)
	at com.kms.katalon.core.webui.keyword.internal.WebUIAbstractKeyword.findWebElement(WebUIAbstractKeyword.groovy:27)
	at com.kms.katalon.core.webui.keyword.internal.WebUIAbstractKeyword.findWebElement(WebUIAbstractKeyword.groovy:26)
	at com.kms.katalon.core.webui.keyword.builtin.ScrollToElementKeyword$_scrollToElement_closure1.doCall(ScrollToElementKeyword.groovy:79)
	at com.kms.katalon.core.webui.keyword.builtin.ScrollToElementKeyword$_scrollToElement_closure1.call(ScrollToElementKeyword.groovy)
	at com.kms.katalon.core.webui.keyword.internal.WebUIKeywordMain.runKeyword(WebUIKeywordMain.groovy:20)
	... 23 more


28-05-2024T21:59:58 - [TEST_STEP][PASSED] - openBrowser(""): Browser is opened with url: ''

28-05-2024T21:59:58 - [MESSAGE][WARNING] - A browser is already opened. Closing browser and opening a new one

28-05-2024T21:59:59 - [MESSAGE][INFO] - Starting 'Chrome' driver

28-05-2024T21:59:59 - [MESSAGE][INFO] - Action delay is set to 0 milliseconds

28-05-2024T21:59:59 - [MESSAGE][PASSED] - Browser is opened with url: ''

28-05-2024T21:59:59 - [TEST_STEP][PASSED] - navigateToUrl("https://fptsoftware.com/"): Navigate to 'https://fptsoftware.com/' successfully

28-05-2024T22:00:38 - [MESSAGE][PASSED] - Navigate to 'https://fptsoftware.com/' successfully

28-05-2024T22:00:38 - [TEST_STEP][FAILED] - scrollToElement(findTestObject("FPT/Page_FPT Software  Leading in Digital trans_9e9e5c/div_About Us                Careers        _647cf1"), 0): Unable to scroll to object 'Object Repository/FPT/Page_FPT Software  Leading in Digital trans_9e9e5c/div_About Us                Careers        _647cf1' (Root cause: com.kms.katalon.core.exception.StepFailedException: Unable to scroll to object 'Object Repository/FPT/Page_FPT Software  Leading in Digital trans_9e9e5c/div_About Us                Careers        _647cf1'
	at com.kms.katalon.core.webui.keyword.internal.WebUIKeywordMain.stepFailed(WebUIKeywordMain.groovy:64)
	at com.kms.katalon.core.webui.keyword.internal.WebUIKeywordMain.runKeyword(WebUIKeywordMain.groovy:26)
	at com.kms.katalon.core.webui.keyword.builtin.ScrollToElementKeyword.scrollToElement(ScrollToElementKeyword.groovy:88)
	at com.kms.katalon.core.webui.keyword.builtin.ScrollToElementKeyword.execute(ScrollToElementKeyword.groovy:68)
	at com.kms.katalon.core.keyword.internal.KeywordExecutor.executeKeywordForPlatform(KeywordExecutor.groovy:74)
	at com.kms.katalon.core.webui.keyword.WebUiBuiltInKeywords.scrollToElement(WebUiBuiltInKeywords.groovy:4147)
	at FPT-TC02-Verify-ContactUS.run(FPT-TC02-Verify-ContactUS:24)
	at com.kms.katalon.core.main.ScriptEngine.run(ScriptEngine.java:194)
	at com.kms.katalon.core.main.ScriptEngine.runScriptAsRawText(ScriptEngine.java:119)
	at com.kms.katalon.core.main.TestCaseExecutor.runScript(TestCaseExecutor.java:448)
	at com.kms.katalon.core.main.TestCaseExecutor.doExecute(TestCaseExecutor.java:439)
	at com.kms.katalon.core.main.TestCaseExecutor.processExecutionPhase(TestCaseExecutor.java:418)
	at com.kms.katalon.core.main.TestCaseExecutor.accessMainPhase(TestCaseExecutor.java:410)
	at com.kms.katalon.core.main.TestCaseExecutor.execute(TestCaseExecutor.java:285)
	at com.kms.katalon.core.main.TestCaseExecutor.execute(TestCaseExecutor.java:369)
	at com.kms.katalon.core.main.TestCaseExecutor.execute(TestCaseExecutor.java:369)
	at com.kms.katalon.core.main.TestCaseExecutor.execute(TestCaseExecutor.java:369)
	at com.kms.katalon.core.common.CommonExecutor.accessTestCaseMainPhase(CommonExecutor.java:65)
	at com.kms.katalon.core.main.TestSuiteExecutor.accessTestSuiteMainPhase(TestSuiteExecutor.java:150)
	at com.kms.katalon.core.main.TestSuiteExecutor.execute(TestSuiteExecutor.java:106)
	at com.kms.katalon.core.main.TestCaseMain.startTestSuite(TestCaseMain.java:180)
	at TempTestSuite1716907353621.run(TempTestSuite1716907353621.groovy:35)
	at java.base/jdk.internal.reflect.NativeMethodAccessorImpl.invoke0(Native Method)
	at java.base/jdk.internal.reflect.NativeMethodAccessorImpl.invoke(NativeMethodAccessorImpl.java:77)
	at java.base/jdk.internal.reflect.DelegatingMethodAccessorImpl.invoke(DelegatingMethodAccessorImpl.java:43)
Caused by: com.kms.katalon.core.webui.exception.WebElementNotFoundException: Web element with id: 'Object Repository/FPT/Page_FPT Software  Leading in Digital trans_9e9e5c/div_About Us                Careers        _647cf1' located by '//div[@id='footer']/div/div/div/div' not found
	at com.kms.katalon.core.webui.common.WebUiCommonHelper.findWebElement(WebUiCommonHelper.java:1426)
	at com.kms.katalon.core.webui.keyword.internal.WebUIAbstractKeyword.findWebElement(WebUIAbstractKeyword.groovy:27)
	at com.kms.katalon.core.webui.keyword.internal.WebUIAbstractKeyword.findWebElement(WebUIAbstractKeyword.groovy:26)
	at com.kms.katalon.core.webui.keyword.builtin.ScrollToElementKeyword$_scrollToElement_closure1.doCall(ScrollToElementKeyword.groovy:79)
	at com.kms.katalon.core.webui.keyword.builtin.ScrollToElementKeyword$_scrollToElement_closure1.call(ScrollToElementKeyword.groovy)
	at com.kms.katalon.core.webui.keyword.internal.WebUIKeywordMain.runKeyword(WebUIKeywordMain.groovy:20)
	at com.kms.katalon.core.webui.keyword.builtin.ScrollToElementKeyword.scrollToElement(ScrollToElementKeyword.groovy:88)
	at com.kms.katalon.core.webui.keyword.builtin.ScrollToElementKeyword.execute(ScrollToElementKeyword.groovy:68)
	at com.kms.katalon.core.keyword.internal.KeywordExecutor.executeKeywordForPlatform(KeywordExecutor.groovy:74)
	at com.kms.katalon.core.webui.keyword.WebUiBuiltInKeywords.scrollToElement(WebUiBuiltInKeywords.groovy:4147)
	at Script1716219165993.run(Script1716219165993.groovy:24)
	... 18 more
)

28-05-2024T22:00:38 - [MESSAGE][WARNING] - Timeout '0' is invalid. Using default page load timeout: '30'

28-05-2024T22:01:10 - [MESSAGE][INFO] - Unable to find the element located by 'By.xpath: //div[@id='footer']/div/div/div/div'. Please recheck the objects properties to make sure the desired element is located. 

28-05-2024T22:01:10 - [MESSAGE][WARNING] - [SELF-HEALING] Failed to find element with id 'Object Repository/FPT/Page_FPT Software  Leading in Digital trans_9e9e5c/div_About Us                Careers        _647cf1'. Try using Self-healing.

28-05-2024T22:01:10 - [MESSAGE][INFO] - [SELF-HEALING] Failed Locator: '//div[@id='footer']/div/div/div/div'.

28-05-2024T22:01:10 - [MESSAGE][INFO] - [SELF-HEALING] Failed Locator: '(.//*[normalize-space(text()) and normalize-space(.)='Scroll'])[1]/following::div[5]'.

28-05-2024T22:01:11 - [MESSAGE][INFO] - [SELF-HEALING] Failed Locator: '(.//*[normalize-space(text()) and normalize-space(.)='Contact us'])[1]/following::div[10]'.

28-05-2024T22:01:11 - [MESSAGE][INFO] - [SELF-HEALING] Failed Locator: '//footer/div/div/div/div/div'.

28-05-2024T22:01:11 - [MESSAGE][INFO] - [SELF-HEALING] Failed Locator: '//div[(text() = '



        
            	
		
				

        

About Us

        
        

Careers

        
        

Newsroom

        
        

OUR ResourceS Center

        
        

Contact us

        


				
		
	

        
        
                
        

   CONNECT WITH US
   
      
         
         
         
      
      
         
         
         
      
      
         
         
         
      
      
         
         
         
      
      
   
        
    

        




	


    
        






Copyright © 2023 FPT
Software.
        
    
	




	



		
			
						
					
Terms of use					
					
Privacy statement					
					
Vulnerability disclosure					
					
Data protection policy					
					
Risk Violation Reporting					
					
Procurement @ FPT Software 					
			
		

	
	' or . = '



        
            	
		
				

        

About Us

        
        

Careers

        
        

Newsroom

        
        

OUR ResourceS Center

        
        

Contact us

        


				
		
	

        
        
                
        

   CONNECT WITH US
   
      
         
         
         
      
      
         
         
         
      
      
         
         
         
      
      
         
         
         
      
      
   
        
    

        




	


    
        






Copyright © 2023 FPT
Software.
        
    
	




	



		
			
						
					
Terms of use					
					
Privacy statement					
					
Vulnerability disclosure					
					
Data protection policy					
					
Risk Violation Reporting					
					
Procurement @ FPT Software 					
			
		

	
	')]'.

28-05-2024T22:01:13 - [MESSAGE][INFO] - Unable to find the element located by 'By.xpath: //*[(text() = '



        
            	
		
				

        

About Us

        
        

Careers

        
        

Newsroom

        
        

OUR ResourceS Center

        
        

Contact us

        


				
		
	

        
        
                
        

   CONNECT WITH US
   
      
         
         
         
      
      
         
         
         
      
      
         
         
         
      
      
         
         
         
      
      
   
        
    

        




	


    
        






Copyright © 2023 FPT
Software.
        
    
	




	



		
			
						
					
Terms of use					
					
Privacy statement					
					
Vulnerability disclosure					
					
Data protection policy					
					
Risk Violation Reporting					
					
Procurement @ FPT Software 					
			
		

	
	' or . = '



        
            	
		
				

        

About Us

        
        

Careers

        
        

Newsroom

        
        

OUR ResourceS Center

        
        

Contact us

        


				
		
	

        
        
                
        

   CONNECT WITH US
   
      
         
         
         
      
      
         
         
         
      
      
         
         
         
      
      
         
         
         
      
      
   
        
    

        




	


    
        






Copyright © 2023 FPT
Software.
        
    
	




	



		
			
						
					
Terms of use					
					
Privacy statement					
					
Vulnerability disclosure					
					
Data protection policy					
					
Risk Violation Reporting					
					
Procurement @ FPT Software 					
			
		

	
	')]'. Please recheck the objects properties to make sure the desired element is located. 

28-05-2024T22:01:15 - [MESSAGE][INFO] - Unable to find the element located by 'By.cssSelector: div.component.fsoft-container.bgr-grey-shade-color.p-t-40-mb.p-t-56 > div.component-content > div.component.fsoft-container.container-full-grid > div.component-content'. Please recheck the objects properties to make sure the desired element is located. 

28-05-2024T22:01:16 - [MESSAGE][FAILED] - Unable to scroll to object 'Object Repository/FPT/Page_FPT Software  Leading in Digital trans_9e9e5c/div_About Us                Careers        _647cf1' (Root cause: com.kms.katalon.core.exception.StepFailedException: Unable to scroll to object 'Object Repository/FPT/Page_FPT Software  Leading in Digital trans_9e9e5c/div_About Us                Careers        _647cf1'
	at com.kms.katalon.core.webui.keyword.internal.WebUIKeywordMain.stepFailed(WebUIKeywordMain.groovy:64)
	at com.kms.katalon.core.webui.keyword.internal.WebUIKeywordMain.runKeyword(WebUIKeywordMain.groovy:26)
	at com.kms.katalon.core.webui.keyword.builtin.ScrollToElementKeyword.scrollToElement(ScrollToElementKeyword.groovy:88)
	at com.kms.katalon.core.webui.keyword.builtin.ScrollToElementKeyword.execute(ScrollToElementKeyword.groovy:68)
	at com.kms.katalon.core.keyword.internal.KeywordExecutor.executeKeywordForPlatform(KeywordExecutor.groovy:74)
	at com.kms.katalon.core.webui.keyword.WebUiBuiltInKeywords.scrollToElement(WebUiBuiltInKeywords.groovy:4147)
	at FPT-TC02-Verify-ContactUS.run(FPT-TC02-Verify-ContactUS:24)
	at com.kms.katalon.core.main.ScriptEngine.run(ScriptEngine.java:194)
	at com.kms.katalon.core.main.ScriptEngine.runScriptAsRawText(ScriptEngine.java:119)
	at com.kms.katalon.core.main.TestCaseExecutor.runScript(TestCaseExecutor.java:448)
	at com.kms.katalon.core.main.TestCaseExecutor.doExecute(TestCaseExecutor.java:439)
	at com.kms.katalon.core.main.TestCaseExecutor.processExecutionPhase(TestCaseExecutor.java:418)
	at com.kms.katalon.core.main.TestCaseExecutor.accessMainPhase(TestCaseExecutor.java:410)
	at com.kms.katalon.core.main.TestCaseExecutor.execute(TestCaseExecutor.java:285)
	at com.kms.katalon.core.main.TestCaseExecutor.execute(TestCaseExecutor.java:369)
	at com.kms.katalon.core.main.TestCaseExecutor.execute(TestCaseExecutor.java:369)
	at com.kms.katalon.core.main.TestCaseExecutor.execute(TestCaseExecutor.java:369)
	at com.kms.katalon.core.common.CommonExecutor.accessTestCaseMainPhase(CommonExecutor.java:65)
	at com.kms.katalon.core.main.TestSuiteExecutor.accessTestSuiteMainPhase(TestSuiteExecutor.java:150)
	at com.kms.katalon.core.main.TestSuiteExecutor.execute(TestSuiteExecutor.java:106)
	at com.kms.katalon.core.main.TestCaseMain.startTestSuite(TestCaseMain.java:180)
	at TempTestSuite1716907353621.run(TempTestSuite1716907353621.groovy:35)
	at java.base/jdk.internal.reflect.NativeMethodAccessorImpl.invoke0(Native Method)
	at java.base/jdk.internal.reflect.NativeMethodAccessorImpl.invoke(NativeMethodAccessorImpl.java:77)
	at java.base/jdk.internal.reflect.DelegatingMethodAccessorImpl.invoke(DelegatingMethodAccessorImpl.java:43)
Caused by: com.kms.katalon.core.webui.exception.WebElementNotFoundException: Web element with id: 'Object Repository/FPT/Page_FPT Software  Leading in Digital trans_9e9e5c/div_About Us                Careers        _647cf1' located by '//div[@id='footer']/div/div/div/div' not found
	at com.kms.katalon.core.webui.common.WebUiCommonHelper.findWebElement(WebUiCommonHelper.java:1426)
	at com.kms.katalon.core.webui.keyword.internal.WebUIAbstractKeyword.findWebElement(WebUIAbstractKeyword.groovy:27)
	at com.kms.katalon.core.webui.keyword.internal.WebUIAbstractKeyword.findWebElement(WebUIAbstractKeyword.groovy:26)
	at com.kms.katalon.core.webui.keyword.builtin.ScrollToElementKeyword$_scrollToElement_closure1.doCall(ScrollToElementKeyword.groovy:79)
	at com.kms.katalon.core.webui.keyword.builtin.ScrollToElementKeyword$_scrollToElement_closure1.call(ScrollToElementKeyword.groovy)
	at com.kms.katalon.core.webui.keyword.internal.WebUIKeywordMain.runKeyword(WebUIKeywordMain.groovy:20)
	at com.kms.katalon.core.webui.keyword.builtin.ScrollToElementKeyword.scrollToElement(ScrollToElementKeyword.groovy:88)
	at com.kms.katalon.core.webui.keyword.builtin.ScrollToElementKeyword.execute(ScrollToElementKeyword.groovy:68)
	at com.kms.katalon.core.keyword.internal.KeywordExecutor.executeKeywordForPlatform(KeywordExecutor.groovy:74)
	at com.kms.katalon.core.webui.keyword.WebUiBuiltInKeywords.scrollToElement(WebUiBuiltInKeywords.groovy:4147)
	at Script1716219165993.run(Script1716219165993.groovy:24)
	... 18 more
)
[[ATTACHMENT|C:\\Users\\ToanLa\\git\\katalon\\Reports\\20240528_214204\\FPT\\Verify_Header_Footer\\20240528_214233\\1716908475226.png]]]]></system-out>
         <system-err><![CDATA[28-05-2024T21:59:58 - [TEST_CASE][FAILED] - Test Cases/FPT-TC02-Verify-ContactUS: Test Cases/FPT-TC02-Verify-ContactUS FAILED.
Reason:
com.kms.katalon.core.exception.StepFailedException: Unable to scroll to object 'Object Repository/FPT/Page_FPT Software  Leading in Digital trans_9e9e5c/div_About Us                Careers        _647cf1'
	at com.kms.katalon.core.webui.keyword.internal.WebUIKeywordMain.stepFailed(WebUIKeywordMain.groovy:64)
	at com.kms.katalon.core.webui.keyword.internal.WebUIKeywordMain.runKeyword(WebUIKeywordMain.groovy:26)
	at com.kms.katalon.core.webui.keyword.builtin.ScrollToElementKeyword.scrollToElement(ScrollToElementKeyword.groovy:88)
	at com.kms.katalon.core.webui.keyword.builtin.ScrollToElementKeyword.execute(ScrollToElementKeyword.groovy:68)
	at com.kms.katalon.core.keyword.internal.KeywordExecutor.executeKeywordForPlatform(KeywordExecutor.groovy:74)
	at com.kms.katalon.core.webui.keyword.WebUiBuiltInKeywords.scrollToElement(WebUiBuiltInKeywords.groovy:4147)
	at FPT-TC02-Verify-ContactUS.run(FPT-TC02-Verify-ContactUS:24)
	at com.kms.katalon.core.main.ScriptEngine.run(ScriptEngine.java:194)
	at com.kms.katalon.core.main.ScriptEngine.runScriptAsRawText(ScriptEngine.java:119)
	at com.kms.katalon.core.main.TestCaseExecutor.runScript(TestCaseExecutor.java:448)
	at com.kms.katalon.core.main.TestCaseExecutor.doExecute(TestCaseExecutor.java:439)
	at com.kms.katalon.core.main.TestCaseExecutor.processExecutionPhase(TestCaseExecutor.java:418)
	at com.kms.katalon.core.main.TestCaseExecutor.accessMainPhase(TestCaseExecutor.java:410)
	at com.kms.katalon.core.main.TestCaseExecutor.execute(TestCaseExecutor.java:285)
	at com.kms.katalon.core.main.TestCaseExecutor.execute(TestCaseExecutor.java:369)
	at com.kms.katalon.core.main.TestCaseExecutor.execute(TestCaseExecutor.java:369)
	at com.kms.katalon.core.main.TestCaseExecutor.execute(TestCaseExecutor.java:369)
	at com.kms.katalon.core.common.CommonExecutor.accessTestCaseMainPhase(CommonExecutor.java:65)
	at com.kms.katalon.core.main.TestSuiteExecutor.accessTestSuiteMainPhase(TestSuiteExecutor.java:150)
	at com.kms.katalon.core.main.TestSuiteExecutor.execute(TestSuiteExecutor.java:106)
	at com.kms.katalon.core.main.TestCaseMain.startTestSuite(TestCaseMain.java:180)
	at TempTestSuite1716907353621.run(TempTestSuite1716907353621.groovy:35)
	at java.base/jdk.internal.reflect.NativeMethodAccessorImpl.invoke0(Native Method)
	at java.base/jdk.internal.reflect.NativeMethodAccessorImpl.invoke(NativeMethodAccessorImpl.java:77)
	at java.base/jdk.internal.reflect.DelegatingMethodAccessorImpl.invoke(DelegatingMethodAccessorImpl.java:43)
Caused by: com.kms.katalon.core.webui.exception.WebElementNotFoundException: Web element with id: 'Object Repository/FPT/Page_FPT Software  Leading in Digital trans_9e9e5c/div_About Us                Careers        _647cf1' located by '//div[@id='footer']/div/div/div/div' not found
	at com.kms.katalon.core.webui.common.WebUiCommonHelper.findWebElement(WebUiCommonHelper.java:1426)
	at com.kms.katalon.core.webui.keyword.internal.WebUIAbstractKeyword.findWebElement(WebUIAbstractKeyword.groovy:27)
	at com.kms.katalon.core.webui.keyword.internal.WebUIAbstractKeyword.findWebElement(WebUIAbstractKeyword.groovy:26)
	at com.kms.katalon.core.webui.keyword.builtin.ScrollToElementKeyword$_scrollToElement_closure1.doCall(ScrollToElementKeyword.groovy:79)
	at com.kms.katalon.core.webui.keyword.builtin.ScrollToElementKeyword$_scrollToElement_closure1.call(ScrollToElementKeyword.groovy)
	at com.kms.katalon.core.webui.keyword.internal.WebUIKeywordMain.runKeyword(WebUIKeywordMain.groovy:20)
	... 23 more]]></system-err>
      </testcase>
      <system-out><![CDATA[28-05-2024T21:45:24 - [TEST_SUITE][FAILED] - Verify_Header_Footer: Test Cases/FPT-TC01-Verify-Header FAILED.
Reason:
com.kms.katalon.core.exception.StepFailedException: Unable to navigate to 'https://fptsoftware.com/'
	at com.kms.katalon.core.webui.keyword.internal.WebUIKeywordMain.stepFailed(WebUIKeywordMain.groovy:64)
	at com.kms.katalon.core.webui.keyword.internal.WebUIKeywordMain.runKeyword(WebUIKeywordMain.groovy:26)
	at com.kms.katalon.core.webui.keyword.builtin.NavigateToUrlKeyword.navigateToUrl(NavigateToUrlKeyword.groovy:83)
	at com.kms.katalon.core.webui.keyword.builtin.NavigateToUrlKeyword.execute(NavigateToUrlKeyword.groovy:67)
	at com.kms.katalon.core.keyword.internal.KeywordExecutor.executeKeywordForPlatform(KeywordExecutor.groovy:74)
	at com.kms.katalon.core.webui.keyword.WebUiBuiltInKeywords.navigateToUrl(WebUiBuiltInKeywords.groovy:187)
	at FPT-TC01-Verify-Header.run(FPT-TC01-Verify-Header:22)
	at com.kms.katalon.core.main.ScriptEngine.run(ScriptEngine.java:194)
	at com.kms.katalon.core.main.ScriptEngine.runScriptAsRawText(ScriptEngine.java:119)
	at com.kms.katalon.core.main.TestCaseExecutor.runScript(TestCaseExecutor.java:448)
	at com.kms.katalon.core.main.TestCaseExecutor.doExecute(TestCaseExecutor.java:439)
	at com.kms.katalon.core.main.TestCaseExecutor.processExecutionPhase(TestCaseExecutor.java:418)
	at com.kms.katalon.core.main.TestCaseExecutor.accessMainPhase(TestCaseExecutor.java:410)
	at com.kms.katalon.core.main.TestCaseExecutor.execute(TestCaseExecutor.java:285)
	at com.kms.katalon.core.common.CommonExecutor.accessTestCaseMainPhase(CommonExecutor.java:65)
	at com.kms.katalon.core.main.TestSuiteExecutor.accessTestSuiteMainPhase(TestSuiteExecutor.java:150)
	at com.kms.katalon.core.main.TestSuiteExecutor.execute(TestSuiteExecutor.java:106)
	at com.kms.katalon.core.main.TestCaseMain.startTestSuite(TestCaseMain.java:180)
	at TempTestSuite1716907353621.run(TempTestSuite1716907353621.groovy:35)
	at java.base/jdk.internal.reflect.NativeMethodAccessorImpl.invoke0(Native Method)
	at java.base/jdk.internal.reflect.NativeMethodAccessorImpl.invoke(NativeMethodAccessorImpl.java:77)
	at java.base/jdk.internal.reflect.DelegatingMethodAccessorImpl.invoke(DelegatingMethodAccessorImpl.java:43)
Caused by: org.openqa.selenium.WebDriverException: disconnected: Unable to receive message from renderer
  (failed to check if window was closed: disconnected: not connected to DevTools)
  (Session info: chrome=125.0.6422.112)
Build info: version: '3.141.59', revision: 'e82be7d358', time: '2018-11-14T08:25:53'
System info: host: 'DESKTOP-QSIPVT9', ip: '192.168.1.8', os.name: 'Windows 11', os.arch: 'amd64', os.version: '10.0', java.version: '17.0.7'
Driver info: com.kms.katalon.selenium.driver.CChromeDriver
Capabilities {acceptInsecureCerts: false, browserName: chrome, browserVersion: 125.0.6422.112, chrome: {chromedriverVersion: 125.0.6422.78 (14db42ec38ad..., userDataDir: C:\Users\ToanLa\AppData\Loc...}, fedcm:accounts: true, goog:chromeOptions: {debuggerAddress: localhost:64287}, javascriptEnabled: true, networkConnectionEnabled: false, pageLoadStrategy: normal, platform: WINDOWS, platformName: WINDOWS, proxy: Proxy(), setWindowRect: true, strictFileInteractability: false, timeouts: {implicit: 0, pageLoad: 300000, script: 30000}, unhandledPromptBehavior: dismiss and notify, webauthn:extension:credBlob: true, webauthn:extension:largeBlob: true, webauthn:extension:minPinLength: true, webauthn:extension:prf: true, webauthn:virtualAuthenticators: true}
Session ID: fb46ad3c8a19602a13bb370c0f527764
	at java.base/jdk.internal.reflect.NativeConstructorAccessorImpl.newInstance0(Native Method)
	at java.base/jdk.internal.reflect.NativeConstructorAccessorImpl.newInstance(NativeConstructorAccessorImpl.java:77)
	at java.base/jdk.internal.reflect.DelegatingConstructorAccessorImpl.newInstance(DelegatingConstructorAccessorImpl.java:45)
	at org.openqa.selenium.remote.http.W3CHttpResponseCodec.createException(W3CHttpResponseCodec.java:187)
	at org.openqa.selenium.remote.http.W3CHttpResponseCodec.decode(W3CHttpResponseCodec.java:122)
	at org.openqa.selenium.remote.http.W3CHttpResponseCodec.decode(W3CHttpResponseCodec.java:49)
	at org.openqa.selenium.remote.HttpCommandExecutor.execute(HttpCommandExecutor.java:158)
	at org.openqa.selenium.remote.service.DriverCommandExecutor.execute(DriverCommandExecutor.java:83)
	at org.openqa.selenium.remote.RemoteWebDriver.execute(RemoteWebDriver.java:552)
	at com.kms.katalon.selenium.driver.CChromeDriver.execute(CChromeDriver.java:19)
	at org.openqa.selenium.remote.RemoteWebDriver.get(RemoteWebDriver.java:277)
	at org.openqa.selenium.remote.RemoteWebDriver$RemoteNavigation.to(RemoteWebDriver.java:857)
	at org.openqa.selenium.support.events.EventFiringWebDriver$EventFiringNavigation.to(EventFiringWebDriver.java:569)
	at com.kms.katalon.core.webui.keyword.builtin.NavigateToUrlKeyword$_navigateToUrl_closure1.doCall(NavigateToUrlKeyword.groovy:81)
	at com.kms.katalon.core.webui.keyword.builtin.NavigateToUrlKeyword$_navigateToUrl_closure1.call(NavigateToUrlKeyword.groovy)
	at com.kms.katalon.core.webui.keyword.internal.WebUIKeywordMain.runKeyword(WebUIKeywordMain.groovy:20)
	... 20 more]]></system-out>
      <system-err><![CDATA[28-05-2024T21:45:24 - [TEST_SUITE][FAILED] - Verify_Header_Footer: Test Cases/FPT-TC01-Verify-Header FAILED.
Reason:
com.kms.katalon.core.exception.StepFailedException: Unable to navigate to 'https://fptsoftware.com/'
	at com.kms.katalon.core.webui.keyword.internal.WebUIKeywordMain.stepFailed(WebUIKeywordMain.groovy:64)
	at com.kms.katalon.core.webui.keyword.internal.WebUIKeywordMain.runKeyword(WebUIKeywordMain.groovy:26)
	at com.kms.katalon.core.webui.keyword.builtin.NavigateToUrlKeyword.navigateToUrl(NavigateToUrlKeyword.groovy:83)
	at com.kms.katalon.core.webui.keyword.builtin.NavigateToUrlKeyword.execute(NavigateToUrlKeyword.groovy:67)
	at com.kms.katalon.core.keyword.internal.KeywordExecutor.executeKeywordForPlatform(KeywordExecutor.groovy:74)
	at com.kms.katalon.core.webui.keyword.WebUiBuiltInKeywords.navigateToUrl(WebUiBuiltInKeywords.groovy:187)
	at FPT-TC01-Verify-Header.run(FPT-TC01-Verify-Header:22)
	at com.kms.katalon.core.main.ScriptEngine.run(ScriptEngine.java:194)
	at com.kms.katalon.core.main.ScriptEngine.runScriptAsRawText(ScriptEngine.java:119)
	at com.kms.katalon.core.main.TestCaseExecutor.runScript(TestCaseExecutor.java:448)
	at com.kms.katalon.core.main.TestCaseExecutor.doExecute(TestCaseExecutor.java:439)
	at com.kms.katalon.core.main.TestCaseExecutor.processExecutionPhase(TestCaseExecutor.java:418)
	at com.kms.katalon.core.main.TestCaseExecutor.accessMainPhase(TestCaseExecutor.java:410)
	at com.kms.katalon.core.main.TestCaseExecutor.execute(TestCaseExecutor.java:285)
	at com.kms.katalon.core.common.CommonExecutor.accessTestCaseMainPhase(CommonExecutor.java:65)
	at com.kms.katalon.core.main.TestSuiteExecutor.accessTestSuiteMainPhase(TestSuiteExecutor.java:150)
	at com.kms.katalon.core.main.TestSuiteExecutor.execute(TestSuiteExecutor.java:106)
	at com.kms.katalon.core.main.TestCaseMain.startTestSuite(TestCaseMain.java:180)
	at TempTestSuite1716907353621.run(TempTestSuite1716907353621.groovy:35)
	at java.base/jdk.internal.reflect.NativeMethodAccessorImpl.invoke0(Native Method)
	at java.base/jdk.internal.reflect.NativeMethodAccessorImpl.invoke(NativeMethodAccessorImpl.java:77)
	at java.base/jdk.internal.reflect.DelegatingMethodAccessorImpl.invoke(DelegatingMethodAccessorImpl.java:43)
Caused by: org.openqa.selenium.WebDriverException: disconnected: Unable to receive message from renderer
  (failed to check if window was closed: disconnected: not connected to DevTools)
  (Session info: chrome=125.0.6422.112)
Build info: version: '3.141.59', revision: 'e82be7d358', time: '2018-11-14T08:25:53'
System info: host: 'DESKTOP-QSIPVT9', ip: '192.168.1.8', os.name: 'Windows 11', os.arch: 'amd64', os.version: '10.0', java.version: '17.0.7'
Driver info: com.kms.katalon.selenium.driver.CChromeDriver
Capabilities {acceptInsecureCerts: false, browserName: chrome, browserVersion: 125.0.6422.112, chrome: {chromedriverVersion: 125.0.6422.78 (14db42ec38ad..., userDataDir: C:\Users\ToanLa\AppData\Loc...}, fedcm:accounts: true, goog:chromeOptions: {debuggerAddress: localhost:64287}, javascriptEnabled: true, networkConnectionEnabled: false, pageLoadStrategy: normal, platform: WINDOWS, platformName: WINDOWS, proxy: Proxy(), setWindowRect: true, strictFileInteractability: false, timeouts: {implicit: 0, pageLoad: 300000, script: 30000}, unhandledPromptBehavior: dismiss and notify, webauthn:extension:credBlob: true, webauthn:extension:largeBlob: true, webauthn:extension:minPinLength: true, webauthn:extension:prf: true, webauthn:virtualAuthenticators: true}
Session ID: fb46ad3c8a19602a13bb370c0f527764
	at java.base/jdk.internal.reflect.NativeConstructorAccessorImpl.newInstance0(Native Method)
	at java.base/jdk.internal.reflect.NativeConstructorAccessorImpl.newInstance(NativeConstructorAccessorImpl.java:77)
	at java.base/jdk.internal.reflect.DelegatingConstructorAccessorImpl.newInstance(DelegatingConstructorAccessorImpl.java:45)
	at org.openqa.selenium.remote.http.W3CHttpResponseCodec.createException(W3CHttpResponseCodec.java:187)
	at org.openqa.selenium.remote.http.W3CHttpResponseCodec.decode(W3CHttpResponseCodec.java:122)
	at org.openqa.selenium.remote.http.W3CHttpResponseCodec.decode(W3CHttpResponseCodec.java:49)
	at org.openqa.selenium.remote.HttpCommandExecutor.execute(HttpCommandExecutor.java:158)
	at org.openqa.selenium.remote.service.DriverCommandExecutor.execute(DriverCommandExecutor.java:83)
	at org.openqa.selenium.remote.RemoteWebDriver.execute(RemoteWebDriver.java:552)
	at com.kms.katalon.selenium.driver.CChromeDriver.execute(CChromeDriver.java:19)
	at org.openqa.selenium.remote.RemoteWebDriver.get(RemoteWebDriver.java:277)
	at org.openqa.selenium.remote.RemoteWebDriver$RemoteNavigation.to(RemoteWebDriver.java:857)
	at org.openqa.selenium.support.events.EventFiringWebDriver$EventFiringNavigation.to(EventFiringWebDriver.java:569)
	at com.kms.katalon.core.webui.keyword.builtin.NavigateToUrlKeyword$_navigateToUrl_closure1.doCall(NavigateToUrlKeyword.groovy:81)
	at com.kms.katalon.core.webui.keyword.builtin.NavigateToUrlKeyword$_navigateToUrl_closure1.call(NavigateToUrlKeyword.groovy)
	at com.kms.katalon.core.webui.keyword.internal.WebUIKeywordMain.runKeyword(WebUIKeywordMain.groovy:20)
	... 20 more]]></system-err>
   </testsuite>
   <testsuite name="check-banner" tests="1" failures="0" errors="0" time="15.307" skipped="0" timestamp="28-05-2024T21:45:34" hostname="ToanLa - DESKTOP-QSIPVT9" id="Test Suites/KMS/check-banner">
      <properties>
         <property name="deviceName" value=""/>
         <property name="devicePlatform" value=""/>
         <property name="logFolder" value="C:\\Users\\ToanLa\\git\\katalon\\Reports\\20240528_214204\\KMS\\check-banner\\20240528_214235"/>
         <property name="logFiles" value="C:\\Users\\ToanLa\\git\\katalon\\Reports\\20240528_214204\\KMS\\check-banner\\20240528_214235\\execution0.log"/>
         <property name="attachments" value=""/>
         <property name="hostName" value="ToanLa - DESKTOP-QSIPVT9"/>
         <property name="os" value="Windows 11 64bit"/>
         <property name="katalonVersion" value="9.4.0.212"/>
         <property name="browser" value="Chrome 125.0.0.0"/>
         <property name="hostAddress" value="192.168.1.8"/>
         <property name="sessionId" value="bf42befbe1c67eb925e3530d552229d0"/>
         <property name="seleniumVersion" value="3.141.59"/>
         <property name="proxyInformation" value="ProxyInformation { proxyOption=NO_PROXY, proxyServerType=HTTP, username=, password=********, proxyServerAddress=, proxyServerPort=0, executionList=&quot;&quot;, isApplyToDesiredCapabilities=true }"/>
         <property name="platform" value="Windows 11"/>
      </properties>
      <testcase name="Test Cases/KMS/KMS-Check-Body" time="15.026" classname="Test Cases/KMS/KMS-Check-Body" status="PASSED">
         <system-out><![CDATA[28-05-2024T21:45:34 - [TEST_CASE][PASSED] - Test Cases/KMS/KMS-Check-Body: Test Cases/KMS/KMS-Check-Body

28-05-2024T21:45:35 - [TEST_STEP][PASSED] - openBrowser(""): Browser is opened with url: ''

28-05-2024T21:45:35 - [MESSAGE][INFO] - Starting 'Chrome' driver

28-05-2024T21:45:35 - [MESSAGE][INFO] - Action delay is set to 0 milliseconds

28-05-2024T21:45:38 - [MESSAGE][PASSED] - Browser is opened with url: ''

28-05-2024T21:45:38 - [TEST_STEP][PASSED] - navigateToUrl("https://kms-technology.com/"): Navigate to 'https://kms-technology.com/' successfully

28-05-2024T21:45:48 - [MESSAGE][PASSED] - Navigate to 'https://kms-technology.com/' successfully

28-05-2024T21:45:48 - [TEST_STEP][PASSED] - verifyElementVisible(findTestObject("Object Repository/KMS/Page_Custom Software Development  Consultin_0ef814/div_Our End-to-End Custom Software Developm_b402b8")): Object 'Object Repository/KMS/Page_Custom Software Development  Consultin_0ef814/div_Our End-to-End Custom Software Developm_b402b8' is visible

28-05-2024T21:45:49 - [MESSAGE][PASSED] - Object 'Object Repository/KMS/Page_Custom Software Development  Consultin_0ef814/div_Our End-to-End Custom Software Developm_b402b8' is visible

28-05-2024T21:45:49 - [TEST_STEP][PASSED] - closeBrowser(): Browser is closed

28-05-2024T21:45:49 - [MESSAGE][PASSED] - Browser is closed]]></system-out>
         <system-err><![CDATA[]]></system-err>
      </testcase>
      <system-out><![CDATA[28-05-2024T21:45:34 - [TEST_SUITE][PASSED] - check-banner: Test Cases/KMS/KMS-Check-Body]]></system-out>
      <system-err><![CDATA[]]></system-err>
   </testsuite>
   <testsuite name="check-body" tests="1" failures="0" errors="0" time="22.12" skipped="0" timestamp="28-05-2024T21:45:51" hostname="ToanLa - DESKTOP-QSIPVT9" id="Test Suites/KMS/check-body">
      <properties>
         <property name="deviceName" value=""/>
         <property name="devicePlatform" value=""/>
         <property name="logFolder" value="C:\\Users\\ToanLa\\git\\katalon\\Reports\\20240528_214204\\KMS\\check-body\\20240528_214237"/>
         <property name="logFiles" value="C:\\Users\\ToanLa\\git\\katalon\\Reports\\20240528_214204\\KMS\\check-body\\20240528_214237\\execution0.log"/>
         <property name="attachments" value=""/>
         <property name="hostName" value="ToanLa - DESKTOP-QSIPVT9"/>
         <property name="os" value="Windows 11 64bit"/>
         <property name="katalonVersion" value="9.4.0.212"/>
         <property name="browser" value="Chrome 125.0.0.0"/>
         <property name="hostAddress" value="192.168.1.8"/>
         <property name="sessionId" value="61d9325809dfe98af47b3824c6df23da"/>
         <property name="seleniumVersion" value="3.141.59"/>
         <property name="proxyInformation" value="ProxyInformation { proxyOption=NO_PROXY, proxyServerType=HTTP, username=, password=********, proxyServerAddress=, proxyServerPort=0, executionList=&quot;&quot;, isApplyToDesiredCapabilities=true }"/>
         <property name="platform" value="Windows 11"/>
      </properties>
      <testcase name="Test Cases/KMS/KMS-Clickable-Test" time="21.797" classname="Test Cases/KMS/KMS-Clickable-Test" status="PASSED">
         <system-out><![CDATA[28-05-2024T21:45:51 - [TEST_CASE][PASSED] - Test Cases/KMS/KMS-Clickable-Test: Test Cases/KMS/KMS-Clickable-Test

28-05-2024T21:45:52 - [TEST_STEP][PASSED] - openBrowser(""): Browser is opened with url: ''

28-05-2024T21:45:53 - [MESSAGE][INFO] - Starting 'Chrome' driver

28-05-2024T21:45:53 - [MESSAGE][INFO] - Action delay is set to 0 milliseconds

28-05-2024T21:45:55 - [MESSAGE][PASSED] - Browser is opened with url: ''

28-05-2024T21:45:55 - [TEST_STEP][PASSED] - navigateToUrl("https://kms-technology.com/"): Navigate to 'https://kms-technology.com/' successfully

28-05-2024T21:46:10 - [MESSAGE][PASSED] - Navigate to 'https://kms-technology.com/' successfully

28-05-2024T21:46:10 - [TEST_STEP][PASSED] - verifyElementClickable(findTestObject("Object Repository/KMS/Page_Award-Wining Global Software Developme_3f2c77/a_Global Delivery")): Object 'Object Repository/KMS/Page_Award-Wining Global Software Developme_3f2c77/a_Global Delivery' is clickable

28-05-2024T21:46:12 - [MESSAGE][PASSED] - Object 'Object Repository/KMS/Page_Award-Wining Global Software Developme_3f2c77/a_Global Delivery' is clickable

28-05-2024T21:46:12 - [TEST_STEP][PASSED] - closeBrowser(): Browser is closed

28-05-2024T21:46:13 - [MESSAGE][PASSED] - Browser is closed]]></system-out>
         <system-err><![CDATA[]]></system-err>
      </testcase>
      <system-out><![CDATA[28-05-2024T21:45:51 - [TEST_SUITE][PASSED] - check-body: Test Cases/KMS/KMS-Clickable-Test]]></system-out>
      <system-err><![CDATA[]]></system-err>
   </testsuite>
   <testsuite name="check-development-path" tests="2" failures="0" errors="0" time="51.684" skipped="0" timestamp="28-05-2024T21:46:17" hostname="ToanLa - DESKTOP-QSIPVT9" id="Test Suites/KMS/check-development-path">
      <properties>
         <property name="deviceName" value=""/>
         <property name="devicePlatform" value=""/>
         <property name="logFolder" value="C:\\Users\\ToanLa\\git\\katalon\\Reports\\20240528_214204\\KMS\\check-development-path\\20240528_214239"/>
         <property name="logFiles" value="C:\\Users\\ToanLa\\git\\katalon\\Reports\\20240528_214204\\KMS\\check-development-path\\20240528_214239\\execution0.log"/>
         <property name="attachments" value=""/>
         <property name="hostName" value="ToanLa - DESKTOP-QSIPVT9"/>
         <property name="os" value="Windows 11 64bit"/>
         <property name="katalonVersion" value="9.4.0.212"/>
         <property name="browser" value="Chrome 125.0.0.0"/>
         <property name="hostAddress" value="192.168.1.8"/>
         <property name="sessionId" value="9cf4a6806236f9a00028eef955f20e40"/>
         <property name="seleniumVersion" value="3.141.59"/>
         <property name="proxyInformation" value="ProxyInformation { proxyOption=NO_PROXY, proxyServerType=HTTP, username=, password=********, proxyServerAddress=, proxyServerPort=0, executionList=&quot;&quot;, isApplyToDesiredCapabilities=true }"/>
         <property name="platform" value="Windows 11"/>
      </properties>
      <testcase name="Test Cases/KMS/KMS-Software-Development" time="26.383" classname="Test Cases/KMS/KMS-Software-Development" status="PASSED">
         <system-out><![CDATA[28-05-2024T21:46:17 - [TEST_CASE][PASSED] - Test Cases/KMS/KMS-Software-Development: Test Cases/KMS/KMS-Software-Development

28-05-2024T21:46:18 - [TEST_STEP][PASSED] - openBrowser(""): Browser is opened with url: ''

28-05-2024T21:46:19 - [MESSAGE][INFO] - Starting 'Chrome' driver

28-05-2024T21:46:19 - [MESSAGE][INFO] - Action delay is set to 0 milliseconds

28-05-2024T21:46:21 - [MESSAGE][PASSED] - Browser is opened with url: ''

28-05-2024T21:46:21 - [TEST_STEP][PASSED] - navigateToUrl("https://kms-technology.com/"): Navigate to 'https://kms-technology.com/' successfully

28-05-2024T21:46:42 - [MESSAGE][PASSED] - Navigate to 'https://kms-technology.com/' successfully

28-05-2024T21:46:42 - [TEST_STEP][PASSED] - verifyElementClickable(findTestObject("Object Repository/KMS/Page_Custom Software Development  Consultin_0ef814/a_Software Development")): Object 'Object Repository/KMS/Page_Custom Software Development  Consultin_0ef814/a_Software Development' is clickable

28-05-2024T21:46:43 - [MESSAGE][PASSED] - Object 'Object Repository/KMS/Page_Custom Software Development  Consultin_0ef814/a_Software Development' is clickable

28-05-2024T21:46:43 - [TEST_STEP][PASSED] - closeBrowser(): Browser is closed

28-05-2024T21:46:44 - [MESSAGE][PASSED] - Browser is closed]]></system-out>
         <system-err><![CDATA[]]></system-err>
      </testcase>
      <testcase name="Test Cases/KMS/KMS-Solution" time="24.834" classname="Test Cases/KMS/KMS-Solution" status="PASSED">
         <system-out><![CDATA[28-05-2024T21:46:44 - [TEST_CASE][PASSED] - Test Cases/KMS/KMS-Solution: Test Cases/KMS/KMS-Solution

28-05-2024T21:46:44 - [TEST_STEP][PASSED] - openBrowser(""): Browser is opened with url: ''

28-05-2024T21:46:44 - [MESSAGE][INFO] - Starting 'Chrome' driver

28-05-2024T21:46:44 - [MESSAGE][INFO] - Action delay is set to 0 milliseconds

28-05-2024T21:46:45 - [MESSAGE][PASSED] - Browser is opened with url: ''

28-05-2024T21:46:45 - [TEST_STEP][PASSED] - navigateToUrl("https://kms-technology.com/"): Navigate to 'https://kms-technology.com/' successfully

28-05-2024T21:47:06 - [MESSAGE][PASSED] - Navigate to 'https://kms-technology.com/' successfully

28-05-2024T21:47:06 - [TEST_STEP][PASSED] - verifyElementVisible(findTestObject("Object Repository/KMS/Page_Custom Software Development  Consultin_0ef814/div_SOLUTIONSAI  Machine LearningCloud Migr_a6bdfe")): Object 'Object Repository/KMS/Page_Custom Software Development  Consultin_0ef814/div_SOLUTIONSAI  Machine LearningCloud Migr_a6bdfe' is visible

28-05-2024T21:47:06 - [MESSAGE][PASSED] - Object 'Object Repository/KMS/Page_Custom Software Development  Consultin_0ef814/div_SOLUTIONSAI  Machine LearningCloud Migr_a6bdfe' is visible

28-05-2024T21:47:06 - [TEST_STEP][PASSED] - verifyElementText(findTestObject("Object Repository/KMS/Page_Custom Software Development  Consultin_0ef814/h5_SOLUTIONS"), "SOLUTIONS"): Actual text and expected text of test object 'Object Repository/KMS/Page_Custom Software Development  Consultin_0ef814/h5_SOLUTIONS' are matched.

28-05-2024T21:47:08 - [MESSAGE][PASSED] - Actual text and expected text of test object 'Object Repository/KMS/Page_Custom Software Development  Consultin_0ef814/h5_SOLUTIONS' are matched.

28-05-2024T21:47:08 - [TEST_STEP][PASSED] - closeBrowser(): Browser is closed

28-05-2024T21:47:08 - [MESSAGE][PASSED] - Browser is closed]]></system-out>
         <system-err><![CDATA[]]></system-err>
      </testcase>
      <system-out><![CDATA[28-05-2024T21:46:17 - [TEST_SUITE][PASSED] - check-development-path: Test Cases/KMS/KMS-Solution]]></system-out>
      <system-err><![CDATA[]]></system-err>
   </testsuite>
   <testsuite name="check-logo" tests="2" failures="0" errors="0" time="73.921" skipped="0" timestamp="28-05-2024T21:46:34" hostname="ToanLa - DESKTOP-QSIPVT9" id="Test Suites/KMS/check-logo">
      <properties>
         <property name="deviceName" value=""/>
         <property name="devicePlatform" value=""/>
         <property name="logFolder" value="C:\\Users\\ToanLa\\git\\katalon\\Reports\\20240528_214204\\KMS\\check-logo\\20240528_214241"/>
         <property name="logFiles" value="C:\\Users\\ToanLa\\git\\katalon\\Reports\\20240528_214204\\KMS\\check-logo\\20240528_214241\\execution0.log"/>
         <property name="attachments" value=""/>
         <property name="hostName" value="ToanLa - DESKTOP-QSIPVT9"/>
         <property name="os" value="Windows 11 64bit"/>
         <property name="katalonVersion" value="9.4.0.212"/>
         <property name="browser" value="Chrome 125.0.0.0"/>
         <property name="hostAddress" value="192.168.1.8"/>
         <property name="sessionId" value="8176c62cb264748d51d4c24a61e750a4"/>
         <property name="seleniumVersion" value="3.141.59"/>
         <property name="proxyInformation" value="ProxyInformation { proxyOption=NO_PROXY, proxyServerType=HTTP, username=, password=********, proxyServerAddress=, proxyServerPort=0, executionList=&quot;&quot;, isApplyToDesiredCapabilities=true }"/>
         <property name="platform" value="Windows 11"/>
      </properties>
      <testcase name="Test Cases/KMS/KMS-Verify-Logo" time="16.14" classname="Test Cases/KMS/KMS-Verify-Logo" status="PASSED">
         <system-out><![CDATA[28-05-2024T21:46:34 - [TEST_CASE][PASSED] - Test Cases/KMS/KMS-Verify-Logo: Test Cases/KMS/KMS-Verify-Logo

28-05-2024T21:46:35 - [TEST_STEP][PASSED] - openBrowser(""): Browser is opened with url: ''

28-05-2024T21:46:36 - [MESSAGE][INFO] - Starting 'Chrome' driver

28-05-2024T21:46:36 - [MESSAGE][INFO] - Action delay is set to 0 milliseconds

28-05-2024T21:46:40 - [MESSAGE][PASSED] - Browser is opened with url: ''

28-05-2024T21:46:40 - [TEST_STEP][PASSED] - navigateToUrl("https://kms-technology.com/"): Navigate to 'https://kms-technology.com/' successfully

28-05-2024T21:46:47 - [MESSAGE][PASSED] - Navigate to 'https://kms-technology.com/' successfully

28-05-2024T21:46:47 - [TEST_STEP][PASSED] - verifyElementVisible(findTestObject("Object Repository/KMS/Page_Custom Software Development  Consultin_0ef814/img_Accept All_mega-menu-logo")): Object 'Object Repository/KMS/Page_Custom Software Development  Consultin_0ef814/img_Accept All_mega-menu-logo' is visible

28-05-2024T21:46:49 - [MESSAGE][PASSED] - Object 'Object Repository/KMS/Page_Custom Software Development  Consultin_0ef814/img_Accept All_mega-menu-logo' is visible

28-05-2024T21:46:49 - [TEST_STEP][PASSED] - closeBrowser(): Browser is closed

28-05-2024T21:46:50 - [MESSAGE][PASSED] - Browser is closed]]></system-out>
         <system-err><![CDATA[]]></system-err>
      </testcase>
      <testcase name="Test Cases/KMS/KMS-Check-Banner" time="57.355" classname="Test Cases/KMS/KMS-Check-Banner" status="PASSED">
         <system-out><![CDATA[28-05-2024T21:46:50 - [TEST_CASE][PASSED] - Test Cases/KMS/KMS-Check-Banner: Test Cases/KMS/KMS-Check-Banner

28-05-2024T21:46:51 - [TEST_STEP][PASSED] - openBrowser(""): Browser is opened with url: ''

28-05-2024T21:46:51 - [MESSAGE][INFO] - Starting 'Chrome' driver

28-05-2024T21:46:51 - [MESSAGE][INFO] - Action delay is set to 0 milliseconds

28-05-2024T21:46:52 - [MESSAGE][PASSED] - Browser is opened with url: ''

28-05-2024T21:46:52 - [TEST_STEP][PASSED] - navigateToUrl("https://kms-technology.com/"): Navigate to 'https://kms-technology.com/' successfully

28-05-2024T21:47:47 - [MESSAGE][PASSED] - Navigate to 'https://kms-technology.com/' successfully

28-05-2024T21:47:47 - [TEST_STEP][PASSED] - verifyElementVisible(findTestObject("Object Repository/KMS/Page_Custom Software Development  Consultin_0ef814/Page_Custom Software Development  Consultin_0ef814/section_Custom Software Development  Consul_5a95d4")): Object 'Object Repository/KMS/Page_Custom Software Development  Consultin_0ef814/Page_Custom Software Development  Consultin_0ef814/section_Custom Software Development  Consul_5a95d4' is visible

28-05-2024T21:47:47 - [MESSAGE][PASSED] - Object 'Object Repository/KMS/Page_Custom Software Development  Consultin_0ef814/Page_Custom Software Development  Consultin_0ef814/section_Custom Software Development  Consul_5a95d4' is visible

28-05-2024T21:47:47 - [TEST_STEP][PASSED] - closeBrowser(): Browser is closed

28-05-2024T21:47:48 - [MESSAGE][PASSED] - Browser is closed]]></system-out>
         <system-err><![CDATA[]]></system-err>
      </testcase>
      <system-out><![CDATA[28-05-2024T21:46:34 - [TEST_SUITE][PASSED] - check-logo: Test Cases/KMS/KMS-Check-Banner]]></system-out>
      <system-err><![CDATA[]]></system-err>
   </testsuite>
   <testsuite name="check-menu" tests="1" failures="0" errors="0" time="25.672" skipped="0" timestamp="28-05-2024T21:46:41" hostname="ToanLa - DESKTOP-QSIPVT9" id="Test Suites/KMS/check-menu">
      <properties>
         <property name="deviceName" value=""/>
         <property name="devicePlatform" value=""/>
         <property name="logFolder" value="C:\\Users\\ToanLa\\git\\katalon\\Reports\\20240528_214204\\KMS\\check-menu\\20240528_214243"/>
         <property name="logFiles" value="C:\\Users\\ToanLa\\git\\katalon\\Reports\\20240528_214204\\KMS\\check-menu\\20240528_214243\\execution0.log"/>
         <property name="attachments" value=""/>
         <property name="hostName" value="ToanLa - DESKTOP-QSIPVT9"/>
         <property name="os" value="Windows 11 64bit"/>
         <property name="katalonVersion" value="9.4.0.212"/>
         <property name="browser" value="Chrome 125.0.0.0"/>
         <property name="hostAddress" value="192.168.1.8"/>
         <property name="sessionId" value="9bd48d5dc52384d248655adb4fe3610d"/>
         <property name="seleniumVersion" value="3.141.59"/>
         <property name="proxyInformation" value="ProxyInformation { proxyOption=NO_PROXY, proxyServerType=HTTP, username=, password=********, proxyServerAddress=, proxyServerPort=0, executionList=&quot;&quot;, isApplyToDesiredCapabilities=true }"/>
         <property name="platform" value="Windows 11"/>
      </properties>
      <testcase name="Test Cases/KMS/KMS-Check-Global-Nav" time="25.054" classname="Test Cases/KMS/KMS-Check-Global-Nav" status="PASSED">
         <system-out><![CDATA[28-05-2024T21:46:41 - [TEST_CASE][PASSED] - Test Cases/KMS/KMS-Check-Global-Nav: Test Cases/KMS/KMS-Check-Global-Nav

28-05-2024T21:46:42 - [TEST_STEP][PASSED] - openBrowser(""): Browser is opened with url: ''

28-05-2024T21:46:43 - [MESSAGE][INFO] - Starting 'Chrome' driver

28-05-2024T21:46:44 - [MESSAGE][INFO] - Action delay is set to 0 milliseconds

28-05-2024T21:46:48 - [MESSAGE][PASSED] - Browser is opened with url: ''

28-05-2024T21:46:48 - [TEST_STEP][PASSED] - navigateToUrl("https://kms-technology.com/"): Navigate to 'https://kms-technology.com/' successfully

28-05-2024T21:46:49 - [MESSAGE][PASSED] - Navigate to 'https://kms-technology.com/' successfully

28-05-2024T21:46:49 - [TEST_STEP][PASSED] - verifyElementVisible(findTestObject("Object Repository/KMS/Page_Custom Software Development  Consultin_0ef814/ul_ServicesSoftware EngineeringData Service_bfb282")): Object 'Object Repository/KMS/Page_Custom Software Development  Consultin_0ef814/ul_ServicesSoftware EngineeringData Service_bfb282' is visible

28-05-2024T21:47:05 - [MESSAGE][PASSED] - Object 'Object Repository/KMS/Page_Custom Software Development  Consultin_0ef814/ul_ServicesSoftware EngineeringData Service_bfb282' is visible

28-05-2024T21:47:05 - [TEST_STEP][PASSED] - closeBrowser(): Browser is closed

28-05-2024T21:47:06 - [MESSAGE][PASSED] - Browser is closed]]></system-out>
         <system-err><![CDATA[]]></system-err>
      </testcase>
      <system-out><![CDATA[28-05-2024T21:46:41 - [TEST_SUITE][PASSED] - check-menu: Test Cases/KMS/KMS-Check-Global-Nav]]></system-out>
      <system-err><![CDATA[]]></system-err>
   </testsuite>
   <testsuite name="check-something" tests="2" failures="0" errors="0" time="121.8" skipped="0" timestamp="28-05-2024T21:47:28" hostname="ToanLa - DESKTOP-QSIPVT9" id="Test Suites/KMS/check-something">
      <properties>
         <property name="deviceName" value=""/>
         <property name="devicePlatform" value=""/>
         <property name="logFolder" value="C:\\Users\\ToanLa\\git\\katalon\\Reports\\20240528_214204\\KMS\\check-something\\20240528_214245"/>
         <property name="logFiles" value="C:\\Users\\ToanLa\\git\\katalon\\Reports\\20240528_214204\\KMS\\check-something\\20240528_214245\\execution0.log"/>
         <property name="attachments" value=""/>
         <property name="hostName" value="ToanLa - DESKTOP-QSIPVT9"/>
         <property name="os" value="Windows 11 64bit"/>
         <property name="katalonVersion" value="9.4.0.212"/>
         <property name="browser" value="Chrome 125.0.0.0"/>
         <property name="hostAddress" value="192.168.1.8"/>
         <property name="sessionId" value="a84cda44d1faff6e3af5f339d67a7776"/>
         <property name="seleniumVersion" value="3.141.59"/>
         <property name="proxyInformation" value="ProxyInformation { proxyOption=NO_PROXY, proxyServerType=HTTP, username=, password=********, proxyServerAddress=, proxyServerPort=0, executionList=&quot;&quot;, isApplyToDesiredCapabilities=true }"/>
         <property name="platform" value="Windows 11"/>
      </properties>
      <testcase name="Test Cases/KMS/KMS-Service-Clickable" time="15.287" classname="Test Cases/KMS/KMS-Service-Clickable" status="PASSED">
         <system-out><![CDATA[28-05-2024T21:47:29 - [TEST_CASE][PASSED] - Test Cases/KMS/KMS-Service-Clickable: Test Cases/KMS/KMS-Service-Clickable

28-05-2024T21:47:30 - [TEST_STEP][PASSED] - openBrowser(""): Browser is opened with url: ''

28-05-2024T21:47:31 - [MESSAGE][INFO] - Starting 'Chrome' driver

28-05-2024T21:47:31 - [MESSAGE][INFO] - Action delay is set to 0 milliseconds

28-05-2024T21:47:35 - [MESSAGE][PASSED] - Browser is opened with url: ''

28-05-2024T21:47:35 - [TEST_STEP][PASSED] - navigateToUrl("https://kms-technology.com/"): Navigate to 'https://kms-technology.com/' successfully

28-05-2024T21:47:42 - [MESSAGE][PASSED] - Navigate to 'https://kms-technology.com/' successfully

28-05-2024T21:47:42 - [TEST_STEP][PASSED] - click(findTestObject("Object Repository/KMS/Page_Custom Software Development  Consultin_0ef814/a_Services")): Object: 'Object Repository/KMS/Page_Custom Software Development  Consultin_0ef814/a_Services' is clicked on

28-05-2024T21:47:43 - [MESSAGE][PASSED] - Object: 'Object Repository/KMS/Page_Custom Software Development  Consultin_0ef814/a_Services' is clicked on

28-05-2024T21:47:43 - [TEST_STEP][PASSED] - closeBrowser(): Browser is closed

28-05-2024T21:47:44 - [MESSAGE][PASSED] - Browser is closed]]></system-out>
         <system-err><![CDATA[]]></system-err>
      </testcase>
      <testcase name="Test Cases/KMS/KMS-Transformation-Services" time="28.645" classname="Test Cases/KMS/KMS-Transformation-Services" status="PASSED">
         <system-out><![CDATA[28-05-2024T21:49:02 - [TEST_CASE][PASSED] - Test Cases/KMS/KMS-Transformation-Services: Test Cases/KMS/KMS-Transformation-Services

28-05-2024T21:49:02 - [TEST_STEP][PASSED] - openBrowser(""): Browser is opened with url: ''

28-05-2024T21:49:02 - [MESSAGE][WARNING] - A browser is already opened. Closing browser and opening a new one

28-05-2024T21:49:14 - [MESSAGE][INFO] - Starting 'Chrome' driver

28-05-2024T21:49:14 - [MESSAGE][INFO] - Action delay is set to 0 milliseconds

28-05-2024T21:49:19 - [MESSAGE][PASSED] - Browser is opened with url: ''

28-05-2024T21:49:19 - [TEST_STEP][PASSED] - navigateToUrl("https://kms-technology.com/"): Navigate to 'https://kms-technology.com/' successfully

28-05-2024T21:49:28 - [MESSAGE][PASSED] - Navigate to 'https://kms-technology.com/' successfully

28-05-2024T21:49:28 - [TEST_STEP][PASSED] - verifyElementVisible(findTestObject("Object Repository/KMS/Page_Custom Software Development  Consultin_0ef814/a_Get In Touch")): Object 'Object Repository/KMS/Page_Custom Software Development  Consultin_0ef814/a_Get In Touch' is visible

28-05-2024T21:49:29 - [MESSAGE][PASSED] - Object 'Object Repository/KMS/Page_Custom Software Development  Consultin_0ef814/a_Get In Touch' is visible

28-05-2024T21:49:29 - [TEST_STEP][PASSED] - closeBrowser(): Browser is closed

28-05-2024T21:49:30 - [MESSAGE][PASSED] - Browser is closed]]></system-out>
         <system-err><![CDATA[]]></system-err>
      </testcase>
      <system-out><![CDATA[28-05-2024T21:47:28 - [TEST_SUITE][FAILED] - check-something: Test Cases/KMS/KMS-Transformation-Services FAILED.
Reason:
com.kms.katalon.core.exception.StepFailedException: Unable to navigate to 'https://kms-technology.com/'
	at com.kms.katalon.core.webui.keyword.internal.WebUIKeywordMain.stepFailed(WebUIKeywordMain.groovy:64)
	at com.kms.katalon.core.webui.keyword.internal.WebUIKeywordMain.runKeyword(WebUIKeywordMain.groovy:26)
	at com.kms.katalon.core.webui.keyword.builtin.NavigateToUrlKeyword.navigateToUrl(NavigateToUrlKeyword.groovy:83)
	at com.kms.katalon.core.webui.keyword.builtin.NavigateToUrlKeyword.execute(NavigateToUrlKeyword.groovy:67)
	at com.kms.katalon.core.keyword.internal.KeywordExecutor.executeKeywordForPlatform(KeywordExecutor.groovy:74)
	at com.kms.katalon.core.webui.keyword.WebUiBuiltInKeywords.navigateToUrl(WebUiBuiltInKeywords.groovy:187)
	at KMS-Transformation-Services.run(KMS-Transformation-Services:22)
	at com.kms.katalon.core.main.ScriptEngine.run(ScriptEngine.java:194)
	at com.kms.katalon.core.main.ScriptEngine.runScriptAsRawText(ScriptEngine.java:119)
	at com.kms.katalon.core.main.TestCaseExecutor.runScript(TestCaseExecutor.java:448)
	at com.kms.katalon.core.main.TestCaseExecutor.doExecute(TestCaseExecutor.java:439)
	at com.kms.katalon.core.main.TestCaseExecutor.processExecutionPhase(TestCaseExecutor.java:418)
	at com.kms.katalon.core.main.TestCaseExecutor.accessMainPhase(TestCaseExecutor.java:410)
	at com.kms.katalon.core.main.TestCaseExecutor.execute(TestCaseExecutor.java:285)
	at com.kms.katalon.core.common.CommonExecutor.accessTestCaseMainPhase(CommonExecutor.java:65)
	at com.kms.katalon.core.main.TestSuiteExecutor.accessTestSuiteMainPhase(TestSuiteExecutor.java:150)
	at com.kms.katalon.core.main.TestSuiteExecutor.execute(TestSuiteExecutor.java:106)
	at com.kms.katalon.core.main.TestCaseMain.startTestSuite(TestCaseMain.java:180)
	at TempTestSuite1716907365288.run(TempTestSuite1716907365288.groovy:35)
	at java.base/jdk.internal.reflect.NativeMethodAccessorImpl.invoke0(Native Method)
	at java.base/jdk.internal.reflect.NativeMethodAccessorImpl.invoke(NativeMethodAccessorImpl.java:77)
	at java.base/jdk.internal.reflect.DelegatingMethodAccessorImpl.invoke(DelegatingMethodAccessorImpl.java:43)
Caused by: org.openqa.selenium.WebDriverException: disconnected: Unable to receive message from renderer
  (failed to check if window was closed: disconnected: not connected to DevTools)
  (Session info: chrome=125.0.6422.112)
Build info: version: '3.141.59', revision: 'e82be7d358', time: '2018-11-14T08:25:53'
System info: host: 'DESKTOP-QSIPVT9', ip: '192.168.1.8', os.name: 'Windows 11', os.arch: 'amd64', os.version: '10.0', java.version: '17.0.7'
Driver info: com.kms.katalon.selenium.driver.CChromeDriver
Capabilities {acceptInsecureCerts: false, browserName: chrome, browserVersion: 125.0.6422.112, chrome: {chromedriverVersion: 125.0.6422.78 (14db42ec38ad..., userDataDir: C:\Users\ToanLa\AppData\Loc...}, fedcm:accounts: true, goog:chromeOptions: {debuggerAddress: localhost:52178}, javascriptEnabled: true, networkConnectionEnabled: false, pageLoadStrategy: normal, platform: WINDOWS, platformName: WINDOWS, proxy: Proxy(), setWindowRect: true, strictFileInteractability: false, timeouts: {implicit: 0, pageLoad: 300000, script: 30000}, unhandledPromptBehavior: dismiss and notify, webauthn:extension:credBlob: true, webauthn:extension:largeBlob: true, webauthn:extension:minPinLength: true, webauthn:extension:prf: true, webauthn:virtualAuthenticators: true}
Session ID: 149f00446c410e016ff9392669658e6a
	at java.base/jdk.internal.reflect.NativeConstructorAccessorImpl.newInstance0(Native Method)
	at java.base/jdk.internal.reflect.NativeConstructorAccessorImpl.newInstance(NativeConstructorAccessorImpl.java:77)
	at java.base/jdk.internal.reflect.DelegatingConstructorAccessorImpl.newInstance(DelegatingConstructorAccessorImpl.java:45)
	at org.openqa.selenium.remote.http.W3CHttpResponseCodec.createException(W3CHttpResponseCodec.java:187)
	at org.openqa.selenium.remote.http.W3CHttpResponseCodec.decode(W3CHttpResponseCodec.java:122)
	at org.openqa.selenium.remote.http.W3CHttpResponseCodec.decode(W3CHttpResponseCodec.java:49)
	at org.openqa.selenium.remote.HttpCommandExecutor.execute(HttpCommandExecutor.java:158)
	at org.openqa.selenium.remote.service.DriverCommandExecutor.execute(DriverCommandExecutor.java:83)
	at org.openqa.selenium.remote.RemoteWebDriver.execute(RemoteWebDriver.java:552)
	at com.kms.katalon.selenium.driver.CChromeDriver.execute(CChromeDriver.java:19)
	at org.openqa.selenium.remote.RemoteWebDriver.get(RemoteWebDriver.java:277)
	at org.openqa.selenium.remote.RemoteWebDriver$RemoteNavigation.to(RemoteWebDriver.java:857)
	at org.openqa.selenium.support.events.EventFiringWebDriver$EventFiringNavigation.to(EventFiringWebDriver.java:569)
	at com.kms.katalon.core.webui.keyword.builtin.NavigateToUrlKeyword$_navigateToUrl_closure1.doCall(NavigateToUrlKeyword.groovy:81)
	at com.kms.katalon.core.webui.keyword.builtin.NavigateToUrlKeyword$_navigateToUrl_closure1.call(NavigateToUrlKeyword.groovy)
	at com.kms.katalon.core.webui.keyword.internal.WebUIKeywordMain.runKeyword(WebUIKeywordMain.groovy:20)
	... 20 more]]></system-out>
      <system-err><![CDATA[28-05-2024T21:47:28 - [TEST_SUITE][FAILED] - check-something: Test Cases/KMS/KMS-Transformation-Services FAILED.
Reason:
com.kms.katalon.core.exception.StepFailedException: Unable to navigate to 'https://kms-technology.com/'
	at com.kms.katalon.core.webui.keyword.internal.WebUIKeywordMain.stepFailed(WebUIKeywordMain.groovy:64)
	at com.kms.katalon.core.webui.keyword.internal.WebUIKeywordMain.runKeyword(WebUIKeywordMain.groovy:26)
	at com.kms.katalon.core.webui.keyword.builtin.NavigateToUrlKeyword.navigateToUrl(NavigateToUrlKeyword.groovy:83)
	at com.kms.katalon.core.webui.keyword.builtin.NavigateToUrlKeyword.execute(NavigateToUrlKeyword.groovy:67)
	at com.kms.katalon.core.keyword.internal.KeywordExecutor.executeKeywordForPlatform(KeywordExecutor.groovy:74)
	at com.kms.katalon.core.webui.keyword.WebUiBuiltInKeywords.navigateToUrl(WebUiBuiltInKeywords.groovy:187)
	at KMS-Transformation-Services.run(KMS-Transformation-Services:22)
	at com.kms.katalon.core.main.ScriptEngine.run(ScriptEngine.java:194)
	at com.kms.katalon.core.main.ScriptEngine.runScriptAsRawText(ScriptEngine.java:119)
	at com.kms.katalon.core.main.TestCaseExecutor.runScript(TestCaseExecutor.java:448)
	at com.kms.katalon.core.main.TestCaseExecutor.doExecute(TestCaseExecutor.java:439)
	at com.kms.katalon.core.main.TestCaseExecutor.processExecutionPhase(TestCaseExecutor.java:418)
	at com.kms.katalon.core.main.TestCaseExecutor.accessMainPhase(TestCaseExecutor.java:410)
	at com.kms.katalon.core.main.TestCaseExecutor.execute(TestCaseExecutor.java:285)
	at com.kms.katalon.core.common.CommonExecutor.accessTestCaseMainPhase(CommonExecutor.java:65)
	at com.kms.katalon.core.main.TestSuiteExecutor.accessTestSuiteMainPhase(TestSuiteExecutor.java:150)
	at com.kms.katalon.core.main.TestSuiteExecutor.execute(TestSuiteExecutor.java:106)
	at com.kms.katalon.core.main.TestCaseMain.startTestSuite(TestCaseMain.java:180)
	at TempTestSuite1716907365288.run(TempTestSuite1716907365288.groovy:35)
	at java.base/jdk.internal.reflect.NativeMethodAccessorImpl.invoke0(Native Method)
	at java.base/jdk.internal.reflect.NativeMethodAccessorImpl.invoke(NativeMethodAccessorImpl.java:77)
	at java.base/jdk.internal.reflect.DelegatingMethodAccessorImpl.invoke(DelegatingMethodAccessorImpl.java:43)
Caused by: org.openqa.selenium.WebDriverException: disconnected: Unable to receive message from renderer
  (failed to check if window was closed: disconnected: not connected to DevTools)
  (Session info: chrome=125.0.6422.112)
Build info: version: '3.141.59', revision: 'e82be7d358', time: '2018-11-14T08:25:53'
System info: host: 'DESKTOP-QSIPVT9', ip: '192.168.1.8', os.name: 'Windows 11', os.arch: 'amd64', os.version: '10.0', java.version: '17.0.7'
Driver info: com.kms.katalon.selenium.driver.CChromeDriver
Capabilities {acceptInsecureCerts: false, browserName: chrome, browserVersion: 125.0.6422.112, chrome: {chromedriverVersion: 125.0.6422.78 (14db42ec38ad..., userDataDir: C:\Users\ToanLa\AppData\Loc...}, fedcm:accounts: true, goog:chromeOptions: {debuggerAddress: localhost:52178}, javascriptEnabled: true, networkConnectionEnabled: false, pageLoadStrategy: normal, platform: WINDOWS, platformName: WINDOWS, proxy: Proxy(), setWindowRect: true, strictFileInteractability: false, timeouts: {implicit: 0, pageLoad: 300000, script: 30000}, unhandledPromptBehavior: dismiss and notify, webauthn:extension:credBlob: true, webauthn:extension:largeBlob: true, webauthn:extension:minPinLength: true, webauthn:extension:prf: true, webauthn:virtualAuthenticators: true}
Session ID: 149f00446c410e016ff9392669658e6a
	at java.base/jdk.internal.reflect.NativeConstructorAccessorImpl.newInstance0(Native Method)
	at java.base/jdk.internal.reflect.NativeConstructorAccessorImpl.newInstance(NativeConstructorAccessorImpl.java:77)
	at java.base/jdk.internal.reflect.DelegatingConstructorAccessorImpl.newInstance(DelegatingConstructorAccessorImpl.java:45)
	at org.openqa.selenium.remote.http.W3CHttpResponseCodec.createException(W3CHttpResponseCodec.java:187)
	at org.openqa.selenium.remote.http.W3CHttpResponseCodec.decode(W3CHttpResponseCodec.java:122)
	at org.openqa.selenium.remote.http.W3CHttpResponseCodec.decode(W3CHttpResponseCodec.java:49)
	at org.openqa.selenium.remote.HttpCommandExecutor.execute(HttpCommandExecutor.java:158)
	at org.openqa.selenium.remote.service.DriverCommandExecutor.execute(DriverCommandExecutor.java:83)
	at org.openqa.selenium.remote.RemoteWebDriver.execute(RemoteWebDriver.java:552)
	at com.kms.katalon.selenium.driver.CChromeDriver.execute(CChromeDriver.java:19)
	at org.openqa.selenium.remote.RemoteWebDriver.get(RemoteWebDriver.java:277)
	at org.openqa.selenium.remote.RemoteWebDriver$RemoteNavigation.to(RemoteWebDriver.java:857)
	at org.openqa.selenium.support.events.EventFiringWebDriver$EventFiringNavigation.to(EventFiringWebDriver.java:569)
	at com.kms.katalon.core.webui.keyword.builtin.NavigateToUrlKeyword$_navigateToUrl_closure1.doCall(NavigateToUrlKeyword.groovy:81)
	at com.kms.katalon.core.webui.keyword.builtin.NavigateToUrlKeyword$_navigateToUrl_closure1.call(NavigateToUrlKeyword.groovy)
	at com.kms.katalon.core.webui.keyword.internal.WebUIKeywordMain.runKeyword(WebUIKeywordMain.groovy:20)
	... 20 more]]></system-err>
   </testsuite>
   <testsuite name="check-team" tests="1" failures="0" errors="0" time="124.931" skipped="0" timestamp="28-05-2024T21:47:33" hostname="ToanLa - DESKTOP-QSIPVT9" id="Test Suites/KMS/check-team">
      <properties>
         <property name="deviceName" value=""/>
         <property name="devicePlatform" value=""/>
         <property name="logFolder" value="C:\\Users\\ToanLa\\git\\katalon\\Reports\\20240528_214204\\KMS\\check-team\\20240528_214247"/>
         <property name="logFiles" value="C:\\Users\\ToanLa\\git\\katalon\\Reports\\20240528_214204\\KMS\\check-team\\20240528_214247\\execution0.log"/>
         <property name="attachments" value=""/>
         <property name="hostName" value="ToanLa - DESKTOP-QSIPVT9"/>
         <property name="os" value="Windows 11 64bit"/>
         <property name="katalonVersion" value="9.4.0.212"/>
         <property name="browser" value="Chrome 125.0.0.0"/>
         <property name="hostAddress" value="192.168.1.8"/>
         <property name="sessionId" value="ed54195c76d85d092ded44c38e290fd6"/>
         <property name="seleniumVersion" value="3.141.59"/>
         <property name="proxyInformation" value="ProxyInformation { proxyOption=NO_PROXY, proxyServerType=HTTP, username=, password=********, proxyServerAddress=, proxyServerPort=0, executionList=&quot;&quot;, isApplyToDesiredCapabilities=true }"/>
         <property name="platform" value="Windows 11"/>
      </properties>
      <testcase name="Test Cases/KMS/KMS-Global-Team-Clickable" time="36.294" classname="Test Cases/KMS/KMS-Global-Team-Clickable" status="PASSED">
         <system-out><![CDATA[28-05-2024T21:49:02 - [TEST_CASE][PASSED] - Test Cases/KMS/KMS-Global-Team-Clickable: Test Cases/KMS/KMS-Global-Team-Clickable

28-05-2024T21:49:02 - [TEST_STEP][PASSED] - openBrowser(""): Browser is opened with url: ''

28-05-2024T21:49:02 - [MESSAGE][WARNING] - A browser is already opened. Closing browser and opening a new one

28-05-2024T21:49:14 - [MESSAGE][INFO] - Starting 'Chrome' driver

28-05-2024T21:49:14 - [MESSAGE][INFO] - Action delay is set to 0 milliseconds

28-05-2024T21:49:19 - [MESSAGE][PASSED] - Browser is opened with url: ''

28-05-2024T21:49:19 - [TEST_STEP][PASSED] - navigateToUrl("https://kms-technology.com/"): Navigate to 'https://kms-technology.com/' successfully

28-05-2024T21:49:20 - [MESSAGE][PASSED] - Navigate to 'https://kms-technology.com/' successfully

28-05-2024T21:49:20 - [TEST_STEP][PASSED] - click(findTestObject("Object Repository/KMS/Page_Custom Software Development  Consultin_0ef814/a_Learn More About Our Global Teams")): Object: 'Object Repository/KMS/Page_Custom Software Development  Consultin_0ef814/a_Learn More About Our Global Teams' is clicked on

28-05-2024T21:49:37 - [MESSAGE][PASSED] - Object: 'Object Repository/KMS/Page_Custom Software Development  Consultin_0ef814/a_Learn More About Our Global Teams' is clicked on

28-05-2024T21:49:37 - [TEST_STEP][PASSED] - closeBrowser(): Browser is closed

28-05-2024T21:49:38 - [MESSAGE][PASSED] - Browser is closed]]></system-out>
         <system-err><![CDATA[]]></system-err>
      </testcase>
      <system-out><![CDATA[28-05-2024T21:47:33 - [TEST_SUITE][FAILED] - check-team: Test Cases/KMS/KMS-Global-Team-Clickable FAILED.
Reason:
com.kms.katalon.core.exception.StepFailedException: Unable to navigate to 'https://kms-technology.com/'
	at com.kms.katalon.core.webui.keyword.internal.WebUIKeywordMain.stepFailed(WebUIKeywordMain.groovy:64)
	at com.kms.katalon.core.webui.keyword.internal.WebUIKeywordMain.runKeyword(WebUIKeywordMain.groovy:26)
	at com.kms.katalon.core.webui.keyword.builtin.NavigateToUrlKeyword.navigateToUrl(NavigateToUrlKeyword.groovy:83)
	at com.kms.katalon.core.webui.keyword.builtin.NavigateToUrlKeyword.execute(NavigateToUrlKeyword.groovy:67)
	at com.kms.katalon.core.keyword.internal.KeywordExecutor.executeKeywordForPlatform(KeywordExecutor.groovy:74)
	at com.kms.katalon.core.webui.keyword.WebUiBuiltInKeywords.navigateToUrl(WebUiBuiltInKeywords.groovy:187)
	at KMS-Global-Team-Clickable.run(KMS-Global-Team-Clickable:22)
	at com.kms.katalon.core.main.ScriptEngine.run(ScriptEngine.java:194)
	at com.kms.katalon.core.main.ScriptEngine.runScriptAsRawText(ScriptEngine.java:119)
	at com.kms.katalon.core.main.TestCaseExecutor.runScript(TestCaseExecutor.java:448)
	at com.kms.katalon.core.main.TestCaseExecutor.doExecute(TestCaseExecutor.java:439)
	at com.kms.katalon.core.main.TestCaseExecutor.processExecutionPhase(TestCaseExecutor.java:418)
	at com.kms.katalon.core.main.TestCaseExecutor.accessMainPhase(TestCaseExecutor.java:410)
	at com.kms.katalon.core.main.TestCaseExecutor.execute(TestCaseExecutor.java:285)
	at com.kms.katalon.core.common.CommonExecutor.accessTestCaseMainPhase(CommonExecutor.java:65)
	at com.kms.katalon.core.main.TestSuiteExecutor.accessTestSuiteMainPhase(TestSuiteExecutor.java:150)
	at com.kms.katalon.core.main.TestSuiteExecutor.execute(TestSuiteExecutor.java:106)
	at com.kms.katalon.core.main.TestCaseMain.startTestSuite(TestCaseMain.java:180)
	at TempTestSuite1716907367667.run(TempTestSuite1716907367667.groovy:35)
	at java.base/jdk.internal.reflect.NativeMethodAccessorImpl.invoke0(Native Method)
	at java.base/jdk.internal.reflect.NativeMethodAccessorImpl.invoke(NativeMethodAccessorImpl.java:77)
	at java.base/jdk.internal.reflect.DelegatingMethodAccessorImpl.invoke(DelegatingMethodAccessorImpl.java:43)
Caused by: org.openqa.selenium.WebDriverException: disconnected: Unable to receive message from renderer
  (failed to check if window was closed: disconnected: not connected to DevTools)
  (Session info: chrome=125.0.6422.112)
Build info: version: '3.141.59', revision: 'e82be7d358', time: '2018-11-14T08:25:53'
System info: host: 'DESKTOP-QSIPVT9', ip: '192.168.1.8', os.name: 'Windows 11', os.arch: 'amd64', os.version: '10.0', java.version: '17.0.7'
Driver info: com.kms.katalon.selenium.driver.CChromeDriver
Capabilities {acceptInsecureCerts: false, browserName: chrome, browserVersion: 125.0.6422.112, chrome: {chromedriverVersion: 125.0.6422.78 (14db42ec38ad..., userDataDir: C:\Users\ToanLa\AppData\Loc...}, fedcm:accounts: true, goog:chromeOptions: {debuggerAddress: localhost:52083}, javascriptEnabled: true, networkConnectionEnabled: false, pageLoadStrategy: normal, platform: WINDOWS, platformName: WINDOWS, proxy: Proxy(), setWindowRect: true, strictFileInteractability: false, timeouts: {implicit: 0, pageLoad: 300000, script: 30000}, unhandledPromptBehavior: dismiss and notify, webauthn:extension:credBlob: true, webauthn:extension:largeBlob: true, webauthn:extension:minPinLength: true, webauthn:extension:prf: true, webauthn:virtualAuthenticators: true}
Session ID: 2d2c0ad4c989f6f5847e3e094d1d4331
	at java.base/jdk.internal.reflect.NativeConstructorAccessorImpl.newInstance0(Native Method)
	at java.base/jdk.internal.reflect.NativeConstructorAccessorImpl.newInstance(NativeConstructorAccessorImpl.java:77)
	at java.base/jdk.internal.reflect.DelegatingConstructorAccessorImpl.newInstance(DelegatingConstructorAccessorImpl.java:45)
	at org.openqa.selenium.remote.http.W3CHttpResponseCodec.createException(W3CHttpResponseCodec.java:187)
	at org.openqa.selenium.remote.http.W3CHttpResponseCodec.decode(W3CHttpResponseCodec.java:122)
	at org.openqa.selenium.remote.http.W3CHttpResponseCodec.decode(W3CHttpResponseCodec.java:49)
	at org.openqa.selenium.remote.HttpCommandExecutor.execute(HttpCommandExecutor.java:158)
	at org.openqa.selenium.remote.service.DriverCommandExecutor.execute(DriverCommandExecutor.java:83)
	at org.openqa.selenium.remote.RemoteWebDriver.execute(RemoteWebDriver.java:552)
	at com.kms.katalon.selenium.driver.CChromeDriver.execute(CChromeDriver.java:19)
	at org.openqa.selenium.remote.RemoteWebDriver.get(RemoteWebDriver.java:277)
	at org.openqa.selenium.remote.RemoteWebDriver$RemoteNavigation.to(RemoteWebDriver.java:857)
	at org.openqa.selenium.support.events.EventFiringWebDriver$EventFiringNavigation.to(EventFiringWebDriver.java:569)
	at com.kms.katalon.core.webui.keyword.builtin.NavigateToUrlKeyword$_navigateToUrl_closure1.doCall(NavigateToUrlKeyword.groovy:81)
	at com.kms.katalon.core.webui.keyword.builtin.NavigateToUrlKeyword$_navigateToUrl_closure1.call(NavigateToUrlKeyword.groovy)
	at com.kms.katalon.core.webui.keyword.internal.WebUIKeywordMain.runKeyword(WebUIKeywordMain.groovy:20)
	... 20 more]]></system-out>
      <system-err><![CDATA[28-05-2024T21:47:33 - [TEST_SUITE][FAILED] - check-team: Test Cases/KMS/KMS-Global-Team-Clickable FAILED.
Reason:
com.kms.katalon.core.exception.StepFailedException: Unable to navigate to 'https://kms-technology.com/'
	at com.kms.katalon.core.webui.keyword.internal.WebUIKeywordMain.stepFailed(WebUIKeywordMain.groovy:64)
	at com.kms.katalon.core.webui.keyword.internal.WebUIKeywordMain.runKeyword(WebUIKeywordMain.groovy:26)
	at com.kms.katalon.core.webui.keyword.builtin.NavigateToUrlKeyword.navigateToUrl(NavigateToUrlKeyword.groovy:83)
	at com.kms.katalon.core.webui.keyword.builtin.NavigateToUrlKeyword.execute(NavigateToUrlKeyword.groovy:67)
	at com.kms.katalon.core.keyword.internal.KeywordExecutor.executeKeywordForPlatform(KeywordExecutor.groovy:74)
	at com.kms.katalon.core.webui.keyword.WebUiBuiltInKeywords.navigateToUrl(WebUiBuiltInKeywords.groovy:187)
	at KMS-Global-Team-Clickable.run(KMS-Global-Team-Clickable:22)
	at com.kms.katalon.core.main.ScriptEngine.run(ScriptEngine.java:194)
	at com.kms.katalon.core.main.ScriptEngine.runScriptAsRawText(ScriptEngine.java:119)
	at com.kms.katalon.core.main.TestCaseExecutor.runScript(TestCaseExecutor.java:448)
	at com.kms.katalon.core.main.TestCaseExecutor.doExecute(TestCaseExecutor.java:439)
	at com.kms.katalon.core.main.TestCaseExecutor.processExecutionPhase(TestCaseExecutor.java:418)
	at com.kms.katalon.core.main.TestCaseExecutor.accessMainPhase(TestCaseExecutor.java:410)
	at com.kms.katalon.core.main.TestCaseExecutor.execute(TestCaseExecutor.java:285)
	at com.kms.katalon.core.common.CommonExecutor.accessTestCaseMainPhase(CommonExecutor.java:65)
	at com.kms.katalon.core.main.TestSuiteExecutor.accessTestSuiteMainPhase(TestSuiteExecutor.java:150)
	at com.kms.katalon.core.main.TestSuiteExecutor.execute(TestSuiteExecutor.java:106)
	at com.kms.katalon.core.main.TestCaseMain.startTestSuite(TestCaseMain.java:180)
	at TempTestSuite1716907367667.run(TempTestSuite1716907367667.groovy:35)
	at java.base/jdk.internal.reflect.NativeMethodAccessorImpl.invoke0(Native Method)
	at java.base/jdk.internal.reflect.NativeMethodAccessorImpl.invoke(NativeMethodAccessorImpl.java:77)
	at java.base/jdk.internal.reflect.DelegatingMethodAccessorImpl.invoke(DelegatingMethodAccessorImpl.java:43)
Caused by: org.openqa.selenium.WebDriverException: disconnected: Unable to receive message from renderer
  (failed to check if window was closed: disconnected: not connected to DevTools)
  (Session info: chrome=125.0.6422.112)
Build info: version: '3.141.59', revision: 'e82be7d358', time: '2018-11-14T08:25:53'
System info: host: 'DESKTOP-QSIPVT9', ip: '192.168.1.8', os.name: 'Windows 11', os.arch: 'amd64', os.version: '10.0', java.version: '17.0.7'
Driver info: com.kms.katalon.selenium.driver.CChromeDriver
Capabilities {acceptInsecureCerts: false, browserName: chrome, browserVersion: 125.0.6422.112, chrome: {chromedriverVersion: 125.0.6422.78 (14db42ec38ad..., userDataDir: C:\Users\ToanLa\AppData\Loc...}, fedcm:accounts: true, goog:chromeOptions: {debuggerAddress: localhost:52083}, javascriptEnabled: true, networkConnectionEnabled: false, pageLoadStrategy: normal, platform: WINDOWS, platformName: WINDOWS, proxy: Proxy(), setWindowRect: true, strictFileInteractability: false, timeouts: {implicit: 0, pageLoad: 300000, script: 30000}, unhandledPromptBehavior: dismiss and notify, webauthn:extension:credBlob: true, webauthn:extension:largeBlob: true, webauthn:extension:minPinLength: true, webauthn:extension:prf: true, webauthn:virtualAuthenticators: true}
Session ID: 2d2c0ad4c989f6f5847e3e094d1d4331
	at java.base/jdk.internal.reflect.NativeConstructorAccessorImpl.newInstance0(Native Method)
	at java.base/jdk.internal.reflect.NativeConstructorAccessorImpl.newInstance(NativeConstructorAccessorImpl.java:77)
	at java.base/jdk.internal.reflect.DelegatingConstructorAccessorImpl.newInstance(DelegatingConstructorAccessorImpl.java:45)
	at org.openqa.selenium.remote.http.W3CHttpResponseCodec.createException(W3CHttpResponseCodec.java:187)
	at org.openqa.selenium.remote.http.W3CHttpResponseCodec.decode(W3CHttpResponseCodec.java:122)
	at org.openqa.selenium.remote.http.W3CHttpResponseCodec.decode(W3CHttpResponseCodec.java:49)
	at org.openqa.selenium.remote.HttpCommandExecutor.execute(HttpCommandExecutor.java:158)
	at org.openqa.selenium.remote.service.DriverCommandExecutor.execute(DriverCommandExecutor.java:83)
	at org.openqa.selenium.remote.RemoteWebDriver.execute(RemoteWebDriver.java:552)
	at com.kms.katalon.selenium.driver.CChromeDriver.execute(CChromeDriver.java:19)
	at org.openqa.selenium.remote.RemoteWebDriver.get(RemoteWebDriver.java:277)
	at org.openqa.selenium.remote.RemoteWebDriver$RemoteNavigation.to(RemoteWebDriver.java:857)
	at org.openqa.selenium.support.events.EventFiringWebDriver$EventFiringNavigation.to(EventFiringWebDriver.java:569)
	at com.kms.katalon.core.webui.keyword.builtin.NavigateToUrlKeyword$_navigateToUrl_closure1.doCall(NavigateToUrlKeyword.groovy:81)
	at com.kms.katalon.core.webui.keyword.builtin.NavigateToUrlKeyword$_navigateToUrl_closure1.call(NavigateToUrlKeyword.groovy)
	at com.kms.katalon.core.webui.keyword.internal.WebUIKeywordMain.runKeyword(WebUIKeywordMain.groovy:20)
	... 20 more]]></system-err>
   </testsuite>
   <testsuite name="check-nav-suites" tests="11" failures="0" errors="0" time="555.664" skipped="0" timestamp="28-05-2024T21:48:05" hostname="ToanLa - DESKTOP-QSIPVT9" id="Test Suites/Sutrix/check-nav-suites">
      <properties>
         <property name="deviceName" value=""/>
         <property name="devicePlatform" value=""/>
         <property name="logFolder" value="C:\\Users\\ToanLa\\git\\katalon\\Reports\\20240528_214204\\Sutrix\\check-nav-suites\\20240528_214249"/>
         <property name="logFiles" value="C:\\Users\\ToanLa\\git\\katalon\\Reports\\20240528_214204\\Sutrix\\check-nav-suites\\20240528_214249\\execution0.log"/>
         <property name="attachments" value="C:\\Users\\ToanLa\\git\\katalon\\Reports\\20240528_214204\\Sutrix\\check-nav-suites\\20240528_214249\\1716907806505.png, C:\\Users\\ToanLa\\git\\katalon\\Reports\\20240528_214204\\Sutrix\\check-nav-suites\\20240528_214249\\1716907949796.png"/>
         <property name="hostName" value="ToanLa - DESKTOP-QSIPVT9"/>
         <property name="os" value="Windows 11 64bit"/>
         <property name="katalonVersion" value="9.4.0.212"/>
         <property name="browser" value="Chrome 125.0.0.0"/>
         <property name="hostAddress" value="192.168.1.8"/>
         <property name="sessionId" value="4d69045aa28eae9baff99125910b9268"/>
         <property name="seleniumVersion" value="3.141.59"/>
         <property name="proxyInformation" value="ProxyInformation { proxyOption=NO_PROXY, proxyServerType=HTTP, username=, password=********, proxyServerAddress=, proxyServerPort=0, executionList=&quot;&quot;, isApplyToDesiredCapabilities=true }"/>
         <property name="platform" value="Windows 11"/>
      </properties>
      <testcase name="Test Cases/Sutrix/check-banner" time="31.412" classname="Test Cases/Sutrix/check-banner" status="PASSED">
         <system-out><![CDATA[28-05-2024T21:48:05 - [TEST_CASE][PASSED] - Test Cases/Sutrix/check-banner: Test Cases/Sutrix/check-banner

28-05-2024T21:48:06 - [TEST_STEP][PASSED] - openBrowser(""): Browser is opened with url: ''

28-05-2024T21:48:07 - [MESSAGE][INFO] - Starting 'Chrome' driver

28-05-2024T21:48:07 - [MESSAGE][INFO] - Action delay is set to 0 milliseconds

28-05-2024T21:48:10 - [MESSAGE][PASSED] - Browser is opened with url: ''

28-05-2024T21:48:10 - [TEST_STEP][PASSED] - navigateToUrl("https://sutrixgroup.com/en/"): Navigate to 'https://sutrixgroup.com/en/' successfully

28-05-2024T21:48:32 - [MESSAGE][PASSED] - Navigate to 'https://sutrixgroup.com/en/' successfully

28-05-2024T21:48:32 - [TEST_STEP][PASSED] - verifyElementVisible(findTestObject("Object Repository/Sutrix/Page_Sutrix Group  Global System Integrator/div_We use cookiesHi, this website uses ess_7bae85")): Object 'Object Repository/Sutrix/Page_Sutrix Group  Global System Integrator/div_We use cookiesHi, this website uses ess_7bae85' is visible

28-05-2024T21:48:36 - [MESSAGE][PASSED] - Object 'Object Repository/Sutrix/Page_Sutrix Group  Global System Integrator/div_We use cookiesHi, this website uses ess_7bae85' is visible

28-05-2024T21:48:36 - [TEST_STEP][PASSED] - closeBrowser(): Browser is closed

28-05-2024T21:48:37 - [MESSAGE][PASSED] - Browser is closed]]></system-out>
         <system-err><![CDATA[]]></system-err>
      </testcase>
      <testcase name="Test Cases/Sutrix/check-contact-us-button" time="21.541" classname="Test Cases/Sutrix/check-contact-us-button" status="PASSED">
         <system-out><![CDATA[28-05-2024T21:48:37 - [TEST_CASE][PASSED] - Test Cases/Sutrix/check-contact-us-button: Test Cases/Sutrix/check-contact-us-button

28-05-2024T21:48:37 - [TEST_STEP][PASSED] - openBrowser(""): Browser is opened with url: ''

28-05-2024T21:48:37 - [MESSAGE][INFO] - Starting 'Chrome' driver

28-05-2024T21:48:37 - [MESSAGE][INFO] - Action delay is set to 0 milliseconds

28-05-2024T21:48:39 - [MESSAGE][PASSED] - Browser is opened with url: ''

28-05-2024T21:48:39 - [TEST_STEP][PASSED] - navigateToUrl("https://sutrixgroup.com/en/"): Navigate to 'https://sutrixgroup.com/en/' successfully

28-05-2024T21:48:52 - [MESSAGE][PASSED] - Navigate to 'https://sutrixgroup.com/en/' successfully

28-05-2024T21:48:52 - [TEST_STEP][PASSED] - click(findTestObject("Object Repository/Sutrix/Page_Sutrix Group  Global System Integrator/a_Contact Us")): Object: 'Object Repository/Sutrix/Page_Sutrix Group  Global System Integrator/a_Contact Us' is clicked on

28-05-2024T21:48:58 - [MESSAGE][PASSED] - Object: 'Object Repository/Sutrix/Page_Sutrix Group  Global System Integrator/a_Contact Us' is clicked on

28-05-2024T21:48:58 - [TEST_STEP][PASSED] - closeBrowser(): Browser is closed

28-05-2024T21:48:58 - [MESSAGE][PASSED] - Browser is closed]]></system-out>
         <system-err><![CDATA[]]></system-err>
      </testcase>
      <testcase name="Test Cases/Sutrix/check-footer" time="17.351" classname="Test Cases/Sutrix/check-footer" status="PASSED">
         <system-out><![CDATA[28-05-2024T21:50:06 - [TEST_CASE][PASSED] - Test Cases/Sutrix/check-footer: Test Cases/Sutrix/check-footer

28-05-2024T21:50:07 - [TEST_STEP][PASSED] - openBrowser(""): Browser is opened with url: ''

28-05-2024T21:50:07 - [MESSAGE][WARNING] - A browser is already opened. Closing browser and opening a new one

28-05-2024T21:50:07 - [MESSAGE][INFO] - Starting 'Chrome' driver

28-05-2024T21:50:07 - [MESSAGE][INFO] - Action delay is set to 0 milliseconds

28-05-2024T21:50:09 - [MESSAGE][PASSED] - Browser is opened with url: ''

28-05-2024T21:50:09 - [TEST_STEP][PASSED] - navigateToUrl("https://sutrixgroup.com/en/"): Navigate to 'https://sutrixgroup.com/en/' successfully

28-05-2024T21:50:21 - [MESSAGE][PASSED] - Navigate to 'https://sutrixgroup.com/en/' successfully

28-05-2024T21:50:21 - [TEST_STEP][PASSED] - click(findTestObject("Object Repository/Sutrix/Page_Sutrix Group  Global System Integrator/a_About")): Object: 'Object Repository/Sutrix/Page_Sutrix Group  Global System Integrator/a_About' is clicked on

28-05-2024T21:50:24 - [MESSAGE][PASSED] - Object: 'Object Repository/Sutrix/Page_Sutrix Group  Global System Integrator/a_About' is clicked on]]></system-out>
         <system-err><![CDATA[]]></system-err>
      </testcase>
      <testcase name="Test Cases/Sutrix/check-logo" time="27.855" classname="Test Cases/Sutrix/check-logo" status="PASSED">
         <system-out><![CDATA[28-05-2024T21:50:24 - [TEST_CASE][PASSED] - Test Cases/Sutrix/check-logo: Test Cases/Sutrix/check-logo

28-05-2024T21:50:25 - [TEST_STEP][PASSED] - openBrowser(""): Browser is opened with url: ''

28-05-2024T21:50:25 - [MESSAGE][WARNING] - A browser is already opened. Closing browser and opening a new one

28-05-2024T21:50:25 - [MESSAGE][INFO] - Starting 'Chrome' driver

28-05-2024T21:50:25 - [MESSAGE][INFO] - Action delay is set to 0 milliseconds

28-05-2024T21:50:28 - [MESSAGE][PASSED] - Browser is opened with url: ''

28-05-2024T21:50:28 - [TEST_STEP][PASSED] - navigateToUrl("https://sutrixgroup.com/en/"): Navigate to 'https://sutrixgroup.com/en/' successfully

28-05-2024T21:50:51 - [MESSAGE][PASSED] - Navigate to 'https://sutrixgroup.com/en/' successfully

28-05-2024T21:50:51 - [TEST_STEP][PASSED] - verifyElementVisible(findTestObject("Object Repository/Sutrix/Page_Sutrix Group  Global System Integrator/img_About_logo-white")): Object 'Object Repository/Sutrix/Page_Sutrix Group  Global System Integrator/img_About_logo-white' is visible

28-05-2024T21:50:51 - [MESSAGE][PASSED] - Object 'Object Repository/Sutrix/Page_Sutrix Group  Global System Integrator/img_About_logo-white' is visible

28-05-2024T21:50:51 - [TEST_STEP][PASSED] - closeBrowser(): Browser is closed

28-05-2024T21:50:52 - [MESSAGE][PASSED] - Browser is closed]]></system-out>
         <system-err><![CDATA[]]></system-err>
      </testcase>
      <testcase name="Test Cases/Sutrix/check-menu" time="21.622" classname="Test Cases/Sutrix/check-menu" status="PASSED">
         <system-out><![CDATA[28-05-2024T21:50:52 - [TEST_CASE][PASSED] - Test Cases/Sutrix/check-menu: Test Cases/Sutrix/check-menu

28-05-2024T21:50:52 - [TEST_STEP][PASSED] - openBrowser(""): Browser is opened with url: ''

28-05-2024T21:50:52 - [MESSAGE][INFO] - Starting 'Chrome' driver

28-05-2024T21:50:52 - [MESSAGE][INFO] - Action delay is set to 0 milliseconds

28-05-2024T21:50:54 - [MESSAGE][PASSED] - Browser is opened with url: ''

28-05-2024T21:50:54 - [TEST_STEP][PASSED] - navigateToUrl("https://sutrixgroup.com/en/"): Navigate to 'https://sutrixgroup.com/en/' successfully

28-05-2024T21:50:55 - [MESSAGE][PASSED] - Navigate to 'https://sutrixgroup.com/en/' successfully

28-05-2024T21:50:55 - [TEST_STEP][PASSED] - verifyElementVisible(findTestObject("Object Repository/Sutrix/Page_Sutrix Group  Global System Integrator/div_AboutServicesWorkApproachPartnershipsVi_85df2e")): Object 'Object Repository/Sutrix/Page_Sutrix Group  Global System Integrator/div_AboutServicesWorkApproachPartnershipsVi_85df2e' is visible

28-05-2024T21:51:13 - [MESSAGE][PASSED] - Object 'Object Repository/Sutrix/Page_Sutrix Group  Global System Integrator/div_AboutServicesWorkApproachPartnershipsVi_85df2e' is visible

28-05-2024T21:51:13 - [TEST_STEP][PASSED] - closeBrowser(): Browser is closed

28-05-2024T21:51:13 - [MESSAGE][PASSED] - Browser is closed]]></system-out>
         <system-err><![CDATA[]]></system-err>
      </testcase>
      <testcase name="Test Cases/Sutrix/check-slogan-text" time="48.106" classname="Test Cases/Sutrix/check-slogan-text" status="PASSED">
         <system-out><![CDATA[28-05-2024T21:52:30 - [TEST_CASE][PASSED] - Test Cases/Sutrix/check-slogan-text: Test Cases/Sutrix/check-slogan-text

28-05-2024T21:52:30 - [TEST_STEP][PASSED] - openBrowser(""): Browser is opened with url: ''

28-05-2024T21:52:30 - [MESSAGE][WARNING] - A browser is already opened. Closing browser and opening a new one

28-05-2024T21:52:30 - [MESSAGE][INFO] - Starting 'Chrome' driver

28-05-2024T21:52:30 - [MESSAGE][INFO] - Action delay is set to 0 milliseconds

28-05-2024T21:52:32 - [MESSAGE][PASSED] - Browser is opened with url: ''

28-05-2024T21:52:32 - [TEST_STEP][PASSED] - navigateToUrl("https://sutrixgroup.com/en/"): Navigate to 'https://sutrixgroup.com/en/' successfully

28-05-2024T21:53:11 - [MESSAGE][PASSED] - Navigate to 'https://sutrixgroup.com/en/' successfully

28-05-2024T21:53:11 - [TEST_STEP][PASSED] - click(findTestObject("Object Repository/Sutrix/Page_Sutrix Group  Global System Integrator/button_Accept all")): Object: 'Object Repository/Sutrix/Page_Sutrix Group  Global System Integrator/button_Accept all' is clicked on

28-05-2024T21:53:14 - [MESSAGE][PASSED] - Object: 'Object Repository/Sutrix/Page_Sutrix Group  Global System Integrator/button_Accept all' is clicked on

28-05-2024T21:53:14 - [TEST_STEP][PASSED] - click(findTestObject("Object Repository/Sutrix/Page_Sutrix Group  Global System Integrator/div_Build Compelling ExperiencesWith over 2_5e97cc")): Object: 'Object Repository/Sutrix/Page_Sutrix Group  Global System Integrator/div_Build Compelling ExperiencesWith over 2_5e97cc' is clicked on

28-05-2024T21:53:16 - [MESSAGE][PASSED] - Object: 'Object Repository/Sutrix/Page_Sutrix Group  Global System Integrator/div_Build Compelling ExperiencesWith over 2_5e97cc' is clicked on

28-05-2024T21:53:16 - [TEST_STEP][PASSED] - click(findTestObject("Object Repository/Sutrix/Page_Sutrix Group  Global System Integrator/button_Contact Us_btn btn-scroll-to")): Object: 'Object Repository/Sutrix/Page_Sutrix Group  Global System Integrator/button_Contact Us_btn btn-scroll-to' is clicked on

28-05-2024T21:53:17 - [MESSAGE][PASSED] - Object: 'Object Repository/Sutrix/Page_Sutrix Group  Global System Integrator/button_Contact Us_btn btn-scroll-to' is clicked on

28-05-2024T21:53:17 - [TEST_STEP][PASSED] - closeBrowser(): Browser is closed

28-05-2024T21:53:18 - [MESSAGE][PASSED] - Browser is closed]]></system-out>
         <system-err><![CDATA[]]></system-err>
      </testcase>
      <testcase name="Test Cases/Sutrix/check-visit-japans-site" time="99.315" classname="Test Cases/Sutrix/check-visit-japans-site" status="PASSED">
         <system-out><![CDATA[28-05-2024T21:53:18 - [TEST_CASE][PASSED] - Test Cases/Sutrix/check-visit-japans-site: Test Cases/Sutrix/check-visit-japans-site

28-05-2024T21:53:18 - [TEST_STEP][PASSED] - openBrowser(""): Browser is opened with url: ''

28-05-2024T21:53:18 - [MESSAGE][INFO] - Starting 'Chrome' driver

28-05-2024T21:53:18 - [MESSAGE][INFO] - Action delay is set to 0 milliseconds

28-05-2024T21:53:20 - [MESSAGE][PASSED] - Browser is opened with url: ''

28-05-2024T21:53:20 - [TEST_STEP][PASSED] - navigateToUrl("https://sutrixgroup.com/en/"): Navigate to 'https://sutrixgroup.com/en/' successfully

28-05-2024T21:54:50 - [MESSAGE][PASSED] - Navigate to 'https://sutrixgroup.com/en/' successfully

28-05-2024T21:54:50 - [TEST_STEP][PASSED] - waitForElementVisible(findTestObject("Object Repository/Sutrix/Page_Sutrix Group  Global System Integrator/a_Visit Japan Site"), 0): Object 'Object Repository/Sutrix/Page_Sutrix Group  Global System Integrator/a_Visit Japan Site' is visible

28-05-2024T21:54:50 - [MESSAGE][WARNING] - Timeout '0' is invalid. Using default page load timeout: '30'

28-05-2024T21:54:51 - [MESSAGE][PASSED] - Object 'Object Repository/Sutrix/Page_Sutrix Group  Global System Integrator/a_Visit Japan Site' is visible

28-05-2024T21:54:51 - [TEST_STEP][PASSED] - click(findTestObject("Object Repository/Sutrix/Page_Sutrix Group  Global System Integrator/a_Visit Japan Site")): Object: 'Object Repository/Sutrix/Page_Sutrix Group  Global System Integrator/a_Visit Japan Site' is clicked on

28-05-2024T21:54:56 - [MESSAGE][PASSED] - Object: 'Object Repository/Sutrix/Page_Sutrix Group  Global System Integrator/a_Visit Japan Site' is clicked on

28-05-2024T21:54:56 - [TEST_STEP][PASSED] - closeBrowser(): Browser is closed

28-05-2024T21:54:57 - [MESSAGE][PASSED] - Browser is closed]]></system-out>
         <system-err><![CDATA[]]></system-err>
      </testcase>
      <testcase name="Test Cases/Sutrix/click-approaches" time="27.718" classname="Test Cases/Sutrix/click-approaches" status="PASSED">
         <system-out><![CDATA[28-05-2024T21:54:57 - [TEST_CASE][PASSED] - Test Cases/Sutrix/click-approaches: Test Cases/Sutrix/click-approaches

28-05-2024T21:54:57 - [TEST_STEP][PASSED] - openBrowser(""): Browser is opened with url: ''

28-05-2024T21:54:57 - [MESSAGE][INFO] - Starting 'Chrome' driver

28-05-2024T21:54:57 - [MESSAGE][INFO] - Action delay is set to 0 milliseconds

28-05-2024T21:54:59 - [MESSAGE][PASSED] - Browser is opened with url: ''

28-05-2024T21:54:59 - [TEST_STEP][PASSED] - navigateToUrl("https://sutrixgroup.com/en/"): Navigate to 'https://sutrixgroup.com/en/' successfully

28-05-2024T21:55:22 - [MESSAGE][PASSED] - Navigate to 'https://sutrixgroup.com/en/' successfully

28-05-2024T21:55:22 - [TEST_STEP][PASSED] - waitForElementVisible(findTestObject("Object Repository/Sutrix/Page_Sutrix Group  Global System Integrator/a_Approach"), 0): Object 'Object Repository/Sutrix/Page_Sutrix Group  Global System Integrator/a_Approach' is visible

28-05-2024T21:55:22 - [MESSAGE][WARNING] - Timeout '0' is invalid. Using default page load timeout: '30'

28-05-2024T21:55:24 - [MESSAGE][PASSED] - Object 'Object Repository/Sutrix/Page_Sutrix Group  Global System Integrator/a_Approach' is visible

28-05-2024T21:55:24 - [TEST_STEP][PASSED] - click(findTestObject("Object Repository/Sutrix/Page_Sutrix Group  Global System Integrator/a_Approach")): Object: 'Object Repository/Sutrix/Page_Sutrix Group  Global System Integrator/a_Approach' is clicked on

28-05-2024T21:55:24 - [MESSAGE][PASSED] - Object: 'Object Repository/Sutrix/Page_Sutrix Group  Global System Integrator/a_Approach' is clicked on

28-05-2024T21:55:25 - [TEST_STEP][PASSED] - closeBrowser(): Browser is closed

28-05-2024T21:55:25 - [MESSAGE][PASSED] - Browser is closed]]></system-out>
         <system-err><![CDATA[]]></system-err>
      </testcase>
      <testcase name="Test Cases/Sutrix/click-service" time="15.626" classname="Test Cases/Sutrix/click-service" status="PASSED">
         <system-out><![CDATA[28-05-2024T21:55:25 - [TEST_CASE][PASSED] - Test Cases/Sutrix/click-service: Test Cases/Sutrix/click-service

28-05-2024T21:55:25 - [TEST_STEP][PASSED] - openBrowser(""): Browser is opened with url: ''

28-05-2024T21:55:25 - [MESSAGE][INFO] - Starting 'Chrome' driver

28-05-2024T21:55:25 - [MESSAGE][INFO] - Action delay is set to 0 milliseconds

28-05-2024T21:55:27 - [MESSAGE][PASSED] - Browser is opened with url: ''

28-05-2024T21:55:27 - [TEST_STEP][PASSED] - navigateToUrl("https://sutrixgroup.com/en/"): Navigate to 'https://sutrixgroup.com/en/' successfully

28-05-2024T21:55:40 - [MESSAGE][PASSED] - Navigate to 'https://sutrixgroup.com/en/' successfully

28-05-2024T21:55:40 - [TEST_STEP][PASSED] - closeBrowser(): Browser is closed

28-05-2024T21:55:41 - [MESSAGE][PASSED] - Browser is closed]]></system-out>
         <system-err><![CDATA[]]></system-err>
      </testcase>
      <testcase name="Test Cases/Sutrix/click-work" time="64.394" classname="Test Cases/Sutrix/click-work" status="PASSED">
         <system-out><![CDATA[28-05-2024T21:55:41 - [TEST_CASE][PASSED] - Test Cases/Sutrix/click-work: Test Cases/Sutrix/click-work

28-05-2024T21:55:41 - [TEST_STEP][PASSED] - openBrowser(""): Browser is opened with url: ''

28-05-2024T21:55:41 - [MESSAGE][INFO] - Starting 'Chrome' driver

28-05-2024T21:55:41 - [MESSAGE][INFO] - Action delay is set to 0 milliseconds

28-05-2024T21:55:42 - [MESSAGE][PASSED] - Browser is opened with url: ''

28-05-2024T21:55:42 - [TEST_STEP][PASSED] - navigateToUrl("https://sutrixgroup.com/en/"): Navigate to 'https://sutrixgroup.com/en/' successfully

28-05-2024T21:56:12 - [MESSAGE][PASSED] - Navigate to 'https://sutrixgroup.com/en/' successfully

28-05-2024T21:56:12 - [TEST_STEP][PASSED] - click(findTestObject("Object Repository/Sutrix/Page_Sutrix Group  Global System Integrator/a_Work")): Object: 'Object Repository/Sutrix/Page_Sutrix Group  Global System Integrator/a_Work' is clicked on

28-05-2024T21:56:45 - [MESSAGE][PASSED] - Object: 'Object Repository/Sutrix/Page_Sutrix Group  Global System Integrator/a_Work' is clicked on

28-05-2024T21:56:45 - [TEST_STEP][PASSED] - closeBrowser(): Browser is closed

28-05-2024T21:56:45 - [MESSAGE][PASSED] - Browser is closed]]></system-out>
         <system-err><![CDATA[]]></system-err>
      </testcase>
      <testcase name="Test Cases/Sutrix/partner-click" time="35.486" classname="Test Cases/Sutrix/partner-click" status="PASSED">
         <system-out><![CDATA[28-05-2024T21:56:45 - [TEST_CASE][PASSED] - Test Cases/Sutrix/partner-click: Test Cases/Sutrix/partner-click

28-05-2024T21:56:45 - [TEST_STEP][PASSED] - openBrowser(""): Browser is opened with url: ''

28-05-2024T21:56:45 - [MESSAGE][INFO] - Starting 'Chrome' driver

28-05-2024T21:56:45 - [MESSAGE][INFO] - Action delay is set to 0 milliseconds

28-05-2024T21:56:47 - [MESSAGE][PASSED] - Browser is opened with url: ''

28-05-2024T21:56:47 - [TEST_STEP][PASSED] - navigateToUrl("https://sutrixgroup.com/en/"): Navigate to 'https://sutrixgroup.com/en/' successfully

28-05-2024T21:57:10 - [MESSAGE][PASSED] - Navigate to 'https://sutrixgroup.com/en/' successfully

28-05-2024T21:57:10 - [TEST_STEP][PASSED] - click(findTestObject("Object Repository/Sutrix/Page_Sutrix Group  Global System Integrator/a_Partnerships")): Object: 'Object Repository/Sutrix/Page_Sutrix Group  Global System Integrator/a_Partnerships' is clicked on

28-05-2024T21:57:20 - [MESSAGE][PASSED] - Object: 'Object Repository/Sutrix/Page_Sutrix Group  Global System Integrator/a_Partnerships' is clicked on

28-05-2024T21:57:20 - [TEST_STEP][PASSED] - closeBrowser(): Browser is closed

28-05-2024T21:57:20 - [MESSAGE][PASSED] - Browser is closed]]></system-out>
         <system-err><![CDATA[]]></system-err>
      </testcase>
      <system-out><![CDATA[28-05-2024T21:48:05 - [TEST_SUITE][FAILED] - check-nav-suites: Test Cases/Sutrix/check-footer FAILED.
Reason:
com.kms.katalon.core.exception.StepFailedException: Unable to navigate to 'https://sutrixgroup.com/en/'
	at com.kms.katalon.core.webui.keyword.internal.WebUIKeywordMain.stepFailed(WebUIKeywordMain.groovy:64)
	at com.kms.katalon.core.webui.keyword.internal.WebUIKeywordMain.runKeyword(WebUIKeywordMain.groovy:26)
	at com.kms.katalon.core.webui.keyword.builtin.NavigateToUrlKeyword.navigateToUrl(NavigateToUrlKeyword.groovy:83)
	at com.kms.katalon.core.webui.keyword.builtin.NavigateToUrlKeyword.execute(NavigateToUrlKeyword.groovy:67)
	at com.kms.katalon.core.keyword.internal.KeywordExecutor.executeKeywordForPlatform(KeywordExecutor.groovy:74)
	at com.kms.katalon.core.webui.keyword.WebUiBuiltInKeywords.navigateToUrl(WebUiBuiltInKeywords.groovy:187)
	at check-footer.run(check-footer:22)
	at com.kms.katalon.core.main.ScriptEngine.run(ScriptEngine.java:194)
	at com.kms.katalon.core.main.ScriptEngine.runScriptAsRawText(ScriptEngine.java:119)
	at com.kms.katalon.core.main.TestCaseExecutor.runScript(TestCaseExecutor.java:448)
	at com.kms.katalon.core.main.TestCaseExecutor.doExecute(TestCaseExecutor.java:439)
	at com.kms.katalon.core.main.TestCaseExecutor.processExecutionPhase(TestCaseExecutor.java:418)
	at com.kms.katalon.core.main.TestCaseExecutor.accessMainPhase(TestCaseExecutor.java:410)
	at com.kms.katalon.core.main.TestCaseExecutor.execute(TestCaseExecutor.java:285)
	at com.kms.katalon.core.common.CommonExecutor.accessTestCaseMainPhase(CommonExecutor.java:65)
	at com.kms.katalon.core.main.TestSuiteExecutor.accessTestSuiteMainPhase(TestSuiteExecutor.java:150)
	at com.kms.katalon.core.main.TestSuiteExecutor.execute(TestSuiteExecutor.java:106)
	at com.kms.katalon.core.main.TestCaseMain.startTestSuite(TestCaseMain.java:180)
	at TempTestSuite1716907369121.run(TempTestSuite1716907369121.groovy:35)
	at java.base/jdk.internal.reflect.NativeMethodAccessorImpl.invoke0(Native Method)
	at java.base/jdk.internal.reflect.NativeMethodAccessorImpl.invoke(NativeMethodAccessorImpl.java:77)
	at java.base/jdk.internal.reflect.DelegatingMethodAccessorImpl.invoke(DelegatingMethodAccessorImpl.java:43)
Caused by: org.openqa.selenium.WebDriverException: disconnected: Unable to receive message from renderer
  (failed to check if window was closed: disconnected: not connected to DevTools)
  (Session info: chrome=125.0.6422.112)
Build info: version: '3.141.59', revision: 'e82be7d358', time: '2018-11-14T08:25:53'
System info: host: 'DESKTOP-QSIPVT9', ip: '192.168.1.8', os.name: 'Windows 11', os.arch: 'amd64', os.version: '10.0', java.version: '17.0.7'
Driver info: com.kms.katalon.selenium.driver.CChromeDriver
Capabilities {acceptInsecureCerts: false, browserName: chrome, browserVersion: 125.0.6422.112, chrome: {chromedriverVersion: 125.0.6422.78 (14db42ec38ad..., userDataDir: C:\Users\ToanLa\AppData\Loc...}, fedcm:accounts: true, goog:chromeOptions: {debuggerAddress: localhost:53501}, javascriptEnabled: true, networkConnectionEnabled: false, pageLoadStrategy: normal, platform: WINDOWS, platformName: WINDOWS, proxy: Proxy(), setWindowRect: true, strictFileInteractability: false, timeouts: {implicit: 0, pageLoad: 300000, script: 30000}, unhandledPromptBehavior: dismiss and notify, webauthn:extension:credBlob: true, webauthn:extension:largeBlob: true, webauthn:extension:minPinLength: true, webauthn:extension:prf: true, webauthn:virtualAuthenticators: true}
Session ID: 2a1bc81ae6c73221fc57091b0a1d9d28
	at java.base/jdk.internal.reflect.NativeConstructorAccessorImpl.newInstance0(Native Method)
	at java.base/jdk.internal.reflect.NativeConstructorAccessorImpl.newInstance(NativeConstructorAccessorImpl.java:77)
	at java.base/jdk.internal.reflect.DelegatingConstructorAccessorImpl.newInstance(DelegatingConstructorAccessorImpl.java:45)
	at org.openqa.selenium.remote.http.W3CHttpResponseCodec.createException(W3CHttpResponseCodec.java:187)
	at org.openqa.selenium.remote.http.W3CHttpResponseCodec.decode(W3CHttpResponseCodec.java:122)
	at org.openqa.selenium.remote.http.W3CHttpResponseCodec.decode(W3CHttpResponseCodec.java:49)
	at org.openqa.selenium.remote.HttpCommandExecutor.execute(HttpCommandExecutor.java:158)
	at org.openqa.selenium.remote.service.DriverCommandExecutor.execute(DriverCommandExecutor.java:83)
	at org.openqa.selenium.remote.RemoteWebDriver.execute(RemoteWebDriver.java:552)
	at com.kms.katalon.selenium.driver.CChromeDriver.execute(CChromeDriver.java:19)
	at org.openqa.selenium.remote.RemoteWebDriver.get(RemoteWebDriver.java:277)
	at org.openqa.selenium.remote.RemoteWebDriver$RemoteNavigation.to(RemoteWebDriver.java:857)
	at org.openqa.selenium.support.events.EventFiringWebDriver$EventFiringNavigation.to(EventFiringWebDriver.java:569)
	at com.kms.katalon.core.webui.keyword.builtin.NavigateToUrlKeyword$_navigateToUrl_closure1.doCall(NavigateToUrlKeyword.groovy:81)
	at com.kms.katalon.core.webui.keyword.builtin.NavigateToUrlKeyword$_navigateToUrl_closure1.call(NavigateToUrlKeyword.groovy)
	at com.kms.katalon.core.webui.keyword.internal.WebUIKeywordMain.runKeyword(WebUIKeywordMain.groovy:20)
	... 20 more]]></system-out>
      <system-err><![CDATA[28-05-2024T21:48:05 - [TEST_SUITE][FAILED] - check-nav-suites: Test Cases/Sutrix/check-footer FAILED.
Reason:
com.kms.katalon.core.exception.StepFailedException: Unable to navigate to 'https://sutrixgroup.com/en/'
	at com.kms.katalon.core.webui.keyword.internal.WebUIKeywordMain.stepFailed(WebUIKeywordMain.groovy:64)
	at com.kms.katalon.core.webui.keyword.internal.WebUIKeywordMain.runKeyword(WebUIKeywordMain.groovy:26)
	at com.kms.katalon.core.webui.keyword.builtin.NavigateToUrlKeyword.navigateToUrl(NavigateToUrlKeyword.groovy:83)
	at com.kms.katalon.core.webui.keyword.builtin.NavigateToUrlKeyword.execute(NavigateToUrlKeyword.groovy:67)
	at com.kms.katalon.core.keyword.internal.KeywordExecutor.executeKeywordForPlatform(KeywordExecutor.groovy:74)
	at com.kms.katalon.core.webui.keyword.WebUiBuiltInKeywords.navigateToUrl(WebUiBuiltInKeywords.groovy:187)
	at check-footer.run(check-footer:22)
	at com.kms.katalon.core.main.ScriptEngine.run(ScriptEngine.java:194)
	at com.kms.katalon.core.main.ScriptEngine.runScriptAsRawText(ScriptEngine.java:119)
	at com.kms.katalon.core.main.TestCaseExecutor.runScript(TestCaseExecutor.java:448)
	at com.kms.katalon.core.main.TestCaseExecutor.doExecute(TestCaseExecutor.java:439)
	at com.kms.katalon.core.main.TestCaseExecutor.processExecutionPhase(TestCaseExecutor.java:418)
	at com.kms.katalon.core.main.TestCaseExecutor.accessMainPhase(TestCaseExecutor.java:410)
	at com.kms.katalon.core.main.TestCaseExecutor.execute(TestCaseExecutor.java:285)
	at com.kms.katalon.core.common.CommonExecutor.accessTestCaseMainPhase(CommonExecutor.java:65)
	at com.kms.katalon.core.main.TestSuiteExecutor.accessTestSuiteMainPhase(TestSuiteExecutor.java:150)
	at com.kms.katalon.core.main.TestSuiteExecutor.execute(TestSuiteExecutor.java:106)
	at com.kms.katalon.core.main.TestCaseMain.startTestSuite(TestCaseMain.java:180)
	at TempTestSuite1716907369121.run(TempTestSuite1716907369121.groovy:35)
	at java.base/jdk.internal.reflect.NativeMethodAccessorImpl.invoke0(Native Method)
	at java.base/jdk.internal.reflect.NativeMethodAccessorImpl.invoke(NativeMethodAccessorImpl.java:77)
	at java.base/jdk.internal.reflect.DelegatingMethodAccessorImpl.invoke(DelegatingMethodAccessorImpl.java:43)
Caused by: org.openqa.selenium.WebDriverException: disconnected: Unable to receive message from renderer
  (failed to check if window was closed: disconnected: not connected to DevTools)
  (Session info: chrome=125.0.6422.112)
Build info: version: '3.141.59', revision: 'e82be7d358', time: '2018-11-14T08:25:53'
System info: host: 'DESKTOP-QSIPVT9', ip: '192.168.1.8', os.name: 'Windows 11', os.arch: 'amd64', os.version: '10.0', java.version: '17.0.7'
Driver info: com.kms.katalon.selenium.driver.CChromeDriver
Capabilities {acceptInsecureCerts: false, browserName: chrome, browserVersion: 125.0.6422.112, chrome: {chromedriverVersion: 125.0.6422.78 (14db42ec38ad..., userDataDir: C:\Users\ToanLa\AppData\Loc...}, fedcm:accounts: true, goog:chromeOptions: {debuggerAddress: localhost:53501}, javascriptEnabled: true, networkConnectionEnabled: false, pageLoadStrategy: normal, platform: WINDOWS, platformName: WINDOWS, proxy: Proxy(), setWindowRect: true, strictFileInteractability: false, timeouts: {implicit: 0, pageLoad: 300000, script: 30000}, unhandledPromptBehavior: dismiss and notify, webauthn:extension:credBlob: true, webauthn:extension:largeBlob: true, webauthn:extension:minPinLength: true, webauthn:extension:prf: true, webauthn:virtualAuthenticators: true}
Session ID: 2a1bc81ae6c73221fc57091b0a1d9d28
	at java.base/jdk.internal.reflect.NativeConstructorAccessorImpl.newInstance0(Native Method)
	at java.base/jdk.internal.reflect.NativeConstructorAccessorImpl.newInstance(NativeConstructorAccessorImpl.java:77)
	at java.base/jdk.internal.reflect.DelegatingConstructorAccessorImpl.newInstance(DelegatingConstructorAccessorImpl.java:45)
	at org.openqa.selenium.remote.http.W3CHttpResponseCodec.createException(W3CHttpResponseCodec.java:187)
	at org.openqa.selenium.remote.http.W3CHttpResponseCodec.decode(W3CHttpResponseCodec.java:122)
	at org.openqa.selenium.remote.http.W3CHttpResponseCodec.decode(W3CHttpResponseCodec.java:49)
	at org.openqa.selenium.remote.HttpCommandExecutor.execute(HttpCommandExecutor.java:158)
	at org.openqa.selenium.remote.service.DriverCommandExecutor.execute(DriverCommandExecutor.java:83)
	at org.openqa.selenium.remote.RemoteWebDriver.execute(RemoteWebDriver.java:552)
	at com.kms.katalon.selenium.driver.CChromeDriver.execute(CChromeDriver.java:19)
	at org.openqa.selenium.remote.RemoteWebDriver.get(RemoteWebDriver.java:277)
	at org.openqa.selenium.remote.RemoteWebDriver$RemoteNavigation.to(RemoteWebDriver.java:857)
	at org.openqa.selenium.support.events.EventFiringWebDriver$EventFiringNavigation.to(EventFiringWebDriver.java:569)
	at com.kms.katalon.core.webui.keyword.builtin.NavigateToUrlKeyword$_navigateToUrl_closure1.doCall(NavigateToUrlKeyword.groovy:81)
	at com.kms.katalon.core.webui.keyword.builtin.NavigateToUrlKeyword$_navigateToUrl_closure1.call(NavigateToUrlKeyword.groovy)
	at com.kms.katalon.core.webui.keyword.internal.WebUIKeywordMain.runKeyword(WebUIKeywordMain.groovy:20)
	... 20 more]]></system-err>
   </testsuite>
</testsuites>
