<?xml version="1.0" encoding="UTF-8"?>
<testsuites name="check-menu" time="25.672" tests="1" failures="0" errors="0">
   <testsuite name="check-menu" tests="1" failures="0" errors="0" time="25.672" skipped="0" timestamp="28-05-2024T21:46:41" hostname="ToanLa - DESKTOP-QSIPVT9" id="Test Suites/KMS/check-menu">
      <properties>
         <property name="deviceName" value=""/>
         <property name="devicePlatform" value=""/>
         <property name="logFolder" value="C:\\Users\\ToanLa\\git\\katalon\\Reports\\20240528_214204\\KMS\\check-menu\\20240528_214243"/>
         <property name="logFiles" value="C:\\Users\\ToanLa\\git\\katalon\\Reports\\20240528_214204\\KMS\\check-menu\\20240528_214243\\execution0.log"/>
         <property name="attachments" value=""/>
         <property name="hostName" value="ToanLa - DESKTOP-QSIPVT9"/>
         <property name="os" value="Windows 11 64bit"/>
         <property name="katalonVersion" value="9.4.0.212"/>
         <property name="browser" value="Chrome 125.0.0.0"/>
         <property name="hostAddress" value="192.168.1.8"/>
         <property name="sessionId" value="9bd48d5dc52384d248655adb4fe3610d"/>
         <property name="seleniumVersion" value="3.141.59"/>
         <property name="proxyInformation" value="ProxyInformation { proxyOption=NO_PROXY, proxyServerType=HTTP, username=, password=********, proxyServerAddress=, proxyServerPort=0, executionList=&quot;&quot;, isApplyToDesiredCapabilities=true }"/>
         <property name="platform" value="Windows 11"/>
      </properties>
      <testcase name="Test Cases/KMS/KMS-Check-Global-Nav" time="25.054" classname="Test Cases/KMS/KMS-Check-Global-Nav" status="PASSED">
         <system-out><![CDATA[28-05-2024T21:46:41 - [TEST_CASE][PASSED] - Test Cases/KMS/KMS-Check-Global-Nav: Test Cases/KMS/KMS-Check-Global-Nav

28-05-2024T21:46:42 - [TEST_STEP][PASSED] - openBrowser(""): Browser is opened with url: ''

28-05-2024T21:46:43 - [MESSAGE][INFO] - Starting 'Chrome' driver

28-05-2024T21:46:44 - [MESSAGE][INFO] - Action delay is set to 0 milliseconds

28-05-2024T21:46:48 - [MESSAGE][PASSED] - Browser is opened with url: ''

28-05-2024T21:46:48 - [TEST_STEP][PASSED] - navigateToUrl("https://kms-technology.com/"): Navigate to 'https://kms-technology.com/' successfully

28-05-2024T21:46:49 - [MESSAGE][PASSED] - Navigate to 'https://kms-technology.com/' successfully

28-05-2024T21:46:49 - [TEST_STEP][PASSED] - verifyElementVisible(findTestObject("Object Repository/KMS/Page_Custom Software Development  Consultin_0ef814/ul_ServicesSoftware EngineeringData Service_bfb282")): Object 'Object Repository/KMS/Page_Custom Software Development  Consultin_0ef814/ul_ServicesSoftware EngineeringData Service_bfb282' is visible

28-05-2024T21:47:05 - [MESSAGE][PASSED] - Object 'Object Repository/KMS/Page_Custom Software Development  Consultin_0ef814/ul_ServicesSoftware EngineeringData Service_bfb282' is visible

28-05-2024T21:47:05 - [TEST_STEP][PASSED] - closeBrowser(): Browser is closed

28-05-2024T21:47:06 - [MESSAGE][PASSED] - Browser is closed]]></system-out>
         <system-err><![CDATA[]]></system-err>
      </testcase>
      <system-out><![CDATA[28-05-2024T21:46:41 - [TEST_SUITE][PASSED] - check-menu: Test Cases/KMS/KMS-Check-Global-Nav]]></system-out>
      <system-err><![CDATA[]]></system-err>
   </testsuite>
</testsuites>
