<?xml version="1.0" encoding="UTF-8"?>
<testsuites name="Verify_Footer" time="78.626" tests="4" failures="0" errors="0">
   <testsuite name="Verify_Footer" tests="4" failures="0" errors="0" time="78.626" skipped="0" timestamp="28-05-2024T21:43:22" hostname="ToanLa - DESKTOP-QSIPVT9" id="Test Suites/CURA Healthcare/Verify_Footer">
      <properties>
         <property name="deviceName" value=""/>
         <property name="devicePlatform" value=""/>
         <property name="logFolder" value="C:\\Users\\ToanLa\\git\\katalon\\Reports\\20240528_214204\\CURA Healthcare\\Verify_Footer\\20240528_214213"/>
         <property name="logFiles" value="C:\\Users\\ToanLa\\git\\katalon\\Reports\\20240528_214204\\CURA Healthcare\\Verify_Footer\\20240528_214213\\execution0.log"/>
         <property name="attachments" value=""/>
         <property name="hostName" value="ToanLa - DESKTOP-QSIPVT9"/>
         <property name="os" value="Windows 11 64bit"/>
         <property name="katalonVersion" value="9.4.0.212"/>
         <property name="browser" value="Chrome 125.0.0.0"/>
         <property name="hostAddress" value="192.168.1.8"/>
         <property name="sessionId" value="1fe3df64bacd23e1c94d80f7eee1db37"/>
         <property name="seleniumVersion" value="3.141.59"/>
         <property name="proxyInformation" value="ProxyInformation { proxyOption=NO_PROXY, proxyServerType=HTTP, username=, password=********, proxyServerAddress=, proxyServerPort=0, executionList=&quot;&quot;, isApplyToDesiredCapabilities=true }"/>
         <property name="platform" value="Windows 11"/>
      </properties>
      <testcase name="Test Cases/CURA Healthcare/Verify_Footer_Copyright" time="21.745" classname="Test Cases/CURA Healthcare/Verify_Footer_Copyright" status="PASSED">
         <system-out><![CDATA[28-05-2024T21:43:23 - [TEST_CASE][PASSED] - Test Cases/CURA Healthcare/Verify_Footer_Copyright: Test Cases/CURA Healthcare/Verify_Footer_Copyright

28-05-2024T21:43:24 - [TEST_STEP][PASSED] - openBrowser(""): Browser is opened with url: ''

28-05-2024T21:43:25 - [MESSAGE][INFO] - Starting 'Chrome' driver

28-05-2024T21:43:25 - [MESSAGE][INFO] - Action delay is set to 0 milliseconds

28-05-2024T21:43:29 - [MESSAGE][PASSED] - Browser is opened with url: ''

28-05-2024T21:43:29 - [TEST_STEP][PASSED] - navigateToUrl("https://katalon-demo-cura.herokuapp.com/"): Navigate to 'https://katalon-demo-cura.herokuapp.com/' successfully

28-05-2024T21:43:43 - [MESSAGE][PASSED] - Navigate to 'https://katalon-demo-cura.herokuapp.com/' successfully

28-05-2024T21:43:43 - [TEST_STEP][PASSED] - verifyElementPresent(findTestObject("Page_CURA Healthcare Service/p_Copyright  CURA Healthcare Service 2024"), 0): Object 'Object Repository/Page_CURA Healthcare Service/p_Copyright  CURA Healthcare Service 2024' is present

28-05-2024T21:43:44 - [MESSAGE][WARNING] - Timeout '0' is invalid. Using default page load timeout: '30'

28-05-2024T21:43:44 - [MESSAGE][PASSED] - Object 'Object Repository/Page_CURA Healthcare Service/p_Copyright  CURA Healthcare Service 2024' is present

28-05-2024T21:43:44 - [TEST_STEP][PASSED] - closeBrowser(): Browser is closed

28-05-2024T21:43:44 - [MESSAGE][PASSED] - Browser is closed]]></system-out>
         <system-err><![CDATA[]]></system-err>
      </testcase>
      <testcase name="Test Cases/CURA Healthcare/Verify_Footer_Email" time="12.757" classname="Test Cases/CURA Healthcare/Verify_Footer_Email" status="PASSED">
         <system-out><![CDATA[28-05-2024T21:43:45 - [TEST_CASE][PASSED] - Test Cases/CURA Healthcare/Verify_Footer_Email: Test Cases/CURA Healthcare/Verify_Footer_Email

28-05-2024T21:43:45 - [TEST_STEP][PASSED] - openBrowser(""): Browser is opened with url: ''

28-05-2024T21:43:45 - [MESSAGE][INFO] - Starting 'Chrome' driver

28-05-2024T21:43:45 - [MESSAGE][INFO] - Action delay is set to 0 milliseconds

28-05-2024T21:43:46 - [MESSAGE][PASSED] - Browser is opened with url: ''

28-05-2024T21:43:46 - [TEST_STEP][PASSED] - navigateToUrl("https://katalon-demo-cura.herokuapp.com/"): Navigate to 'https://katalon-demo-cura.herokuapp.com/' successfully

28-05-2024T21:43:55 - [MESSAGE][PASSED] - Navigate to 'https://katalon-demo-cura.herokuapp.com/' successfully

28-05-2024T21:43:55 - [TEST_STEP][PASSED] - verifyElementPresent(findTestObject("Page_CURA Healthcare Service/a_infokatalon.com"), 0): Object 'Object Repository/Page_CURA Healthcare Service/a_infokatalon.com' is present

28-05-2024T21:43:56 - [MESSAGE][WARNING] - Timeout '0' is invalid. Using default page load timeout: '30'

28-05-2024T21:43:56 - [MESSAGE][PASSED] - Object 'Object Repository/Page_CURA Healthcare Service/a_infokatalon.com' is present

28-05-2024T21:43:56 - [TEST_STEP][PASSED] - closeBrowser(): Browser is closed

28-05-2024T21:43:57 - [MESSAGE][PASSED] - Browser is closed]]></system-out>
         <system-err><![CDATA[]]></system-err>
      </testcase>
      <testcase name="Test Cases/CURA Healthcare/Verify_Phone_Number" time="36.259" classname="Test Cases/CURA Healthcare/Verify_Phone_Number" status="PASSED">
         <system-out><![CDATA[28-05-2024T21:43:57 - [TEST_CASE][PASSED] - Test Cases/CURA Healthcare/Verify_Phone_Number: Test Cases/CURA Healthcare/Verify_Phone_Number

28-05-2024T21:43:58 - [TEST_STEP][PASSED] - openBrowser(""): Browser is opened with url: ''

28-05-2024T21:43:58 - [MESSAGE][INFO] - Starting 'Chrome' driver

28-05-2024T21:43:58 - [MESSAGE][INFO] - Action delay is set to 0 milliseconds

28-05-2024T21:44:00 - [MESSAGE][PASSED] - Browser is opened with url: ''

28-05-2024T21:44:00 - [TEST_STEP][PASSED] - navigateToUrl("https://katalon-demo-cura.herokuapp.com/"): Navigate to 'https://katalon-demo-cura.herokuapp.com/' successfully

28-05-2024T21:44:01 - [MESSAGE][PASSED] - Navigate to 'https://katalon-demo-cura.herokuapp.com/' successfully

28-05-2024T21:44:01 - [TEST_STEP][PASSED] - verifyElementText(findTestObject("Object Repository/Page_CURA Healthcare Service/li_(678) 813-1KMS"), "(678) 813-1KMS"): Actual text and expected text of test object 'Object Repository/Page_CURA Healthcare Service/li_(678) 813-1KMS' are matched.

28-05-2024T21:44:33 - [MESSAGE][INFO] - Unable to find the element located by 'By.xpath: //*[(text() = '(678) 813-1KMS' or . = '(678) 813-1KMS')]'. Please recheck the objects properties to make sure the desired element is located. 

28-05-2024T21:44:33 - [MESSAGE][WARNING] - [SELF-HEALING] Failed to find element with id 'Object Repository/Page_CURA Healthcare Service/li_(678) 813-1KMS'. Try using Self-healing.

28-05-2024T21:44:33 - [MESSAGE][WARNING] - [SELF-HEALING] The current locator of test object 'Object Repository/Page_CURA Healthcare Service/li_(678) 813-1KMS' was broken. Propose an alternative one: '(.//*[normalize-space(text()) and normalize-space(.)='CURA Healthcare Service'])[3]/following::li[1]'.

28-05-2024T21:44:33 - [MESSAGE][WARNING] - [SELF-HEALING] Cannot save screenshot to: C:\Users\ToanLa\git\katalon\Reports\20240528_214204\CURA Healthcare\Verify_Footer\20240528_214213, reason: Source 'C:\Users\ToanLa\git\katalon\Reports\Self-healing\Object Repository\Page_CURA Healthcare Service\li_(678) 813-1KMS_XPATH.png' does not exist.

28-05-2024T21:44:33 - [MESSAGE][PASSED] - Actual text and expected text of test object 'Object Repository/Page_CURA Healthcare Service/li_(678) 813-1KMS' are matched.

28-05-2024T21:44:33 - [TEST_STEP][PASSED] - closeBrowser(): Browser is closed

28-05-2024T21:44:34 - [MESSAGE][PASSED] - Browser is closed]]></system-out>
         <system-err><![CDATA[]]></system-err>
      </testcase>
      <testcase name="Test Cases/CURA Healthcare/Verify_Address" time="7.093" classname="Test Cases/CURA Healthcare/Verify_Address" status="PASSED">
         <system-out><![CDATA[28-05-2024T21:44:34 - [TEST_CASE][PASSED] - Test Cases/CURA Healthcare/Verify_Address: Test Cases/CURA Healthcare/Verify_Address

28-05-2024T21:44:34 - [TEST_STEP][PASSED] - openBrowser(""): Browser is opened with url: ''

28-05-2024T21:44:34 - [MESSAGE][INFO] - Starting 'Chrome' driver

28-05-2024T21:44:34 - [MESSAGE][INFO] - Action delay is set to 0 milliseconds

28-05-2024T21:44:36 - [MESSAGE][PASSED] - Browser is opened with url: ''

28-05-2024T21:44:36 - [TEST_STEP][PASSED] - navigateToUrl("https://katalon-demo-cura.herokuapp.com/"): Navigate to 'https://katalon-demo-cura.herokuapp.com/' successfully

28-05-2024T21:44:37 - [MESSAGE][PASSED] - Navigate to 'https://katalon-demo-cura.herokuapp.com/' successfully

28-05-2024T21:44:37 - [TEST_STEP][PASSED] - verifyElementVisible(findTestObject("Object Repository/Page_CURA Healthcare Service/p_Atlanta 550 Pharr Road NE Suite 525Atlant_8f4c85")): Object 'Object Repository/Page_CURA Healthcare Service/p_Atlanta 550 Pharr Road NE Suite 525Atlant_8f4c85' is visible

28-05-2024T21:44:40 - [MESSAGE][PASSED] - Object 'Object Repository/Page_CURA Healthcare Service/p_Atlanta 550 Pharr Road NE Suite 525Atlant_8f4c85' is visible

28-05-2024T21:44:40 - [TEST_STEP][PASSED] - closeBrowser(): Browser is closed

28-05-2024T21:44:41 - [MESSAGE][PASSED] - Browser is closed]]></system-out>
         <system-err><![CDATA[]]></system-err>
      </testcase>
      <system-out><![CDATA[28-05-2024T21:43:22 - [TEST_SUITE][PASSED] - Verify_Footer: Test Cases/CURA Healthcare/Verify_Address]]></system-out>
      <system-err><![CDATA[]]></system-err>
   </testsuite>
</testsuites>
