<?xml version="1.0" encoding="UTF-8"?>
<testsuites name="Verify_Home_Page_Funcitonality" time="29.262" tests="5" failures="0" errors="0">
   <testsuite name="Verify_Clickable_Bottom_To_Top" tests="2" failures="0" errors="0" time="10.85" skipped="0" timestamp="27-05-2024T22:23:57" hostname="ToanLa - DESKTOP-QSIPVT9" id="Test Suites/CURA Healthcare/Verify_Clickable_Bottom_To_Top">
      <properties>
         <property name="deviceName" value=""/>
         <property name="devicePlatform" value=""/>
         <property name="logFolder" value="C:\\Users\\ToanLa\\git\\katalon\\Reports\\20240527_222345\\CURA Healthcare\\Verify_Clickable_Bottom_To_Top\\20240527_222346"/>
         <property name="logFiles" value="C:\\Users\\ToanLa\\git\\katalon\\Reports\\20240527_222345\\CURA Healthcare\\Verify_Clickable_Bottom_To_Top\\20240527_222346\\execution0.log"/>
         <property name="attachments" value=""/>
         <property name="hostName" value="ToanLa - DESKTOP-QSIPVT9"/>
         <property name="os" value="Windows 11 64bit"/>
         <property name="katalonVersion" value="9.4.0.212"/>
         <property name="browser" value="Chrome 125.0.0.0"/>
         <property name="hostAddress" value="192.168.1.10"/>
         <property name="sessionId" value="2e4039d49be9ae601eb2ebc91560ab4e"/>
         <property name="seleniumVersion" value="3.141.59"/>
         <property name="proxyInformation" value="ProxyInformation { proxyOption=NO_PROXY, proxyServerType=HTTP, username=, password=********, proxyServerAddress=, proxyServerPort=0, executionList=&quot;&quot;, isApplyToDesiredCapabilities=true }"/>
         <property name="platform" value="Windows 11"/>
      </properties>
      <testcase name="Test Cases/CURA Healthcare/Verify_Clickable_To_Top_Button" time="6.455" classname="Test Cases/CURA Healthcare/Verify_Clickable_To_Top_Button" status="PASSED">
         <system-out><![CDATA[27-05-2024T22:23:58 - [TEST_CASE][PASSED] - Test Cases/CURA Healthcare/Verify_Clickable_To_Top_Button: Test Cases/CURA Healthcare/Verify_Clickable_To_Top_Button

27-05-2024T22:23:58 - [TEST_STEP][PASSED] - openBrowser(""): Browser is opened with url: ''

27-05-2024T22:23:59 - [MESSAGE][INFO] - Starting 'Chrome' driver

27-05-2024T22:23:59 - [MESSAGE][INFO] - Action delay is set to 0 milliseconds

27-05-2024T22:24:00 - [MESSAGE][PASSED] - Browser is opened with url: ''

27-05-2024T22:24:00 - [TEST_STEP][PASSED] - navigateToUrl("https://katalon-demo-cura.herokuapp.com/"): Navigate to 'https://katalon-demo-cura.herokuapp.com/' successfully

27-05-2024T22:24:03 - [MESSAGE][PASSED] - Navigate to 'https://katalon-demo-cura.herokuapp.com/' successfully

27-05-2024T22:24:03 - [TEST_STEP][PASSED] - scrollToElement(findTestObject("Object Repository/Page_CURA Healthcare Service/p_Copyright  CURA Healthcare Service 2024"), 0): Scroll to object 'Object Repository/Page_CURA Healthcare Service/p_Copyright  CURA Healthcare Service 2024' successfully

27-05-2024T22:24:03 - [MESSAGE][WARNING] - Timeout '0' is invalid. Using default page load timeout: '30'

27-05-2024T22:24:04 - [MESSAGE][PASSED] - Scroll to object 'Object Repository/Page_CURA Healthcare Service/p_Copyright  CURA Healthcare Service 2024' successfully

27-05-2024T22:24:04 - [TEST_STEP][PASSED] - closeBrowser(): Browser is closed

27-05-2024T22:24:04 - [MESSAGE][PASSED] - Browser is closed]]></system-out>
         <system-err><![CDATA[]]></system-err>
      </testcase>
      <testcase name="Test Cases/CURA Healthcare/Verify_Click_To_Top_Botton" time="4.168" classname="Test Cases/CURA Healthcare/Verify_Click_To_Top_Botton" status="PASSED">
         <system-out><![CDATA[27-05-2024T22:24:04 - [TEST_CASE][PASSED] - Test Cases/CURA Healthcare/Verify_Click_To_Top_Botton: Test Cases/CURA Healthcare/Verify_Click_To_Top_Botton

27-05-2024T22:24:04 - [TEST_STEP][PASSED] - openBrowser(""): Browser is opened with url: ''

27-05-2024T22:24:04 - [MESSAGE][INFO] - Starting 'Chrome' driver

27-05-2024T22:24:04 - [MESSAGE][INFO] - Action delay is set to 0 milliseconds

27-05-2024T22:24:05 - [MESSAGE][PASSED] - Browser is opened with url: ''

27-05-2024T22:24:05 - [TEST_STEP][PASSED] - navigateToUrl("https://katalon-demo-cura.herokuapp.com/"): Navigate to 'https://katalon-demo-cura.herokuapp.com/' successfully

27-05-2024T22:24:08 - [MESSAGE][PASSED] - Navigate to 'https://katalon-demo-cura.herokuapp.com/' successfully

27-05-2024T22:24:08 - [TEST_STEP][PASSED] - scrollToElement(findTestObject("Object Repository/Page_CURA Healthcare Service/p_Copyright  CURA Healthcare Service 2024"), 0): Scroll to object 'Object Repository/Page_CURA Healthcare Service/p_Copyright  CURA Healthcare Service 2024' successfully

27-05-2024T22:24:08 - [MESSAGE][WARNING] - Timeout '0' is invalid. Using default page load timeout: '30'

27-05-2024T22:24:08 - [MESSAGE][PASSED] - Scroll to object 'Object Repository/Page_CURA Healthcare Service/p_Copyright  CURA Healthcare Service 2024' successfully

27-05-2024T22:24:08 - [TEST_STEP][PASSED] - closeBrowser(): Browser is closed

27-05-2024T22:24:08 - [MESSAGE][PASSED] - Browser is closed]]></system-out>
         <system-err><![CDATA[]]></system-err>
      </testcase>
      <system-out><![CDATA[27-05-2024T22:23:57 - [TEST_SUITE][PASSED] - Verify_Clickable_Bottom_To_Top: Test Cases/CURA Healthcare/Verify_Click_To_Top_Botton]]></system-out>
      <system-err><![CDATA[]]></system-err>
   </testsuite>
   <testsuite name="Verify_Toogle_Menu_Bar" tests="3" failures="0" errors="0" time="18.187" skipped="0" timestamp="27-05-2024T22:24:01" hostname="ToanLa - DESKTOP-QSIPVT9" id="Test Suites/CURA Healthcare/Verify_Toogle_Menu_Bar">
      <properties>
         <property name="deviceName" value=""/>
         <property name="devicePlatform" value=""/>
         <property name="logFolder" value="C:\\Users\\ToanLa\\git\\katalon\\Reports\\20240527_222345\\CURA Healthcare\\Verify_Toogle_Menu_Bar\\20240527_222348"/>
         <property name="logFiles" value="C:\\Users\\ToanLa\\git\\katalon\\Reports\\20240527_222345\\CURA Healthcare\\Verify_Toogle_Menu_Bar\\20240527_222348\\execution0.log"/>
         <property name="attachments" value=""/>
         <property name="hostName" value="ToanLa - DESKTOP-QSIPVT9"/>
         <property name="os" value="Windows 11 64bit"/>
         <property name="katalonVersion" value="9.4.0.212"/>
         <property name="browser" value="Chrome 125.0.0.0"/>
         <property name="hostAddress" value="192.168.1.10"/>
         <property name="sessionId" value="dcf787ca5838efbdb233a79519fca62e"/>
         <property name="seleniumVersion" value="3.141.59"/>
         <property name="proxyInformation" value="ProxyInformation { proxyOption=NO_PROXY, proxyServerType=HTTP, username=, password=********, proxyServerAddress=, proxyServerPort=0, executionList=&quot;&quot;, isApplyToDesiredCapabilities=true }"/>
         <property name="platform" value="Windows 11"/>
      </properties>
      <testcase name="Test Cases/CURA Healthcare/Verify_Toogle_Menu_Items" time="8.03" classname="Test Cases/CURA Healthcare/Verify_Toogle_Menu_Items" status="PASSED">
         <system-out><![CDATA[27-05-2024T22:24:02 - [TEST_CASE][PASSED] - Test Cases/CURA Healthcare/Verify_Toogle_Menu_Items: Test Cases/CURA Healthcare/Verify_Toogle_Menu_Items

27-05-2024T22:24:02 - [TEST_STEP][PASSED] - openBrowser(""): Browser is opened with url: ''

27-05-2024T22:24:03 - [MESSAGE][INFO] - Starting 'Chrome' driver

27-05-2024T22:24:03 - [MESSAGE][INFO] - Action delay is set to 0 milliseconds

27-05-2024T22:24:04 - [MESSAGE][PASSED] - Browser is opened with url: ''

27-05-2024T22:24:04 - [TEST_STEP][PASSED] - navigateToUrl("https://katalon-demo-cura.herokuapp.com/"): Navigate to 'https://katalon-demo-cura.herokuapp.com/' successfully

27-05-2024T22:24:08 - [MESSAGE][PASSED] - Navigate to 'https://katalon-demo-cura.herokuapp.com/' successfully

27-05-2024T22:24:08 - [TEST_STEP][PASSED] - click(findTestObject("Object Repository/Page_CURA Healthcare Service/a_CURA Healthcare_menu-toggle")): Object: 'Object Repository/Page_CURA Healthcare Service/a_CURA Healthcare_menu-toggle' is clicked on

27-05-2024T22:24:08 - [MESSAGE][PASSED] - Object: 'Object Repository/Page_CURA Healthcare Service/a_CURA Healthcare_menu-toggle' is clicked on

27-05-2024T22:24:08 - [TEST_STEP][PASSED] - verifyElementText(findTestObject("Object Repository/Page_CURA Healthcare Service/a_CURA Healthcare"), "CURA Healthcare"): Actual text and expected text of test object 'Object Repository/Page_CURA Healthcare Service/a_CURA Healthcare' are matched.

27-05-2024T22:24:09 - [MESSAGE][PASSED] - Actual text and expected text of test object 'Object Repository/Page_CURA Healthcare Service/a_CURA Healthcare' are matched.

27-05-2024T22:24:09 - [TEST_STEP][PASSED] - verifyElementText(findTestObject("Object Repository/Page_CURA Healthcare Service/a_Home"), "Home"): Actual text and expected text of test object 'Object Repository/Page_CURA Healthcare Service/a_Home' are matched.

27-05-2024T22:24:09 - [MESSAGE][PASSED] - Actual text and expected text of test object 'Object Repository/Page_CURA Healthcare Service/a_Home' are matched.

27-05-2024T22:24:09 - [TEST_STEP][PASSED] - verifyElementText(findTestObject("Object Repository/Page_CURA Healthcare Service/a_Login"), "Login"): Actual text and expected text of test object 'Object Repository/Page_CURA Healthcare Service/a_Login' are matched.

27-05-2024T22:24:10 - [MESSAGE][PASSED] - Actual text and expected text of test object 'Object Repository/Page_CURA Healthcare Service/a_Login' are matched.

27-05-2024T22:24:10 - [TEST_STEP][PASSED] - closeBrowser(): Browser is closed

27-05-2024T22:24:10 - [MESSAGE][PASSED] - Browser is closed]]></system-out>
         <system-err><![CDATA[]]></system-err>
      </testcase>
      <testcase name="Test Cases/CURA Healthcare/Verify_Toggle_Menu" time="4.93" classname="Test Cases/CURA Healthcare/Verify_Toggle_Menu" status="PASSED">
         <system-out><![CDATA[27-05-2024T22:24:10 - [TEST_CASE][PASSED] - Test Cases/CURA Healthcare/Verify_Toggle_Menu: Test Cases/CURA Healthcare/Verify_Toggle_Menu

27-05-2024T22:24:10 - [TEST_STEP][PASSED] - openBrowser(""): Browser is opened with url: ''

27-05-2024T22:24:10 - [MESSAGE][INFO] - Starting 'Chrome' driver

27-05-2024T22:24:10 - [MESSAGE][INFO] - Action delay is set to 0 milliseconds

27-05-2024T22:24:11 - [MESSAGE][PASSED] - Browser is opened with url: ''

27-05-2024T22:24:11 - [TEST_STEP][PASSED] - navigateToUrl("https://katalon-demo-cura.herokuapp.com/"): Navigate to 'https://katalon-demo-cura.herokuapp.com/' successfully

27-05-2024T22:24:14 - [MESSAGE][PASSED] - Navigate to 'https://katalon-demo-cura.herokuapp.com/' successfully

27-05-2024T22:24:14 - [TEST_STEP][PASSED] - verifyElementVisible(findTestObject("Object Repository/Page_CURA Healthcare Service/a_CURA Healthcare_menu-toggle")): Object 'Object Repository/Page_CURA Healthcare Service/a_CURA Healthcare_menu-toggle' is visible

27-05-2024T22:24:15 - [MESSAGE][PASSED] - Object 'Object Repository/Page_CURA Healthcare Service/a_CURA Healthcare_menu-toggle' is visible

27-05-2024T22:24:15 - [TEST_STEP][PASSED] - closeBrowser(): Browser is closed

27-05-2024T22:24:15 - [MESSAGE][PASSED] - Browser is closed]]></system-out>
         <system-err><![CDATA[]]></system-err>
      </testcase>
      <testcase name="Test Cases/CURA Healthcare/Verify_Clickable_Toggle_Menu" time="4.96" classname="Test Cases/CURA Healthcare/Verify_Clickable_Toggle_Menu" status="PASSED">
         <system-out><![CDATA[27-05-2024T22:24:15 - [TEST_CASE][PASSED] - Test Cases/CURA Healthcare/Verify_Clickable_Toggle_Menu: Test Cases/CURA Healthcare/Verify_Clickable_Toggle_Menu

27-05-2024T22:24:15 - [TEST_STEP][PASSED] - openBrowser(""): Browser is opened with url: ''

27-05-2024T22:24:15 - [MESSAGE][INFO] - Starting 'Chrome' driver

27-05-2024T22:24:15 - [MESSAGE][INFO] - Action delay is set to 0 milliseconds

27-05-2024T22:24:15 - [MESSAGE][PASSED] - Browser is opened with url: ''

27-05-2024T22:24:15 - [TEST_STEP][PASSED] - navigateToUrl("https://katalon-demo-cura.herokuapp.com/"): Navigate to 'https://katalon-demo-cura.herokuapp.com/' successfully

27-05-2024T22:24:19 - [MESSAGE][PASSED] - Navigate to 'https://katalon-demo-cura.herokuapp.com/' successfully

27-05-2024T22:24:19 - [TEST_STEP][PASSED] - click(findTestObject("Object Repository/Page_CURA Healthcare Service/a_CURA Healthcare_menu-toggle")): Object: 'Object Repository/Page_CURA Healthcare Service/a_CURA Healthcare_menu-toggle' is clicked on

27-05-2024T22:24:19 - [MESSAGE][PASSED] - Object: 'Object Repository/Page_CURA Healthcare Service/a_CURA Healthcare_menu-toggle' is clicked on

27-05-2024T22:24:19 - [TEST_STEP][PASSED] - verifyElementVisible(findTestObject("Object Repository/Page_CURA Healthcare Service/nav_CURA Healthcare                        _1b5e83")): Object 'Object Repository/Page_CURA Healthcare Service/nav_CURA Healthcare                        _1b5e83' is visible

27-05-2024T22:24:19 - [MESSAGE][PASSED] - Object 'Object Repository/Page_CURA Healthcare Service/nav_CURA Healthcare                        _1b5e83' is visible

27-05-2024T22:24:19 - [TEST_STEP][PASSED] - closeBrowser(): Browser is closed

27-05-2024T22:24:20 - [MESSAGE][PASSED] - Browser is closed]]></system-out>
         <system-err><![CDATA[]]></system-err>
      </testcase>
      <system-out><![CDATA[27-05-2024T22:24:01 - [TEST_SUITE][PASSED] - Verify_Toogle_Menu_Bar: Test Cases/CURA Healthcare/Verify_Clickable_Toggle_Menu]]></system-out>
      <system-err><![CDATA[]]></system-err>
   </testsuite>
</testsuites>
